python -u main_nni.py --stage train_only --model_id alumina_transformer --model_name alumina_transformer --features MS --log_path log --trainset_csv_path /workspace/qiuyunzhong/TSFrameworkData/alumina_trainset.csv --validset_csv_path /workspace/qiuyunzhong/TSFrameworkData/alumina_validset.csv --testset_csv_path /workspace/qiuyunzhong/TSFrameworkData/alumina_testset_new.csv --datetime_col dtime --feature_cols 5æ•ˆ5é—ªåˆ°è°ƒé…æ§½åŽå¾ªçŽ¯æ¯æ¶²Nk,5æ•ˆ5é—ªåˆ°è°ƒé…æ§½åŽå¾ªçŽ¯æ¯æ¶²ak/Rp,6æ•ˆå‡ºæ–™å¯†åº¦,5é—ªå‡ºæ–™å¯†åº¦,57æ•ˆå¾ªçŽ¯æ¯æ¶²è¿›æ–™æ¸©åº¦,57æ•ˆå¾ªçŽ¯æ¯æ¶²è¿›æ–™å¯†åº¦,å†·å‡å™¨å‡ºæ±½åŽ‹åŠ›,5æ•ˆ5é—ªè’¸å‘æ¯æ¶²åŽ»å¾ªçŽ¯æ¯æ¶²è°ƒé…æ§½æ€»æµé‡,2æ•ˆè’¸å‘å™¨æ±½æ¸©,2æ•ˆè’¸å‘å™¨æ±½å®¤åŽ‹åŠ›,2æ•ˆåŽŸæ¶²æ¢çƒ­å‰æ¸©åº¦,3æ•ˆè’¸å‘å™¨æ±½æ¸©,3æ•ˆè’¸å‘å™¨æ±½å®¤åŽ‹åŠ›,3æ•ˆåŽŸæ¶²æ¢çƒ­å‰æ¸©åº¦,4æ•ˆè’¸å‘å™¨æ±½æ¸©,4æ•ˆè’¸å‘å™¨æ±½å®¤åŽ‹åŠ›,4æ•ˆåŽŸæ¶²æ¢çƒ­å‰æ¸©åº¦,5æ•ˆè’¸å‘å™¨æ±½æ¸©,5æ•ˆè’¸å‘å™¨æ±½å®¤åŽ‹åŠ›,5æ•ˆåŽŸæ¶²æ¢çƒ­å‰æ¸©åº¦,5æ•ˆå¾ªçŽ¯æ¯æ¶²è¿›æ–™æµé‡,6æ•ˆè’¸å‘å™¨æ±½æ¸©,6æ•ˆè’¸å‘å™¨æ±½å®¤åŽ‹åŠ›,6æ•ˆåŽŸæ¶²æ¢çƒ­å‰æ¸©åº¦,åŽŸæ¶²é—ªè’¸å™¨å¾ªçŽ¯æ¯æ¶²è¿›æ–™æµé‡,åŽŸæ¶²é—ªè’¸å™¨å‡ºæ–™æ¸©åº¦,åŽŸæ¶²é—ªè’¸å™¨è’¸æ±½åŽ‹åŠ›,7æ•ˆåŽŸæ¶²æ¢çƒ­å‰æ¸©åº¦,7æ•ˆè’¸å‘å™¨æ±½æ¸©,7æ•ˆè’¸å‘å™¨æ±½å®¤åŽ‹åŠ›,1é—ªå‡ºæ–™æ¸©åº¦,2é—ªå‡ºæ–™æ¸©åº¦,3é—ªå‡ºæ–™æ¸©åº¦,4é—ªå‡ºæ–™æ¸©åº¦,5é—ªå‡ºæ–™æ¸©åº¦,5é—ªåŽ»å¾ªçŽ¯æ¯æ¶²è°ƒé…æ§½å¯†åº¦,5é—ªåŽ»å¾ªçŽ¯æ¯æ¶²è°ƒé…æ§½æµé‡,æ–°è’¸æ±½è¿›æ–™åŽ‹åŠ›,æ–°è’¸æ±½è¿›æ–™æµé‡,æ–°è’¸æ±½è¿›æ–™æ¸©åº¦,å¾ªçŽ¯ä¸Šæ°´æ¸©åº¦,å¾ªçŽ¯ä¸Šæ°´æµé‡,å¾ªçŽ¯ä¸‹æ°´æ¸©åº¦,åŽŸæ¶²é—ªè’¸å™¨å¾ªçŽ¯æ¯æ¶²è¿›æ–™é˜€å¼€åº¦,1æ•ˆå‡ºæ–™é˜€é—¨å¼€åº¦,1é—ªå‡ºæ–™é˜€å¼€åº¦,3é—ªå‡ºæ–™é˜€å¼€åº¦,4é—ªå‡ºæ–™é˜€å¼€åº¦,2æ•ˆåˆ°1æ•ˆæ³µå¼€åº¦,4æ•ˆåˆ°3æ•ˆæ³µå¼€åº¦,5æ•ˆåˆ°4æ•ˆæ³µå¼€åº¦,6æ•ˆå‡ºæ–™å‡ºæ–™æ³µå¼€åº¦ --target_cols 1æ•ˆè’¸å‘å™¨æ±½æ¸© --seq_len 30 --label_len 2 --pred_len 30 --timestamp_feature none --train_epochs 50 --gpu 0 --use_nni --checkpoints ./checkpoints/alumina_transformer_train_only --hidden_dim 128 --d_model 128 --e_layers 1 --d_layers 1
model_id: alumina_transformer/STANDALONE
Args in experiment:
Namespace(use_nni=True, stage='train_only', model_id='alumina_transformer/STANDALONE', log_path='log', checkpoints='./checkpoints/alumina_transformer_train_only', key=None, task_name='Forecast', features='MS', embed='timeF', freq='h', trainset_csv_path='/workspace/qiuyunzhong/TSFrameworkData/alumina_trainset.csv', validset_csv_path='/workspace/qiuyunzhong/TSFrameworkData/alumina_validset.csv', testset_csv_path='/workspace/qiuyunzhong/TSFrameworkData/alumina_testset_new.csv', datetime_col='dtime', feature_cols='5æ•ˆ5é—ªåˆ°è°ƒé…æ§½åŽå¾ªçŽ¯æ¯æ¶²Nk,5æ•ˆ5é—ªåˆ°è°ƒé…æ§½åŽå¾ªçŽ¯æ¯æ¶²ak/Rp,6æ•ˆå‡ºæ–™å¯†åº¦,5é—ªå‡ºæ–™å¯†åº¦,57æ•ˆå¾ªçŽ¯æ¯æ¶²è¿›æ–™æ¸©åº¦,57æ•ˆå¾ªçŽ¯æ¯æ¶²è¿›æ–™å¯†åº¦,å†·å‡å™¨å‡ºæ±½åŽ‹åŠ›,5æ•ˆ5é—ªè’¸å‘æ¯æ¶²åŽ»å¾ªçŽ¯æ¯æ¶²è°ƒé…æ§½æ€»æµé‡,2æ•ˆè’¸å‘å™¨æ±½æ¸©,2æ•ˆè’¸å‘å™¨æ±½å®¤åŽ‹åŠ›,2æ•ˆåŽŸæ¶²æ¢çƒ­å‰æ¸©åº¦,3æ•ˆè’¸å‘å™¨æ±½æ¸©,3æ•ˆè’¸å‘å™¨æ±½å®¤åŽ‹åŠ›,3æ•ˆåŽŸæ¶²æ¢çƒ­å‰æ¸©åº¦,4æ•ˆè’¸å‘å™¨æ±½æ¸©,4æ•ˆè’¸å‘å™¨æ±½å®¤åŽ‹åŠ›,4æ•ˆåŽŸæ¶²æ¢çƒ­å‰æ¸©åº¦,5æ•ˆè’¸å‘å™¨æ±½æ¸©,5æ•ˆè’¸å‘å™¨æ±½å®¤åŽ‹åŠ›,5æ•ˆåŽŸæ¶²æ¢çƒ­å‰æ¸©åº¦,5æ•ˆå¾ªçŽ¯æ¯æ¶²è¿›æ–™æµé‡,6æ•ˆè’¸å‘å™¨æ±½æ¸©,6æ•ˆè’¸å‘å™¨æ±½å®¤åŽ‹åŠ›,6æ•ˆåŽŸæ¶²æ¢çƒ­å‰æ¸©åº¦,åŽŸæ¶²é—ªè’¸å™¨å¾ªçŽ¯æ¯æ¶²è¿›æ–™æµé‡,åŽŸæ¶²é—ªè’¸å™¨å‡ºæ–™æ¸©åº¦,åŽŸæ¶²é—ªè’¸å™¨è’¸æ±½åŽ‹åŠ›,7æ•ˆåŽŸæ¶²æ¢çƒ­å‰æ¸©åº¦,7æ•ˆè’¸å‘å™¨æ±½æ¸©,7æ•ˆè’¸å‘å™¨æ±½å®¤åŽ‹åŠ›,1é—ªå‡ºæ–™æ¸©åº¦,2é—ªå‡ºæ–™æ¸©åº¦,3é—ªå‡ºæ–™æ¸©åº¦,4é—ªå‡ºæ–™æ¸©åº¦,5é—ªå‡ºæ–™æ¸©åº¦,5é—ªåŽ»å¾ªçŽ¯æ¯æ¶²è°ƒé…æ§½å¯†åº¦,5é—ªåŽ»å¾ªçŽ¯æ¯æ¶²è°ƒé…æ§½æµé‡,æ–°è’¸æ±½è¿›æ–™åŽ‹åŠ›,æ–°è’¸æ±½è¿›æ–™æµé‡,æ–°è’¸æ±½è¿›æ–™æ¸©åº¦,å¾ªçŽ¯ä¸Šæ°´æ¸©åº¦,å¾ªçŽ¯ä¸Šæ°´æµé‡,å¾ªçŽ¯ä¸‹æ°´æ¸©åº¦,åŽŸæ¶²é—ªè’¸å™¨å¾ªçŽ¯æ¯æ¶²è¿›æ–™é˜€å¼€åº¦,1æ•ˆå‡ºæ–™é˜€é—¨å¼€åº¦,1é—ªå‡ºæ–™é˜€å¼€åº¦,3é—ªå‡ºæ–™é˜€å¼€åº¦,4é—ªå‡ºæ–™é˜€å¼€åº¦,2æ•ˆåˆ°1æ•ˆæ³µå¼€åº¦,4æ•ˆåˆ°3æ•ˆæ³µå¼€åº¦,5æ•ˆåˆ°4æ•ˆæ³µå¼€åº¦,6æ•ˆå‡ºæ–™å‡ºæ–™æ³µå¼€åº¦', target_cols='1æ•ˆè’¸å‘å™¨æ±½æ¸©', timestamp_feature='none', seq_len=30, label_len=2, pred_len=30, interval=900, model_name='alumina_transformer', d_model=128, n_heads=8, e_layers=1, d_layers=1, d_ff=512, hidden_dim=128, factor=1, dropout=0.05, activation='gelu', output_attention=False, optimizer='Adam', fix_seed=-1, num_workers=10, train_epochs=50, batch_size=64, patience=7, lr=0.0001, gpu=0, label_loss_rate=0.5, reg_loss_rate=0.5, use_norm=1, patch_len=16, target_num=1, use_gpu=True, hpo='nni')
Performing MS Forecasting (TimeXer)
Use GPU... cuda:0
Adjusting learning rate of group 0 to 1.0000e-04.
>>>>>>>start training : alumina_transformer/STANDALONE>>>>>>>>>>>>>>>>>>>>>>>>>>
	iters: 382, epoch: 1 | train_loss : 2.0596
	speed: 0.068200s/iter; left time: 6490.506939s
	iters: 764, epoch: 1 | train_loss : 0.5962
	speed: 0.058261s/iter; left time: 5522.374645s
	iters: 1146, epoch: 1 | train_loss : 2.1110
	speed: 0.072355s/iter; left time: 6830.717213s
	iters: 1528, epoch: 1 | train_loss : 0.3524
	speed: 0.129395s/iter; left time: 12166.128441s
	iters: 1910, epoch: 1 | train_loss : 0.2676
	speed: 0.233289s/iter; left time: 21845.374829s
[2024-02-29 17:17:02] [32mIntermediate result: 0.26650723814964294  (Index 0)[0m
Epoch: 1 | cost time: 563.1649651527405 | valid_loss: 0.26650723814964294 | valid_loss_true: 19.239776073050077
Chepoint Saved at:  ./checkpoints/alumina_transformer_train_only/alumina_transformer/STANDALONE/checkpoint-0.pth
Adjusting learning rate of group 0 to 8.5000e-05.
	iters: 382, epoch: 2 | train_loss : 1.1906
	speed: 1.016685s/iter; left time: 94813.979197s
	iters: 764, epoch: 2 | train_loss : 0.6212
	speed: 0.075164s/iter; left time: 6980.939933s
	iters: 1146, epoch: 2 | train_loss : 0.2782
	speed: 0.180101s/iter; left time: 16658.252272s
	iters: 1528, epoch: 2 | train_loss : 0.8402
	speed: 0.246219s/iter; left time: 22679.710123s
	iters: 1910, epoch: 2 | train_loss : 1.2084
	speed: 0.138444s/iter; left time: 12699.508358s
[2024-02-29 17:26:28] [32mIntermediate result: 0.3160361349582672  (Index 1)[0m
Epoch: 2 | cost time: 566.3215882778168 | valid_loss: 0.3160361349582672 | valid_loss_true: 18.95433327139825
Adjusting learning rate of group 0 to 7.2250e-05.
	iters: 382, epoch: 3 | train_loss : 1.0527
	speed: 0.900055s/iter; left time: 82217.297829s
	iters: 764, epoch: 3 | train_loss : 0.3653
	speed: 0.169288s/iter; left time: 15399.299999s
	iters: 1146, epoch: 3 | train_loss : 0.4474
	speed: 0.167867s/iter; left time: 15205.862387s
	iters: 1528, epoch: 3 | train_loss : 1.2394
	speed: 0.195999s/iter; left time: 17679.315377s
	iters: 1910, epoch: 3 | train_loss : 1.0910
	speed: 0.201435s/iter; left time: 18092.732913s
[2024-02-29 17:37:35] [32mIntermediate result: 0.3126037120819092  (Index 2)[0m
Epoch: 3 | cost time: 666.6043844223022 | valid_loss: 0.3126037120819092 | valid_loss_true: 24.189778544889474
Adjusting learning rate of group 0 to 6.1413e-05.
	iters: 382, epoch: 4 | train_loss : 0.7562
	speed: 1.074558s/iter; left time: 96104.200852s
	iters: 764, epoch: 4 | train_loss : 0.1415
	speed: 0.076410s/iter; left time: 6804.572585s
	iters: 1146, epoch: 4 | train_loss : 0.1133
	speed: 0.139277s/iter; left time: 12349.950670s
	iters: 1528, epoch: 4 | train_loss : 0.0515
	speed: 0.255887s/iter; left time: 22592.302771s
	iters: 1910, epoch: 4 | train_loss : 1.1481
	speed: 0.142629s/iter; left time: 12538.209494s
[2024-02-29 17:49:07] [32mIntermediate result: 0.3273155093193054  (Index 3)[0m
Epoch: 4 | cost time: 692.4146091938019 | valid_loss: 0.3273155093193054 | valid_loss_true: 27.93158720364179
Adjusting learning rate of group 0 to 5.2201e-05.
	iters: 382, epoch: 5 | train_loss : 0.3233
	speed: 1.080419s/iter; left time: 94563.629921s
	iters: 764, epoch: 5 | train_loss : 0.1226
	speed: 0.179645s/iter; left time: 15654.792135s
	iters: 1146, epoch: 5 | train_loss : 1.1089
	speed: 0.209334s/iter; left time: 18162.042195s
	iters: 1528, epoch: 5 | train_loss : 0.0460
	speed: 0.079384s/iter; left time: 6857.148534s
	iters: 1910, epoch: 5 | train_loss : 0.2893
	speed: 0.107841s/iter; left time: 9273.964681s
[2024-02-29 17:59:52] [32mIntermediate result: 0.3254089653491974  (Index 4)[0m
Epoch: 5 | cost time: 645.2242391109467 | valid_loss: 0.3254089653491974 | valid_loss_true: 28.79755473745836
Adjusting learning rate of group 0 to 4.4371e-05.
	iters: 382, epoch: 6 | train_loss : 0.0645
	speed: 1.128365s/iter; left time: 96603.863489s
	iters: 764, epoch: 6 | train_loss : 0.4460
	speed: 0.111908s/iter; left time: 9538.146501s
	iters: 1146, epoch: 6 | train_loss : 0.0600
	speed: 0.202818s/iter; left time: 17209.077845s
	iters: 1528, epoch: 6 | train_loss : 2.0764
	speed: 0.189081s/iter; left time: 15971.328052s
	iters: 1910, epoch: 6 | train_loss : 0.7402
	speed: 0.162484s/iter; left time: 13662.669603s
[2024-02-29 18:11:01] [32mIntermediate result: 0.331669420003891  (Index 5)[0m
Epoch: 6 | cost time: 669.323162317276 | valid_loss: 0.331669420003891 | valid_loss_true: 28.208478545089978
Adjusting learning rate of group 0 to 3.7715e-05.
	iters: 382, epoch: 7 | train_loss : 0.8580
	speed: 1.036820s/iter; left time: 86784.972128s
	iters: 764, epoch: 7 | train_loss : 0.8311
	speed: 0.078382s/iter; left time: 6530.851978s
	iters: 1146, epoch: 7 | train_loss : 1.0792
	speed: 0.238215s/iter; left time: 19757.275028s
	iters: 1528, epoch: 7 | train_loss : 0.0665
	speed: 0.260823s/iter; left time: 21532.732890s
	iters: 1910, epoch: 7 | train_loss : 0.3255
	speed: 0.140775s/iter; left time: 11568.215392s
[2024-02-29 18:22:06] [32mIntermediate result: 0.33900076150894165  (Index 6)[0m
Epoch: 7 | cost time: 664.4786567687988 | valid_loss: 0.33900076150894165 | valid_loss_true: 28.614875865815662
Adjusting learning rate of group 0 to 3.2058e-05.
	iters: 382, epoch: 8 | train_loss : 0.0714
	speed: 1.158988s/iter; left time: 94795.948453s
	iters: 764, epoch: 8 | train_loss : 0.0622
	speed: 0.193607s/iter; left time: 15761.582822s
	iters: 1146, epoch: 8 | train_loss : 0.4202
	speed: 0.245232s/iter; left time: 19870.618121s
	iters: 1528, epoch: 8 | train_loss : 0.0253
	speed: 0.152388s/iter; left time: 12289.466017s
	iters: 1910, epoch: 8 | train_loss : 0.0504
	speed: 0.105194s/iter; left time: 8443.319123s
[2024-02-29 18:35:54] [32mIntermediate result: 0.32372304797172546  (Index 7)[0m
Epoch: 8 | cost time: 827.9850418567657 | valid_loss: 0.32372304797172546 | valid_loss_true: 26.91498962286065
Adjusting learning rate of group 0 to 2.7249e-05.
	iters: 382, epoch: 9 | train_loss : 1.2532
	speed: 1.456447s/iter; left time: 116342.461675s
	iters: 764, epoch: 9 | train_loss : 0.0565
	speed: 0.220181s/iter; left time: 17504.147699s
	iters: 1146, epoch: 9 | train_loss : 0.5001
	speed: 0.119830s/iter; left time: 9480.610293s
	iters: 1528, epoch: 9 | train_loss : 0.2848
	speed: 0.101973s/iter; left time: 8028.850740s
	iters: 1910, epoch: 9 | train_loss : 0.5347
	speed: 0.218946s/iter; left time: 17155.091297s
[2024-02-29 18:46:39] [32mIntermediate result: 0.30158132314682007  (Index 8)[0m
Epoch: 9 | cost time: 645.1800827980042 | valid_loss: 0.30158132314682007 | valid_loss_true: 23.431420132658996
Early stop with best valid_loss: 0.30158132314682007
[2024-02-29 18:46:39] [32mFinal result: 0.26650723814964294[0m
>>>>>>>end of training : alumina_transformer/STANDALONE>>>>>>>>>>>>>>>>>>>>>>>>>>
python -u main_nni.py --stage train_only --model_id alumina_transformer --model_name alumina_transformer --features MS --log_path log --trainset_csv_path /workspace/qiuyunzhong/TSFrameworkData/alumina_trainset.csv --validset_csv_path /workspace/qiuyunzhong/TSFrameworkData/alumina_validset.csv --testset_csv_path /workspace/qiuyunzhong/TSFrameworkData/alumina_testset_new.csv --datetime_col dtime --feature_cols 5æ•ˆ5é—ªåˆ°è°ƒé…æ§½åŽå¾ªçŽ¯æ¯æ¶²Nk,5æ•ˆ5é—ªåˆ°è°ƒé…æ§½åŽå¾ªçŽ¯æ¯æ¶²ak/Rp,6æ•ˆå‡ºæ–™å¯†åº¦,5é—ªå‡ºæ–™å¯†åº¦,57æ•ˆå¾ªçŽ¯æ¯æ¶²è¿›æ–™æ¸©åº¦,57æ•ˆå¾ªçŽ¯æ¯æ¶²è¿›æ–™å¯†åº¦,å†·å‡å™¨å‡ºæ±½åŽ‹åŠ›,5æ•ˆ5é—ªè’¸å‘æ¯æ¶²åŽ»å¾ªçŽ¯æ¯æ¶²è°ƒé…æ§½æ€»æµé‡,2æ•ˆè’¸å‘å™¨æ±½æ¸©,2æ•ˆè’¸å‘å™¨æ±½å®¤åŽ‹åŠ›,2æ•ˆåŽŸæ¶²æ¢çƒ­å‰æ¸©åº¦,3æ•ˆè’¸å‘å™¨æ±½æ¸©,3æ•ˆè’¸å‘å™¨æ±½å®¤åŽ‹åŠ›,3æ•ˆåŽŸæ¶²æ¢çƒ­å‰æ¸©åº¦,4æ•ˆè’¸å‘å™¨æ±½æ¸©,4æ•ˆè’¸å‘å™¨æ±½å®¤åŽ‹åŠ›,4æ•ˆåŽŸæ¶²æ¢çƒ­å‰æ¸©åº¦,5æ•ˆè’¸å‘å™¨æ±½æ¸©,5æ•ˆè’¸å‘å™¨æ±½å®¤åŽ‹åŠ›,5æ•ˆåŽŸæ¶²æ¢çƒ­å‰æ¸©åº¦,5æ•ˆå¾ªçŽ¯æ¯æ¶²è¿›æ–™æµé‡,6æ•ˆè’¸å‘å™¨æ±½æ¸©,6æ•ˆè’¸å‘å™¨æ±½å®¤åŽ‹åŠ›,6æ•ˆåŽŸæ¶²æ¢çƒ­å‰æ¸©åº¦,åŽŸæ¶²é—ªè’¸å™¨å¾ªçŽ¯æ¯æ¶²è¿›æ–™æµé‡,åŽŸæ¶²é—ªè’¸å™¨å‡ºæ–™æ¸©åº¦,åŽŸæ¶²é—ªè’¸å™¨è’¸æ±½åŽ‹åŠ›,7æ•ˆåŽŸæ¶²æ¢çƒ­å‰æ¸©åº¦,7æ•ˆè’¸å‘å™¨æ±½æ¸©,7æ•ˆè’¸å‘å™¨æ±½å®¤åŽ‹åŠ›,1é—ªå‡ºæ–™æ¸©åº¦,2é—ªå‡ºæ–™æ¸©åº¦,3é—ªå‡ºæ–™æ¸©åº¦,4é—ªå‡ºæ–™æ¸©åº¦,5é—ªå‡ºæ–™æ¸©åº¦,5é—ªåŽ»å¾ªçŽ¯æ¯æ¶²è°ƒé…æ§½å¯†åº¦,5é—ªåŽ»å¾ªçŽ¯æ¯æ¶²è°ƒé…æ§½æµé‡,æ–°è’¸æ±½è¿›æ–™åŽ‹åŠ›,æ–°è’¸æ±½è¿›æ–™æµé‡,æ–°è’¸æ±½è¿›æ–™æ¸©åº¦,å¾ªçŽ¯ä¸Šæ°´æ¸©åº¦,å¾ªçŽ¯ä¸Šæ°´æµé‡,å¾ªçŽ¯ä¸‹æ°´æ¸©åº¦,åŽŸæ¶²é—ªè’¸å™¨å¾ªçŽ¯æ¯æ¶²è¿›æ–™é˜€å¼€åº¦,1æ•ˆå‡ºæ–™é˜€é—¨å¼€åº¦,1é—ªå‡ºæ–™é˜€å¼€åº¦,3é—ªå‡ºæ–™é˜€å¼€åº¦,4é—ªå‡ºæ–™é˜€å¼€åº¦,2æ•ˆåˆ°1æ•ˆæ³µå¼€åº¦,4æ•ˆåˆ°3æ•ˆæ³µå¼€åº¦,5æ•ˆåˆ°4æ•ˆæ³µå¼€åº¦,6æ•ˆå‡ºæ–™å‡ºæ–™æ³µå¼€åº¦ --target_cols 1æ•ˆè’¸å‘å™¨æ±½å®¤åŽ‹åŠ› --seq_len 30 --label_len 2 --pred_len 30 --timestamp_feature none --train_epochs 50 --gpu 0 --use_nni --checkpoints ./checkpoints/alumina_transformer_train_only --hidden_dim 128 --d_model 128 --e_layers 1 --d_layers 1
model_id: alumina_transformer/STANDALONE
Args in experiment:
Namespace(use_nni=True, stage='train_only', model_id='alumina_transformer/STANDALONE', log_path='log', checkpoints='./checkpoints/alumina_transformer_train_only', key=None, task_name='Forecast', features='MS', embed='timeF', freq='h', trainset_csv_path='/workspace/qiuyunzhong/TSFrameworkData/alumina_trainset.csv', validset_csv_path='/workspace/qiuyunzhong/TSFrameworkData/alumina_validset.csv', testset_csv_path='/workspace/qiuyunzhong/TSFrameworkData/alumina_testset_new.csv', datetime_col='dtime', feature_cols='5æ•ˆ5é—ªåˆ°è°ƒé…æ§½åŽå¾ªçŽ¯æ¯æ¶²Nk,5æ•ˆ5é—ªåˆ°è°ƒé…æ§½åŽå¾ªçŽ¯æ¯æ¶²ak/Rp,6æ•ˆå‡ºæ–™å¯†åº¦,5é—ªå‡ºæ–™å¯†åº¦,57æ•ˆå¾ªçŽ¯æ¯æ¶²è¿›æ–™æ¸©åº¦,57æ•ˆå¾ªçŽ¯æ¯æ¶²è¿›æ–™å¯†åº¦,å†·å‡å™¨å‡ºæ±½åŽ‹åŠ›,5æ•ˆ5é—ªè’¸å‘æ¯æ¶²åŽ»å¾ªçŽ¯æ¯æ¶²è°ƒé…æ§½æ€»æµé‡,2æ•ˆè’¸å‘å™¨æ±½æ¸©,2æ•ˆè’¸å‘å™¨æ±½å®¤åŽ‹åŠ›,2æ•ˆåŽŸæ¶²æ¢çƒ­å‰æ¸©åº¦,3æ•ˆè’¸å‘å™¨æ±½æ¸©,3æ•ˆè’¸å‘å™¨æ±½å®¤åŽ‹åŠ›,3æ•ˆåŽŸæ¶²æ¢çƒ­å‰æ¸©åº¦,4æ•ˆè’¸å‘å™¨æ±½æ¸©,4æ•ˆè’¸å‘å™¨æ±½å®¤åŽ‹åŠ›,4æ•ˆåŽŸæ¶²æ¢çƒ­å‰æ¸©åº¦,5æ•ˆè’¸å‘å™¨æ±½æ¸©,5æ•ˆè’¸å‘å™¨æ±½å®¤åŽ‹åŠ›,5æ•ˆåŽŸæ¶²æ¢çƒ­å‰æ¸©åº¦,5æ•ˆå¾ªçŽ¯æ¯æ¶²è¿›æ–™æµé‡,6æ•ˆè’¸å‘å™¨æ±½æ¸©,6æ•ˆè’¸å‘å™¨æ±½å®¤åŽ‹åŠ›,6æ•ˆåŽŸæ¶²æ¢çƒ­å‰æ¸©åº¦,åŽŸæ¶²é—ªè’¸å™¨å¾ªçŽ¯æ¯æ¶²è¿›æ–™æµé‡,åŽŸæ¶²é—ªè’¸å™¨å‡ºæ–™æ¸©åº¦,åŽŸæ¶²é—ªè’¸å™¨è’¸æ±½åŽ‹åŠ›,7æ•ˆåŽŸæ¶²æ¢çƒ­å‰æ¸©åº¦,7æ•ˆè’¸å‘å™¨æ±½æ¸©,7æ•ˆè’¸å‘å™¨æ±½å®¤åŽ‹åŠ›,1é—ªå‡ºæ–™æ¸©åº¦,2é—ªå‡ºæ–™æ¸©åº¦,3é—ªå‡ºæ–™æ¸©åº¦,4é—ªå‡ºæ–™æ¸©åº¦,5é—ªå‡ºæ–™æ¸©åº¦,5é—ªåŽ»å¾ªçŽ¯æ¯æ¶²è°ƒé…æ§½å¯†åº¦,5é—ªåŽ»å¾ªçŽ¯æ¯æ¶²è°ƒé…æ§½æµé‡,æ–°è’¸æ±½è¿›æ–™åŽ‹åŠ›,æ–°è’¸æ±½è¿›æ–™æµé‡,æ–°è’¸æ±½è¿›æ–™æ¸©åº¦,å¾ªçŽ¯ä¸Šæ°´æ¸©åº¦,å¾ªçŽ¯ä¸Šæ°´æµé‡,å¾ªçŽ¯ä¸‹æ°´æ¸©åº¦,åŽŸæ¶²é—ªè’¸å™¨å¾ªçŽ¯æ¯æ¶²è¿›æ–™é˜€å¼€åº¦,1æ•ˆå‡ºæ–™é˜€é—¨å¼€åº¦,1é—ªå‡ºæ–™é˜€å¼€åº¦,3é—ªå‡ºæ–™é˜€å¼€åº¦,4é—ªå‡ºæ–™é˜€å¼€åº¦,2æ•ˆåˆ°1æ•ˆæ³µå¼€åº¦,4æ•ˆåˆ°3æ•ˆæ³µå¼€åº¦,5æ•ˆåˆ°4æ•ˆæ³µå¼€åº¦,6æ•ˆå‡ºæ–™å‡ºæ–™æ³µå¼€åº¦', target_cols='1æ•ˆè’¸å‘å™¨æ±½å®¤åŽ‹åŠ›', timestamp_feature='none', seq_len=30, label_len=2, pred_len=30, interval=900, model_name='alumina_transformer', d_model=128, n_heads=8, e_layers=1, d_layers=1, d_ff=512, hidden_dim=128, factor=1, dropout=0.05, activation='gelu', output_attention=False, optimizer='Adam', fix_seed=-1, num_workers=10, train_epochs=50, batch_size=64, patience=7, lr=0.0001, gpu=0, label_loss_rate=0.5, reg_loss_rate=0.5, use_norm=1, patch_len=16, target_num=1, use_gpu=True, hpo='nni')
Performing MS Forecasting (TimeXer)
Use GPU... cuda:0
Adjusting learning rate of group 0 to 1.0000e-04.
>>>>>>>start training : alumina_transformer/STANDALONE>>>>>>>>>>>>>>>>>>>>>>>>>>
	iters: 382, epoch: 1 | train_loss : 1.8874
	speed: 0.216103s/iter; left time: 20566.269774s
	iters: 764, epoch: 1 | train_loss : 0.6596
	speed: 0.239029s/iter; left time: 22656.881277s
	iters: 1146, epoch: 1 | train_loss : 1.7461
	speed: 0.070453s/iter; left time: 6651.101884s
	iters: 1528, epoch: 1 | train_loss : 0.3379
	speed: 0.070245s/iter; left time: 6604.632674s
	iters: 1910, epoch: 1 | train_loss : 0.2679
	speed: 0.209528s/iter; left time: 19620.410098s
[2024-02-29 18:57:24] [32mIntermediate result: 0.48048627376556396  (Index 0)[0m
Epoch: 1 | cost time: 635.1758899688721 | valid_loss: 0.48048627376556396 | valid_loss_true: 0.1170325402558743
Chepoint Saved at:  ./checkpoints/alumina_transformer_train_only/alumina_transformer/STANDALONE/checkpoint-0.pth
Adjusting learning rate of group 0 to 8.5000e-05.
	iters: 382, epoch: 2 | train_loss : 0.9728
	speed: 1.041976s/iter; left time: 97172.607412s
	iters: 764, epoch: 2 | train_loss : 0.5736
	speed: 0.199583s/iter; left time: 18536.436673s
	iters: 1146, epoch: 2 | train_loss : 0.2265
	speed: 0.203082s/iter; left time: 18783.907994s
	iters: 1528, epoch: 2 | train_loss : 0.5283
	speed: 0.125098s/iter; left time: 11523.058828s
	iters: 1910, epoch: 2 | train_loss : 1.0961
	speed: 0.194128s/iter; left time: 17807.402689s
[2024-02-29 19:09:36] [32mIntermediate result: 0.45574337244033813  (Index 1)[0m
Epoch: 2 | cost time: 732.5396158695221 | valid_loss: 0.45574337244033813 | valid_loss_true: 0.09608337136901514
Chepoint Saved at:  ./checkpoints/alumina_transformer_train_only/alumina_transformer/STANDALONE/checkpoint-1.pth
Adjusting learning rate of group 0 to 7.2250e-05.
	iters: 382, epoch: 3 | train_loss : 0.8296
	speed: 1.199858s/iter; left time: 109603.447211s
	iters: 764, epoch: 3 | train_loss : 0.4744
	speed: 0.248512s/iter; left time: 22605.878950s
	iters: 1146, epoch: 3 | train_loss : 0.3966
	speed: 0.126701s/iter; left time: 11476.951920s
	iters: 1528, epoch: 3 | train_loss : 1.0402
	speed: 0.096886s/iter; left time: 8739.207225s
	iters: 1910, epoch: 3 | train_loss : 0.8688
	speed: 0.210318s/iter; left time: 18890.583322s
[2024-02-29 19:23:13] [32mIntermediate result: 0.47502127289772034  (Index 2)[0m
Epoch: 3 | cost time: 816.7862267494202 | valid_loss: 0.47502127289772034 | valid_loss_true: 0.099954269450238
Adjusting learning rate of group 0 to 6.1413e-05.
	iters: 382, epoch: 4 | train_loss : 0.7529
	speed: 1.376237s/iter; left time: 123085.157326s
	iters: 764, epoch: 4 | train_loss : 0.1200
	speed: 0.061119s/iter; left time: 5442.921247s
	iters: 1146, epoch: 4 | train_loss : 0.0989
	speed: 0.078761s/iter; left time: 6983.914566s
	iters: 1528, epoch: 4 | train_loss : 0.0407
	speed: 0.253746s/iter; left time: 22403.228246s
	iters: 1910, epoch: 4 | train_loss : 0.9993
	speed: 0.199154s/iter; left time: 17507.204923s
[2024-02-29 19:35:20] [32mIntermediate result: 0.5628232955932617  (Index 3)[0m
Epoch: 4 | cost time: 726.4027960300446 | valid_loss: 0.5628232955932617 | valid_loss_true: 0.1148192420664908
Adjusting learning rate of group 0 to 5.2201e-05.
	iters: 382, epoch: 5 | train_loss : 0.3958
	speed: 1.377184s/iter; left time: 120538.007941s
	iters: 764, epoch: 5 | train_loss : 0.1238
	speed: 0.238383s/iter; left time: 20773.421772s
	iters: 1146, epoch: 5 | train_loss : 0.7613
	speed: 0.148781s/iter; left time: 12908.365165s
	iters: 1528, epoch: 5 | train_loss : 0.0526
	speed: 0.172043s/iter; left time: 14860.930835s
	iters: 1910, epoch: 5 | train_loss : 0.3558
	speed: 0.193927s/iter; left time: 16677.119207s
[2024-02-29 19:47:28] [32mIntermediate result: 0.5947896838188171  (Index 4)[0m
Epoch: 5 | cost time: 728.8540542125702 | valid_loss: 0.5947896838188171 | valid_loss_true: 0.12043884016330046
Adjusting learning rate of group 0 to 4.4371e-05.
	iters: 382, epoch: 6 | train_loss : 0.0580
	speed: 1.190862s/iter; left time: 101954.447271s
	iters: 764, epoch: 6 | train_loss : 0.3343
	speed: 0.161823s/iter; left time: 13792.473090s
	iters: 1146, epoch: 6 | train_loss : 0.0439
	speed: 0.202221s/iter; left time: 17158.463639s
	iters: 1528, epoch: 6 | train_loss : 1.5725
	speed: 0.126583s/iter; left time: 10692.228460s
	iters: 1910, epoch: 6 | train_loss : 0.6299
	speed: 0.100292s/iter; left time: 8433.122713s
[2024-02-29 19:59:12] [32mIntermediate result: 0.5752879977226257  (Index 5)[0m
Epoch: 6 | cost time: 703.4981870651245 | valid_loss: 0.5752879977226257 | valid_loss_true: 0.11669415452175731
Adjusting learning rate of group 0 to 3.7715e-05.
	iters: 382, epoch: 7 | train_loss : 0.6423
	speed: 1.258841s/iter; left time: 105368.765166s
	iters: 764, epoch: 7 | train_loss : 0.6751
	speed: 0.151095s/iter; left time: 12589.414129s
	iters: 1146, epoch: 7 | train_loss : 0.9744
	speed: 0.150400s/iter; left time: 12474.005626s
	iters: 1528, epoch: 7 | train_loss : 0.0831
	speed: 0.151010s/iter; left time: 12466.908117s
	iters: 1910, epoch: 7 | train_loss : 0.3485
	speed: 0.248056s/iter; left time: 20383.996656s
[2024-02-29 20:10:11] [32mIntermediate result: 0.5727366805076599  (Index 6)[0m
Epoch: 7 | cost time: 659.154200553894 | valid_loss: 0.5727366805076599 | valid_loss_true: 0.11641601266777513
Adjusting learning rate of group 0 to 3.2058e-05.
	iters: 382, epoch: 8 | train_loss : 0.0944
	speed: 1.042293s/iter; left time: 85251.245747s
	iters: 764, epoch: 8 | train_loss : 0.0527
	speed: 0.114355s/iter; left time: 9309.613562s
	iters: 1146, epoch: 8 | train_loss : 0.3615
	speed: 0.186643s/iter; left time: 15123.338239s
	iters: 1528, epoch: 8 | train_loss : 0.0341
	speed: 0.207761s/iter; left time: 16755.127276s
	iters: 1910, epoch: 8 | train_loss : 0.0460
	speed: 0.183515s/iter; left time: 14729.654380s
[2024-02-29 20:21:08] [32mIntermediate result: 0.5874152779579163  (Index 7)[0m
Epoch: 8 | cost time: 656.6987152099609 | valid_loss: 0.5874152779579163 | valid_loss_true: 0.12072671434555957
Adjusting learning rate of group 0 to 2.7249e-05.
	iters: 382, epoch: 9 | train_loss : 0.9667
	speed: 0.974993s/iter; left time: 77883.417866s
	iters: 764, epoch: 9 | train_loss : 0.0865
	speed: 0.139766s/iter; left time: 11111.260188s
	iters: 1146, epoch: 9 | train_loss : 0.4031
	speed: 0.198879s/iter; left time: 15734.744342s
	iters: 1528, epoch: 9 | train_loss : 0.3542
	speed: 0.195557s/iter; left time: 15397.174115s
	iters: 1910, epoch: 9 | train_loss : 0.3795
	speed: 0.088681s/iter; left time: 6948.454625s
[2024-02-29 20:30:57] [32mIntermediate result: 0.5698230862617493  (Index 8)[0m
Epoch: 9 | cost time: 588.8143191337585 | valid_loss: 0.5698230862617493 | valid_loss_true: 0.11772331893946808
Adjusting learning rate of group 0 to 2.3162e-05.
	iters: 382, epoch: 10 | train_loss : 0.6609
	speed: 0.886457s/iter; left time: 69117.034098s
	iters: 764, epoch: 10 | train_loss : 0.0581
	speed: 0.227631s/iter; left time: 17661.466159s
	iters: 1146, epoch: 10 | train_loss : 0.3695
	speed: 0.162523s/iter; left time: 12547.722744s
	iters: 1528, epoch: 10 | train_loss : 0.6976
	speed: 0.109416s/iter; left time: 8405.811647s
	iters: 1910, epoch: 10 | train_loss : 0.9476
	speed: 0.101073s/iter; left time: 7726.204218s
[2024-02-29 20:39:13] [32mIntermediate result: 0.5959203839302063  (Index 9)[0m
Epoch: 10 | cost time: 496.32600378990173 | valid_loss: 0.5959203839302063 | valid_loss_true: 0.12325676553709354
Early stop with best valid_loss: 0.5959203839302063
[2024-02-29 20:39:13] [32mFinal result: 0.45574337244033813[0m
>>>>>>>end of training : alumina_transformer/STANDALONE>>>>>>>>>>>>>>>>>>>>>>>>>>
python -u main_nni.py --stage train_only --model_id alumina_transformer --model_name alumina_transformer --features MS --log_path log --trainset_csv_path /workspace/qiuyunzhong/TSFrameworkData/alumina_trainset.csv --validset_csv_path /workspace/qiuyunzhong/TSFrameworkData/alumina_validset.csv --testset_csv_path /workspace/qiuyunzhong/TSFrameworkData/alumina_testset_new.csv --datetime_col dtime --feature_cols 5æ•ˆ5é—ªåˆ°è°ƒé…æ§½åŽå¾ªçŽ¯æ¯æ¶²Nk,5æ•ˆ5é—ªåˆ°è°ƒé…æ§½åŽå¾ªçŽ¯æ¯æ¶²ak/Rp,6æ•ˆå‡ºæ–™å¯†åº¦,5é—ªå‡ºæ–™å¯†åº¦,57æ•ˆå¾ªçŽ¯æ¯æ¶²è¿›æ–™æ¸©åº¦,57æ•ˆå¾ªçŽ¯æ¯æ¶²è¿›æ–™å¯†åº¦,å†·å‡å™¨å‡ºæ±½åŽ‹åŠ›,5æ•ˆ5é—ªè’¸å‘æ¯æ¶²åŽ»å¾ªçŽ¯æ¯æ¶²è°ƒé…æ§½æ€»æµé‡,2æ•ˆè’¸å‘å™¨æ±½æ¸©,2æ•ˆè’¸å‘å™¨æ±½å®¤åŽ‹åŠ›,2æ•ˆåŽŸæ¶²æ¢çƒ­å‰æ¸©åº¦,3æ•ˆè’¸å‘å™¨æ±½æ¸©,3æ•ˆè’¸å‘å™¨æ±½å®¤åŽ‹åŠ›,3æ•ˆåŽŸæ¶²æ¢çƒ­å‰æ¸©åº¦,4æ•ˆè’¸å‘å™¨æ±½æ¸©,4æ•ˆè’¸å‘å™¨æ±½å®¤åŽ‹åŠ›,4æ•ˆåŽŸæ¶²æ¢çƒ­å‰æ¸©åº¦,5æ•ˆè’¸å‘å™¨æ±½æ¸©,5æ•ˆè’¸å‘å™¨æ±½å®¤åŽ‹åŠ›,5æ•ˆåŽŸæ¶²æ¢çƒ­å‰æ¸©åº¦,5æ•ˆå¾ªçŽ¯æ¯æ¶²è¿›æ–™æµé‡,6æ•ˆè’¸å‘å™¨æ±½æ¸©,6æ•ˆè’¸å‘å™¨æ±½å®¤åŽ‹åŠ›,6æ•ˆåŽŸæ¶²æ¢çƒ­å‰æ¸©åº¦,åŽŸæ¶²é—ªè’¸å™¨å¾ªçŽ¯æ¯æ¶²è¿›æ–™æµé‡,åŽŸæ¶²é—ªè’¸å™¨å‡ºæ–™æ¸©åº¦,åŽŸæ¶²é—ªè’¸å™¨è’¸æ±½åŽ‹åŠ›,7æ•ˆåŽŸæ¶²æ¢çƒ­å‰æ¸©åº¦,7æ•ˆè’¸å‘å™¨æ±½æ¸©,7æ•ˆè’¸å‘å™¨æ±½å®¤åŽ‹åŠ›,1é—ªå‡ºæ–™æ¸©åº¦,2é—ªå‡ºæ–™æ¸©åº¦,3é—ªå‡ºæ–™æ¸©åº¦,4é—ªå‡ºæ–™æ¸©åº¦,5é—ªå‡ºæ–™æ¸©åº¦,5é—ªåŽ»å¾ªçŽ¯æ¯æ¶²è°ƒé…æ§½å¯†åº¦,5é—ªåŽ»å¾ªçŽ¯æ¯æ¶²è°ƒé…æ§½æµé‡,æ–°è’¸æ±½è¿›æ–™åŽ‹åŠ›,æ–°è’¸æ±½è¿›æ–™æµé‡,æ–°è’¸æ±½è¿›æ–™æ¸©åº¦,å¾ªçŽ¯ä¸Šæ°´æ¸©åº¦,å¾ªçŽ¯ä¸Šæ°´æµé‡,å¾ªçŽ¯ä¸‹æ°´æ¸©åº¦,åŽŸæ¶²é—ªè’¸å™¨å¾ªçŽ¯æ¯æ¶²è¿›æ–™é˜€å¼€åº¦,1æ•ˆå‡ºæ–™é˜€é—¨å¼€åº¦,1é—ªå‡ºæ–™é˜€å¼€åº¦,3é—ªå‡ºæ–™é˜€å¼€åº¦,4é—ªå‡ºæ–™é˜€å¼€åº¦,2æ•ˆåˆ°1æ•ˆæ³µå¼€åº¦,4æ•ˆåˆ°3æ•ˆæ³µå¼€åº¦,5æ•ˆåˆ°4æ•ˆæ³µå¼€åº¦,6æ•ˆå‡ºæ–™å‡ºæ–™æ³µå¼€åº¦ --target_cols 1æ•ˆåŽŸæ¶²æ¢çƒ­å‰æ¸©åº¦ --seq_len 30 --label_len 2 --pred_len 30 --timestamp_feature none --train_epochs 50 --gpu 0 --use_nni --checkpoints ./checkpoints/alumina_transformer_train_only --hidden_dim 128 --d_model 128 --e_layers 1 --d_layers 1
model_id: alumina_transformer/STANDALONE
Args in experiment:
Namespace(use_nni=True, stage='train_only', model_id='alumina_transformer/STANDALONE', log_path='log', checkpoints='./checkpoints/alumina_transformer_train_only', key=None, task_name='Forecast', features='MS', embed='timeF', freq='h', trainset_csv_path='/workspace/qiuyunzhong/TSFrameworkData/alumina_trainset.csv', validset_csv_path='/workspace/qiuyunzhong/TSFrameworkData/alumina_validset.csv', testset_csv_path='/workspace/qiuyunzhong/TSFrameworkData/alumina_testset_new.csv', datetime_col='dtime', feature_cols='5æ•ˆ5é—ªåˆ°è°ƒé…æ§½åŽå¾ªçŽ¯æ¯æ¶²Nk,5æ•ˆ5é—ªåˆ°è°ƒé…æ§½åŽå¾ªçŽ¯æ¯æ¶²ak/Rp,6æ•ˆå‡ºæ–™å¯†åº¦,5é—ªå‡ºæ–™å¯†åº¦,57æ•ˆå¾ªçŽ¯æ¯æ¶²è¿›æ–™æ¸©åº¦,57æ•ˆå¾ªçŽ¯æ¯æ¶²è¿›æ–™å¯†åº¦,å†·å‡å™¨å‡ºæ±½åŽ‹åŠ›,5æ•ˆ5é—ªè’¸å‘æ¯æ¶²åŽ»å¾ªçŽ¯æ¯æ¶²è°ƒé…æ§½æ€»æµé‡,2æ•ˆè’¸å‘å™¨æ±½æ¸©,2æ•ˆè’¸å‘å™¨æ±½å®¤åŽ‹åŠ›,2æ•ˆåŽŸæ¶²æ¢çƒ­å‰æ¸©åº¦,3æ•ˆè’¸å‘å™¨æ±½æ¸©,3æ•ˆè’¸å‘å™¨æ±½å®¤åŽ‹åŠ›,3æ•ˆåŽŸæ¶²æ¢çƒ­å‰æ¸©åº¦,4æ•ˆè’¸å‘å™¨æ±½æ¸©,4æ•ˆè’¸å‘å™¨æ±½å®¤åŽ‹åŠ›,4æ•ˆåŽŸæ¶²æ¢çƒ­å‰æ¸©åº¦,5æ•ˆè’¸å‘å™¨æ±½æ¸©,5æ•ˆè’¸å‘å™¨æ±½å®¤åŽ‹åŠ›,5æ•ˆåŽŸæ¶²æ¢çƒ­å‰æ¸©åº¦,5æ•ˆå¾ªçŽ¯æ¯æ¶²è¿›æ–™æµé‡,6æ•ˆè’¸å‘å™¨æ±½æ¸©,6æ•ˆè’¸å‘å™¨æ±½å®¤åŽ‹åŠ›,6æ•ˆåŽŸæ¶²æ¢çƒ­å‰æ¸©åº¦,åŽŸæ¶²é—ªè’¸å™¨å¾ªçŽ¯æ¯æ¶²è¿›æ–™æµé‡,åŽŸæ¶²é—ªè’¸å™¨å‡ºæ–™æ¸©åº¦,åŽŸæ¶²é—ªè’¸å™¨è’¸æ±½åŽ‹åŠ›,7æ•ˆåŽŸæ¶²æ¢çƒ­å‰æ¸©åº¦,7æ•ˆè’¸å‘å™¨æ±½æ¸©,7æ•ˆè’¸å‘å™¨æ±½å®¤åŽ‹åŠ›,1é—ªå‡ºæ–™æ¸©åº¦,2é—ªå‡ºæ–™æ¸©åº¦,3é—ªå‡ºæ–™æ¸©åº¦,4é—ªå‡ºæ–™æ¸©åº¦,5é—ªå‡ºæ–™æ¸©åº¦,5é—ªåŽ»å¾ªçŽ¯æ¯æ¶²è°ƒé…æ§½å¯†åº¦,5é—ªåŽ»å¾ªçŽ¯æ¯æ¶²è°ƒé…æ§½æµé‡,æ–°è’¸æ±½è¿›æ–™åŽ‹åŠ›,æ–°è’¸æ±½è¿›æ–™æµé‡,æ–°è’¸æ±½è¿›æ–™æ¸©åº¦,å¾ªçŽ¯ä¸Šæ°´æ¸©åº¦,å¾ªçŽ¯ä¸Šæ°´æµé‡,å¾ªçŽ¯ä¸‹æ°´æ¸©åº¦,åŽŸæ¶²é—ªè’¸å™¨å¾ªçŽ¯æ¯æ¶²è¿›æ–™é˜€å¼€åº¦,1æ•ˆå‡ºæ–™é˜€é—¨å¼€åº¦,1é—ªå‡ºæ–™é˜€å¼€åº¦,3é—ªå‡ºæ–™é˜€å¼€åº¦,4é—ªå‡ºæ–™é˜€å¼€åº¦,2æ•ˆåˆ°1æ•ˆæ³µå¼€åº¦,4æ•ˆåˆ°3æ•ˆæ³µå¼€åº¦,5æ•ˆåˆ°4æ•ˆæ³µå¼€åº¦,6æ•ˆå‡ºæ–™å‡ºæ–™æ³µå¼€åº¦', target_cols='1æ•ˆåŽŸæ¶²æ¢çƒ­å‰æ¸©åº¦', timestamp_feature='none', seq_len=30, label_len=2, pred_len=30, interval=900, model_name='alumina_transformer', d_model=128, n_heads=8, e_layers=1, d_layers=1, d_ff=512, hidden_dim=128, factor=1, dropout=0.05, activation='gelu', output_attention=False, optimizer='Adam', fix_seed=-1, num_workers=10, train_epochs=50, batch_size=64, patience=7, lr=0.0001, gpu=0, label_loss_rate=0.5, reg_loss_rate=0.5, use_norm=1, patch_len=16, target_num=1, use_gpu=True, hpo='nni')
Performing MS Forecasting (TimeXer)
Use GPU... cuda:0
Adjusting learning rate of group 0 to 1.0000e-04.
>>>>>>>start training : alumina_transformer/STANDALONE>>>>>>>>>>>>>>>>>>>>>>>>>>
	iters: 382, epoch: 1 | train_loss : 2.2843
	speed: 0.071912s/iter; left time: 6843.814066s
	iters: 764, epoch: 1 | train_loss : 0.5596
	speed: 0.166817s/iter; left time: 15812.095618s
	iters: 1146, epoch: 1 | train_loss : 2.4713
	speed: 0.105382s/iter; left time: 9948.627478s
	iters: 1528, epoch: 1 | train_loss : 0.3376
	speed: 0.073834s/iter; left time: 6942.081491s
	iters: 1910, epoch: 1 | train_loss : 0.2301
	speed: 0.141808s/iter; left time: 13279.016269s
[2024-02-29 20:46:03] [32mIntermediate result: 0.23992732167243958  (Index 0)[0m
Epoch: 1 | cost time: 401.6224980354309 | valid_loss: 0.23992732167243958 | valid_loss_true: 16.009098254762232
Chepoint Saved at:  ./checkpoints/alumina_transformer_train_only/alumina_transformer/STANDALONE/checkpoint-0.pth
Adjusting learning rate of group 0 to 8.5000e-05.
	iters: 382, epoch: 2 | train_loss : 1.2948
	speed: 0.627585s/iter; left time: 58527.326623s
	iters: 764, epoch: 2 | train_loss : 0.6820
	speed: 0.138120s/iter; left time: 12828.030305s
	iters: 1146, epoch: 2 | train_loss : 0.2766
	speed: 0.070742s/iter; left time: 6543.172952s
	iters: 1528, epoch: 2 | train_loss : 0.9401
	speed: 0.135230s/iter; left time: 12456.281222s
	iters: 1910, epoch: 2 | train_loss : 1.4492
	speed: 0.089378s/iter; left time: 8198.674277s
[2024-02-29 20:52:10] [32mIntermediate result: 0.2610245645046234  (Index 1)[0m
Epoch: 2 | cost time: 367.0906472206116 | valid_loss: 0.2610245645046234 | valid_loss_true: 17.036765031388885
Adjusting learning rate of group 0 to 7.2250e-05.
	iters: 382, epoch: 3 | train_loss : 1.1322
	speed: 0.546533s/iter; left time: 49924.147936s
	iters: 764, epoch: 3 | train_loss : 0.3517
	speed: 0.098656s/iter; left time: 8974.270657s
	iters: 1146, epoch: 3 | train_loss : 0.5884
	speed: 0.142529s/iter; left time: 12910.667052s
	iters: 1528, epoch: 3 | train_loss : 1.4254
	speed: 0.160962s/iter; left time: 14518.940450s
	iters: 1910, epoch: 3 | train_loss : 1.2582
	speed: 0.064102s/iter; left time: 5757.562455s
[2024-02-29 20:58:50] [32mIntermediate result: 0.32696768641471863  (Index 2)[0m
Epoch: 3 | cost time: 399.57414412498474 | valid_loss: 0.32696768641471863 | valid_loss_true: 24.195085589885412
Adjusting learning rate of group 0 to 6.1413e-05.
	iters: 382, epoch: 4 | train_loss : 0.8496
	speed: 0.598997s/iter; left time: 53571.931361s
	iters: 764, epoch: 4 | train_loss : 0.1640
	speed: 0.093825s/iter; left time: 8355.523798s
	iters: 1146, epoch: 4 | train_loss : 0.1117
	speed: 0.067336s/iter; left time: 5970.850617s
	iters: 1528, epoch: 4 | train_loss : 0.0591
	speed: 0.161856s/iter; left time: 14290.285667s
	iters: 1910, epoch: 4 | train_loss : 1.2772
	speed: 0.136070s/iter; left time: 11961.656259s
[2024-02-29 21:05:16] [32mIntermediate result: 0.33545708656311035  (Index 3)[0m
Epoch: 4 | cost time: 385.9926919937134 | valid_loss: 0.33545708656311035 | valid_loss_true: 23.29919757970298
Adjusting learning rate of group 0 to 5.2201e-05.
	iters: 382, epoch: 5 | train_loss : 0.3320
	speed: 0.545664s/iter; left time: 47759.273908s
	iters: 764, epoch: 5 | train_loss : 0.1334
	speed: 0.142885s/iter; left time: 12451.408381s
	iters: 1146, epoch: 5 | train_loss : 1.2110
	speed: 0.093367s/iter; left time: 8100.595109s
	iters: 1528, epoch: 5 | train_loss : 0.0500
	speed: 0.152812s/iter; left time: 13199.706481s
	iters: 1910, epoch: 5 | train_loss : 0.2851
	speed: 0.065873s/iter; left time: 5664.880489s
[2024-02-29 21:12:18] [32mIntermediate result: 0.2836150825023651  (Index 4)[0m
Epoch: 5 | cost time: 421.8053741455078 | valid_loss: 0.2836150825023651 | valid_loss_true: 21.54129299058847
Adjusting learning rate of group 0 to 4.4371e-05.
	iters: 382, epoch: 6 | train_loss : 0.0689
	speed: 0.565686s/iter; left time: 48430.612987s
	iters: 764, epoch: 6 | train_loss : 0.4302
	speed: 0.105189s/iter; left time: 8965.506362s
	iters: 1146, epoch: 6 | train_loss : 0.0651
	speed: 0.081373s/iter; left time: 6904.535592s
	iters: 1528, epoch: 6 | train_loss : 2.4757
	speed: 0.092136s/iter; left time: 7782.536306s
	iters: 1910, epoch: 6 | train_loss : 0.9628
	speed: 0.189915s/iter; left time: 15969.188897s
[2024-02-29 21:18:33] [32mIntermediate result: 0.28292515873908997  (Index 5)[0m
Epoch: 6 | cost time: 375.8764591217041 | valid_loss: 0.28292515873908997 | valid_loss_true: 21.14790931684205
Adjusting learning rate of group 0 to 3.7715e-05.
	iters: 382, epoch: 7 | train_loss : 1.0160
	speed: 0.538228s/iter; left time: 45051.286897s
	iters: 764, epoch: 7 | train_loss : 0.9142
	speed: 0.075454s/iter; left time: 6286.928301s
	iters: 1146, epoch: 7 | train_loss : 1.3153
	speed: 0.174356s/iter; left time: 14460.881584s
	iters: 1528, epoch: 7 | train_loss : 0.0746
	speed: 0.076863s/iter; left time: 6345.606301s
	iters: 1910, epoch: 7 | train_loss : 0.3448
	speed: 0.066132s/iter; left time: 5434.362428s
[2024-02-29 21:25:13] [32mIntermediate result: 0.2644050717353821  (Index 6)[0m
Epoch: 7 | cost time: 399.830046415329 | valid_loss: 0.2644050717353821 | valid_loss_true: 19.50320505008059
Adjusting learning rate of group 0 to 3.2058e-05.
	iters: 382, epoch: 8 | train_loss : 0.0766
	speed: 0.663833s/iter; left time: 54296.224981s
	iters: 764, epoch: 8 | train_loss : 0.0674
	speed: 0.086489s/iter; left time: 7041.102740s
	iters: 1146, epoch: 8 | train_loss : 0.5396
	speed: 0.058508s/iter; left time: 4740.801584s
	iters: 1528, epoch: 8 | train_loss : 0.0266
	speed: 0.112762s/iter; left time: 9093.778274s
	iters: 1910, epoch: 8 | train_loss : 0.0558
	speed: 0.136497s/iter; left time: 10955.809445s
[2024-02-29 21:31:18] [32mIntermediate result: 0.2471514791250229  (Index 7)[0m
Epoch: 8 | cost time: 364.44165873527527 | valid_loss: 0.2471514791250229 | valid_loss_true: 18.004009510672162
Adjusting learning rate of group 0 to 2.7249e-05.
	iters: 382, epoch: 9 | train_loss : 1.5740
	speed: 0.541815s/iter; left time: 43280.742915s
	iters: 764, epoch: 9 | train_loss : 0.0765
	speed: 0.144651s/iter; left time: 11499.592813s
	iters: 1146, epoch: 9 | train_loss : 0.6942
	speed: 0.167890s/iter; left time: 13282.937929s
	iters: 1528, epoch: 9 | train_loss : 0.2868
	speed: 0.066193s/iter; left time: 5211.695648s
	iters: 1910, epoch: 9 | train_loss : 0.5853
	speed: 0.058899s/iter; left time: 4614.934624s
[2024-02-29 21:37:34] [32mIntermediate result: 0.2183786779642105  (Index 8)[0m
Epoch: 9 | cost time: 376.34149074554443 | valid_loss: 0.2183786779642105 | valid_loss_true: 14.639054513954262
Chepoint Saved at:  ./checkpoints/alumina_transformer_train_only/alumina_transformer/STANDALONE/checkpoint-8.pth
Adjusting learning rate of group 0 to 2.3162e-05.
	iters: 382, epoch: 10 | train_loss : 0.8611
	speed: 0.562725s/iter; left time: 43875.690760s
	iters: 764, epoch: 10 | train_loss : 0.0606
	speed: 0.156953s/iter; left time: 12177.656214s
	iters: 1146, epoch: 10 | train_loss : 0.5640
	speed: 0.063402s/iter; left time: 4894.990132s
	iters: 1528, epoch: 10 | train_loss : 0.8930
	speed: 0.075780s/iter; left time: 5821.712295s
	iters: 1910, epoch: 10 | train_loss : 1.0901
	speed: 0.180268s/iter; left time: 13780.080564s
[2024-02-29 21:43:36] [32mIntermediate result: 0.23101620376110077  (Index 9)[0m
Epoch: 10 | cost time: 361.93532824516296 | valid_loss: 0.23101620376110077 | valid_loss_true: 15.757827398251772
Adjusting learning rate of group 0 to 1.9687e-05.
	iters: 382, epoch: 11 | train_loss : 0.2272
	speed: 0.456821s/iter; left time: 34745.353975s
	iters: 764, epoch: 11 | train_loss : 0.3965
	speed: 0.076707s/iter; left time: 5804.932156s
	iters: 1146, epoch: 11 | train_loss : 0.5302
	speed: 0.154633s/iter; left time: 11643.064357s
	iters: 1528, epoch: 11 | train_loss : 1.0684
	speed: 0.162487s/iter; left time: 12172.394013s
	iters: 1910, epoch: 11 | train_loss : 1.0118
	speed: 0.093218s/iter; left time: 6947.660261s
[2024-02-29 21:49:45] [32mIntermediate result: 0.22258518636226654  (Index 10)[0m
Epoch: 11 | cost time: 368.75458240509033 | valid_loss: 0.22258518636226654 | valid_loss_true: 15.087898034356252
Adjusting learning rate of group 0 to 1.6734e-05.
	iters: 382, epoch: 12 | train_loss : 0.5602
	speed: 0.459874s/iter; left time: 34098.771013s
	iters: 764, epoch: 12 | train_loss : 1.4075
	speed: 0.182073s/iter; left time: 13430.796750s
	iters: 1146, epoch: 12 | train_loss : 0.8308
	speed: 0.074012s/iter; left time: 5431.285700s
	iters: 1528, epoch: 12 | train_loss : 0.5818
	speed: 0.063977s/iter; left time: 4670.425897s
	iters: 1910, epoch: 12 | train_loss : 1.0272
	speed: 0.144409s/iter; left time: 10486.994765s
[2024-02-29 21:56:52] [32mIntermediate result: 0.2177131325006485  (Index 11)[0m
Epoch: 12 | cost time: 426.9928743839264 | valid_loss: 0.2177131325006485 | valid_loss_true: 14.157870510987483
Chepoint Saved at:  ./checkpoints/alumina_transformer_train_only/alumina_transformer/STANDALONE/checkpoint-11.pth
Adjusting learning rate of group 0 to 1.4224e-05.
	iters: 382, epoch: 13 | train_loss : 0.0483
	speed: 0.645720s/iter; left time: 46644.843452s
	iters: 764, epoch: 13 | train_loss : 0.1282
	speed: 0.058875s/iter; left time: 4230.480053s
	iters: 1146, epoch: 13 | train_loss : 0.0194
	speed: 0.100104s/iter; left time: 7154.764502s
	iters: 1528, epoch: 13 | train_loss : 0.0777
	speed: 0.170891s/iter; left time: 12148.776609s
	iters: 1910, epoch: 13 | train_loss : 0.0584
	speed: 0.099339s/iter; left time: 7024.141772s
[2024-02-29 22:02:47] [32mIntermediate result: 0.21632201969623566  (Index 12)[0m
Epoch: 13 | cost time: 355.2951714992523 | valid_loss: 0.21632201969623566 | valid_loss_true: 14.056554552429908
Chepoint Saved at:  ./checkpoints/alumina_transformer_train_only/alumina_transformer/STANDALONE/checkpoint-12.pth
Adjusting learning rate of group 0 to 1.2091e-05.
	iters: 382, epoch: 14 | train_loss : 0.5061
	speed: 0.553505s/iter; left time: 38925.814885s
	iters: 764, epoch: 14 | train_loss : 0.5828
	speed: 0.164484s/iter; left time: 11504.685333s
	iters: 1146, epoch: 14 | train_loss : 2.0934
	speed: 0.067286s/iter; left time: 4680.580005s
	iters: 1528, epoch: 14 | train_loss : 0.7711
	speed: 0.058372s/iter; left time: 4038.147594s
	iters: 1910, epoch: 14 | train_loss : 0.5722
	speed: 0.097807s/iter; left time: 6728.908540s
[2024-02-29 22:09:49] [32mIntermediate result: 0.214699849486351  (Index 13)[0m
Epoch: 14 | cost time: 421.46424078941345 | valid_loss: 0.214699849486351 | valid_loss_true: 14.091694421714708
Chepoint Saved at:  ./checkpoints/alumina_transformer_train_only/alumina_transformer/STANDALONE/checkpoint-13.pth
Adjusting learning rate of group 0 to 1.0277e-05.
	iters: 382, epoch: 15 | train_loss : 1.0317
	speed: 0.673378s/iter; left time: 46069.146311s
	iters: 764, epoch: 15 | train_loss : 0.3878
	speed: 0.064832s/iter; left time: 4410.742263s
	iters: 1146, epoch: 15 | train_loss : 0.5449
	speed: 0.144165s/iter; left time: 9752.895251s
	iters: 1528, epoch: 15 | train_loss : 0.4940
	speed: 0.106191s/iter; left time: 7143.355184s
	iters: 1910, epoch: 15 | train_loss : 0.0358
	speed: 0.085143s/iter; left time: 5694.947278s
[2024-02-29 22:15:43] [32mIntermediate result: 0.20231908559799194  (Index 14)[0m
Epoch: 15 | cost time: 354.67028760910034 | valid_loss: 0.20231908559799194 | valid_loss_true: 12.853771599128226
Chepoint Saved at:  ./checkpoints/alumina_transformer_train_only/alumina_transformer/STANDALONE/checkpoint-14.pth
Adjusting learning rate of group 0 to 8.7354e-06.
	iters: 382, epoch: 16 | train_loss : 0.9487
	speed: 0.609581s/iter; left time: 40539.582869s
	iters: 764, epoch: 16 | train_loss : 1.0043
	speed: 0.175808s/iter; left time: 11624.791041s
	iters: 1146, epoch: 16 | train_loss : 0.0641
	speed: 0.108975s/iter; left time: 7164.038970s
	iters: 1528, epoch: 16 | train_loss : 0.5325
	speed: 0.127235s/iter; left time: 8315.802983s
	iters: 1910, epoch: 16 | train_loss : 0.0355
	speed: 0.079776s/iter; left time: 5183.540501s
[2024-02-29 22:22:57] [32mIntermediate result: 0.2007134109735489  (Index 15)[0m
Epoch: 16 | cost time: 433.9614796638489 | valid_loss: 0.2007134109735489 | valid_loss_true: 12.753647561660634
Chepoint Saved at:  ./checkpoints/alumina_transformer_train_only/alumina_transformer/STANDALONE/checkpoint-15.pth
Adjusting learning rate of group 0 to 7.4251e-06.
	iters: 382, epoch: 17 | train_loss : 0.5667
	speed: 0.570364s/iter; left time: 36841.505140s
	iters: 764, epoch: 17 | train_loss : 0.5390
	speed: 0.086916s/iter; left time: 5580.951361s
	iters: 1146, epoch: 17 | train_loss : 0.0475
	speed: 0.127313s/iter; left time: 8126.273173s
	iters: 1528, epoch: 17 | train_loss : 0.4854
	speed: 0.112309s/iter; left time: 7125.696859s
	iters: 1910, epoch: 17 | train_loss : 0.0855
	speed: 0.181013s/iter; left time: 11415.568389s
[2024-02-29 22:28:57] [32mIntermediate result: 0.19532018899917603  (Index 16)[0m
Epoch: 17 | cost time: 359.286917924881 | valid_loss: 0.19532018899917603 | valid_loss_true: 12.360377466834446
Chepoint Saved at:  ./checkpoints/alumina_transformer_train_only/alumina_transformer/STANDALONE/checkpoint-16.pth
Adjusting learning rate of group 0 to 6.3113e-06.
	iters: 382, epoch: 18 | train_loss : 0.0412
	speed: 0.515438s/iter; left time: 32308.654550s
	iters: 764, epoch: 18 | train_loss : 0.9045
	speed: 0.116476s/iter; left time: 7256.453379s
	iters: 1146, epoch: 18 | train_loss : 0.4663
	speed: 0.160059s/iter; left time: 9910.512035s
	iters: 1528, epoch: 18 | train_loss : 0.5346
	speed: 0.128294s/iter; left time: 7894.685286s
	iters: 1910, epoch: 18 | train_loss : 0.4762
	speed: 0.072290s/iter; left time: 4420.794636s
[2024-02-29 22:36:33] [32mIntermediate result: 0.19555796682834625  (Index 17)[0m
Epoch: 18 | cost time: 456.5380070209503 | valid_loss: 0.19555796682834625 | valid_loss_true: 12.298263500515693
Adjusting learning rate of group 0 to 5.3646e-06.
	iters: 382, epoch: 19 | train_loss : 1.5161
	speed: 0.641713s/iter; left time: 38997.545166s
	iters: 764, epoch: 19 | train_loss : 0.5646
	speed: 0.087253s/iter; left time: 5269.102125s
	iters: 1146, epoch: 19 | train_loss : 0.9935
	speed: 0.068135s/iter; left time: 4088.590354s
	iters: 1528, epoch: 19 | train_loss : 0.5294
	speed: 0.146422s/iter; left time: 8730.395998s
	iters: 1910, epoch: 19 | train_loss : 0.8501
	speed: 0.193765s/iter; left time: 11479.228726s
[2024-02-29 22:42:58] [32mIntermediate result: 0.19086775183677673  (Index 18)[0m
Epoch: 19 | cost time: 384.87283086776733 | valid_loss: 0.19086775183677673 | valid_loss_true: 11.932888409020075
Chepoint Saved at:  ./checkpoints/alumina_transformer_train_only/alumina_transformer/STANDALONE/checkpoint-18.pth
Adjusting learning rate of group 0 to 4.5599e-06.
	iters: 382, epoch: 20 | train_loss : 0.5399
	speed: 0.519744s/iter; left time: 30592.128417s
	iters: 764, epoch: 20 | train_loss : 0.0244
	speed: 0.079361s/iter; left time: 4640.884529s
	iters: 1146, epoch: 20 | train_loss : 0.0666
	speed: 0.171582s/iter; left time: 9968.231595s
	iters: 1528, epoch: 20 | train_loss : 0.0294
	speed: 0.078624s/iter; left time: 4537.715304s
	iters: 1910, epoch: 20 | train_loss : 1.4048
	speed: 0.060261s/iter; left time: 3454.855377s
[2024-02-29 22:48:28] [32mIntermediate result: 0.19045637547969818  (Index 19)[0m
Epoch: 20 | cost time: 329.39445972442627 | valid_loss: 0.19045637547969818 | valid_loss_true: 11.923348667682884
Chepoint Saved at:  ./checkpoints/alumina_transformer_train_only/alumina_transformer/STANDALONE/checkpoint-19.pth
Adjusting learning rate of group 0 to 3.8760e-06.
	iters: 382, epoch: 21 | train_loss : 0.0364
	speed: 0.501933s/iter; left time: 28584.581449s
	iters: 764, epoch: 21 | train_loss : 0.5451
	speed: 0.115070s/iter; left time: 6509.187977s
	iters: 1146, epoch: 21 | train_loss : 0.2610
	speed: 0.059878s/iter; left time: 3364.231532s
	iters: 1528, epoch: 21 | train_loss : 0.0446
	speed: 0.064281s/iter; left time: 3587.065741s
	iters: 1910, epoch: 21 | train_loss : 0.0318
	speed: 0.132622s/iter; left time: 7350.046238s
[2024-02-29 22:54:25] [32mIntermediate result: 0.1842513233423233  (Index 20)[0m
Epoch: 21 | cost time: 357.4395844936371 | valid_loss: 0.1842513233423233 | valid_loss_true: 11.489499495911945
Chepoint Saved at:  ./checkpoints/alumina_transformer_train_only/alumina_transformer/STANDALONE/checkpoint-20.pth
Adjusting learning rate of group 0 to 3.2946e-06.
	iters: 382, epoch: 22 | train_loss : 1.0253
	speed: 0.499049s/iter; left time: 27466.653886s
	iters: 764, epoch: 22 | train_loss : 0.5495
	speed: 0.058796s/iter; left time: 3213.570215s
	iters: 1146, epoch: 22 | train_loss : 1.4593
	speed: 0.115919s/iter; left time: 6291.402111s
	iters: 1528, epoch: 22 | train_loss : 1.4207
	speed: 0.097234s/iter; left time: 5240.157033s
	iters: 1910, epoch: 22 | train_loss : 1.0304
	speed: 0.080029s/iter; left time: 4282.363588s
[2024-02-29 22:59:30] [32mIntermediate result: 0.18603263795375824  (Index 21)[0m
Epoch: 22 | cost time: 305.45819211006165 | valid_loss: 0.18603263795375824 | valid_loss_true: 11.506063029475156
Adjusting learning rate of group 0 to 2.8004e-06.
	iters: 382, epoch: 23 | train_loss : 0.7822
	speed: 0.519782s/iter; left time: 27614.457793s
	iters: 764, epoch: 23 | train_loss : 0.0593
	speed: 0.118164s/iter; left time: 6232.569863s
	iters: 1146, epoch: 23 | train_loss : 0.0300
	speed: 0.080105s/iter; left time: 4194.541652s
	iters: 1528, epoch: 23 | train_loss : 0.0371
	speed: 0.111982s/iter; left time: 5820.945903s
	iters: 1910, epoch: 23 | train_loss : 1.0366
	speed: 0.060473s/iter; left time: 3120.363180s
[2024-02-29 23:05:36] [32mIntermediate result: 0.17979338765144348  (Index 22)[0m
Epoch: 23 | cost time: 365.74543023109436 | valid_loss: 0.17979338765144348 | valid_loss_true: 11.065111859466223
Chepoint Saved at:  ./checkpoints/alumina_transformer_train_only/alumina_transformer/STANDALONE/checkpoint-22.pth
Adjusting learning rate of group 0 to 2.3803e-06.
	iters: 382, epoch: 24 | train_loss : 0.9935
	speed: 0.529092s/iter; left time: 27097.998877s
	iters: 764, epoch: 24 | train_loss : 0.7654
	speed: 0.099651s/iter; left time: 5065.640260s
	iters: 1146, epoch: 24 | train_loss : 1.4247
	speed: 0.060326s/iter; left time: 3043.543492s
	iters: 1528, epoch: 24 | train_loss : 1.5290
	speed: 0.093632s/iter; left time: 4688.158598s
	iters: 1910, epoch: 24 | train_loss : 0.7655
	speed: 0.150023s/iter; left time: 7454.336766s
[2024-02-29 23:10:55] [32mIntermediate result: 0.182534858584404  (Index 23)[0m
Epoch: 24 | cost time: 319.2232964038849 | valid_loss: 0.182534858584404 | valid_loss_true: 11.262403822365414
Adjusting learning rate of group 0 to 2.0233e-06.
	iters: 382, epoch: 25 | train_loss : 0.4202
	speed: 0.431045s/iter; left time: 21252.670732s
	iters: 764, epoch: 25 | train_loss : 0.9932
	speed: 0.078932s/iter; left time: 3861.585782s
	iters: 1146, epoch: 25 | train_loss : 0.7740
	speed: 0.073016s/iter; left time: 3544.255692s
	iters: 1528, epoch: 25 | train_loss : 0.0196
	speed: 0.073236s/iter; left time: 3526.975733s
	iters: 1910, epoch: 25 | train_loss : 0.3750
	speed: 0.074788s/iter; left time: 3573.136702s
[2024-02-29 23:14:39] [32mIntermediate result: 0.18158148229122162  (Index 24)[0m
Epoch: 25 | cost time: 223.68718123435974 | valid_loss: 0.18158148229122162 | valid_loss_true: 11.238856099367963
Adjusting learning rate of group 0 to 1.7198e-06.
	iters: 382, epoch: 26 | train_loss : 1.6135
	speed: 0.282327s/iter; left time: 13380.594823s
	iters: 764, epoch: 26 | train_loss : 0.7301
	speed: 0.073444s/iter; left time: 3452.740002s
	iters: 1146, epoch: 26 | train_loss : 0.0215
	speed: 0.078489s/iter; left time: 3659.958584s
	iters: 1528, epoch: 26 | train_loss : 0.5379
	speed: 0.065651s/iter; left time: 3036.206688s
	iters: 1910, epoch: 26 | train_loss : 0.7173
	speed: 0.059262s/iter; left time: 2718.107449s
[2024-02-29 23:18:27] [32mIntermediate result: 0.1781741976737976  (Index 25)[0m
Epoch: 26 | cost time: 228.34383130073547 | valid_loss: 0.1781741976737976 | valid_loss_true: 10.880080566708218
Chepoint Saved at:  ./checkpoints/alumina_transformer_train_only/alumina_transformer/STANDALONE/checkpoint-25.pth
Adjusting learning rate of group 0 to 1.4618e-06.
	iters: 382, epoch: 27 | train_loss : 2.2808
	speed: 0.320949s/iter; left time: 14597.736832s
	iters: 764, epoch: 27 | train_loss : 0.0484
	speed: 0.072969s/iter; left time: 3290.977448s
	iters: 1146, epoch: 27 | train_loss : 0.5507
	speed: 0.059436s/iter; left time: 2657.936367s
	iters: 1528, epoch: 27 | train_loss : 0.4213
	speed: 0.060128s/iter; left time: 2665.913140s
	iters: 1910, epoch: 27 | train_loss : 0.5285
	speed: 0.058646s/iter; left time: 2577.784348s
[2024-02-29 23:22:09] [32mIntermediate result: 0.17914845049381256  (Index 26)[0m
Epoch: 27 | cost time: 221.85153651237488 | valid_loss: 0.17914845049381256 | valid_loss_true: 10.990423104044183
Adjusting learning rate of group 0 to 1.2425e-06.
	iters: 382, epoch: 28 | train_loss : 0.4683
	speed: 0.339850s/iter; left time: 14807.924106s
	iters: 764, epoch: 28 | train_loss : 0.0312
	speed: 0.066877s/iter; left time: 2888.423830s
	iters: 1146, epoch: 28 | train_loss : 0.8407
	speed: 0.059163s/iter; left time: 2532.641312s
	iters: 1528, epoch: 28 | train_loss : 0.3915
	speed: 0.057854s/iter; left time: 2454.529223s
	iters: 1910, epoch: 28 | train_loss : 0.2516
	speed: 0.067794s/iter; left time: 2850.328560s
[2024-02-29 23:25:59] [32mIntermediate result: 0.17888666689395905  (Index 27)[0m
Epoch: 28 | cost time: 229.51119184494019 | valid_loss: 0.17888666689395905 | valid_loss_true: 10.993813560301534
Adjusting learning rate of group 0 to 1.0562e-06.
	iters: 382, epoch: 29 | train_loss : 1.4704
	speed: 0.345627s/iter; left time: 14399.152128s
	iters: 764, epoch: 29 | train_loss : 2.0653
	speed: 0.058839s/iter; left time: 2428.798065s
	iters: 1146, epoch: 29 | train_loss : 0.0369
	speed: 0.060154s/iter; left time: 2460.105677s
	iters: 1528, epoch: 29 | train_loss : 0.7582
	speed: 0.059692s/iter; left time: 2418.408569s
	iters: 1910, epoch: 29 | train_loss : 0.3665
	speed: 0.074830s/iter; left time: 3003.160719s
[2024-02-29 23:29:46] [32mIntermediate result: 0.17740194499492645  (Index 28)[0m
Epoch: 29 | cost time: 227.44513702392578 | valid_loss: 0.17740194499492645 | valid_loss_true: 10.85206734847771
Chepoint Saved at:  ./checkpoints/alumina_transformer_train_only/alumina_transformer/STANDALONE/checkpoint-28.pth
Adjusting learning rate of group 0 to 8.9774e-07.
	iters: 382, epoch: 30 | train_loss : 0.5412
	speed: 0.332916s/iter; left time: 13233.396938s
	iters: 764, epoch: 30 | train_loss : 0.9849
	speed: 0.062196s/iter; left time: 2448.527365s
	iters: 1146, epoch: 30 | train_loss : 1.2913
	speed: 0.066422s/iter; left time: 2589.518334s
	iters: 1528, epoch: 30 | train_loss : 0.9004
	speed: 0.074442s/iter; left time: 2873.741704s
	iters: 1910, epoch: 30 | train_loss : 0.5384
	speed: 0.079053s/iter; left time: 3021.554892s
[2024-02-29 23:33:32] [32mIntermediate result: 0.17740879952907562  (Index 29)[0m
Epoch: 30 | cost time: 225.9829740524292 | valid_loss: 0.17740879952907562 | valid_loss_true: 10.873700030268463
Adjusting learning rate of group 0 to 7.6308e-07.
	iters: 382, epoch: 31 | train_loss : 0.0284
	speed: 0.310168s/iter; left time: 11736.448810s
	iters: 764, epoch: 31 | train_loss : 0.0386
	speed: 0.085030s/iter; left time: 3184.970262s
	iters: 1146, epoch: 31 | train_loss : 0.0831
	speed: 0.077466s/iter; left time: 2872.063351s
	iters: 1528, epoch: 31 | train_loss : 0.5157
	speed: 0.073339s/iter; left time: 2691.032683s
	iters: 1910, epoch: 31 | train_loss : 0.0429
	speed: 0.068610s/iter; left time: 2491.303910s
[2024-02-29 23:37:24] [32mIntermediate result: 0.17857293784618378  (Index 30)[0m
Epoch: 31 | cost time: 231.56746101379395 | valid_loss: 0.17857293784618378 | valid_loss_true: 10.970313024933683
Adjusting learning rate of group 0 to 6.4861e-07.
	iters: 382, epoch: 32 | train_loss : 1.4290
	speed: 0.314598s/iter; left time: 11302.869225s
	iters: 764, epoch: 32 | train_loss : 0.7475
	speed: 0.087352s/iter; left time: 3105.021113s
	iters: 1146, epoch: 32 | train_loss : 1.5787
	speed: 0.070003s/iter; left time: 2461.599897s
	iters: 1528, epoch: 32 | train_loss : 0.0362
	speed: 0.058342s/iter; left time: 2029.251855s
	iters: 1910, epoch: 32 | train_loss : 0.0180
	speed: 0.057461s/iter; left time: 1976.655488s
[2024-02-29 23:41:19] [32mIntermediate result: 0.1786360740661621  (Index 31)[0m
Epoch: 32 | cost time: 235.4860577583313 | valid_loss: 0.1786360740661621 | valid_loss_true: 11.002665129858311
Adjusting learning rate of group 0 to 5.5132e-07.
	iters: 382, epoch: 33 | train_loss : 0.5801
	speed: 0.336462s/iter; left time: 11445.420921s
	iters: 764, epoch: 33 | train_loss : 0.4695
	speed: 0.081068s/iter; left time: 2726.719354s
	iters: 1146, epoch: 33 | train_loss : 0.0360
	speed: 0.059500s/iter; left time: 1978.542633s
	iters: 1528, epoch: 33 | train_loss : 1.0319
	speed: 0.057944s/iter; left time: 1904.673616s
	iters: 1910, epoch: 33 | train_loss : 0.5264
	speed: 0.061734s/iter; left time: 2005.677745s
[2024-02-29 23:45:06] [32mIntermediate result: 0.17779238522052765  (Index 32)[0m
Epoch: 33 | cost time: 226.40231227874756 | valid_loss: 0.17779238522052765 | valid_loss_true: 10.834942985513843
Adjusting learning rate of group 0 to 4.6862e-07.
	iters: 382, epoch: 34 | train_loss : 0.9745
	speed: 0.328776s/iter; left time: 10555.686125s
	iters: 764, epoch: 34 | train_loss : 0.0399
	speed: 0.058644s/iter; left time: 1860.431606s
	iters: 1146, epoch: 34 | train_loss : 0.3960
	speed: 0.060526s/iter; left time: 1897.005744s
	iters: 1528, epoch: 34 | train_loss : 0.9561
	speed: 0.057366s/iter; left time: 1776.053711s
	iters: 1910, epoch: 34 | train_loss : 0.5077
	speed: 0.083650s/iter; left time: 2557.848435s
[2024-02-29 23:48:48] [32mIntermediate result: 0.1779978722333908  (Index 33)[0m
Epoch: 34 | cost time: 222.62271928787231 | valid_loss: 0.1779978722333908 | valid_loss_true: 10.853042662943354
Adjusting learning rate of group 0 to 3.9833e-07.
	iters: 382, epoch: 35 | train_loss : 0.0464
	speed: 0.312629s/iter; left time: 9439.843361s
	iters: 764, epoch: 35 | train_loss : 0.2583
	speed: 0.057932s/iter; left time: 1727.116237s
	iters: 1146, epoch: 35 | train_loss : 0.4562
	speed: 0.057757s/iter; left time: 1699.857528s
	iters: 1528, epoch: 35 | train_loss : 0.5405
	speed: 0.064304s/iter; left time: 1867.964406s
	iters: 1910, epoch: 35 | train_loss : 0.8286
	speed: 0.087409s/iter; left time: 2505.754504s
[2024-02-29 23:52:37] [32mIntermediate result: 0.17785772681236267  (Index 34)[0m
Epoch: 35 | cost time: 228.57037258148193 | valid_loss: 0.17785772681236267 | valid_loss_true: 10.884943731116985
Adjusting learning rate of group 0 to 3.3858e-07.
	iters: 382, epoch: 36 | train_loss : 1.0405
	speed: 0.324404s/iter; left time: 9175.455340s
	iters: 764, epoch: 36 | train_loss : 0.5353
	speed: 0.058578s/iter; left time: 1634.456975s
	iters: 1146, epoch: 36 | train_loss : 0.6502
	speed: 0.063537s/iter; left time: 1748.544073s
	iters: 1528, epoch: 36 | train_loss : 0.4854
	speed: 0.078496s/iter; left time: 2130.235658s
	iters: 1910, epoch: 36 | train_loss : 1.9533
	speed: 0.081902s/iter; left time: 2191.365595s
[2024-02-29 23:56:20] [32mIntermediate result: 0.17738284170627594  (Index 35)[0m
Epoch: 36 | cost time: 223.48908972740173 | valid_loss: 0.17738284170627594 | valid_loss_true: 10.86858038570749
Chepoint Saved at:  ./checkpoints/alumina_transformer_train_only/alumina_transformer/STANDALONE/checkpoint-35.pth
Adjusting learning rate of group 0 to 2.8779e-07.
	iters: 382, epoch: 37 | train_loss : 0.5054
	speed: 0.310530s/iter; left time: 8189.601954s
	iters: 764, epoch: 37 | train_loss : 0.3509
	speed: 0.077076s/iter; left time: 2003.287882s
	iters: 1146, epoch: 37 | train_loss : 0.0533
	speed: 0.075207s/iter; left time: 1925.964731s
	iters: 1528, epoch: 37 | train_loss : 0.0448
	speed: 0.078523s/iter; left time: 1980.892270s
	iters: 1910, epoch: 37 | train_loss : 0.3842
	speed: 0.065112s/iter; left time: 1617.708331s
[2024-03-01 00:00:12] [32mIntermediate result: 0.17735616862773895  (Index 36)[0m
Epoch: 37 | cost time: 231.96365427970886 | valid_loss: 0.17735616862773895 | valid_loss_true: 10.820817280949369
Chepoint Saved at:  ./checkpoints/alumina_transformer_train_only/alumina_transformer/STANDALONE/checkpoint-36.pth
Adjusting learning rate of group 0 to 2.4462e-07.
	iters: 382, epoch: 38 | train_loss : 1.0269
	speed: 0.320863s/iter; left time: 7848.956532s
	iters: 764, epoch: 38 | train_loss : 0.5480
	speed: 0.075819s/iter; left time: 1825.720631s
	iters: 1146, epoch: 38 | train_loss : 0.3852
	speed: 0.072677s/iter; left time: 1722.296559s
	iters: 1528, epoch: 38 | train_loss : 1.4863
	speed: 0.059698s/iter; left time: 1391.920314s
	iters: 1910, epoch: 38 | train_loss : 0.2667
	speed: 0.057717s/iter; left time: 1323.680533s
[2024-03-01 00:04:03] [32mIntermediate result: 0.17783287167549133  (Index 37)[0m
Epoch: 38 | cost time: 230.97465419769287 | valid_loss: 0.17783287167549133 | valid_loss_true: 10.899447423241403
Adjusting learning rate of group 0 to 2.0793e-07.
	iters: 382, epoch: 39 | train_loss : 1.4216
	speed: 0.342149s/iter; left time: 7715.798395s
	iters: 764, epoch: 39 | train_loss : 1.5080
	speed: 0.072251s/iter; left time: 1601.741102s
	iters: 1146, epoch: 39 | train_loss : 0.0236
	speed: 0.058386s/iter; left time: 1272.065111s
	iters: 1528, epoch: 39 | train_loss : 0.5216
	speed: 0.058874s/iter; left time: 1260.200758s
	iters: 1910, epoch: 39 | train_loss : 0.7909
	speed: 0.060096s/iter; left time: 1263.405186s
[2024-03-01 00:07:45] [32mIntermediate result: 0.17733663320541382  (Index 38)[0m
Epoch: 39 | cost time: 221.59903144836426 | valid_loss: 0.17733663320541382 | valid_loss_true: 10.821142992616776
Chepoint Saved at:  ./checkpoints/alumina_transformer_train_only/alumina_transformer/STANDALONE/checkpoint-38.pth
Adjusting learning rate of group 0 to 1.7674e-07.
	iters: 382, epoch: 40 | train_loss : 0.7310
	speed: 0.333550s/iter; left time: 6884.480452s
	iters: 764, epoch: 40 | train_loss : 1.0125
	speed: 0.069301s/iter; left time: 1403.907089s
	iters: 1146, epoch: 40 | train_loss : 0.8085
	speed: 0.060174s/iter; left time: 1196.026702s
	iters: 1528, epoch: 40 | train_loss : 0.4679
	speed: 0.059203s/iter; left time: 1154.111263s
	iters: 1910, epoch: 40 | train_loss : 0.3841
	speed: 0.073674s/iter; left time: 1408.048298s
[2024-03-01 00:11:39] [32mIntermediate result: 0.17694371938705444  (Index 39)[0m
Epoch: 40 | cost time: 233.70815086364746 | valid_loss: 0.17694371938705444 | valid_loss_true: 10.795885288858322
Chepoint Saved at:  ./checkpoints/alumina_transformer_train_only/alumina_transformer/STANDALONE/checkpoint-39.pth
Adjusting learning rate of group 0 to 1.5023e-07.
	iters: 382, epoch: 41 | train_loss : 1.5880
	speed: 0.333340s/iter; left time: 6243.128942s
	iters: 764, epoch: 41 | train_loss : 0.4660
	speed: 0.058488s/iter; left time: 1073.074953s
	iters: 1146, epoch: 41 | train_loss : 0.8618
	speed: 0.060737s/iter; left time: 1091.144097s
	iters: 1528, epoch: 41 | train_loss : 0.0202
	speed: 0.062114s/iter; left time: 1092.152728s
	iters: 1910, epoch: 41 | train_loss : 0.0337
	speed: 0.076073s/iter; left time: 1308.532263s
[2024-03-01 00:15:19] [32mIntermediate result: 0.1772468537092209  (Index 40)[0m
Epoch: 41 | cost time: 220.5803325176239 | valid_loss: 0.1772468537092209 | valid_loss_true: 10.83717614252149
Adjusting learning rate of group 0 to 1.2770e-07.
	iters: 382, epoch: 42 | train_loss : 0.5385
	speed: 0.312920s/iter; left time: 5262.683415s
	iters: 764, epoch: 42 | train_loss : 0.5488
	speed: 0.058427s/iter; left time: 960.310736s
	iters: 1146, epoch: 42 | train_loss : 0.9477
	speed: 0.058600s/iter; left time: 940.770794s
	iters: 1528, epoch: 42 | train_loss : 0.2388
	speed: 0.082399s/iter; left time: 1291.361022s
	iters: 1910, epoch: 42 | train_loss : 0.2946
	speed: 0.082326s/iter; left time: 1258.763456s
[2024-03-01 00:19:02] [32mIntermediate result: 0.17739932239055634  (Index 41)[0m
Epoch: 42 | cost time: 222.82176661491394 | valid_loss: 0.17739932239055634 | valid_loss_true: 10.843913675409153
Adjusting learning rate of group 0 to 1.0854e-07.
	iters: 382, epoch: 43 | train_loss : 0.4395
	speed: 0.305878s/iter; left time: 4559.721812s
	iters: 764, epoch: 43 | train_loss : 1.2945
	speed: 0.058966s/iter; left time: 856.487623s
	iters: 1146, epoch: 43 | train_loss : 0.5140
	speed: 0.078052s/iter; left time: 1103.889819s
	iters: 1528, epoch: 43 | train_loss : 1.2615
	speed: 0.078274s/iter; left time: 1077.130855s
	iters: 1910, epoch: 43 | train_loss : 0.9545
	speed: 0.086854s/iter; left time: 1162.016548s
[2024-03-01 00:22:47] [32mIntermediate result: 0.17733871936798096  (Index 42)[0m
Epoch: 43 | cost time: 224.57763504981995 | valid_loss: 0.17733871936798096 | valid_loss_true: 10.818045559512377
Adjusting learning rate of group 0 to 9.2260e-08.
	iters: 382, epoch: 44 | train_loss : 0.8943
	speed: 0.296515s/iter; left time: 3853.504273s
	iters: 764, epoch: 44 | train_loss : 0.4463
	speed: 0.077555s/iter; left time: 978.283507s
	iters: 1146, epoch: 44 | train_loss : 0.0238
	speed: 0.078570s/iter; left time: 961.065539s
	iters: 1528, epoch: 44 | train_loss : 1.4251
	speed: 0.060571s/iter; left time: 717.761871s
	iters: 1910, epoch: 44 | train_loss : 0.0374
	speed: 0.059341s/iter; left time: 680.524098s
[2024-03-01 00:26:36] [32mIntermediate result: 0.1770695596933365  (Index 43)[0m
Epoch: 44 | cost time: 228.84766483306885 | valid_loss: 0.1770695596933365 | valid_loss_true: 10.814094744136574
Adjusting learning rate of group 0 to 7.8421e-08.
	iters: 382, epoch: 45 | train_loss : 0.5479
	speed: 0.323288s/iter; left time: 3583.647972s
	iters: 764, epoch: 45 | train_loss : 1.2638
	speed: 0.072906s/iter; left time: 780.310331s
	iters: 1146, epoch: 45 | train_loss : 1.1981
	speed: 0.058855s/iter; left time: 607.441546s
	iters: 1528, epoch: 45 | train_loss : 0.5334
	speed: 0.057789s/iter; left time: 574.367662s
	iters: 1910, epoch: 45 | train_loss : 0.0341
	speed: 0.057466s/iter; left time: 549.205146s
[2024-03-01 00:30:12] [32mIntermediate result: 0.17710795998573303  (Index 44)[0m
Epoch: 45 | cost time: 216.4098813533783 | valid_loss: 0.17710795998573303 | valid_loss_true: 10.823586310165203
Adjusting learning rate of group 0 to 6.6658e-08.
	iters: 382, epoch: 46 | train_loss : 0.0291
	speed: 0.314646s/iter; left time: 2886.564912s
	iters: 764, epoch: 46 | train_loss : 0.8611
	speed: 0.061789s/iter; left time: 543.249790s
	iters: 1146, epoch: 46 | train_loss : 1.0723
	speed: 0.058534s/iter; left time: 492.275107s
	iters: 1528, epoch: 46 | train_loss : 0.0117
	speed: 0.058459s/iter; left time: 469.308380s
	iters: 1910, epoch: 46 | train_loss : 0.0389
	speed: 0.074171s/iter; left time: 567.111534s
[2024-03-01 00:33:51] [32mIntermediate result: 0.17707906663417816  (Index 45)[0m
Epoch: 46 | cost time: 218.900062084198 | valid_loss: 0.17707906663417816 | valid_loss_true: 10.813408989022491
Adjusting learning rate of group 0 to 5.6659e-08.
	iters: 382, epoch: 47 | train_loss : 0.5240
	speed: 0.311834s/iter; left time: 2264.852433s
	iters: 764, epoch: 47 | train_loss : 0.0586
	speed: 0.059296s/iter; left time: 408.015995s
	iters: 1146, epoch: 47 | train_loss : 0.0456
	speed: 0.057714s/iter; left time: 375.082899s
	iters: 1528, epoch: 47 | train_loss : 0.4352
	speed: 0.070681s/iter; left time: 432.354213s
	iters: 1910, epoch: 47 | train_loss : 0.5373
	speed: 0.072802s/iter; left time: 417.520000s
[2024-03-01 00:37:22] [32mIntermediate result: 0.1768922209739685  (Index 46)[0m
Epoch: 47 | cost time: 211.09144854545593 | valid_loss: 0.1768922209739685 | valid_loss_true: 10.803412972487248
Chepoint Saved at:  ./checkpoints/alumina_transformer_train_only/alumina_transformer/STANDALONE/checkpoint-46.pth
Adjusting learning rate of group 0 to 4.8160e-08.
	iters: 382, epoch: 48 | train_loss : 0.9988
	speed: 0.293253s/iter; left time: 1569.488315s
	iters: 764, epoch: 48 | train_loss : 0.5889
	speed: 0.066403s/iter; left time: 330.020808s
	iters: 1146, epoch: 48 | train_loss : 0.0298
	speed: 0.072685s/iter; left time: 333.477727s
	iters: 1528, epoch: 48 | train_loss : 0.0208
	speed: 0.073890s/iter; left time: 310.779327s
	iters: 1910, epoch: 48 | train_loss : 1.0504
	speed: 0.067655s/iter; left time: 258.710915s
[2024-03-01 00:40:55] [32mIntermediate result: 0.1769828349351883  (Index 47)[0m
Epoch: 48 | cost time: 212.6311593055725 | valid_loss: 0.1769828349351883 | valid_loss_true: 10.827076472143657
Adjusting learning rate of group 0 to 4.0936e-08.
	iters: 382, epoch: 49 | train_loss : 0.0267
	speed: 0.283171s/iter; left time: 974.392905s
	iters: 764, epoch: 49 | train_loss : 1.0016
	speed: 0.072285s/iter; left time: 221.118410s
	iters: 1146, epoch: 49 | train_loss : 0.8433
	speed: 0.067689s/iter; left time: 181.204494s
	iters: 1528, epoch: 49 | train_loss : 0.3151
	speed: 0.058036s/iter; left time: 133.192217s
	iters: 1910, epoch: 49 | train_loss : 0.5003
	speed: 0.057410s/iter; left time: 109.825590s
[2024-03-01 00:44:31] [32mIntermediate result: 0.17715200781822205  (Index 48)[0m
Epoch: 49 | cost time: 216.8064742088318 | valid_loss: 0.17715200781822205 | valid_loss_true: 10.82892972030939
Adjusting learning rate of group 0 to 3.4796e-08.
	iters: 382, epoch: 50 | train_loss : 0.0303
	speed: 0.312127s/iter; left time: 477.554249s
	iters: 764, epoch: 50 | train_loss : 1.3903
	speed: 0.064164s/iter; left time: 73.660733s
	iters: 1146, epoch: 50 | train_loss : 0.9896
	speed: 0.056971s/iter; left time: 43.639666s
	iters: 1528, epoch: 50 | train_loss : 0.0337
	speed: 0.057485s/iter; left time: 22.074170s
	iters: 1910, epoch: 50 | train_loss : 0.0376
	speed: 0.066741s/iter; left time: 0.133483s
[2024-03-01 00:48:05] [32mIntermediate result: 0.1771499514579773  (Index 49)[0m
Epoch: 50 | cost time: 213.41163969039917 | valid_loss: 0.1771499514579773 | valid_loss_true: 10.823628071520924
Adjusting learning rate of group 0 to 2.9576e-08.
[2024-03-01 00:48:05] [32mFinal result: 0.1768922209739685[0m
>>>>>>>end of training : alumina_transformer/STANDALONE>>>>>>>>>>>>>>>>>>>>>>>>>>
python -u main_nni.py --stage train_only --model_id alumina_transformer --model_name alumina_transformer --features MS --log_path log --trainset_csv_path /workspace/qiuyunzhong/TSFrameworkData/alumina_trainset.csv --validset_csv_path /workspace/qiuyunzhong/TSFrameworkData/alumina_validset.csv --testset_csv_path /workspace/qiuyunzhong/TSFrameworkData/alumina_testset_new.csv --datetime_col dtime --feature_cols 5æ•ˆ5é—ªåˆ°è°ƒé…æ§½åŽå¾ªçŽ¯æ¯æ¶²Nk,5æ•ˆ5é—ªåˆ°è°ƒé…æ§½åŽå¾ªçŽ¯æ¯æ¶²ak/Rp,6æ•ˆå‡ºæ–™å¯†åº¦,5é—ªå‡ºæ–™å¯†åº¦,57æ•ˆå¾ªçŽ¯æ¯æ¶²è¿›æ–™æ¸©åº¦,57æ•ˆå¾ªçŽ¯æ¯æ¶²è¿›æ–™å¯†åº¦,å†·å‡å™¨å‡ºæ±½åŽ‹åŠ›,5æ•ˆ5é—ªè’¸å‘æ¯æ¶²åŽ»å¾ªçŽ¯æ¯æ¶²è°ƒé…æ§½æ€»æµé‡,2æ•ˆè’¸å‘å™¨æ±½æ¸©,2æ•ˆè’¸å‘å™¨æ±½å®¤åŽ‹åŠ›,2æ•ˆåŽŸæ¶²æ¢çƒ­å‰æ¸©åº¦,3æ•ˆè’¸å‘å™¨æ±½æ¸©,3æ•ˆè’¸å‘å™¨æ±½å®¤åŽ‹åŠ›,3æ•ˆåŽŸæ¶²æ¢çƒ­å‰æ¸©åº¦,4æ•ˆè’¸å‘å™¨æ±½æ¸©,4æ•ˆè’¸å‘å™¨æ±½å®¤åŽ‹åŠ›,4æ•ˆåŽŸæ¶²æ¢çƒ­å‰æ¸©åº¦,5æ•ˆè’¸å‘å™¨æ±½æ¸©,5æ•ˆè’¸å‘å™¨æ±½å®¤åŽ‹åŠ›,5æ•ˆåŽŸæ¶²æ¢çƒ­å‰æ¸©åº¦,5æ•ˆå¾ªçŽ¯æ¯æ¶²è¿›æ–™æµé‡,6æ•ˆè’¸å‘å™¨æ±½æ¸©,6æ•ˆè’¸å‘å™¨æ±½å®¤åŽ‹åŠ›,6æ•ˆåŽŸæ¶²æ¢çƒ­å‰æ¸©åº¦,åŽŸæ¶²é—ªè’¸å™¨å¾ªçŽ¯æ¯æ¶²è¿›æ–™æµé‡,åŽŸæ¶²é—ªè’¸å™¨å‡ºæ–™æ¸©åº¦,åŽŸæ¶²é—ªè’¸å™¨è’¸æ±½åŽ‹åŠ›,7æ•ˆåŽŸæ¶²æ¢çƒ­å‰æ¸©åº¦,7æ•ˆè’¸å‘å™¨æ±½æ¸©,7æ•ˆè’¸å‘å™¨æ±½å®¤åŽ‹åŠ›,1é—ªå‡ºæ–™æ¸©åº¦,2é—ªå‡ºæ–™æ¸©åº¦,3é—ªå‡ºæ–™æ¸©åº¦,4é—ªå‡ºæ–™æ¸©åº¦,5é—ªå‡ºæ–™æ¸©åº¦,5é—ªåŽ»å¾ªçŽ¯æ¯æ¶²è°ƒé…æ§½å¯†åº¦,5é—ªåŽ»å¾ªçŽ¯æ¯æ¶²è°ƒé…æ§½æµé‡,æ–°è’¸æ±½è¿›æ–™åŽ‹åŠ›,æ–°è’¸æ±½è¿›æ–™æµé‡,æ–°è’¸æ±½è¿›æ–™æ¸©åº¦,å¾ªçŽ¯ä¸Šæ°´æ¸©åº¦,å¾ªçŽ¯ä¸Šæ°´æµé‡,å¾ªçŽ¯ä¸‹æ°´æ¸©åº¦,åŽŸæ¶²é—ªè’¸å™¨å¾ªçŽ¯æ¯æ¶²è¿›æ–™é˜€å¼€åº¦,1æ•ˆå‡ºæ–™é˜€é—¨å¼€åº¦,1é—ªå‡ºæ–™é˜€å¼€åº¦,3é—ªå‡ºæ–™é˜€å¼€åº¦,4é—ªå‡ºæ–™é˜€å¼€åº¦,2æ•ˆåˆ°1æ•ˆæ³µå¼€åº¦,4æ•ˆåˆ°3æ•ˆæ³µå¼€åº¦,5æ•ˆåˆ°4æ•ˆæ³µå¼€åº¦,6æ•ˆå‡ºæ–™å‡ºæ–™æ³µå¼€åº¦ --target_cols 1æ•ˆå‡ºæ–™æ¸©åº¦ --seq_len 30 --label_len 2 --pred_len 30 --timestamp_feature none --train_epochs 50 --gpu 0 --use_nni --checkpoints ./checkpoints/alumina_transformer_train_only --hidden_dim 128 --d_model 128 --e_layers 1 --d_layers 1
model_id: alumina_transformer/STANDALONE
Args in experiment:
Namespace(use_nni=True, stage='train_only', model_id='alumina_transformer/STANDALONE', log_path='log', checkpoints='./checkpoints/alumina_transformer_train_only', key=None, task_name='Forecast', features='MS', embed='timeF', freq='h', trainset_csv_path='/workspace/qiuyunzhong/TSFrameworkData/alumina_trainset.csv', validset_csv_path='/workspace/qiuyunzhong/TSFrameworkData/alumina_validset.csv', testset_csv_path='/workspace/qiuyunzhong/TSFrameworkData/alumina_testset_new.csv', datetime_col='dtime', feature_cols='5æ•ˆ5é—ªåˆ°è°ƒé…æ§½åŽå¾ªçŽ¯æ¯æ¶²Nk,5æ•ˆ5é—ªåˆ°è°ƒé…æ§½åŽå¾ªçŽ¯æ¯æ¶²ak/Rp,6æ•ˆå‡ºæ–™å¯†åº¦,5é—ªå‡ºæ–™å¯†åº¦,57æ•ˆå¾ªçŽ¯æ¯æ¶²è¿›æ–™æ¸©åº¦,57æ•ˆå¾ªçŽ¯æ¯æ¶²è¿›æ–™å¯†åº¦,å†·å‡å™¨å‡ºæ±½åŽ‹åŠ›,5æ•ˆ5é—ªè’¸å‘æ¯æ¶²åŽ»å¾ªçŽ¯æ¯æ¶²è°ƒé…æ§½æ€»æµé‡,2æ•ˆè’¸å‘å™¨æ±½æ¸©,2æ•ˆè’¸å‘å™¨æ±½å®¤åŽ‹åŠ›,2æ•ˆåŽŸæ¶²æ¢çƒ­å‰æ¸©åº¦,3æ•ˆè’¸å‘å™¨æ±½æ¸©,3æ•ˆè’¸å‘å™¨æ±½å®¤åŽ‹åŠ›,3æ•ˆåŽŸæ¶²æ¢çƒ­å‰æ¸©åº¦,4æ•ˆè’¸å‘å™¨æ±½æ¸©,4æ•ˆè’¸å‘å™¨æ±½å®¤åŽ‹åŠ›,4æ•ˆåŽŸæ¶²æ¢çƒ­å‰æ¸©åº¦,5æ•ˆè’¸å‘å™¨æ±½æ¸©,5æ•ˆè’¸å‘å™¨æ±½å®¤åŽ‹åŠ›,5æ•ˆåŽŸæ¶²æ¢çƒ­å‰æ¸©åº¦,5æ•ˆå¾ªçŽ¯æ¯æ¶²è¿›æ–™æµé‡,6æ•ˆè’¸å‘å™¨æ±½æ¸©,6æ•ˆè’¸å‘å™¨æ±½å®¤åŽ‹åŠ›,6æ•ˆåŽŸæ¶²æ¢çƒ­å‰æ¸©åº¦,åŽŸæ¶²é—ªè’¸å™¨å¾ªçŽ¯æ¯æ¶²è¿›æ–™æµé‡,åŽŸæ¶²é—ªè’¸å™¨å‡ºæ–™æ¸©åº¦,åŽŸæ¶²é—ªè’¸å™¨è’¸æ±½åŽ‹åŠ›,7æ•ˆåŽŸæ¶²æ¢çƒ­å‰æ¸©åº¦,7æ•ˆè’¸å‘å™¨æ±½æ¸©,7æ•ˆè’¸å‘å™¨æ±½å®¤åŽ‹åŠ›,1é—ªå‡ºæ–™æ¸©åº¦,2é—ªå‡ºæ–™æ¸©åº¦,3é—ªå‡ºæ–™æ¸©åº¦,4é—ªå‡ºæ–™æ¸©åº¦,5é—ªå‡ºæ–™æ¸©åº¦,5é—ªåŽ»å¾ªçŽ¯æ¯æ¶²è°ƒé…æ§½å¯†åº¦,5é—ªåŽ»å¾ªçŽ¯æ¯æ¶²è°ƒé…æ§½æµé‡,æ–°è’¸æ±½è¿›æ–™åŽ‹åŠ›,æ–°è’¸æ±½è¿›æ–™æµé‡,æ–°è’¸æ±½è¿›æ–™æ¸©åº¦,å¾ªçŽ¯ä¸Šæ°´æ¸©åº¦,å¾ªçŽ¯ä¸Šæ°´æµé‡,å¾ªçŽ¯ä¸‹æ°´æ¸©åº¦,åŽŸæ¶²é—ªè’¸å™¨å¾ªçŽ¯æ¯æ¶²è¿›æ–™é˜€å¼€åº¦,1æ•ˆå‡ºæ–™é˜€é—¨å¼€åº¦,1é—ªå‡ºæ–™é˜€å¼€åº¦,3é—ªå‡ºæ–™é˜€å¼€åº¦,4é—ªå‡ºæ–™é˜€å¼€åº¦,2æ•ˆåˆ°1æ•ˆæ³µå¼€åº¦,4æ•ˆåˆ°3æ•ˆæ³µå¼€åº¦,5æ•ˆåˆ°4æ•ˆæ³µå¼€åº¦,6æ•ˆå‡ºæ–™å‡ºæ–™æ³µå¼€åº¦', target_cols='1æ•ˆå‡ºæ–™æ¸©åº¦', timestamp_feature='none', seq_len=30, label_len=2, pred_len=30, interval=900, model_name='alumina_transformer', d_model=128, n_heads=8, e_layers=1, d_layers=1, d_ff=512, hidden_dim=128, factor=1, dropout=0.05, activation='gelu', output_attention=False, optimizer='Adam', fix_seed=-1, num_workers=10, train_epochs=50, batch_size=64, patience=7, lr=0.0001, gpu=0, label_loss_rate=0.5, reg_loss_rate=0.5, use_norm=1, patch_len=16, target_num=1, use_gpu=True, hpo='nni')
Performing MS Forecasting (TimeXer)
Use GPU... cuda:0
Adjusting learning rate of group 0 to 1.0000e-04.
>>>>>>>start training : alumina_transformer/STANDALONE>>>>>>>>>>>>>>>>>>>>>>>>>>
	iters: 382, epoch: 1 | train_loss : 1.9205
	speed: 0.068729s/iter; left time: 6540.902627s
	iters: 764, epoch: 1 | train_loss : 0.0122
	speed: 0.059220s/iter; left time: 5613.263727s
	iters: 1146, epoch: 1 | train_loss : 1.9917
	speed: 0.059160s/iter; left time: 5584.979507s
	iters: 1528, epoch: 1 | train_loss : 0.0125
	speed: 0.068544s/iter; left time: 6444.666350s
	iters: 1910, epoch: 1 | train_loss : 0.0133
	speed: 0.073053s/iter; left time: 6840.766889s
[2024-03-01 00:51:45] [32mIntermediate result: 0.06950759887695312  (Index 0)[0m
Epoch: 1 | cost time: 210.62572765350342 | valid_loss: 0.06950759887695312 | valid_loss_true: 0.07137211347143767
Chepoint Saved at:  ./checkpoints/alumina_transformer_train_only/alumina_transformer/STANDALONE/checkpoint-0.pth
Adjusting learning rate of group 0 to 8.5000e-05.
	iters: 382, epoch: 2 | train_loss : 1.2691
	speed: 0.289361s/iter; left time: 26985.203988s
	iters: 764, epoch: 2 | train_loss : 0.6659
	speed: 0.066498s/iter; left time: 6176.022392s
	iters: 1146, epoch: 2 | train_loss : 0.0041
	speed: 0.070281s/iter; left time: 6500.598239s
	iters: 1528, epoch: 2 | train_loss : 0.6342
	speed: 0.072201s/iter; left time: 6650.567919s
	iters: 1910, epoch: 2 | train_loss : 1.9111
	speed: 0.067763s/iter; left time: 6215.944269s
[2024-03-01 00:55:18] [32mIntermediate result: 0.07249143719673157  (Index 1)[0m
Epoch: 2 | cost time: 213.51344060897827 | valid_loss: 0.07249143719673157 | valid_loss_true: 0.06855671978429313
Adjusting learning rate of group 0 to 7.2250e-05.
	iters: 382, epoch: 3 | train_loss : 1.2670
	speed: 0.291268s/iter; left time: 26606.483349s
	iters: 764, epoch: 3 | train_loss : 0.6331
	speed: 0.073166s/iter; left time: 6655.547827s
	iters: 1146, epoch: 3 | train_loss : 0.6338
	speed: 0.064651s/iter; left time: 5856.265075s
	iters: 1528, epoch: 3 | train_loss : 1.9271
	speed: 0.056535s/iter; left time: 5099.503566s
	iters: 1910, epoch: 3 | train_loss : 1.2672
	speed: 0.057111s/iter; left time: 5129.669325s
[2024-03-01 00:58:54] [32mIntermediate result: 0.056579720228910446  (Index 2)[0m
Epoch: 3 | cost time: 215.96145701408386 | valid_loss: 0.056579720228910446 | valid_loss_true: 0.06025476953697027
Chepoint Saved at:  ./checkpoints/alumina_transformer_train_only/alumina_transformer/STANDALONE/checkpoint-2.pth
Adjusting learning rate of group 0 to 6.1413e-05.
	iters: 382, epoch: 4 | train_loss : 1.2847
	speed: 0.314724s/iter; left time: 28147.619523s
	iters: 764, epoch: 4 | train_loss : 0.0115
	speed: 0.063232s/iter; left time: 5631.077865s
	iters: 1146, epoch: 4 | train_loss : 0.0033
	speed: 0.056148s/iter; left time: 4978.759422s
	iters: 1528, epoch: 4 | train_loss : 0.0027
	speed: 0.056484s/iter; left time: 4986.929343s
	iters: 1910, epoch: 4 | train_loss : 1.8866
	speed: 0.064022s/iter; left time: 5628.063307s
[2024-03-01 01:02:25] [32mIntermediate result: 0.050357501953840256  (Index 3)[0m
Epoch: 4 | cost time: 210.50838541984558 | valid_loss: 0.050357501953840256 | valid_loss_true: 0.05218107273259085
Chepoint Saved at:  ./checkpoints/alumina_transformer_train_only/alumina_transformer/STANDALONE/checkpoint-3.pth
Adjusting learning rate of group 0 to 5.2201e-05.
	iters: 382, epoch: 5 | train_loss : 0.6326
	speed: 0.305513s/iter; left time: 26740.026963s
	iters: 764, epoch: 5 | train_loss : 0.0095
	speed: 0.055933s/iter; left time: 4874.212595s
	iters: 1146, epoch: 5 | train_loss : 1.2581
	speed: 0.055767s/iter; left time: 4838.428090s
	iters: 1528, epoch: 5 | train_loss : 0.0040
	speed: 0.059757s/iter; left time: 5161.735874s
	iters: 1910, epoch: 5 | train_loss : 0.6316
	speed: 0.070195s/iter; left time: 6036.589329s
[2024-03-01 01:05:53] [32mIntermediate result: 0.04932934418320656  (Index 4)[0m
Epoch: 5 | cost time: 207.9792685508728 | valid_loss: 0.04932934418320656 | valid_loss_true: 0.051583038374563545
Chepoint Saved at:  ./checkpoints/alumina_transformer_train_only/alumina_transformer/STANDALONE/checkpoint-4.pth
Adjusting learning rate of group 0 to 4.4371e-05.
	iters: 382, epoch: 6 | train_loss : 0.0122
	speed: 0.294683s/iter; left time: 25228.963019s
	iters: 764, epoch: 6 | train_loss : 0.6299
	speed: 0.056831s/iter; left time: 4843.834186s
	iters: 1146, epoch: 6 | train_loss : 0.0043
	speed: 0.056039s/iter; left time: 4754.871290s
	iters: 1528, epoch: 6 | train_loss : 3.1383
	speed: 0.069924s/iter; left time: 5906.331421s
	iters: 1910, epoch: 6 | train_loss : 1.2564
	speed: 0.069752s/iter; left time: 5865.196409s
[2024-03-01 01:09:19] [32mIntermediate result: 0.05134836956858635  (Index 5)[0m
Epoch: 6 | cost time: 206.8617033958435 | valid_loss: 0.05134836956858635 | valid_loss_true: 0.05343371773032597
Adjusting learning rate of group 0 to 3.7715e-05.
	iters: 382, epoch: 7 | train_loss : 1.2581
	speed: 0.290582s/iter; left time: 24322.569287s
	iters: 764, epoch: 7 | train_loss : 1.2573
	speed: 0.058483s/iter; left time: 4872.893054s
	iters: 1146, epoch: 7 | train_loss : 1.8842
	speed: 0.070802s/iter; left time: 5872.251234s
	iters: 1528, epoch: 7 | train_loss : 0.0128
	speed: 0.072508s/iter; left time: 5986.004410s
	iters: 1910, epoch: 7 | train_loss : 0.6291
	speed: 0.072283s/iter; left time: 5939.816872s
[2024-03-01 01:12:45] [32mIntermediate result: 0.04673386737704277  (Index 6)[0m
Epoch: 7 | cost time: 205.43390488624573 | valid_loss: 0.04673386737704277 | valid_loss_true: 0.04825187709578524
Chepoint Saved at:  ./checkpoints/alumina_transformer_train_only/alumina_transformer/STANDALONE/checkpoint-6.pth
Adjusting learning rate of group 0 to 3.2058e-05.
	iters: 382, epoch: 8 | train_loss : 0.0034
	speed: 0.276506s/iter; left time: 22615.940019s
	iters: 764, epoch: 8 | train_loss : 0.0055
	speed: 0.069866s/iter; left time: 5687.827393s
	iters: 1146, epoch: 8 | train_loss : 0.6296
	speed: 0.070681s/iter; left time: 5727.119607s
	iters: 1528, epoch: 8 | train_loss : 0.0024
	speed: 0.058351s/iter; left time: 4705.772023s
	iters: 1910, epoch: 8 | train_loss : 0.0023
	speed: 0.060432s/iter; left time: 4850.476251s
[2024-03-01 01:16:08] [32mIntermediate result: 0.048005182296037674  (Index 7)[0m
Epoch: 8 | cost time: 202.90356969833374 | valid_loss: 0.048005182296037674 | valid_loss_true: 0.04992581511847734
Adjusting learning rate of group 0 to 2.7249e-05.
	iters: 382, epoch: 9 | train_loss : 1.8803
	speed: 0.261200s/iter; left time: 20864.928107s
	iters: 764, epoch: 9 | train_loss : 0.0070
	speed: 0.058366s/iter; left time: 4640.019260s
	iters: 1146, epoch: 9 | train_loss : 0.8952
	speed: 0.057133s/iter; left time: 4520.194617s
	iters: 1528, epoch: 9 | train_loss : 0.6272
	speed: 0.060190s/iter; left time: 4739.052462s
	iters: 1910, epoch: 9 | train_loss : 0.6285
	speed: 0.057101s/iter; left time: 4473.997833s
[2024-03-01 01:19:16] [32mIntermediate result: 0.04600932449102402  (Index 8)[0m
Epoch: 9 | cost time: 187.78609824180603 | valid_loss: 0.04600932449102402 | valid_loss_true: 0.047492384292387106
Chepoint Saved at:  ./checkpoints/alumina_transformer_train_only/alumina_transformer/STANDALONE/checkpoint-8.pth
Adjusting learning rate of group 0 to 2.3162e-05.
	iters: 382, epoch: 10 | train_loss : 1.2534
	speed: 0.257579s/iter; left time: 20083.402577s
	iters: 764, epoch: 10 | train_loss : 0.0191
	speed: 0.059124s/iter; left time: 4587.327181s
	iters: 1146, epoch: 10 | train_loss : 0.6415
	speed: 0.057019s/iter; left time: 4402.182336s
	iters: 1528, epoch: 10 | train_loss : 1.2687
	speed: 0.057920s/iter; left time: 4449.616328s
	iters: 1910, epoch: 10 | train_loss : 1.8768
	speed: 0.056917s/iter; left time: 4350.842363s
[2024-03-01 01:22:23] [32mIntermediate result: 0.04586942866444588  (Index 9)[0m
Epoch: 10 | cost time: 187.55566000938416 | valid_loss: 0.04586942866444588 | valid_loss_true: 0.04777581590767798
Chepoint Saved at:  ./checkpoints/alumina_transformer_train_only/alumina_transformer/STANDALONE/checkpoint-9.pth
Adjusting learning rate of group 0 to 1.9687e-05.
	iters: 382, epoch: 11 | train_loss : 0.6269
	speed: 0.270659s/iter; left time: 20586.068249s
	iters: 764, epoch: 11 | train_loss : 0.6268
	speed: 0.074644s/iter; left time: 5648.868004s
	iters: 1146, epoch: 11 | train_loss : 0.6284
	speed: 0.077013s/iter; left time: 5798.727917s
	iters: 1528, epoch: 11 | train_loss : 1.2505
	speed: 0.059482s/iter; left time: 4455.994863s
	iters: 1910, epoch: 11 | train_loss : 1.2528
	speed: 0.061446s/iter; left time: 4579.666725s
[2024-03-01 01:25:51] [32mIntermediate result: 0.04439016059041023  (Index 10)[0m
Epoch: 11 | cost time: 207.6410539150238 | valid_loss: 0.04439016059041023 | valid_loss_true: 0.045662465415067834
Chepoint Saved at:  ./checkpoints/alumina_transformer_train_only/alumina_transformer/STANDALONE/checkpoint-10.pth
Adjusting learning rate of group 0 to 1.6734e-05.
	iters: 382, epoch: 12 | train_loss : 0.6297
	speed: 0.256597s/iter; left time: 19026.144657s
	iters: 764, epoch: 12 | train_loss : 1.8740
	speed: 0.059412s/iter; left time: 4382.619897s
	iters: 1146, epoch: 12 | train_loss : 1.2521
	speed: 0.056865s/iter; left time: 4173.009876s
	iters: 1528, epoch: 12 | train_loss : 0.6286
	speed: 0.055954s/iter; left time: 4084.748903s
	iters: 1910, epoch: 12 | train_loss : 1.2541
	speed: 0.056647s/iter; left time: 4113.669462s
[2024-03-01 01:28:55] [32mIntermediate result: 0.04513779282569885  (Index 11)[0m
Epoch: 12 | cost time: 183.6347689628601 | valid_loss: 0.04513779282569885 | valid_loss_true: 0.04704740117725575
Adjusting learning rate of group 0 to 1.4224e-05.
	iters: 382, epoch: 13 | train_loss : 0.0041
	speed: 0.257476s/iter; left time: 18599.285580s
	iters: 764, epoch: 13 | train_loss : 0.0658
	speed: 0.056523s/iter; left time: 4061.490778s
	iters: 1146, epoch: 13 | train_loss : 0.0100
	speed: 0.059502s/iter; left time: 4252.756912s
	iters: 1528, epoch: 13 | train_loss : 0.0370
	speed: 0.056619s/iter; left time: 4025.114156s
	iters: 1910, epoch: 13 | train_loss : 0.0041
	speed: 0.056680s/iter; left time: 4007.792494s
[2024-03-01 01:32:00] [32mIntermediate result: 0.044853322207927704  (Index 12)[0m
Epoch: 13 | cost time: 185.16869497299194 | valid_loss: 0.044853322207927704 | valid_loss_true: 0.04675705306909113
Adjusting learning rate of group 0 to 1.2091e-05.
	iters: 382, epoch: 14 | train_loss : 0.6296
	speed: 0.261253s/iter; left time: 18372.913412s
	iters: 764, epoch: 14 | train_loss : 0.6257
	speed: 0.069347s/iter; left time: 4850.384627s
	iters: 1146, epoch: 14 | train_loss : 3.1222
	speed: 0.060216s/iter; left time: 4188.731712s
	iters: 1528, epoch: 14 | train_loss : 1.2498
	speed: 0.061425s/iter; left time: 4249.389356s
	iters: 1910, epoch: 14 | train_loss : 0.6274
	speed: 0.058658s/iter; left time: 4035.538532s
[2024-03-01 01:35:16] [32mIntermediate result: 0.04446600005030632  (Index 13)[0m
Epoch: 14 | cost time: 196.68232202529907 | valid_loss: 0.04446600005030632 | valid_loss_true: 0.04609067946908415
Adjusting learning rate of group 0 to 1.0277e-05.
	iters: 382, epoch: 15 | train_loss : 1.8735
	speed: 0.262270s/iter; left time: 17943.229675s
	iters: 764, epoch: 15 | train_loss : 0.6277
	speed: 0.061009s/iter; left time: 4150.644030s
	iters: 1146, epoch: 15 | train_loss : 0.6320
	speed: 0.057128s/iter; left time: 3864.749270s
	iters: 1528, epoch: 15 | train_loss : 0.6280
	speed: 0.057142s/iter; left time: 3843.891617s
	iters: 1910, epoch: 15 | train_loss : 0.0082
	speed: 0.057386s/iter; left time: 3838.395633s
[2024-03-01 01:38:25] [32mIntermediate result: 0.043637149035930634  (Index 14)[0m
Epoch: 15 | cost time: 188.47005653381348 | valid_loss: 0.043637149035930634 | valid_loss_true: 0.04488443879346815
Chepoint Saved at:  ./checkpoints/alumina_transformer_train_only/alumina_transformer/STANDALONE/checkpoint-14.pth
Adjusting learning rate of group 0 to 8.7354e-06.
	iters: 382, epoch: 16 | train_loss : 1.8715
	speed: 0.258019s/iter; left time: 17159.305277s
	iters: 764, epoch: 16 | train_loss : 1.2501
	speed: 0.056903s/iter; left time: 3762.546375s
	iters: 1146, epoch: 16 | train_loss : 0.0084
	speed: 0.056210s/iter; left time: 3695.269557s
	iters: 1528, epoch: 16 | train_loss : 0.6254
	speed: 0.057080s/iter; left time: 3730.618232s
	iters: 1910, epoch: 16 | train_loss : 0.0044
	speed: 0.058092s/iter; left time: 3774.561782s
[2024-03-01 01:41:30] [32mIntermediate result: 0.043930377811193466  (Index 15)[0m
Epoch: 16 | cost time: 185.14106440544128 | valid_loss: 0.043930377811193466 | valid_loss_true: 0.04506953534169113
Adjusting learning rate of group 0 to 7.4251e-06.
	iters: 382, epoch: 17 | train_loss : 0.6279
	speed: 0.263655s/iter; left time: 17030.276427s
	iters: 764, epoch: 17 | train_loss : 0.6428
	speed: 0.070915s/iter; left time: 4553.498417s
	iters: 1146, epoch: 17 | train_loss : 0.0058
	speed: 0.069523s/iter; left time: 4437.597907s
	iters: 1528, epoch: 17 | train_loss : 0.6390
	speed: 0.069105s/iter; left time: 4384.507098s
	iters: 1910, epoch: 17 | train_loss : 0.0035
	speed: 0.070885s/iter; left time: 4470.382193s
[2024-03-01 01:44:57] [32mIntermediate result: 0.04345698282122612  (Index 16)[0m
Epoch: 17 | cost time: 207.412535905838 | valid_loss: 0.04345698282122612 | valid_loss_true: 0.04467140597859923
Chepoint Saved at:  ./checkpoints/alumina_transformer_train_only/alumina_transformer/STANDALONE/checkpoint-16.pth
Adjusting learning rate of group 0 to 6.3113e-06.
	iters: 382, epoch: 18 | train_loss : 0.0036
	speed: 0.253907s/iter; left time: 15915.385990s
	iters: 764, epoch: 18 | train_loss : 1.2479
	speed: 0.058229s/iter; left time: 3627.693773s
	iters: 1146, epoch: 18 | train_loss : 0.6329
	speed: 0.056581s/iter; left time: 3503.367890s
	iters: 1528, epoch: 18 | train_loss : 0.6497
	speed: 0.057364s/iter; left time: 3529.945732s
	iters: 1910, epoch: 18 | train_loss : 0.6271
	speed: 0.056381s/iter; left time: 3447.946592s
[2024-03-01 01:48:04] [32mIntermediate result: 0.04385007917881012  (Index 17)[0m
Epoch: 18 | cost time: 186.84033107757568 | valid_loss: 0.04385007917881012 | valid_loss_true: 0.044936772455428896
Adjusting learning rate of group 0 to 5.3646e-06.
	iters: 382, epoch: 19 | train_loss : 1.8751
	speed: 0.260029s/iter; left time: 15802.197220s
	iters: 764, epoch: 19 | train_loss : 0.6282
	speed: 0.058697s/iter; left time: 3544.629665s
	iters: 1146, epoch: 19 | train_loss : 1.2506
	speed: 0.056179s/iter; left time: 3371.118861s
	iters: 1528, epoch: 19 | train_loss : 0.6264
	speed: 0.058908s/iter; left time: 3512.398806s
	iters: 1910, epoch: 19 | train_loss : 1.2516
	speed: 0.055892s/iter; left time: 3311.192046s
[2024-03-01 01:51:11] [32mIntermediate result: 0.04284428805112839  (Index 18)[0m
Epoch: 19 | cost time: 186.785626411438 | valid_loss: 0.04284428805112839 | valid_loss_true: 0.04380476784838023
Chepoint Saved at:  ./checkpoints/alumina_transformer_train_only/alumina_transformer/STANDALONE/checkpoint-18.pth
Adjusting learning rate of group 0 to 4.5599e-06.
	iters: 382, epoch: 20 | train_loss : 0.6260
	speed: 0.259568s/iter; left time: 15278.145058s
	iters: 764, epoch: 20 | train_loss : 0.0027
	speed: 0.057152s/iter; left time: 3342.133584s
	iters: 1146, epoch: 20 | train_loss : 0.0049
	speed: 0.055399s/iter; left time: 3218.468699s
	iters: 1528, epoch: 20 | train_loss : 0.0102
	speed: 0.055455s/iter; left time: 3200.503502s
	iters: 1910, epoch: 20 | train_loss : 1.8692
	speed: 0.056831s/iter; left time: 3258.232372s
[2024-03-01 01:54:16] [32mIntermediate result: 0.043955981731414795  (Index 19)[0m
Epoch: 20 | cost time: 184.47002744674683 | valid_loss: 0.043955981731414795 | valid_loss_true: 0.04515688334280281
Adjusting learning rate of group 0 to 3.8760e-06.
	iters: 382, epoch: 21 | train_loss : 0.0030
	speed: 0.256874s/iter; left time: 14628.731905s
	iters: 764, epoch: 21 | train_loss : 0.6360
	speed: 0.057200s/iter; left time: 3235.656756s
	iters: 1146, epoch: 21 | train_loss : 0.6245
	speed: 0.055748s/iter; left time: 3132.208264s
	iters: 1528, epoch: 21 | train_loss : 0.0025
	speed: 0.057044s/iter; left time: 3183.248199s
	iters: 1910, epoch: 21 | train_loss : 0.0020
	speed: 0.056221s/iter; left time: 3115.826680s
[2024-03-01 01:57:20] [32mIntermediate result: 0.04364035651087761  (Index 20)[0m
Epoch: 21 | cost time: 184.79784774780273 | valid_loss: 0.04364035651087761 | valid_loss_true: 0.044830354965368725
Adjusting learning rate of group 0 to 3.2946e-06.
	iters: 382, epoch: 22 | train_loss : 1.2517
	speed: 0.268758s/iter; left time: 14791.906267s
	iters: 764, epoch: 22 | train_loss : 0.6240
	speed: 0.069985s/iter; left time: 3825.105666s
	iters: 1146, epoch: 22 | train_loss : 1.8716
	speed: 0.076418s/iter; left time: 4147.490092s
	iters: 1528, epoch: 22 | train_loss : 1.8721
	speed: 0.071851s/iter; left time: 3872.197529s
	iters: 1910, epoch: 22 | train_loss : 1.2483
	speed: 0.073980s/iter; left time: 3958.693813s
[2024-03-01 02:00:56] [32mIntermediate result: 0.043649282306432724  (Index 21)[0m
Epoch: 22 | cost time: 215.3819010257721 | valid_loss: 0.043649282306432724 | valid_loss_true: 0.0447922981928465
Adjusting learning rate of group 0 to 2.8004e-06.
	iters: 382, epoch: 23 | train_loss : 1.2477
	speed: 0.259201s/iter; left time: 13770.545027s
	iters: 764, epoch: 23 | train_loss : 0.0068
	speed: 0.055084s/iter; left time: 2905.387906s
	iters: 1146, epoch: 23 | train_loss : 0.0067
	speed: 0.055370s/iter; left time: 2899.361208s
	iters: 1528, epoch: 23 | train_loss : 0.0030
	speed: 0.055744s/iter; left time: 2897.641621s
	iters: 1910, epoch: 23 | train_loss : 1.2591
	speed: 0.057720s/iter; left time: 2978.278607s
[2024-03-01 02:03:58] [32mIntermediate result: 0.04333094507455826  (Index 22)[0m
Epoch: 23 | cost time: 182.43773365020752 | valid_loss: 0.04333094507455826 | valid_loss_true: 0.04441845505810929
Adjusting learning rate of group 0 to 2.3803e-06.
	iters: 382, epoch: 24 | train_loss : 1.2484
	speed: 0.265230s/iter; left time: 13584.034881s
	iters: 764, epoch: 24 | train_loss : 1.2478
	speed: 0.066398s/iter; left time: 3375.266869s
	iters: 1146, epoch: 24 | train_loss : 1.8714
	speed: 0.074056s/iter; left time: 3736.272713s
	iters: 1528, epoch: 24 | train_loss : 1.8686
	speed: 0.074815s/iter; left time: 3745.994921s
	iters: 1910, epoch: 24 | train_loss : 1.2509
	speed: 0.074565s/iter; left time: 3704.970862s
[2024-03-01 02:07:31] [32mIntermediate result: 0.04369232803583145  (Index 23)[0m
Epoch: 24 | cost time: 212.70488142967224 | valid_loss: 0.04369232803583145 | valid_loss_true: 0.04477652417498497
Adjusting learning rate of group 0 to 2.0233e-06.
	iters: 382, epoch: 25 | train_loss : 0.6288
	speed: 0.258664s/iter; left time: 12753.452897s
	iters: 764, epoch: 25 | train_loss : 1.2472
	speed: 0.057986s/iter; left time: 2836.868214s
	iters: 1146, epoch: 25 | train_loss : 1.2515
	speed: 0.056682s/iter; left time: 2751.381420s
	iters: 1528, epoch: 25 | train_loss : 0.0030
	speed: 0.055709s/iter; left time: 2682.912667s
	iters: 1910, epoch: 25 | train_loss : 0.6295
	speed: 0.055252s/iter; left time: 2639.770703s
[2024-03-01 02:10:37] [32mIntermediate result: 0.04348288103938103  (Index 24)[0m
Epoch: 25 | cost time: 185.56237053871155 | valid_loss: 0.04348288103938103 | valid_loss_true: 0.04444905700633469
Adjusting learning rate of group 0 to 1.7198e-06.
	iters: 382, epoch: 26 | train_loss : 2.4906
	speed: 0.268405s/iter; left time: 12720.791360s
	iters: 764, epoch: 26 | train_loss : 1.2534
	speed: 0.071863s/iter; left time: 3378.440741s
	iters: 1146, epoch: 26 | train_loss : 0.0024
	speed: 0.072404s/iter; left time: 3376.206530s
	iters: 1528, epoch: 26 | train_loss : 0.6266
	speed: 0.071470s/iter; left time: 3305.331385s
	iters: 1910, epoch: 26 | train_loss : 1.2481
	speed: 0.072750s/iter; left time: 3336.768781s
[2024-03-01 02:14:09] [32mIntermediate result: 0.04356343671679497  (Index 25)[0m
Epoch: 26 | cost time: 211.99599289894104 | valid_loss: 0.04356343671679497 | valid_loss_true: 0.044535018275661135
Adjusting learning rate of group 0 to 1.4618e-06.
	iters: 382, epoch: 27 | train_loss : 3.1142
	speed: 0.258046s/iter; left time: 11736.712681s
	iters: 764, epoch: 27 | train_loss : 0.0165
	speed: 0.057351s/iter; left time: 2586.571154s
	iters: 1146, epoch: 27 | train_loss : 0.6249
	speed: 0.055477s/iter; left time: 2480.870019s
	iters: 1528, epoch: 27 | train_loss : 0.6252
	speed: 0.058304s/iter; left time: 2585.026425s
	iters: 1910, epoch: 27 | train_loss : 0.6254
	speed: 0.057081s/iter; left time: 2509.012983s
[2024-03-01 02:17:14] [32mIntermediate result: 0.04341397434473038  (Index 26)[0m
Epoch: 27 | cost time: 185.1422824859619 | valid_loss: 0.04341397434473038 | valid_loss_true: 0.04432554942157803
Early stop with best valid_loss: 0.04341397434473038
[2024-03-01 02:17:14] [32mFinal result: 0.04284428805112839[0m
>>>>>>>end of training : alumina_transformer/STANDALONE>>>>>>>>>>>>>>>>>>>>>>>>>>
