python -u main_nni.py --stage train_only --model_id alumina_transformer --model_name alumina_transformer --features MS --log_path log --trainset_csv_path /workspace/qiuyunzhong/TSFrameworkData/alumina_trainset.csv --validset_csv_path /workspace/qiuyunzhong/TSFrameworkData/alumina_validset.csv --testset_csv_path /workspace/qiuyunzhong/TSFrameworkData/alumina_testset_new.csv --datetime_col dtime --feature_cols 5æ•ˆ5é—ªåˆ°è°ƒé…æ§½åŽå¾ªçŽ¯æ¯æ¶²Nk,5æ•ˆ5é—ªåˆ°è°ƒé…æ§½åŽå¾ªçŽ¯æ¯æ¶²ak/Rp,6æ•ˆå‡ºæ–™å¯†åº¦,5é—ªå‡ºæ–™å¯†åº¦,57æ•ˆå¾ªçŽ¯æ¯æ¶²è¿›æ–™æ¸©åº¦,57æ•ˆå¾ªçŽ¯æ¯æ¶²è¿›æ–™å¯†åº¦,å†·å‡å™¨å‡ºæ±½åŽ‹åŠ›,5æ•ˆ5é—ªè’¸å‘æ¯æ¶²åŽ»å¾ªçŽ¯æ¯æ¶²è°ƒé…æ§½æ€»æµé‡,2æ•ˆè’¸å‘å™¨æ±½æ¸©,2æ•ˆè’¸å‘å™¨æ±½å®¤åŽ‹åŠ›,2æ•ˆåŽŸæ¶²æ¢çƒ­å‰æ¸©åº¦,3æ•ˆè’¸å‘å™¨æ±½æ¸©,3æ•ˆè’¸å‘å™¨æ±½å®¤åŽ‹åŠ›,3æ•ˆåŽŸæ¶²æ¢çƒ­å‰æ¸©åº¦,4æ•ˆè’¸å‘å™¨æ±½æ¸©,4æ•ˆè’¸å‘å™¨æ±½å®¤åŽ‹åŠ›,4æ•ˆåŽŸæ¶²æ¢çƒ­å‰æ¸©åº¦,5æ•ˆè’¸å‘å™¨æ±½æ¸©,5æ•ˆè’¸å‘å™¨æ±½å®¤åŽ‹åŠ›,5æ•ˆåŽŸæ¶²æ¢çƒ­å‰æ¸©åº¦,5æ•ˆå¾ªçŽ¯æ¯æ¶²è¿›æ–™æµé‡,6æ•ˆè’¸å‘å™¨æ±½æ¸©,6æ•ˆè’¸å‘å™¨æ±½å®¤åŽ‹åŠ›,6æ•ˆåŽŸæ¶²æ¢çƒ­å‰æ¸©åº¦,åŽŸæ¶²é—ªè’¸å™¨å¾ªçŽ¯æ¯æ¶²è¿›æ–™æµé‡,åŽŸæ¶²é—ªè’¸å™¨å‡ºæ–™æ¸©åº¦,åŽŸæ¶²é—ªè’¸å™¨è’¸æ±½åŽ‹åŠ›,7æ•ˆåŽŸæ¶²æ¢çƒ­å‰æ¸©åº¦,7æ•ˆè’¸å‘å™¨æ±½æ¸©,7æ•ˆè’¸å‘å™¨æ±½å®¤åŽ‹åŠ›,1é—ªå‡ºæ–™æ¸©åº¦,2é—ªå‡ºæ–™æ¸©åº¦,3é—ªå‡ºæ–™æ¸©åº¦,4é—ªå‡ºæ–™æ¸©åº¦,5é—ªå‡ºæ–™æ¸©åº¦,5é—ªåŽ»å¾ªçŽ¯æ¯æ¶²è°ƒé…æ§½å¯†åº¦,5é—ªåŽ»å¾ªçŽ¯æ¯æ¶²è°ƒé…æ§½æµé‡,æ–°è’¸æ±½è¿›æ–™åŽ‹åŠ›,æ–°è’¸æ±½è¿›æ–™æµé‡,æ–°è’¸æ±½è¿›æ–™æ¸©åº¦,å¾ªçŽ¯ä¸Šæ°´æ¸©åº¦,å¾ªçŽ¯ä¸Šæ°´æµé‡,å¾ªçŽ¯ä¸‹æ°´æ¸©åº¦,åŽŸæ¶²é—ªè’¸å™¨å¾ªçŽ¯æ¯æ¶²è¿›æ–™é˜€å¼€åº¦,1æ•ˆå‡ºæ–™é˜€é—¨å¼€åº¦,1é—ªå‡ºæ–™é˜€å¼€åº¦,3é—ªå‡ºæ–™é˜€å¼€åº¦,4é—ªå‡ºæ–™é˜€å¼€åº¦,2æ•ˆåˆ°1æ•ˆæ³µå¼€åº¦,4æ•ˆåˆ°3æ•ˆæ³µå¼€åº¦,5æ•ˆåˆ°4æ•ˆæ³µå¼€åº¦,6æ•ˆå‡ºæ–™å‡ºæ–™æ³µå¼€åº¦,1æ•ˆè’¸å‘å™¨æ±½å®¤åŽ‹åŠ›,1æ•ˆåŽŸæ¶²æ¢çƒ­å‰æ¸©åº¦,1æ•ˆå‡ºæ–™æ¸©åº¦,1æ•ˆè’¸å‘å™¨æ±½æ¸© --target_cols 1æ•ˆè’¸å‘å™¨æ±½æ¸© --seq_len 30 --label_len 2 --pred_len 30 --timestamp_feature none --train_epochs 50 --gpu 0 --use_nni --checkpoints ./checkpoints/alumina_transformer_train_only --hidden_dim 128 --d_model 128 --e_layers 1 --d_layers 1
model_id: alumina_transformer/STANDALONE
Args in experiment:
Namespace(use_nni=True, stage='train_only', model_id='alumina_transformer/STANDALONE', log_path='log', checkpoints='./checkpoints/alumina_transformer_train_only', key=None, task_name='Forecast', features='MS', embed='timeF', freq='h', trainset_csv_path='/workspace/qiuyunzhong/TSFrameworkData/alumina_trainset.csv', validset_csv_path='/workspace/qiuyunzhong/TSFrameworkData/alumina_validset.csv', testset_csv_path='/workspace/qiuyunzhong/TSFrameworkData/alumina_testset_new.csv', datetime_col='dtime', feature_cols='5æ•ˆ5é—ªåˆ°è°ƒé…æ§½åŽå¾ªçŽ¯æ¯æ¶²Nk,5æ•ˆ5é—ªåˆ°è°ƒé…æ§½åŽå¾ªçŽ¯æ¯æ¶²ak/Rp,6æ•ˆå‡ºæ–™å¯†åº¦,5é—ªå‡ºæ–™å¯†åº¦,57æ•ˆå¾ªçŽ¯æ¯æ¶²è¿›æ–™æ¸©åº¦,57æ•ˆå¾ªçŽ¯æ¯æ¶²è¿›æ–™å¯†åº¦,å†·å‡å™¨å‡ºæ±½åŽ‹åŠ›,5æ•ˆ5é—ªè’¸å‘æ¯æ¶²åŽ»å¾ªçŽ¯æ¯æ¶²è°ƒé…æ§½æ€»æµé‡,2æ•ˆè’¸å‘å™¨æ±½æ¸©,2æ•ˆè’¸å‘å™¨æ±½å®¤åŽ‹åŠ›,2æ•ˆåŽŸæ¶²æ¢çƒ­å‰æ¸©åº¦,3æ•ˆè’¸å‘å™¨æ±½æ¸©,3æ•ˆè’¸å‘å™¨æ±½å®¤åŽ‹åŠ›,3æ•ˆåŽŸæ¶²æ¢çƒ­å‰æ¸©åº¦,4æ•ˆè’¸å‘å™¨æ±½æ¸©,4æ•ˆè’¸å‘å™¨æ±½å®¤åŽ‹åŠ›,4æ•ˆåŽŸæ¶²æ¢çƒ­å‰æ¸©åº¦,5æ•ˆè’¸å‘å™¨æ±½æ¸©,5æ•ˆè’¸å‘å™¨æ±½å®¤åŽ‹åŠ›,5æ•ˆåŽŸæ¶²æ¢çƒ­å‰æ¸©åº¦,5æ•ˆå¾ªçŽ¯æ¯æ¶²è¿›æ–™æµé‡,6æ•ˆè’¸å‘å™¨æ±½æ¸©,6æ•ˆè’¸å‘å™¨æ±½å®¤åŽ‹åŠ›,6æ•ˆåŽŸæ¶²æ¢çƒ­å‰æ¸©åº¦,åŽŸæ¶²é—ªè’¸å™¨å¾ªçŽ¯æ¯æ¶²è¿›æ–™æµé‡,åŽŸæ¶²é—ªè’¸å™¨å‡ºæ–™æ¸©åº¦,åŽŸæ¶²é—ªè’¸å™¨è’¸æ±½åŽ‹åŠ›,7æ•ˆåŽŸæ¶²æ¢çƒ­å‰æ¸©åº¦,7æ•ˆè’¸å‘å™¨æ±½æ¸©,7æ•ˆè’¸å‘å™¨æ±½å®¤åŽ‹åŠ›,1é—ªå‡ºæ–™æ¸©åº¦,2é—ªå‡ºæ–™æ¸©åº¦,3é—ªå‡ºæ–™æ¸©åº¦,4é—ªå‡ºæ–™æ¸©åº¦,5é—ªå‡ºæ–™æ¸©åº¦,5é—ªåŽ»å¾ªçŽ¯æ¯æ¶²è°ƒé…æ§½å¯†åº¦,5é—ªåŽ»å¾ªçŽ¯æ¯æ¶²è°ƒé…æ§½æµé‡,æ–°è’¸æ±½è¿›æ–™åŽ‹åŠ›,æ–°è’¸æ±½è¿›æ–™æµé‡,æ–°è’¸æ±½è¿›æ–™æ¸©åº¦,å¾ªçŽ¯ä¸Šæ°´æ¸©åº¦,å¾ªçŽ¯ä¸Šæ°´æµé‡,å¾ªçŽ¯ä¸‹æ°´æ¸©åº¦,åŽŸæ¶²é—ªè’¸å™¨å¾ªçŽ¯æ¯æ¶²è¿›æ–™é˜€å¼€åº¦,1æ•ˆå‡ºæ–™é˜€é—¨å¼€åº¦,1é—ªå‡ºæ–™é˜€å¼€åº¦,3é—ªå‡ºæ–™é˜€å¼€åº¦,4é—ªå‡ºæ–™é˜€å¼€åº¦,2æ•ˆåˆ°1æ•ˆæ³µå¼€åº¦,4æ•ˆåˆ°3æ•ˆæ³µå¼€åº¦,5æ•ˆåˆ°4æ•ˆæ³µå¼€åº¦,6æ•ˆå‡ºæ–™å‡ºæ–™æ³µå¼€åº¦,1æ•ˆè’¸å‘å™¨æ±½å®¤åŽ‹åŠ›,1æ•ˆåŽŸæ¶²æ¢çƒ­å‰æ¸©åº¦,1æ•ˆå‡ºæ–™æ¸©åº¦,1æ•ˆè’¸å‘å™¨æ±½æ¸©', target_cols='1æ•ˆè’¸å‘å™¨æ±½æ¸©', timestamp_feature='none', seq_len=30, label_len=2, pred_len=30, interval=900, model_name='alumina_transformer', d_model=128, n_heads=8, e_layers=1, d_layers=1, d_ff=512, hidden_dim=128, factor=1, dropout=0.05, activation='gelu', output_attention=False, optimizer='Adam', fix_seed=-1, num_workers=10, train_epochs=50, batch_size=64, patience=7, lr=0.0001, gpu=0, label_loss_rate=0.5, reg_loss_rate=0.5, use_norm=1, patch_len=16, target_num=1, use_gpu=True, hpo='nni')
Performing MS Forecasting (TimeXer)
Use GPU... cuda:0
Adjusting learning rate of group 0 to 1.0000e-04.
>>>>>>>start training : alumina_transformer/STANDALONE>>>>>>>>>>>>>>>>>>>>>>>>>>
	iters: 382, epoch: 1 | train_loss : 0.0008
	speed: 0.341733s/iter; left time: 32522.371249s
	iters: 764, epoch: 1 | train_loss : 0.0026
	speed: 0.300871s/iter; left time: 28518.654471s
	iters: 1146, epoch: 1 | train_loss : 0.0031
	speed: 0.275917s/iter; left time: 26047.988946s
	iters: 1528, epoch: 1 | train_loss : 0.0013
	speed: 0.287840s/iter; left time: 27063.594052s
	iters: 1910, epoch: 1 | train_loss : 0.0010
	speed: 0.279552s/iter; left time: 26177.562880s
[2024-03-01 23:23:57] [32mIntermediate result: 0.025605134665966034  (Index 0)[0m
Epoch: 1 | cost time: 1654.1518352031708 | valid_loss: 0.025605134665966034 | valid_loss_true: 1.5512544609402037
Chepoint Saved at:  ./checkpoints/alumina_transformer_train_only/alumina_transformer/STANDALONE/checkpoint-0.pth
Adjusting learning rate of group 0 to 8.5000e-05.
	iters: 382, epoch: 2 | train_loss : 0.0013
	speed: 3.112968s/iter; left time: 290309.210762s
	iters: 764, epoch: 2 | train_loss : 0.0005
	speed: 0.330110s/iter; left time: 30659.294395s
	iters: 1146, epoch: 2 | train_loss : 0.0103
	speed: 0.321210s/iter; left time: 29709.980759s
	iters: 1528, epoch: 2 | train_loss : 0.0005
	speed: 0.251299s/iter; left time: 23147.652962s
	iters: 1910, epoch: 2 | train_loss : 0.0124
	speed: 0.288035s/iter; left time: 26421.460070s
[2024-03-01 23:47:46] [32mIntermediate result: 0.023950273171067238  (Index 1)[0m
Epoch: 2 | cost time: 1429.3671810626984 | valid_loss: 0.023950273171067238 | valid_loss_true: 1.4928313954206642
Chepoint Saved at:  ./checkpoints/alumina_transformer_train_only/alumina_transformer/STANDALONE/checkpoint-1.pth
Adjusting learning rate of group 0 to 7.2250e-05.
	iters: 382, epoch: 3 | train_loss : 0.0006
	speed: 2.562150s/iter; left time: 234044.741389s
	iters: 764, epoch: 3 | train_loss : 0.0006
	speed: 0.259795s/iter; left time: 23632.297292s
	iters: 1146, epoch: 3 | train_loss : 0.0044
	speed: 0.254342s/iter; left time: 23039.051087s
	iters: 1528, epoch: 3 | train_loss : 0.0005
	speed: 0.262662s/iter; left time: 23692.362006s
	iters: 1910, epoch: 3 | train_loss : 0.0003
	speed: 0.257754s/iter; left time: 23151.176821s
[2024-03-02 00:09:15] [32mIntermediate result: 0.02300184592604637  (Index 2)[0m
Epoch: 3 | cost time: 1288.1971468925476 | valid_loss: 0.02300184592604637 | valid_loss_true: 1.4624081248227114
Chepoint Saved at:  ./checkpoints/alumina_transformer_train_only/alumina_transformer/STANDALONE/checkpoint-2.pth
Adjusting learning rate of group 0 to 6.1413e-05.
	iters: 382, epoch: 4 | train_loss : 0.0004
	speed: 2.349475s/iter; left time: 210127.624323s
	iters: 764, epoch: 4 | train_loss : 0.0006
	speed: 0.257792s/iter; left time: 22957.434257s
	iters: 1146, epoch: 4 | train_loss : 0.0004
	speed: 0.268062s/iter; left time: 23769.591882s
	iters: 1528, epoch: 4 | train_loss : 0.0005
	speed: 0.278234s/iter; left time: 24565.254235s
	iters: 1910, epoch: 4 | train_loss : 0.0022
	speed: 0.226938s/iter; left time: 19949.630636s
[2024-03-02 00:30:36] [32mIntermediate result: 0.023538215085864067  (Index 3)[0m
Epoch: 4 | cost time: 1281.3613634109497 | valid_loss: 0.023538215085864067 | valid_loss_true: 1.4441684525460923
Adjusting learning rate of group 0 to 5.2201e-05.
	iters: 382, epoch: 5 | train_loss : 0.0003
	speed: 2.287703s/iter; left time: 200231.248269s
	iters: 764, epoch: 5 | train_loss : 0.0004
	speed: 0.242143s/iter; left time: 21101.080827s
	iters: 1146, epoch: 5 | train_loss : 0.0004
	speed: 0.256027s/iter; left time: 22213.125850s
	iters: 1528, epoch: 5 | train_loss : 0.0003
	speed: 0.264160s/iter; left time: 22817.907496s
	iters: 1910, epoch: 5 | train_loss : 0.0061
	speed: 0.258955s/iter; left time: 22269.372937s
[2024-03-02 00:51:09] [32mIntermediate result: 0.022295424714684486  (Index 4)[0m
Epoch: 5 | cost time: 1233.1425750255585 | valid_loss: 0.022295424714684486 | valid_loss_true: 1.4321861656416286
Chepoint Saved at:  ./checkpoints/alumina_transformer_train_only/alumina_transformer/STANDALONE/checkpoint-4.pth
Adjusting learning rate of group 0 to 4.4371e-05.
	iters: 382, epoch: 6 | train_loss : 0.0049
	speed: 2.217248s/iter; left time: 189827.476184s
	iters: 764, epoch: 6 | train_loss : 0.0003
	speed: 0.264453s/iter; left time: 22539.876325s
	iters: 1146, epoch: 6 | train_loss : 0.0115
	speed: 0.265089s/iter; left time: 22492.791542s
	iters: 1528, epoch: 6 | train_loss : 0.0006
	speed: 0.265124s/iter; left time: 22394.487879s
	iters: 1910, epoch: 6 | train_loss : 0.0007
	speed: 0.254066s/iter; left time: 21363.422000s
[2024-03-02 01:12:22] [32mIntermediate result: 0.022083567455410957  (Index 5)[0m
Epoch: 6 | cost time: 1273.3038039207458 | valid_loss: 0.022083567455410957 | valid_loss_true: 1.4173135190296613
Chepoint Saved at:  ./checkpoints/alumina_transformer_train_only/alumina_transformer/STANDALONE/checkpoint-5.pth
Adjusting learning rate of group 0 to 3.7715e-05.
	iters: 382, epoch: 7 | train_loss : 0.0005
	speed: 2.296121s/iter; left time: 192192.205405s
	iters: 764, epoch: 7 | train_loss : 0.0008
	speed: 0.220421s/iter; left time: 18365.704822s
	iters: 1146, epoch: 7 | train_loss : 0.0004
	speed: 0.227546s/iter; left time: 18872.446731s
	iters: 1528, epoch: 7 | train_loss : 0.0006
	speed: 0.251429s/iter; left time: 20757.195496s
	iters: 1910, epoch: 7 | train_loss : 0.0037
	speed: 0.283516s/iter; left time: 23297.916177s
[2024-03-02 01:34:53] [32mIntermediate result: 0.022031737491488457  (Index 6)[0m
Epoch: 7 | cost time: 1350.9540400505066 | valid_loss: 0.022031737491488457 | valid_loss_true: 1.4204382251014587
Chepoint Saved at:  ./checkpoints/alumina_transformer_train_only/alumina_transformer/STANDALONE/checkpoint-6.pth
Adjusting learning rate of group 0 to 3.2058e-05.
	iters: 382, epoch: 8 | train_loss : 0.0005
	speed: 2.592488s/iter; left time: 212044.783900s
	iters: 764, epoch: 8 | train_loss : 0.0006
	speed: 0.311038s/iter; left time: 25321.614793s
	iters: 1146, epoch: 8 | train_loss : 0.0003
	speed: 0.294012s/iter; left time: 23823.238203s
	iters: 1528, epoch: 8 | train_loss : 0.0682
	speed: 0.269769s/iter; left time: 21755.829491s
	iters: 1910, epoch: 8 | train_loss : 0.0019
	speed: 0.255204s/iter; left time: 20483.663430s
[2024-03-02 02:00:46] [32mIntermediate result: 0.02196522429585457  (Index 7)[0m
Epoch: 8 | cost time: 1552.2604377269745 | valid_loss: 0.02196522429585457 | valid_loss_true: 1.401096110699484
Chepoint Saved at:  ./checkpoints/alumina_transformer_train_only/alumina_transformer/STANDALONE/checkpoint-7.pth
Adjusting learning rate of group 0 to 2.7249e-05.
	iters: 382, epoch: 9 | train_loss : 0.0003
	speed: 2.872017s/iter; left time: 229419.565377s
	iters: 764, epoch: 9 | train_loss : 0.0004
	speed: 0.317674s/iter; left time: 25254.753833s
	iters: 1146, epoch: 9 | train_loss : 0.0005
	speed: 0.312910s/iter; left time: 24756.500969s
	iters: 1528, epoch: 9 | train_loss : 0.0005
	speed: 0.240020s/iter; left time: 18897.951201s
	iters: 1910, epoch: 9 | train_loss : 0.0003
	speed: 0.327027s/iter; left time: 25623.583310s
[2024-03-02 02:32:00] [32mIntermediate result: 0.02189217321574688  (Index 8)[0m
Epoch: 9 | cost time: 1874.3152978420258 | valid_loss: 0.02189217321574688 | valid_loss_true: 1.4113008378831537
Chepoint Saved at:  ./checkpoints/alumina_transformer_train_only/alumina_transformer/STANDALONE/checkpoint-8.pth
Adjusting learning rate of group 0 to 2.3162e-05.
	iters: 382, epoch: 10 | train_loss : 0.0005
	speed: 3.889891s/iter; left time: 303294.773167s
	iters: 764, epoch: 10 | train_loss : 0.0004
	speed: 0.309151s/iter; left time: 23986.431158s
	iters: 1146, epoch: 10 | train_loss : 0.0004
	speed: 0.275407s/iter; left time: 21263.094313s
	iters: 1528, epoch: 10 | train_loss : 0.0004
	speed: 0.306243s/iter; left time: 23526.776816s
	iters: 1910, epoch: 10 | train_loss : 0.0007
	speed: 0.236061s/iter; left time: 18044.985846s
[2024-03-02 03:02:23] [32mIntermediate result: 0.021757978945970535  (Index 9)[0m
Epoch: 10 | cost time: 1822.9243953227997 | valid_loss: 0.021757978945970535 | valid_loss_true: 1.4070909792648223
Chepoint Saved at:  ./checkpoints/alumina_transformer_train_only/alumina_transformer/STANDALONE/checkpoint-9.pth
Adjusting learning rate of group 0 to 1.9687e-05.
	iters: 382, epoch: 11 | train_loss : 0.0005
	speed: 3.554937s/iter; left time: 270384.931830s
	iters: 764, epoch: 11 | train_loss : 0.0057
	speed: 0.359922s/iter; left time: 27237.829919s
	iters: 1146, epoch: 11 | train_loss : 0.0003
	speed: 0.326050s/iter; left time: 24549.972254s
	iters: 1528, epoch: 11 | train_loss : 0.0003
	speed: 0.309030s/iter; left time: 23150.332817s
	iters: 1910, epoch: 11 | train_loss : 0.0003
	speed: 0.326354s/iter; left time: 24323.507415s
[2024-03-02 03:31:10] [32mIntermediate result: 0.0217739250510931  (Index 10)[0m
Epoch: 11 | cost time: 1726.832575559616 | valid_loss: 0.0217739250510931 | valid_loss_true: 1.4083615589212533
Adjusting learning rate of group 0 to 1.6734e-05.
	iters: 382, epoch: 12 | train_loss : 0.0005
	speed: 3.173138s/iter; left time: 235281.863586s
	iters: 764, epoch: 12 | train_loss : 0.0103
	speed: 0.307106s/iter; left time: 22653.963054s
	iters: 1146, epoch: 12 | train_loss : 0.0005
	speed: 0.419505s/iter; left time: 30784.967615s
	iters: 1528, epoch: 12 | train_loss : 0.0003
	speed: 0.322825s/iter; left time: 23566.881807s
	iters: 1910, epoch: 12 | train_loss : 0.0010
	speed: 0.336313s/iter; left time: 24423.048557s
[2024-03-02 03:59:36] [32mIntermediate result: 0.021675698459148407  (Index 11)[0m
Epoch: 12 | cost time: 1706.0906414985657 | valid_loss: 0.021675698459148407 | valid_loss_true: 1.397537182263042
Chepoint Saved at:  ./checkpoints/alumina_transformer_train_only/alumina_transformer/STANDALONE/checkpoint-11.pth
Adjusting learning rate of group 0 to 1.4224e-05.
	iters: 382, epoch: 13 | train_loss : 0.0004
	speed: 3.108235s/iter; left time: 224529.548859s
	iters: 764, epoch: 13 | train_loss : 0.0003
	speed: 0.333398s/iter; left time: 23956.343614s
	iters: 1146, epoch: 13 | train_loss : 0.0004
	speed: 0.291369s/iter; left time: 20825.008019s
	iters: 1528, epoch: 13 | train_loss : 0.0004
	speed: 0.254683s/iter; left time: 18105.666331s
	iters: 1910, epoch: 13 | train_loss : 0.0003
	speed: 0.269940s/iter; left time: 19087.157578s
[2024-03-02 04:18:27] [32mIntermediate result: 0.02166368067264557  (Index 12)[0m
Epoch: 13 | cost time: 1130.5235996246338 | valid_loss: 0.02166368067264557 | valid_loss_true: 1.3956400460843623
Chepoint Saved at:  ./checkpoints/alumina_transformer_train_only/alumina_transformer/STANDALONE/checkpoint-12.pth
Adjusting learning rate of group 0 to 1.2091e-05.
	iters: 382, epoch: 14 | train_loss : 0.0004
	speed: 1.691899s/iter; left time: 118984.485653s
	iters: 764, epoch: 14 | train_loss : 0.0006
	speed: 0.319172s/iter; left time: 22324.186913s
	iters: 1146, epoch: 14 | train_loss : 0.0004
	speed: 0.260296s/iter; left time: 18106.713364s
	iters: 1528, epoch: 14 | train_loss : 0.0007
	speed: 0.275408s/iter; left time: 19052.710775s
	iters: 1910, epoch: 14 | train_loss : 0.0003
	speed: 0.242036s/iter; left time: 16651.586758s
[2024-03-02 04:39:01] [32mIntermediate result: 0.02167094685137272  (Index 13)[0m
Epoch: 14 | cost time: 1233.8390653133392 | valid_loss: 0.02167094685137272 | valid_loss_true: 1.3973247847665158
Adjusting learning rate of group 0 to 1.0277e-05.
	iters: 382, epoch: 15 | train_loss : 0.0004
	speed: 2.160645s/iter; left time: 147820.530150s
	iters: 764, epoch: 15 | train_loss : 0.0005
	speed: 0.297302s/iter; left time: 20226.317086s
	iters: 1146, epoch: 15 | train_loss : 0.0004
	speed: 0.291999s/iter; left time: 19753.996391s
	iters: 1528, epoch: 15 | train_loss : 0.0002
	speed: 0.272827s/iter; left time: 18352.778505s
	iters: 1910, epoch: 15 | train_loss : 0.0005
	speed: 0.256373s/iter; left time: 17147.990570s
[2024-03-02 04:59:01] [32mIntermediate result: 0.021659409627318382  (Index 14)[0m
Epoch: 15 | cost time: 1200.6730587482452 | valid_loss: 0.021659409627318382 | valid_loss_true: 1.3956698680452064
Chepoint Saved at:  ./checkpoints/alumina_transformer_train_only/alumina_transformer/STANDALONE/checkpoint-14.pth
Adjusting learning rate of group 0 to 8.7354e-06.
	iters: 382, epoch: 16 | train_loss : 0.0004
	speed: 2.060266s/iter; left time: 137015.922207s
	iters: 764, epoch: 16 | train_loss : 0.0002
	speed: 0.238998s/iter; left time: 15803.023109s
	iters: 1146, epoch: 16 | train_loss : 0.0004
	speed: 0.225903s/iter; left time: 14850.834327s
	iters: 1528, epoch: 16 | train_loss : 0.0005
	speed: 0.290544s/iter; left time: 18989.347746s
	iters: 1910, epoch: 16 | train_loss : 0.0007
	speed: 0.276238s/iter; left time: 17948.835070s
[2024-03-02 05:20:31] [32mIntermediate result: 0.021628310903906822  (Index 15)[0m
Epoch: 16 | cost time: 1289.1439158916473 | valid_loss: 0.021628310903906822 | valid_loss_true: 1.3956977484808903
Chepoint Saved at:  ./checkpoints/alumina_transformer_train_only/alumina_transformer/STANDALONE/checkpoint-15.pth
Adjusting learning rate of group 0 to 7.4251e-06.
	iters: 382, epoch: 17 | train_loss : 0.0008
	speed: 2.275675s/iter; left time: 146992.686463s
	iters: 764, epoch: 17 | train_loss : 0.0004
	speed: 0.246284s/iter; left time: 15814.120918s
	iters: 1146, epoch: 17 | train_loss : 0.0003
	speed: 0.265349s/iter; left time: 16936.949842s
	iters: 1528, epoch: 17 | train_loss : 0.0029
	speed: 0.210756s/iter; left time: 13371.838493s
	iters: 1910, epoch: 17 | train_loss : 0.0006
	speed: 0.302717s/iter; left time: 19090.840191s
[2024-03-02 05:38:14] [32mIntermediate result: 0.021631035953760147  (Index 16)[0m
Epoch: 17 | cost time: 1062.954038143158 | valid_loss: 0.021631035953760147 | valid_loss_true: 1.4001139101618887
Adjusting learning rate of group 0 to 6.3113e-06.
	iters: 382, epoch: 18 | train_loss : 0.0005
	speed: 1.803301s/iter; left time: 113034.541049s
	iters: 764, epoch: 18 | train_loss : 0.0005
	speed: 0.247387s/iter; left time: 15412.233455s
	iters: 1146, epoch: 18 | train_loss : 0.0003
	speed: 0.241603s/iter; left time: 14959.574902s
	iters: 1528, epoch: 18 | train_loss : 0.0003
	speed: 0.224102s/iter; left time: 13790.313076s
	iters: 1910, epoch: 18 | train_loss : 0.0003
	speed: 0.217575s/iter; left time: 13305.582289s
[2024-03-02 05:56:04] [32mIntermediate result: 0.02158750221133232  (Index 17)[0m
Epoch: 18 | cost time: 1069.9167127609253 | valid_loss: 0.02158750221133232 | valid_loss_true: 1.3955732376490912
Chepoint Saved at:  ./checkpoints/alumina_transformer_train_only/alumina_transformer/STANDALONE/checkpoint-17.pth
Adjusting learning rate of group 0 to 5.3646e-06.
	iters: 382, epoch: 19 | train_loss : 0.0005
	speed: 1.861379s/iter; left time: 113117.846780s
	iters: 764, epoch: 19 | train_loss : 0.0006
	speed: 0.362544s/iter; left time: 21893.640660s
	iters: 1146, epoch: 19 | train_loss : 0.0004
	speed: 0.346221s/iter; left time: 20775.690857s
	iters: 1528, epoch: 19 | train_loss : 0.0003
	speed: 0.175509s/iter; left time: 10464.739290s
	iters: 1910, epoch: 19 | train_loss : 0.0007
	speed: 0.245912s/iter; left time: 14568.555788s
[2024-03-02 06:14:47] [32mIntermediate result: 0.021596144884824753  (Index 18)[0m
Epoch: 19 | cost time: 1122.9626059532166 | valid_loss: 0.021596144884824753 | valid_loss_true: 1.3970679306091462
Adjusting learning rate of group 0 to 4.5599e-06.
	iters: 382, epoch: 20 | train_loss : 0.0003
	speed: 1.794620s/iter; left time: 105631.328182s
	iters: 764, epoch: 20 | train_loss : 0.0030
	speed: 0.136252s/iter; left time: 7967.762089s
	iters: 1146, epoch: 20 | train_loss : 0.0011
	speed: 0.193039s/iter; left time: 11214.799856s
	iters: 1528, epoch: 20 | train_loss : 0.0005
	speed: 0.200347s/iter; left time: 11562.806068s
	iters: 1910, epoch: 20 | train_loss : 0.0003
	speed: 0.131335s/iter; left time: 7529.709175s
[2024-03-02 06:27:09] [32mIntermediate result: 0.021587487310171127  (Index 19)[0m
Epoch: 20 | cost time: 742.2227358818054 | valid_loss: 0.021587487310171127 | valid_loss_true: 1.393171186940791
Chepoint Saved at:  ./checkpoints/alumina_transformer_train_only/alumina_transformer/STANDALONE/checkpoint-19.pth
Adjusting learning rate of group 0 to 3.8760e-06.
	iters: 382, epoch: 21 | train_loss : 0.0080
	speed: 1.209392s/iter; left time: 68873.654181s
	iters: 764, epoch: 21 | train_loss : 0.0003
	speed: 0.132402s/iter; left time: 7489.581004s
	iters: 1146, epoch: 21 | train_loss : 0.0003
	speed: 0.134479s/iter; left time: 7555.687308s
	iters: 1528, epoch: 21 | train_loss : 0.0004
	speed: 0.095345s/iter; left time: 5320.510757s
	iters: 1910, epoch: 21 | train_loss : 0.0006
	speed: 0.090609s/iter; left time: 5021.652976s
[2024-03-02 06:36:20] [32mIntermediate result: 0.021596187725663185  (Index 20)[0m
Epoch: 21 | cost time: 551.0900156497955 | valid_loss: 0.021596187725663185 | valid_loss_true: 1.3979525286703383
Adjusting learning rate of group 0 to 3.2946e-06.
	iters: 382, epoch: 22 | train_loss : 0.0007
	speed: 1.032890s/iter; left time: 56848.195266s
	iters: 764, epoch: 22 | train_loss : 0.0003
	speed: 0.137209s/iter; left time: 7499.317844s
	iters: 1146, epoch: 22 | train_loss : 0.0020
	speed: 0.133050s/iter; left time: 7221.169953s
	iters: 1528, epoch: 22 | train_loss : 0.0004
	speed: 0.096790s/iter; left time: 5216.222847s
	iters: 1910, epoch: 22 | train_loss : 0.0004
	speed: 0.077628s/iter; left time: 4153.853587s
[2024-03-02 06:45:49] [32mIntermediate result: 0.02162468247115612  (Index 21)[0m
Epoch: 22 | cost time: 569.4697678089142 | valid_loss: 0.02162468247115612 | valid_loss_true: 1.4030346461951844
Adjusting learning rate of group 0 to 2.8004e-06.
	iters: 382, epoch: 23 | train_loss : 0.0007
	speed: 1.045681s/iter; left time: 55553.900907s
	iters: 764, epoch: 23 | train_loss : 0.0003
	speed: 0.139113s/iter; left time: 7337.506589s
	iters: 1146, epoch: 23 | train_loss : 0.0035
	speed: 0.129052s/iter; left time: 6757.574905s
	iters: 1528, epoch: 23 | train_loss : 0.0004
	speed: 0.080224s/iter; left time: 4170.108546s
	iters: 1910, epoch: 23 | train_loss : 0.0006
	speed: 0.065703s/iter; left time: 3390.212031s
[2024-03-02 06:56:03] [32mIntermediate result: 0.021603776142001152  (Index 22)[0m
Epoch: 23 | cost time: 614.0089099407196 | valid_loss: 0.021603776142001152 | valid_loss_true: 1.400795451149081
Adjusting learning rate of group 0 to 2.3803e-06.
	iters: 382, epoch: 24 | train_loss : 0.0027
	speed: 1.125118s/iter; left time: 57624.022217s
	iters: 764, epoch: 24 | train_loss : 0.0022
	speed: 0.104674s/iter; left time: 5320.977228s
	iters: 1146, epoch: 24 | train_loss : 0.0003
	speed: 0.087636s/iter; left time: 4421.393156s
	iters: 1528, epoch: 24 | train_loss : 0.0020
	speed: 0.065821s/iter; left time: 3295.671897s
	iters: 1910, epoch: 24 | train_loss : 0.0004
	speed: 0.162372s/iter; left time: 8067.962664s
[2024-03-02 07:04:29] [32mIntermediate result: 0.021593229845166206  (Index 23)[0m
Epoch: 24 | cost time: 506.0746328830719 | valid_loss: 0.021593229845166206 | valid_loss_true: 1.3984710897439343
Adjusting learning rate of group 0 to 2.0233e-06.
	iters: 382, epoch: 25 | train_loss : 0.0005
	speed: 0.881397s/iter; left time: 43457.284416s
	iters: 764, epoch: 25 | train_loss : 0.0011
	speed: 0.113908s/iter; left time: 5572.730551s
	iters: 1146, epoch: 25 | train_loss : 0.0015
	speed: 0.152133s/iter; left time: 7384.684522s
	iters: 1528, epoch: 25 | train_loss : 0.0004
	speed: 0.179464s/iter; left time: 8642.792201s
	iters: 1910, epoch: 25 | train_loss : 0.0004
	speed: 0.124577s/iter; left time: 5951.891885s
[2024-03-02 07:12:48] [32mIntermediate result: 0.021576708182692528  (Index 24)[0m
Epoch: 25 | cost time: 498.12220096588135 | valid_loss: 0.021576708182692528 | valid_loss_true: 1.3948597037975716
Chepoint Saved at:  ./checkpoints/alumina_transformer_train_only/alumina_transformer/STANDALONE/checkpoint-24.pth
Adjusting learning rate of group 0 to 1.7198e-06.
	iters: 382, epoch: 26 | train_loss : 0.0004
	speed: 0.779147s/iter; left time: 36926.877724s
	iters: 764, epoch: 26 | train_loss : 0.0003
	speed: 0.192269s/iter; left time: 9038.927786s
	iters: 1146, epoch: 26 | train_loss : 0.0061
	speed: 0.121381s/iter; left time: 5659.994753s
	iters: 1528, epoch: 26 | train_loss : 0.0005
	speed: 0.113508s/iter; left time: 5249.523199s
	iters: 1910, epoch: 26 | train_loss : 0.0002
	speed: 0.091552s/iter; left time: 4199.144690s
[2024-03-02 07:21:00] [32mIntermediate result: 0.02158857323229313  (Index 25)[0m
Epoch: 26 | cost time: 492.43230414390564 | valid_loss: 0.02158857323229313 | valid_loss_true: 1.39751041523136
Adjusting learning rate of group 0 to 1.4618e-06.
	iters: 382, epoch: 27 | train_loss : 0.0069
	speed: 0.809970s/iter; left time: 36839.854270s
	iters: 764, epoch: 27 | train_loss : 0.0066
	speed: 0.129779s/iter; left time: 5853.180663s
	iters: 1146, epoch: 27 | train_loss : 0.0004
	speed: 0.087667s/iter; left time: 3920.372043s
	iters: 1528, epoch: 27 | train_loss : 0.0005
	speed: 0.098804s/iter; left time: 4380.674339s
	iters: 1910, epoch: 27 | train_loss : 0.0008
	speed: 0.096332s/iter; left time: 4234.276168s
[2024-03-02 07:29:03] [32mIntermediate result: 0.021601684391498566  (Index 26)[0m
Epoch: 27 | cost time: 483.2198929786682 | valid_loss: 0.021601684391498566 | valid_loss_true: 1.3995615286212642
Adjusting learning rate of group 0 to 1.2425e-06.
	iters: 382, epoch: 28 | train_loss : 0.0006
	speed: 0.746288s/iter; left time: 32517.239061s
	iters: 764, epoch: 28 | train_loss : 0.0004
	speed: 0.075159s/iter; left time: 3246.113807s
	iters: 1146, epoch: 28 | train_loss : 0.0004
	speed: 0.064635s/iter; left time: 2766.892742s
	iters: 1528, epoch: 28 | train_loss : 0.0006
	speed: 0.069211s/iter; left time: 2936.325414s
	iters: 1910, epoch: 28 | train_loss : 0.0022
	speed: 0.134166s/iter; left time: 5640.886998s
[2024-03-02 07:35:37] [32mIntermediate result: 0.021592585369944572  (Index 27)[0m
Epoch: 28 | cost time: 393.48725175857544 | valid_loss: 0.021592585369944572 | valid_loss_true: 1.397488208602001
Adjusting learning rate of group 0 to 1.0562e-06.
	iters: 382, epoch: 29 | train_loss : 0.0008
	speed: 0.697693s/iter; left time: 29066.604622s
	iters: 764, epoch: 29 | train_loss : 0.0004
	speed: 0.104268s/iter; left time: 4304.071136s
	iters: 1146, epoch: 29 | train_loss : 0.0005
	speed: 0.109479s/iter; left time: 4477.360128s
	iters: 1528, epoch: 29 | train_loss : 0.0004
	speed: 0.149806s/iter; left time: 6069.393738s
	iters: 1910, epoch: 29 | train_loss : 0.0005
	speed: 0.145418s/iter; left time: 5836.049141s
[2024-03-02 07:41:31] [32mIntermediate result: 0.021603543311357498  (Index 28)[0m
Epoch: 29 | cost time: 353.90594720840454 | valid_loss: 0.021603543311357498 | valid_loss_true: 1.3989410937316973
Adjusting learning rate of group 0 to 8.9774e-07.
	iters: 382, epoch: 30 | train_loss : 0.0168
	speed: 0.390010s/iter; left time: 15502.898612s
	iters: 764, epoch: 30 | train_loss : 0.0005
	speed: 0.070976s/iter; left time: 2794.166098s
	iters: 1146, epoch: 30 | train_loss : 0.0005
	speed: 0.170029s/iter; left time: 6628.746476s
	iters: 1528, epoch: 30 | train_loss : 0.0007
	speed: 0.173660s/iter; left time: 6703.989191s
	iters: 1910, epoch: 30 | train_loss : 0.0004
	speed: 0.091808s/iter; left time: 3509.078583s
[2024-03-02 07:46:55] [32mIntermediate result: 0.021592821925878525  (Index 29)[0m
Epoch: 30 | cost time: 323.86965775489807 | valid_loss: 0.021592821925878525 | valid_loss_true: 1.3971278513497871
Adjusting learning rate of group 0 to 7.6308e-07.
	iters: 382, epoch: 31 | train_loss : 0.0003
	speed: 0.362151s/iter; left time: 13703.414728s
	iters: 764, epoch: 31 | train_loss : 0.0076
	speed: 0.172965s/iter; left time: 6478.743335s
	iters: 1146, epoch: 31 | train_loss : 0.0028
	speed: 0.187070s/iter; left time: 6935.630139s
	iters: 1528, epoch: 31 | train_loss : 0.0005
	speed: 0.103571s/iter; left time: 3800.327608s
	iters: 1910, epoch: 31 | train_loss : 0.0005
	speed: 0.065299s/iter; left time: 2371.085806s
[2024-03-02 07:52:51] [32mIntermediate result: 0.021590065211057663  (Index 30)[0m
Epoch: 31 | cost time: 356.8316853046417 | valid_loss: 0.021590065211057663 | valid_loss_true: 1.3974321931740235
Adjusting learning rate of group 0 to 6.4861e-07.
	iters: 382, epoch: 32 | train_loss : 0.0005
	speed: 0.429734s/iter; left time: 15439.467849s
	iters: 764, epoch: 32 | train_loss : 0.0004
	speed: 0.158752s/iter; left time: 5642.982712s
	iters: 1146, epoch: 32 | train_loss : 0.0004
	speed: 0.133920s/iter; left time: 4709.168164s
	iters: 1528, epoch: 32 | train_loss : 0.0004
	speed: 0.100797s/iter; left time: 3505.910694s
	iters: 1910, epoch: 32 | train_loss : 0.0005
	speed: 0.105937s/iter; left time: 3644.217482s
[2024-03-02 07:59:11] [32mIntermediate result: 0.021593406796455383  (Index 31)[0m
Epoch: 32 | cost time: 379.4105589389801 | valid_loss: 0.021593406796455383 | valid_loss_true: 1.3978525990592676
Adjusting learning rate of group 0 to 5.5132e-07.
	iters: 382, epoch: 33 | train_loss : 0.0055
	speed: 0.556732s/iter; left time: 18938.338554s
	iters: 764, epoch: 33 | train_loss : 0.0021
	speed: 0.156467s/iter; left time: 5262.759093s
	iters: 1146, epoch: 33 | train_loss : 0.0004
	speed: 0.079871s/iter; left time: 2655.957371s
	iters: 1528, epoch: 33 | train_loss : 0.0006
	speed: 0.065733s/iter; left time: 2160.717268s
	iters: 1910, epoch: 33 | train_loss : 0.0037
	speed: 0.064821s/iter; left time: 2105.964477s
[2024-03-02 08:06:16] [32mIntermediate result: 0.021596692502498627  (Index 32)[0m
Epoch: 33 | cost time: 424.90745854377747 | valid_loss: 0.021596692502498627 | valid_loss_true: 1.3986937611014119
Early stop with best valid_loss: 0.021596692502498627
[2024-03-02 08:06:16] [32mFinal result: 0.021576708182692528[0m
>>>>>>>end of training : alumina_transformer/STANDALONE>>>>>>>>>>>>>>>>>>>>>>>>>>
python -u main_nni.py --stage train_only --model_id alumina_transformer --model_name alumina_transformer --features MS --log_path log --trainset_csv_path /workspace/qiuyunzhong/TSFrameworkData/alumina_trainset.csv --validset_csv_path /workspace/qiuyunzhong/TSFrameworkData/alumina_validset.csv --testset_csv_path /workspace/qiuyunzhong/TSFrameworkData/alumina_testset_new.csv --datetime_col dtime --feature_cols 5æ•ˆ5é—ªåˆ°è°ƒé…æ§½åŽå¾ªçŽ¯æ¯æ¶²Nk,5æ•ˆ5é—ªåˆ°è°ƒé…æ§½åŽå¾ªçŽ¯æ¯æ¶²ak/Rp,6æ•ˆå‡ºæ–™å¯†åº¦,5é—ªå‡ºæ–™å¯†åº¦,57æ•ˆå¾ªçŽ¯æ¯æ¶²è¿›æ–™æ¸©åº¦,57æ•ˆå¾ªçŽ¯æ¯æ¶²è¿›æ–™å¯†åº¦,å†·å‡å™¨å‡ºæ±½åŽ‹åŠ›,5æ•ˆ5é—ªè’¸å‘æ¯æ¶²åŽ»å¾ªçŽ¯æ¯æ¶²è°ƒé…æ§½æ€»æµé‡,2æ•ˆè’¸å‘å™¨æ±½æ¸©,2æ•ˆè’¸å‘å™¨æ±½å®¤åŽ‹åŠ›,2æ•ˆåŽŸæ¶²æ¢çƒ­å‰æ¸©åº¦,3æ•ˆè’¸å‘å™¨æ±½æ¸©,3æ•ˆè’¸å‘å™¨æ±½å®¤åŽ‹åŠ›,3æ•ˆåŽŸæ¶²æ¢çƒ­å‰æ¸©åº¦,4æ•ˆè’¸å‘å™¨æ±½æ¸©,4æ•ˆè’¸å‘å™¨æ±½å®¤åŽ‹åŠ›,4æ•ˆåŽŸæ¶²æ¢çƒ­å‰æ¸©åº¦,5æ•ˆè’¸å‘å™¨æ±½æ¸©,5æ•ˆè’¸å‘å™¨æ±½å®¤åŽ‹åŠ›,5æ•ˆåŽŸæ¶²æ¢çƒ­å‰æ¸©åº¦,5æ•ˆå¾ªçŽ¯æ¯æ¶²è¿›æ–™æµé‡,6æ•ˆè’¸å‘å™¨æ±½æ¸©,6æ•ˆè’¸å‘å™¨æ±½å®¤åŽ‹åŠ›,6æ•ˆåŽŸæ¶²æ¢çƒ­å‰æ¸©åº¦,åŽŸæ¶²é—ªè’¸å™¨å¾ªçŽ¯æ¯æ¶²è¿›æ–™æµé‡,åŽŸæ¶²é—ªè’¸å™¨å‡ºæ–™æ¸©åº¦,åŽŸæ¶²é—ªè’¸å™¨è’¸æ±½åŽ‹åŠ›,7æ•ˆåŽŸæ¶²æ¢çƒ­å‰æ¸©åº¦,7æ•ˆè’¸å‘å™¨æ±½æ¸©,7æ•ˆè’¸å‘å™¨æ±½å®¤åŽ‹åŠ›,1é—ªå‡ºæ–™æ¸©åº¦,2é—ªå‡ºæ–™æ¸©åº¦,3é—ªå‡ºæ–™æ¸©åº¦,4é—ªå‡ºæ–™æ¸©åº¦,5é—ªå‡ºæ–™æ¸©åº¦,5é—ªåŽ»å¾ªçŽ¯æ¯æ¶²è°ƒé…æ§½å¯†åº¦,5é—ªåŽ»å¾ªçŽ¯æ¯æ¶²è°ƒé…æ§½æµé‡,æ–°è’¸æ±½è¿›æ–™åŽ‹åŠ›,æ–°è’¸æ±½è¿›æ–™æµé‡,æ–°è’¸æ±½è¿›æ–™æ¸©åº¦,å¾ªçŽ¯ä¸Šæ°´æ¸©åº¦,å¾ªçŽ¯ä¸Šæ°´æµé‡,å¾ªçŽ¯ä¸‹æ°´æ¸©åº¦,åŽŸæ¶²é—ªè’¸å™¨å¾ªçŽ¯æ¯æ¶²è¿›æ–™é˜€å¼€åº¦,1æ•ˆå‡ºæ–™é˜€é—¨å¼€åº¦,1é—ªå‡ºæ–™é˜€å¼€åº¦,3é—ªå‡ºæ–™é˜€å¼€åº¦,4é—ªå‡ºæ–™é˜€å¼€åº¦,2æ•ˆåˆ°1æ•ˆæ³µå¼€åº¦,4æ•ˆåˆ°3æ•ˆæ³µå¼€åº¦,5æ•ˆåˆ°4æ•ˆæ³µå¼€åº¦,6æ•ˆå‡ºæ–™å‡ºæ–™æ³µå¼€åº¦,1æ•ˆåŽŸæ¶²æ¢çƒ­å‰æ¸©åº¦,1æ•ˆå‡ºæ–™æ¸©åº¦,1æ•ˆè’¸å‘å™¨æ±½æ¸©,1æ•ˆè’¸å‘å™¨æ±½å®¤åŽ‹åŠ› --target_cols 1æ•ˆè’¸å‘å™¨æ±½å®¤åŽ‹åŠ› --seq_len 30 --label_len 2 --pred_len 30 --timestamp_feature none --train_epochs 50 --gpu 0 --use_nni --checkpoints ./checkpoints/alumina_transformer_train_only --hidden_dim 128 --d_model 128 --e_layers 1 --d_layers 1
model_id: alumina_transformer/STANDALONE
Args in experiment:
Namespace(use_nni=True, stage='train_only', model_id='alumina_transformer/STANDALONE', log_path='log', checkpoints='./checkpoints/alumina_transformer_train_only', key=None, task_name='Forecast', features='MS', embed='timeF', freq='h', trainset_csv_path='/workspace/qiuyunzhong/TSFrameworkData/alumina_trainset.csv', validset_csv_path='/workspace/qiuyunzhong/TSFrameworkData/alumina_validset.csv', testset_csv_path='/workspace/qiuyunzhong/TSFrameworkData/alumina_testset_new.csv', datetime_col='dtime', feature_cols='5æ•ˆ5é—ªåˆ°è°ƒé…æ§½åŽå¾ªçŽ¯æ¯æ¶²Nk,5æ•ˆ5é—ªåˆ°è°ƒé…æ§½åŽå¾ªçŽ¯æ¯æ¶²ak/Rp,6æ•ˆå‡ºæ–™å¯†åº¦,5é—ªå‡ºæ–™å¯†åº¦,57æ•ˆå¾ªçŽ¯æ¯æ¶²è¿›æ–™æ¸©åº¦,57æ•ˆå¾ªçŽ¯æ¯æ¶²è¿›æ–™å¯†åº¦,å†·å‡å™¨å‡ºæ±½åŽ‹åŠ›,5æ•ˆ5é—ªè’¸å‘æ¯æ¶²åŽ»å¾ªçŽ¯æ¯æ¶²è°ƒé…æ§½æ€»æµé‡,2æ•ˆè’¸å‘å™¨æ±½æ¸©,2æ•ˆè’¸å‘å™¨æ±½å®¤åŽ‹åŠ›,2æ•ˆåŽŸæ¶²æ¢çƒ­å‰æ¸©åº¦,3æ•ˆè’¸å‘å™¨æ±½æ¸©,3æ•ˆè’¸å‘å™¨æ±½å®¤åŽ‹åŠ›,3æ•ˆåŽŸæ¶²æ¢çƒ­å‰æ¸©åº¦,4æ•ˆè’¸å‘å™¨æ±½æ¸©,4æ•ˆè’¸å‘å™¨æ±½å®¤åŽ‹åŠ›,4æ•ˆåŽŸæ¶²æ¢çƒ­å‰æ¸©åº¦,5æ•ˆè’¸å‘å™¨æ±½æ¸©,5æ•ˆè’¸å‘å™¨æ±½å®¤åŽ‹åŠ›,5æ•ˆåŽŸæ¶²æ¢çƒ­å‰æ¸©åº¦,5æ•ˆå¾ªçŽ¯æ¯æ¶²è¿›æ–™æµé‡,6æ•ˆè’¸å‘å™¨æ±½æ¸©,6æ•ˆè’¸å‘å™¨æ±½å®¤åŽ‹åŠ›,6æ•ˆåŽŸæ¶²æ¢çƒ­å‰æ¸©åº¦,åŽŸæ¶²é—ªè’¸å™¨å¾ªçŽ¯æ¯æ¶²è¿›æ–™æµé‡,åŽŸæ¶²é—ªè’¸å™¨å‡ºæ–™æ¸©åº¦,åŽŸæ¶²é—ªè’¸å™¨è’¸æ±½åŽ‹åŠ›,7æ•ˆåŽŸæ¶²æ¢çƒ­å‰æ¸©åº¦,7æ•ˆè’¸å‘å™¨æ±½æ¸©,7æ•ˆè’¸å‘å™¨æ±½å®¤åŽ‹åŠ›,1é—ªå‡ºæ–™æ¸©åº¦,2é—ªå‡ºæ–™æ¸©åº¦,3é—ªå‡ºæ–™æ¸©åº¦,4é—ªå‡ºæ–™æ¸©åº¦,5é—ªå‡ºæ–™æ¸©åº¦,5é—ªåŽ»å¾ªçŽ¯æ¯æ¶²è°ƒé…æ§½å¯†åº¦,5é—ªåŽ»å¾ªçŽ¯æ¯æ¶²è°ƒé…æ§½æµé‡,æ–°è’¸æ±½è¿›æ–™åŽ‹åŠ›,æ–°è’¸æ±½è¿›æ–™æµé‡,æ–°è’¸æ±½è¿›æ–™æ¸©åº¦,å¾ªçŽ¯ä¸Šæ°´æ¸©åº¦,å¾ªçŽ¯ä¸Šæ°´æµé‡,å¾ªçŽ¯ä¸‹æ°´æ¸©åº¦,åŽŸæ¶²é—ªè’¸å™¨å¾ªçŽ¯æ¯æ¶²è¿›æ–™é˜€å¼€åº¦,1æ•ˆå‡ºæ–™é˜€é—¨å¼€åº¦,1é—ªå‡ºæ–™é˜€å¼€åº¦,3é—ªå‡ºæ–™é˜€å¼€åº¦,4é—ªå‡ºæ–™é˜€å¼€åº¦,2æ•ˆåˆ°1æ•ˆæ³µå¼€åº¦,4æ•ˆåˆ°3æ•ˆæ³µå¼€åº¦,5æ•ˆåˆ°4æ•ˆæ³µå¼€åº¦,6æ•ˆå‡ºæ–™å‡ºæ–™æ³µå¼€åº¦,1æ•ˆåŽŸæ¶²æ¢çƒ­å‰æ¸©åº¦,1æ•ˆå‡ºæ–™æ¸©åº¦,1æ•ˆè’¸å‘å™¨æ±½æ¸©,1æ•ˆè’¸å‘å™¨æ±½å®¤åŽ‹åŠ›', target_cols='1æ•ˆè’¸å‘å™¨æ±½å®¤åŽ‹åŠ›', timestamp_feature='none', seq_len=30, label_len=2, pred_len=30, interval=900, model_name='alumina_transformer', d_model=128, n_heads=8, e_layers=1, d_layers=1, d_ff=512, hidden_dim=128, factor=1, dropout=0.05, activation='gelu', output_attention=False, optimizer='Adam', fix_seed=-1, num_workers=10, train_epochs=50, batch_size=64, patience=7, lr=0.0001, gpu=0, label_loss_rate=0.5, reg_loss_rate=0.5, use_norm=1, patch_len=16, target_num=1, use_gpu=True, hpo='nni')
Performing MS Forecasting (TimeXer)
Use GPU... cuda:0
Adjusting learning rate of group 0 to 1.0000e-04.
>>>>>>>start training : alumina_transformer/STANDALONE>>>>>>>>>>>>>>>>>>>>>>>>>>
	iters: 382, epoch: 1 | train_loss : 0.0076
	speed: 0.138238s/iter; left time: 13156.007207s
	iters: 764, epoch: 1 | train_loss : 0.0094
	speed: 0.094749s/iter; left time: 8980.965660s
	iters: 1146, epoch: 1 | train_loss : 0.0051
	speed: 0.096288s/iter; left time: 9090.041251s
	iters: 1528, epoch: 1 | train_loss : 0.0083
	speed: 0.097467s/iter; left time: 9164.121544s
	iters: 1910, epoch: 1 | train_loss : 0.0057
	speed: 0.085519s/iter; left time: 8008.086011s
[2024-03-02 08:13:41] [32mIntermediate result: 0.08647412806749344  (Index 0)[0m
Epoch: 1 | cost time: 435.7524757385254 | valid_loss: 0.08647412806749344 | valid_loss_true: 0.0221719924646866
Chepoint Saved at:  ./checkpoints/alumina_transformer_train_only/alumina_transformer/STANDALONE/checkpoint-0.pth
Adjusting learning rate of group 0 to 8.5000e-05.
	iters: 382, epoch: 2 | train_loss : 0.0052
	speed: 0.717602s/iter; left time: 66922.128556s
	iters: 764, epoch: 2 | train_loss : 0.0050
	speed: 0.064305s/iter; left time: 5972.402915s
	iters: 1146, epoch: 2 | train_loss : 0.0084
	speed: 0.064713s/iter; left time: 5985.606826s
	iters: 1528, epoch: 2 | train_loss : 0.0040
	speed: 0.085909s/iter; left time: 7913.293350s
	iters: 1910, epoch: 2 | train_loss : 0.0580
	speed: 0.159388s/iter; left time: 14620.703245s
[2024-03-02 08:19:42] [32mIntermediate result: 0.08583826571702957  (Index 1)[0m
Epoch: 2 | cost time: 360.94271516799927 | valid_loss: 0.08583826571702957 | valid_loss_true: 0.022500054969883956
Chepoint Saved at:  ./checkpoints/alumina_transformer_train_only/alumina_transformer/STANDALONE/checkpoint-1.pth
Adjusting learning rate of group 0 to 7.2250e-05.
	iters: 382, epoch: 3 | train_loss : 0.0068
	speed: 0.554179s/iter; left time: 50622.603706s
	iters: 764, epoch: 3 | train_loss : 0.0062
	speed: 0.069316s/iter; left time: 6305.285846s
	iters: 1146, epoch: 3 | train_loss : 0.0028
	speed: 0.066820s/iter; left time: 6052.714832s
	iters: 1528, epoch: 3 | train_loss : 0.0073
	speed: 0.060713s/iter; left time: 5476.395748s
	iters: 1910, epoch: 3 | train_loss : 0.0030
	speed: 0.057904s/iter; left time: 5200.899731s
[2024-03-02 08:23:08] [32mIntermediate result: 0.08602485060691833  (Index 2)[0m
Epoch: 3 | cost time: 205.77922010421753 | valid_loss: 0.08602485060691833 | valid_loss_true: 0.023047723792985263
Adjusting learning rate of group 0 to 6.1413e-05.
	iters: 382, epoch: 4 | train_loss : 0.0041
	speed: 0.283235s/iter; left time: 25331.411941s
	iters: 764, epoch: 4 | train_loss : 0.0041
	speed: 0.066705s/iter; left time: 5940.341431s
	iters: 1146, epoch: 4 | train_loss : 0.0058
	speed: 0.060915s/iter; left time: 5401.418478s
	iters: 1528, epoch: 4 | train_loss : 0.0063
	speed: 0.058447s/iter; left time: 5160.242890s
	iters: 1910, epoch: 4 | train_loss : 0.0039
	speed: 0.058961s/iter; left time: 5183.123462s
[2024-03-02 08:26:34] [32mIntermediate result: 0.08644109964370728  (Index 3)[0m
Epoch: 4 | cost time: 206.1277515888214 | valid_loss: 0.08644109964370728 | valid_loss_true: 0.023331625388070768
Adjusting learning rate of group 0 to 5.2201e-05.
	iters: 382, epoch: 5 | train_loss : 0.0033
	speed: 0.293523s/iter; left time: 25690.640632s
	iters: 764, epoch: 5 | train_loss : 0.0084
	speed: 0.061956s/iter; left time: 5399.004510s
	iters: 1146, epoch: 5 | train_loss : 0.0042
	speed: 0.057411s/iter; left time: 4981.028222s
	iters: 1528, epoch: 5 | train_loss : 0.0039
	speed: 0.058229s/iter; left time: 5029.757090s
	iters: 1910, epoch: 5 | train_loss : 0.0201
	speed: 0.065862s/iter; left time: 5663.949093s
[2024-03-02 08:29:58] [32mIntermediate result: 0.08749604970216751  (Index 4)[0m
Epoch: 5 | cost time: 204.56955218315125 | valid_loss: 0.08749604970216751 | valid_loss_true: 0.024010331741589647
Adjusting learning rate of group 0 to 4.4371e-05.
	iters: 382, epoch: 6 | train_loss : 0.0072
	speed: 0.292600s/iter; left time: 25050.696003s
	iters: 764, epoch: 6 | train_loss : 0.0030
	speed: 0.058373s/iter; left time: 4975.254557s
	iters: 1146, epoch: 6 | train_loss : 0.0038
	speed: 0.056278s/iter; left time: 4775.203527s
	iters: 1528, epoch: 6 | train_loss : 0.0050
	speed: 0.060670s/iter; left time: 5124.637877s
	iters: 1910, epoch: 6 | train_loss : 0.0040
	speed: 0.069134s/iter; left time: 5813.181693s
[2024-03-02 08:33:23] [32mIntermediate result: 0.08714503049850464  (Index 5)[0m
Epoch: 6 | cost time: 205.1602818965912 | valid_loss: 0.08714503049850464 | valid_loss_true: 0.02382666019951145
Adjusting learning rate of group 0 to 3.7715e-05.
	iters: 382, epoch: 7 | train_loss : 0.0052
	speed: 0.285767s/iter; left time: 23919.567928s
	iters: 764, epoch: 7 | train_loss : 0.0049
	speed: 0.056367s/iter; left time: 4696.537676s
	iters: 1146, epoch: 7 | train_loss : 0.0045
	speed: 0.059026s/iter; left time: 4895.535550s
	iters: 1528, epoch: 7 | train_loss : 0.0044
	speed: 0.068815s/iter; left time: 5681.147157s
	iters: 1910, epoch: 7 | train_loss : 0.0061
	speed: 0.067610s/iter; left time: 5555.871122s
[2024-03-02 08:36:47] [32mIntermediate result: 0.08801855146884918  (Index 6)[0m
Epoch: 7 | cost time: 203.55326962471008 | valid_loss: 0.08801855146884918 | valid_loss_true: 0.024237744241907618
Adjusting learning rate of group 0 to 3.2058e-05.
	iters: 382, epoch: 8 | train_loss : 0.0047
	speed: 0.285004s/iter; left time: 23311.081096s
	iters: 764, epoch: 8 | train_loss : 0.0038
	speed: 0.065888s/iter; left time: 5363.969907s
	iters: 1146, epoch: 8 | train_loss : 0.0035
	speed: 0.066335s/iter; left time: 5374.952199s
	iters: 1528, epoch: 8 | train_loss : 0.0059
	speed: 0.066598s/iter; left time: 5370.896209s
	iters: 1910, epoch: 8 | train_loss : 0.0035
	speed: 0.066168s/iter; left time: 5310.900382s
[2024-03-02 08:40:11] [32mIntermediate result: 0.08794732391834259  (Index 7)[0m
Epoch: 8 | cost time: 204.16177320480347 | valid_loss: 0.08794732391834259 | valid_loss_true: 0.02405472779106153
Adjusting learning rate of group 0 to 2.7249e-05.
	iters: 382, epoch: 9 | train_loss : 0.0036
	speed: 0.273538s/iter; left time: 21850.461780s
	iters: 764, epoch: 9 | train_loss : 0.0031
	speed: 0.066846s/iter; left time: 5314.186529s
	iters: 1146, epoch: 9 | train_loss : 0.0037
	speed: 0.069154s/iter; left time: 5471.240409s
	iters: 1528, epoch: 9 | train_loss : 0.0036
	speed: 0.058912s/iter; left time: 4638.452250s
	iters: 1910, epoch: 9 | train_loss : 0.0039
	speed: 0.056831s/iter; left time: 4452.862353s
[2024-03-02 08:43:38] [32mIntermediate result: 0.08810678869485855  (Index 8)[0m
Epoch: 9 | cost time: 206.86100101470947 | valid_loss: 0.08810678869485855 | valid_loss_true: 0.0240280420598486
Adjusting learning rate of group 0 to 2.3162e-05.
	iters: 382, epoch: 10 | train_loss : 0.0045
	speed: 0.291415s/iter; left time: 22721.625931s
	iters: 764, epoch: 10 | train_loss : 0.0055
	speed: 0.069464s/iter; left time: 5389.598651s
	iters: 1146, epoch: 10 | train_loss : 0.0043
	speed: 0.063133s/iter; left time: 4874.210939s
	iters: 1528, epoch: 10 | train_loss : 0.0043
	speed: 0.055685s/iter; left time: 4277.977545s
	iters: 1910, epoch: 10 | train_loss : 0.0042
	speed: 0.067125s/iter; left time: 5131.142123s
[2024-03-02 08:47:11] [32mIntermediate result: 0.08696998655796051  (Index 9)[0m
Epoch: 10 | cost time: 213.28405714035034 | valid_loss: 0.08696998655796051 | valid_loss_true: 0.023663315066823776
Early stop with best valid_loss: 0.08696998655796051
[2024-03-02 08:47:11] [32mFinal result: 0.08583826571702957[0m
>>>>>>>end of training : alumina_transformer/STANDALONE>>>>>>>>>>>>>>>>>>>>>>>>>>
python -u main_nni.py --stage train_only --model_id alumina_transformer --model_name alumina_transformer --features MS --log_path log --trainset_csv_path /workspace/qiuyunzhong/TSFrameworkData/alumina_trainset.csv --validset_csv_path /workspace/qiuyunzhong/TSFrameworkData/alumina_validset.csv --testset_csv_path /workspace/qiuyunzhong/TSFrameworkData/alumina_testset_new.csv --datetime_col dtime --feature_cols 5æ•ˆ5é—ªåˆ°è°ƒé…æ§½åŽå¾ªçŽ¯æ¯æ¶²Nk,5æ•ˆ5é—ªåˆ°è°ƒé…æ§½åŽå¾ªçŽ¯æ¯æ¶²ak/Rp,6æ•ˆå‡ºæ–™å¯†åº¦,5é—ªå‡ºæ–™å¯†åº¦,57æ•ˆå¾ªçŽ¯æ¯æ¶²è¿›æ–™æ¸©åº¦,57æ•ˆå¾ªçŽ¯æ¯æ¶²è¿›æ–™å¯†åº¦,å†·å‡å™¨å‡ºæ±½åŽ‹åŠ›,5æ•ˆ5é—ªè’¸å‘æ¯æ¶²åŽ»å¾ªçŽ¯æ¯æ¶²è°ƒé…æ§½æ€»æµé‡,2æ•ˆè’¸å‘å™¨æ±½æ¸©,2æ•ˆè’¸å‘å™¨æ±½å®¤åŽ‹åŠ›,2æ•ˆåŽŸæ¶²æ¢çƒ­å‰æ¸©åº¦,3æ•ˆè’¸å‘å™¨æ±½æ¸©,3æ•ˆè’¸å‘å™¨æ±½å®¤åŽ‹åŠ›,3æ•ˆåŽŸæ¶²æ¢çƒ­å‰æ¸©åº¦,4æ•ˆè’¸å‘å™¨æ±½æ¸©,4æ•ˆè’¸å‘å™¨æ±½å®¤åŽ‹åŠ›,4æ•ˆåŽŸæ¶²æ¢çƒ­å‰æ¸©åº¦,5æ•ˆè’¸å‘å™¨æ±½æ¸©,5æ•ˆè’¸å‘å™¨æ±½å®¤åŽ‹åŠ›,5æ•ˆåŽŸæ¶²æ¢çƒ­å‰æ¸©åº¦,5æ•ˆå¾ªçŽ¯æ¯æ¶²è¿›æ–™æµé‡,6æ•ˆè’¸å‘å™¨æ±½æ¸©,6æ•ˆè’¸å‘å™¨æ±½å®¤åŽ‹åŠ›,6æ•ˆåŽŸæ¶²æ¢çƒ­å‰æ¸©åº¦,åŽŸæ¶²é—ªè’¸å™¨å¾ªçŽ¯æ¯æ¶²è¿›æ–™æµé‡,åŽŸæ¶²é—ªè’¸å™¨å‡ºæ–™æ¸©åº¦,åŽŸæ¶²é—ªè’¸å™¨è’¸æ±½åŽ‹åŠ›,7æ•ˆåŽŸæ¶²æ¢çƒ­å‰æ¸©åº¦,7æ•ˆè’¸å‘å™¨æ±½æ¸©,7æ•ˆè’¸å‘å™¨æ±½å®¤åŽ‹åŠ›,1é—ªå‡ºæ–™æ¸©åº¦,2é—ªå‡ºæ–™æ¸©åº¦,3é—ªå‡ºæ–™æ¸©åº¦,4é—ªå‡ºæ–™æ¸©åº¦,5é—ªå‡ºæ–™æ¸©åº¦,5é—ªåŽ»å¾ªçŽ¯æ¯æ¶²è°ƒé…æ§½å¯†åº¦,5é—ªåŽ»å¾ªçŽ¯æ¯æ¶²è°ƒé…æ§½æµé‡,æ–°è’¸æ±½è¿›æ–™åŽ‹åŠ›,æ–°è’¸æ±½è¿›æ–™æµé‡,æ–°è’¸æ±½è¿›æ–™æ¸©åº¦,å¾ªçŽ¯ä¸Šæ°´æ¸©åº¦,å¾ªçŽ¯ä¸Šæ°´æµé‡,å¾ªçŽ¯ä¸‹æ°´æ¸©åº¦,åŽŸæ¶²é—ªè’¸å™¨å¾ªçŽ¯æ¯æ¶²è¿›æ–™é˜€å¼€åº¦,1æ•ˆå‡ºæ–™é˜€é—¨å¼€åº¦,1é—ªå‡ºæ–™é˜€å¼€åº¦,3é—ªå‡ºæ–™é˜€å¼€åº¦,4é—ªå‡ºæ–™é˜€å¼€åº¦,2æ•ˆåˆ°1æ•ˆæ³µå¼€åº¦,4æ•ˆåˆ°3æ•ˆæ³µå¼€åº¦,5æ•ˆåˆ°4æ•ˆæ³µå¼€åº¦,6æ•ˆå‡ºæ–™å‡ºæ–™æ³µå¼€åº¦,1æ•ˆå‡ºæ–™æ¸©åº¦,1æ•ˆè’¸å‘å™¨æ±½æ¸©,1æ•ˆè’¸å‘å™¨æ±½å®¤åŽ‹åŠ›,1æ•ˆåŽŸæ¶²æ¢çƒ­å‰æ¸©åº¦ --target_cols 1æ•ˆåŽŸæ¶²æ¢çƒ­å‰æ¸©åº¦ --seq_len 30 --label_len 2 --pred_len 30 --timestamp_feature none --train_epochs 50 --gpu 0 --use_nni --checkpoints ./checkpoints/alumina_transformer_train_only --hidden_dim 128 --d_model 128 --e_layers 1 --d_layers 1
model_id: alumina_transformer/STANDALONE
Args in experiment:
Namespace(use_nni=True, stage='train_only', model_id='alumina_transformer/STANDALONE', log_path='log', checkpoints='./checkpoints/alumina_transformer_train_only', key=None, task_name='Forecast', features='MS', embed='timeF', freq='h', trainset_csv_path='/workspace/qiuyunzhong/TSFrameworkData/alumina_trainset.csv', validset_csv_path='/workspace/qiuyunzhong/TSFrameworkData/alumina_validset.csv', testset_csv_path='/workspace/qiuyunzhong/TSFrameworkData/alumina_testset_new.csv', datetime_col='dtime', feature_cols='5æ•ˆ5é—ªåˆ°è°ƒé…æ§½åŽå¾ªçŽ¯æ¯æ¶²Nk,5æ•ˆ5é—ªåˆ°è°ƒé…æ§½åŽå¾ªçŽ¯æ¯æ¶²ak/Rp,6æ•ˆå‡ºæ–™å¯†åº¦,5é—ªå‡ºæ–™å¯†åº¦,57æ•ˆå¾ªçŽ¯æ¯æ¶²è¿›æ–™æ¸©åº¦,57æ•ˆå¾ªçŽ¯æ¯æ¶²è¿›æ–™å¯†åº¦,å†·å‡å™¨å‡ºæ±½åŽ‹åŠ›,5æ•ˆ5é—ªè’¸å‘æ¯æ¶²åŽ»å¾ªçŽ¯æ¯æ¶²è°ƒé…æ§½æ€»æµé‡,2æ•ˆè’¸å‘å™¨æ±½æ¸©,2æ•ˆè’¸å‘å™¨æ±½å®¤åŽ‹åŠ›,2æ•ˆåŽŸæ¶²æ¢çƒ­å‰æ¸©åº¦,3æ•ˆè’¸å‘å™¨æ±½æ¸©,3æ•ˆè’¸å‘å™¨æ±½å®¤åŽ‹åŠ›,3æ•ˆåŽŸæ¶²æ¢çƒ­å‰æ¸©åº¦,4æ•ˆè’¸å‘å™¨æ±½æ¸©,4æ•ˆè’¸å‘å™¨æ±½å®¤åŽ‹åŠ›,4æ•ˆåŽŸæ¶²æ¢çƒ­å‰æ¸©åº¦,5æ•ˆè’¸å‘å™¨æ±½æ¸©,5æ•ˆè’¸å‘å™¨æ±½å®¤åŽ‹åŠ›,5æ•ˆåŽŸæ¶²æ¢çƒ­å‰æ¸©åº¦,5æ•ˆå¾ªçŽ¯æ¯æ¶²è¿›æ–™æµé‡,6æ•ˆè’¸å‘å™¨æ±½æ¸©,6æ•ˆè’¸å‘å™¨æ±½å®¤åŽ‹åŠ›,6æ•ˆåŽŸæ¶²æ¢çƒ­å‰æ¸©åº¦,åŽŸæ¶²é—ªè’¸å™¨å¾ªçŽ¯æ¯æ¶²è¿›æ–™æµé‡,åŽŸæ¶²é—ªè’¸å™¨å‡ºæ–™æ¸©åº¦,åŽŸæ¶²é—ªè’¸å™¨è’¸æ±½åŽ‹åŠ›,7æ•ˆåŽŸæ¶²æ¢çƒ­å‰æ¸©åº¦,7æ•ˆè’¸å‘å™¨æ±½æ¸©,7æ•ˆè’¸å‘å™¨æ±½å®¤åŽ‹åŠ›,1é—ªå‡ºæ–™æ¸©åº¦,2é—ªå‡ºæ–™æ¸©åº¦,3é—ªå‡ºæ–™æ¸©åº¦,4é—ªå‡ºæ–™æ¸©åº¦,5é—ªå‡ºæ–™æ¸©åº¦,5é—ªåŽ»å¾ªçŽ¯æ¯æ¶²è°ƒé…æ§½å¯†åº¦,5é—ªåŽ»å¾ªçŽ¯æ¯æ¶²è°ƒé…æ§½æµé‡,æ–°è’¸æ±½è¿›æ–™åŽ‹åŠ›,æ–°è’¸æ±½è¿›æ–™æµé‡,æ–°è’¸æ±½è¿›æ–™æ¸©åº¦,å¾ªçŽ¯ä¸Šæ°´æ¸©åº¦,å¾ªçŽ¯ä¸Šæ°´æµé‡,å¾ªçŽ¯ä¸‹æ°´æ¸©åº¦,åŽŸæ¶²é—ªè’¸å™¨å¾ªçŽ¯æ¯æ¶²è¿›æ–™é˜€å¼€åº¦,1æ•ˆå‡ºæ–™é˜€é—¨å¼€åº¦,1é—ªå‡ºæ–™é˜€å¼€åº¦,3é—ªå‡ºæ–™é˜€å¼€åº¦,4é—ªå‡ºæ–™é˜€å¼€åº¦,2æ•ˆåˆ°1æ•ˆæ³µå¼€åº¦,4æ•ˆåˆ°3æ•ˆæ³µå¼€åº¦,5æ•ˆåˆ°4æ•ˆæ³µå¼€åº¦,6æ•ˆå‡ºæ–™å‡ºæ–™æ³µå¼€åº¦,1æ•ˆå‡ºæ–™æ¸©åº¦,1æ•ˆè’¸å‘å™¨æ±½æ¸©,1æ•ˆè’¸å‘å™¨æ±½å®¤åŽ‹åŠ›,1æ•ˆåŽŸæ¶²æ¢çƒ­å‰æ¸©åº¦', target_cols='1æ•ˆåŽŸæ¶²æ¢çƒ­å‰æ¸©åº¦', timestamp_feature='none', seq_len=30, label_len=2, pred_len=30, interval=900, model_name='alumina_transformer', d_model=128, n_heads=8, e_layers=1, d_layers=1, d_ff=512, hidden_dim=128, factor=1, dropout=0.05, activation='gelu', output_attention=False, optimizer='Adam', fix_seed=-1, num_workers=10, train_epochs=50, batch_size=64, patience=7, lr=0.0001, gpu=0, label_loss_rate=0.5, reg_loss_rate=0.5, use_norm=1, patch_len=16, target_num=1, use_gpu=True, hpo='nni')
Performing MS Forecasting (TimeXer)
Use GPU... cuda:0
Adjusting learning rate of group 0 to 1.0000e-04.
>>>>>>>start training : alumina_transformer/STANDALONE>>>>>>>>>>>>>>>>>>>>>>>>>>
	iters: 382, epoch: 1 | train_loss : 0.0017
	speed: 0.071022s/iter; left time: 6759.093905s
	iters: 764, epoch: 1 | train_loss : 0.0046
	speed: 0.066469s/iter; left time: 6300.437239s
	iters: 1146, epoch: 1 | train_loss : 0.0047
	speed: 0.065478s/iter; left time: 6181.407315s
	iters: 1528, epoch: 1 | train_loss : 0.0011
	speed: 0.066277s/iter; left time: 6231.568208s
	iters: 1910, epoch: 1 | train_loss : 0.0020
	speed: 0.070711s/iter; left time: 6621.454460s
[2024-03-02 08:50:53] [32mIntermediate result: 0.020445168018341064  (Index 0)[0m
Epoch: 1 | cost time: 213.08774828910828 | valid_loss: 0.020445168018341064 | valid_loss_true: 1.0230249250178367
Chepoint Saved at:  ./checkpoints/alumina_transformer_train_only/alumina_transformer/STANDALONE/checkpoint-0.pth
Adjusting learning rate of group 0 to 8.5000e-05.
	iters: 382, epoch: 2 | train_loss : 0.0024
	speed: 0.285410s/iter; left time: 26616.774373s
	iters: 764, epoch: 2 | train_loss : 0.0005
	speed: 0.065991s/iter; left time: 6129.004437s
	iters: 1146, epoch: 2 | train_loss : 0.0016
	speed: 0.067354s/iter; left time: 6229.861663s
	iters: 1528, epoch: 2 | train_loss : 0.0008
	speed: 0.066911s/iter; left time: 6163.276446s
	iters: 1910, epoch: 2 | train_loss : 0.0056
	speed: 0.067451s/iter; left time: 6187.243780s
[2024-03-02 08:54:18] [32mIntermediate result: 0.01969916746020317  (Index 1)[0m
Epoch: 2 | cost time: 205.48949146270752 | valid_loss: 0.01969916746020317 | valid_loss_true: 0.9989955969636536
Chepoint Saved at:  ./checkpoints/alumina_transformer_train_only/alumina_transformer/STANDALONE/checkpoint-1.pth
Adjusting learning rate of group 0 to 7.2250e-05.
	iters: 382, epoch: 3 | train_loss : 0.0026
	speed: 0.276272s/iter; left time: 25236.576406s
	iters: 764, epoch: 3 | train_loss : 0.0004
	speed: 0.067128s/iter; left time: 6106.333932s
	iters: 1146, epoch: 3 | train_loss : 0.0006
	speed: 0.065538s/iter; left time: 5936.584957s
	iters: 1528, epoch: 3 | train_loss : 0.0006
	speed: 0.058511s/iter; left time: 5277.717386s
	iters: 1910, epoch: 3 | train_loss : 0.0003
	speed: 0.061289s/iter; left time: 5504.920414s
[2024-03-02 08:57:46] [32mIntermediate result: 0.01876050792634487  (Index 2)[0m
Epoch: 3 | cost time: 207.45710635185242 | valid_loss: 0.01876050792634487 | valid_loss_true: 0.9714723090979799
Chepoint Saved at:  ./checkpoints/alumina_transformer_train_only/alumina_transformer/STANDALONE/checkpoint-2.pth
Adjusting learning rate of group 0 to 6.1413e-05.
	iters: 382, epoch: 4 | train_loss : 0.0004
	speed: 0.290457s/iter; left time: 25977.279734s
	iters: 764, epoch: 4 | train_loss : 0.0015
	speed: 0.065074s/iter; left time: 5795.066374s
	iters: 1146, epoch: 4 | train_loss : 0.0007
	speed: 0.058574s/iter; left time: 5193.846827s
	iters: 1528, epoch: 4 | train_loss : 0.0005
	speed: 0.057277s/iter; left time: 5056.958647s
	iters: 1910, epoch: 4 | train_loss : 0.0178
	speed: 0.064485s/iter; left time: 5668.780415s
[2024-03-02 09:01:11] [32mIntermediate result: 0.018467554822564125  (Index 3)[0m
Epoch: 4 | cost time: 205.19621920585632 | valid_loss: 0.018467554822564125 | valid_loss_true: 0.9583121570567347
Chepoint Saved at:  ./checkpoints/alumina_transformer_train_only/alumina_transformer/STANDALONE/checkpoint-3.pth
Adjusting learning rate of group 0 to 5.2201e-05.
	iters: 382, epoch: 5 | train_loss : 0.0010
	speed: 0.290991s/iter; left time: 25469.029107s
	iters: 764, epoch: 5 | train_loss : 0.0005
	speed: 0.058562s/iter; left time: 5103.311530s
	iters: 1146, epoch: 5 | train_loss : 0.0003
	speed: 0.058873s/iter; left time: 5107.915979s
	iters: 1528, epoch: 5 | train_loss : 0.0007
	speed: 0.060558s/iter; left time: 5230.898091s
	iters: 1910, epoch: 5 | train_loss : 0.0079
	speed: 0.066916s/iter; left time: 5754.590455s
[2024-03-02 09:04:38] [32mIntermediate result: 0.01821427419781685  (Index 4)[0m
Epoch: 5 | cost time: 206.47900199890137 | valid_loss: 0.01821427419781685 | valid_loss_true: 0.9533480500598407
Chepoint Saved at:  ./checkpoints/alumina_transformer_train_only/alumina_transformer/STANDALONE/checkpoint-4.pth
Adjusting learning rate of group 0 to 4.4371e-05.
	iters: 382, epoch: 6 | train_loss : 0.0035
	speed: 0.300013s/iter; left time: 25685.288332s
	iters: 764, epoch: 6 | train_loss : 0.0051
	speed: 0.064717s/iter; left time: 5515.961690s
	iters: 1146, epoch: 6 | train_loss : 0.0104
	speed: 0.059977s/iter; left time: 5089.027345s
	iters: 1528, epoch: 6 | train_loss : 0.0006
	speed: 0.069774s/iter; left time: 5893.701478s
	iters: 1910, epoch: 6 | train_loss : 0.0006
	speed: 0.068871s/iter; left time: 5791.100870s
[2024-03-02 09:08:07] [32mIntermediate result: 0.01803397573530674  (Index 5)[0m
Epoch: 6 | cost time: 209.05384063720703 | valid_loss: 0.01803397573530674 | valid_loss_true: 0.9450831976482543
Chepoint Saved at:  ./checkpoints/alumina_transformer_train_only/alumina_transformer/STANDALONE/checkpoint-5.pth
Adjusting learning rate of group 0 to 3.7715e-05.
	iters: 382, epoch: 7 | train_loss : 0.0003
	speed: 0.274263s/iter; left time: 22956.625492s
	iters: 764, epoch: 7 | train_loss : 0.0005
	speed: 0.067794s/iter; left time: 5648.700821s
	iters: 1146, epoch: 7 | train_loss : 0.0006
	speed: 0.068492s/iter; left time: 5680.677971s
	iters: 1528, epoch: 7 | train_loss : 0.0004
	speed: 0.066885s/iter; left time: 5521.850667s
	iters: 1910, epoch: 7 | train_loss : 0.0028
	speed: 0.065166s/iter; left time: 5355.040077s
[2024-03-02 09:11:33] [32mIntermediate result: 0.017983371391892433  (Index 6)[0m
Epoch: 7 | cost time: 205.92977023124695 | valid_loss: 0.017983371391892433 | valid_loss_true: 0.9423230414869955
Chepoint Saved at:  ./checkpoints/alumina_transformer_train_only/alumina_transformer/STANDALONE/checkpoint-6.pth
Adjusting learning rate of group 0 to 3.2058e-05.
	iters: 382, epoch: 8 | train_loss : 0.0010
	speed: 0.276601s/iter; left time: 22623.789472s
	iters: 764, epoch: 8 | train_loss : 0.0005
	speed: 0.069352s/iter; left time: 5645.962797s
	iters: 1146, epoch: 8 | train_loss : 0.0003
	speed: 0.064565s/iter; left time: 5231.532472s
	iters: 1528, epoch: 8 | train_loss : 0.0753
	speed: 0.056921s/iter; left time: 4590.432212s
	iters: 1910, epoch: 8 | train_loss : 0.0002
	speed: 0.056808s/iter; left time: 4559.603384s
[2024-03-02 09:14:58] [32mIntermediate result: 0.01779385842382908  (Index 7)[0m
Epoch: 8 | cost time: 204.92453026771545 | valid_loss: 0.01779385842382908 | valid_loss_true: 0.9387691627855235
Chepoint Saved at:  ./checkpoints/alumina_transformer_train_only/alumina_transformer/STANDALONE/checkpoint-7.pth
Adjusting learning rate of group 0 to 2.7249e-05.
	iters: 382, epoch: 9 | train_loss : 0.0002
	speed: 0.287321s/iter; left time: 22951.527057s
	iters: 764, epoch: 9 | train_loss : 0.0003
	speed: 0.065740s/iter; left time: 5226.251698s
	iters: 1146, epoch: 9 | train_loss : 0.0008
	speed: 0.058153s/iter; left time: 4600.857781s
	iters: 1528, epoch: 9 | train_loss : 0.0005
	speed: 0.056783s/iter; left time: 4470.793698s
	iters: 1910, epoch: 9 | train_loss : 0.0003
	speed: 0.062787s/iter; left time: 4919.572437s
[2024-03-02 09:18:22] [32mIntermediate result: 0.01777486689388752  (Index 8)[0m
Epoch: 9 | cost time: 204.6063687801361 | valid_loss: 0.01777486689388752 | valid_loss_true: 0.9364085603725504
Chepoint Saved at:  ./checkpoints/alumina_transformer_train_only/alumina_transformer/STANDALONE/checkpoint-8.pth
Adjusting learning rate of group 0 to 2.3162e-05.
	iters: 382, epoch: 10 | train_loss : 0.0004
	speed: 0.294204s/iter; left time: 22939.104452s
	iters: 764, epoch: 10 | train_loss : 0.0012
	speed: 0.057818s/iter; left time: 4486.016560s
	iters: 1146, epoch: 10 | train_loss : 0.0005
	speed: 0.058685s/iter; left time: 4530.803610s
	iters: 1528, epoch: 10 | train_loss : 0.0004
	speed: 0.058453s/iter; left time: 4490.569300s
	iters: 1910, epoch: 10 | train_loss : 0.0016
	speed: 0.067619s/iter; left time: 5168.949856s
[2024-03-02 09:21:47] [32mIntermediate result: 0.01781768538057804  (Index 9)[0m
Epoch: 10 | cost time: 204.4122130870819 | valid_loss: 0.01781768538057804 | valid_loss_true: 0.9380525133000972
Adjusting learning rate of group 0 to 1.9687e-05.
	iters: 382, epoch: 11 | train_loss : 0.0008
	speed: 0.288648s/iter; left time: 21954.312264s
	iters: 764, epoch: 11 | train_loss : 0.0008
	speed: 0.063415s/iter; left time: 4799.073719s
	iters: 1146, epoch: 11 | train_loss : 0.0004
	speed: 0.055898s/iter; left time: 4208.833786s
	iters: 1528, epoch: 11 | train_loss : 0.0002
	speed: 0.065112s/iter; left time: 4877.701385s
	iters: 1910, epoch: 11 | train_loss : 0.0002
	speed: 0.068342s/iter; left time: 5093.584607s
[2024-03-02 09:25:12] [32mIntermediate result: 0.017763229086995125  (Index 10)[0m
Epoch: 11 | cost time: 204.86150097846985 | valid_loss: 0.017763229086995125 | valid_loss_true: 0.9356448237577323
Chepoint Saved at:  ./checkpoints/alumina_transformer_train_only/alumina_transformer/STANDALONE/checkpoint-10.pth
Adjusting learning rate of group 0 to 1.6734e-05.
	iters: 382, epoch: 12 | train_loss : 0.0006
	speed: 0.283483s/iter; left time: 21019.711438s
	iters: 764, epoch: 12 | train_loss : 0.0070
	speed: 0.069464s/iter; left time: 5124.082077s
	iters: 1146, epoch: 12 | train_loss : 0.0004
	speed: 0.068381s/iter; left time: 5018.102994s
	iters: 1528, epoch: 12 | train_loss : 0.0002
	speed: 0.068339s/iter; left time: 4988.894992s
	iters: 1910, epoch: 12 | train_loss : 0.0012
	speed: 0.067058s/iter; left time: 4869.782936s
[2024-03-02 09:28:39] [32mIntermediate result: 0.01775200664997101  (Index 11)[0m
Epoch: 12 | cost time: 207.43529796600342 | valid_loss: 0.01775200664997101 | valid_loss_true: 0.9341799788367142
Chepoint Saved at:  ./checkpoints/alumina_transformer_train_only/alumina_transformer/STANDALONE/checkpoint-11.pth
Adjusting learning rate of group 0 to 1.4224e-05.
	iters: 382, epoch: 13 | train_loss : 0.0025
	speed: 0.275704s/iter; left time: 19916.046305s
	iters: 764, epoch: 13 | train_loss : 0.0004
	speed: 0.068058s/iter; left time: 4890.293656s
	iters: 1146, epoch: 13 | train_loss : 0.0003
	speed: 0.068409s/iter; left time: 4889.415444s
	iters: 1528, epoch: 13 | train_loss : 0.0006
	speed: 0.057299s/iter; left time: 4073.418215s
	iters: 1910, epoch: 13 | train_loss : 0.0003
	speed: 0.058135s/iter; left time: 4110.640544s
[2024-03-02 09:32:10] [32mIntermediate result: 0.017751142382621765  (Index 12)[0m
Epoch: 13 | cost time: 210.5683343410492 | valid_loss: 0.017751142382621765 | valid_loss_true: 0.9363064055994844
Chepoint Saved at:  ./checkpoints/alumina_transformer_train_only/alumina_transformer/STANDALONE/checkpoint-12.pth
Adjusting learning rate of group 0 to 1.2091e-05.
	iters: 382, epoch: 14 | train_loss : 0.0005
	speed: 0.297506s/iter; left time: 20922.378846s
	iters: 764, epoch: 14 | train_loss : 0.0005
	speed: 0.066043s/iter; left time: 4619.302028s
	iters: 1146, epoch: 14 | train_loss : 0.0003
	speed: 0.058181s/iter; left time: 4047.214031s
	iters: 1528, epoch: 14 | train_loss : 0.0006
	speed: 0.055981s/iter; left time: 3872.785618s
	iters: 1910, epoch: 14 | train_loss : 0.0005
	speed: 0.061338s/iter; left time: 4219.920793s
[2024-03-02 09:35:35] [32mIntermediate result: 0.017709335312247276  (Index 13)[0m
Epoch: 14 | cost time: 204.89904618263245 | valid_loss: 0.017709335312247276 | valid_loss_true: 0.9350206058296979
Chepoint Saved at:  ./checkpoints/alumina_transformer_train_only/alumina_transformer/STANDALONE/checkpoint-13.pth
Adjusting learning rate of group 0 to 1.0277e-05.
	iters: 382, epoch: 15 | train_loss : 0.0003
	speed: 0.294653s/iter; left time: 20158.707584s
	iters: 764, epoch: 15 | train_loss : 0.0017
	speed: 0.057933s/iter; left time: 3941.333904s
	iters: 1146, epoch: 15 | train_loss : 0.0004
	speed: 0.058182s/iter; left time: 3936.074315s
	iters: 1528, epoch: 15 | train_loss : 0.0002
	speed: 0.057135s/iter; left time: 3843.423318s
	iters: 1910, epoch: 15 | train_loss : 0.0005
	speed: 0.069319s/iter; left time: 4636.546368s
[2024-03-02 09:39:02] [32mIntermediate result: 0.017620401456952095  (Index 14)[0m
Epoch: 15 | cost time: 207.2652497291565 | valid_loss: 0.017620401456952095 | valid_loss_true: 0.9305679799876464
Chepoint Saved at:  ./checkpoints/alumina_transformer_train_only/alumina_transformer/STANDALONE/checkpoint-14.pth
Adjusting learning rate of group 0 to 8.7354e-06.
	iters: 382, epoch: 16 | train_loss : 0.0007
	speed: 0.288110s/iter; left time: 19160.438695s
	iters: 764, epoch: 16 | train_loss : 0.0002
	speed: 0.056030s/iter; left time: 3704.822804s
	iters: 1146, epoch: 16 | train_loss : 0.0003
	speed: 0.056210s/iter; left time: 3695.229019s
	iters: 1528, epoch: 16 | train_loss : 0.0002
	speed: 0.067797s/iter; left time: 4431.079214s
	iters: 1910, epoch: 16 | train_loss : 0.0004
	speed: 0.067153s/iter; left time: 4363.320600s
[2024-03-02 09:42:22] [32mIntermediate result: 0.017688069492578506  (Index 15)[0m
Epoch: 16 | cost time: 199.69626450538635 | valid_loss: 0.017688069492578506 | valid_loss_true: 0.9325253634852112
Adjusting learning rate of group 0 to 7.4251e-06.
	iters: 382, epoch: 17 | train_loss : 0.0036
	speed: 0.284045s/iter; left time: 18347.320199s
	iters: 764, epoch: 17 | train_loss : 0.0003
	speed: 0.066422s/iter; left time: 4265.034783s
	iters: 1146, epoch: 17 | train_loss : 0.0004
	speed: 0.066378s/iter; left time: 4236.853346s
	iters: 1528, epoch: 17 | train_loss : 0.0021
	speed: 0.068012s/iter; left time: 4315.145548s
	iters: 1910, epoch: 17 | train_loss : 0.0006
	speed: 0.063225s/iter; left time: 3987.271380s
[2024-03-02 09:45:46] [32mIntermediate result: 0.017667504027485847  (Index 16)[0m
Epoch: 17 | cost time: 204.13271713256836 | valid_loss: 0.017667504027485847 | valid_loss_true: 0.9329671282389984
Adjusting learning rate of group 0 to 6.3113e-06.
	iters: 382, epoch: 18 | train_loss : 0.0004
	speed: 0.274569s/iter; left time: 17210.528988s
	iters: 764, epoch: 18 | train_loss : 0.0005
	speed: 0.068193s/iter; left time: 4248.409281s
	iters: 1146, epoch: 18 | train_loss : 0.0005
	speed: 0.065243s/iter; left time: 4039.744641s
	iters: 1528, epoch: 18 | train_loss : 0.0003
	speed: 0.059680s/iter; left time: 3672.488952s
	iters: 1910, epoch: 18 | train_loss : 0.0003
	speed: 0.060312s/iter; left time: 3688.308727s
[2024-03-02 09:49:15] [32mIntermediate result: 0.017684686928987503  (Index 17)[0m
Epoch: 18 | cost time: 208.92560935020447 | valid_loss: 0.017684686928987503 | valid_loss_true: 0.9344945249250105
Adjusting learning rate of group 0 to 5.3646e-06.
	iters: 382, epoch: 19 | train_loss : 0.0003
	speed: 0.291085s/iter; left time: 17689.518900s
	iters: 764, epoch: 19 | train_loss : 0.0005
	speed: 0.066350s/iter; left time: 4006.825720s
	iters: 1146, epoch: 19 | train_loss : 0.0004
	speed: 0.058515s/iter; left time: 3511.288338s
	iters: 1528, epoch: 19 | train_loss : 0.0004
	speed: 0.058016s/iter; left time: 3459.202288s
	iters: 1910, epoch: 19 | train_loss : 0.0012
	speed: 0.063271s/iter; left time: 3748.335796s
[2024-03-02 09:52:39] [32mIntermediate result: 0.017673734575510025  (Index 18)[0m
Epoch: 19 | cost time: 204.68330907821655 | valid_loss: 0.017673734575510025 | valid_loss_true: 0.9341888691639839
Adjusting learning rate of group 0 to 4.5599e-06.
	iters: 382, epoch: 20 | train_loss : 0.0008
	speed: 0.290528s/iter; left time: 17100.503889s
	iters: 764, epoch: 20 | train_loss : 0.0054
	speed: 0.056813s/iter; left time: 3322.336076s
	iters: 1146, epoch: 20 | train_loss : 0.0006
	speed: 0.056560s/iter; left time: 3285.907850s
	iters: 1528, epoch: 20 | train_loss : 0.0006
	speed: 0.060228s/iter; left time: 3475.981402s
	iters: 1910, epoch: 20 | train_loss : 0.0004
	speed: 0.067875s/iter; left time: 3891.387111s
[2024-03-02 09:56:02] [32mIntermediate result: 0.01763615757226944  (Index 19)[0m
Epoch: 20 | cost time: 202.25462222099304 | valid_loss: 0.01763615757226944 | valid_loss_true: 0.9315101366104104
Adjusting learning rate of group 0 to 3.8760e-06.
	iters: 382, epoch: 21 | train_loss : 0.0009
	speed: 0.285337s/iter; left time: 16249.634953s
	iters: 764, epoch: 21 | train_loss : 0.0003
	speed: 0.059088s/iter; left time: 3342.436959s
	iters: 1146, epoch: 21 | train_loss : 0.0003
	speed: 0.059850s/iter; left time: 3362.693954s
	iters: 1528, epoch: 21 | train_loss : 0.0005
	speed: 0.064496s/iter; left time: 3599.048926s
	iters: 1910, epoch: 21 | train_loss : 0.0005
	speed: 0.065985s/iter; left time: 3656.965024s
[2024-03-02 09:59:28] [32mIntermediate result: 0.01764512062072754  (Index 20)[0m
Epoch: 21 | cost time: 206.20260000228882 | valid_loss: 0.01764512062072754 | valid_loss_true: 0.9319505932359664
Adjusting learning rate of group 0 to 3.2946e-06.
	iters: 382, epoch: 22 | train_loss : 0.0008
	speed: 0.285472s/iter; left time: 15711.815656s
	iters: 764, epoch: 22 | train_loss : 0.0008
	speed: 0.056546s/iter; left time: 3090.576384s
	iters: 1146, epoch: 22 | train_loss : 0.0042
	speed: 0.058895s/iter; left time: 3196.443788s
	iters: 1528, epoch: 22 | train_loss : 0.0008
	speed: 0.068452s/iter; left time: 3689.027730s
	iters: 1910, epoch: 22 | train_loss : 0.0003
	speed: 0.068471s/iter; left time: 3663.872080s
[2024-03-02 10:02:48] [32mIntermediate result: 0.01763554848730564  (Index 21)[0m
Epoch: 22 | cost time: 200.5067915916443 | valid_loss: 0.01763554848730564 | valid_loss_true: 0.9313870469185097
Adjusting learning rate of group 0 to 2.8004e-06.
	iters: 382, epoch: 23 | train_loss : 0.0005
	speed: 0.281001s/iter; left time: 14928.764625s
	iters: 764, epoch: 23 | train_loss : 0.0005
	speed: 0.067992s/iter; left time: 3586.226883s
	iters: 1146, epoch: 23 | train_loss : 0.0015
	speed: 0.066025s/iter; left time: 3457.255406s
	iters: 1528, epoch: 23 | train_loss : 0.0004
	speed: 0.068425s/iter; left time: 3556.812320s
	iters: 1910, epoch: 23 | train_loss : 0.0003
	speed: 0.061262s/iter; left time: 3161.049644s
[2024-03-02 10:06:16] [32mIntermediate result: 0.017615072429180145  (Index 22)[0m
Epoch: 23 | cost time: 207.81547665596008 | valid_loss: 0.017615072429180145 | valid_loss_true: 0.930248198250392
Chepoint Saved at:  ./checkpoints/alumina_transformer_train_only/alumina_transformer/STANDALONE/checkpoint-22.pth
Adjusting learning rate of group 0 to 2.3803e-06.
	iters: 382, epoch: 24 | train_loss : 0.0169
	speed: 0.286221s/iter; left time: 14659.085366s
	iters: 764, epoch: 24 | train_loss : 0.0017
	speed: 0.069007s/iter; left time: 3507.914294s
	iters: 1146, epoch: 24 | train_loss : 0.0003
	speed: 0.064519s/iter; left time: 3255.112477s
	iters: 1528, epoch: 24 | train_loss : 0.0158
	speed: 0.055862s/iter; left time: 2797.017208s
	iters: 1910, epoch: 24 | train_loss : 0.0003
	speed: 0.056374s/iter; left time: 2801.096644s
[2024-03-02 10:09:45] [32mIntermediate result: 0.017658857628703117  (Index 23)[0m
Epoch: 24 | cost time: 208.3914396762848 | valid_loss: 0.017658857628703117 | valid_loss_true: 0.933074005596201
Adjusting learning rate of group 0 to 2.0233e-06.
	iters: 382, epoch: 25 | train_loss : 0.0004
	speed: 0.293017s/iter; left time: 14447.199390s
	iters: 764, epoch: 25 | train_loss : 0.0010
	speed: 0.062178s/iter; left time: 3041.931795s
	iters: 1146, epoch: 25 | train_loss : 0.0003
	speed: 0.057189s/iter; left time: 2775.992173s
	iters: 1528, epoch: 25 | train_loss : 0.0003
	speed: 0.056666s/iter; left time: 2728.989213s
	iters: 1910, epoch: 25 | train_loss : 0.0003
	speed: 0.063794s/iter; left time: 3047.864348s
[2024-03-02 10:13:09] [32mIntermediate result: 0.01761515811085701  (Index 24)[0m
Epoch: 25 | cost time: 204.31853532791138 | valid_loss: 0.01761515811085701 | valid_loss_true: 0.9308202080544793
Adjusting learning rate of group 0 to 1.7198e-06.
	iters: 382, epoch: 26 | train_loss : 0.0006
	speed: 0.293786s/iter; left time: 13923.701059s
	iters: 764, epoch: 26 | train_loss : 0.0003
	speed: 0.056262s/iter; left time: 2645.012122s
	iters: 1146, epoch: 26 | train_loss : 0.0051
	speed: 0.055975s/iter; left time: 2610.123285s
	iters: 1528, epoch: 26 | train_loss : 0.0005
	speed: 0.057324s/iter; left time: 2651.101506s
	iters: 1910, epoch: 26 | train_loss : 0.0004
	speed: 0.057127s/iter; left time: 2620.199441s
[2024-03-02 10:16:15] [32mIntermediate result: 0.017658500000834465  (Index 25)[0m
Epoch: 26 | cost time: 186.5230851173401 | valid_loss: 0.017658500000834465 | valid_loss_true: 0.9329784451062033
Adjusting learning rate of group 0 to 1.4618e-06.
	iters: 382, epoch: 27 | train_loss : 0.0009
	speed: 0.254030s/iter; left time: 11554.035128s
	iters: 764, epoch: 27 | train_loss : 0.0013
	speed: 0.060437s/iter; left time: 2725.789950s
	iters: 1146, epoch: 27 | train_loss : 0.0004
	speed: 0.055045s/iter; left time: 2461.538037s
	iters: 1528, epoch: 27 | train_loss : 0.0005
	speed: 0.055316s/iter; left time: 2452.548733s
	iters: 1910, epoch: 27 | train_loss : 0.0047
	speed: 0.055641s/iter; left time: 2445.708393s
[2024-03-02 10:19:20] [32mIntermediate result: 0.017606403678655624  (Index 26)[0m
Epoch: 27 | cost time: 184.81092476844788 | valid_loss: 0.017606403678655624 | valid_loss_true: 0.9305769857481994
Chepoint Saved at:  ./checkpoints/alumina_transformer_train_only/alumina_transformer/STANDALONE/checkpoint-26.pth
Adjusting learning rate of group 0 to 1.2425e-06.
	iters: 382, epoch: 28 | train_loss : 0.0016
	speed: 0.260662s/iter; left time: 11357.575198s
	iters: 764, epoch: 28 | train_loss : 0.0003
	speed: 0.057526s/iter; left time: 2484.561979s
	iters: 1146, epoch: 28 | train_loss : 0.0004
	speed: 0.057072s/iter; left time: 2443.118126s
	iters: 1528, epoch: 28 | train_loss : 0.0007
	speed: 0.056986s/iter; left time: 2417.698041s
	iters: 1910, epoch: 28 | train_loss : 0.0013
	speed: 0.057157s/iter; left time: 2403.126634s
[2024-03-02 10:22:27] [32mIntermediate result: 0.01762286387383938  (Index 27)[0m
Epoch: 28 | cost time: 186.8976113796234 | valid_loss: 0.01762286387383938 | valid_loss_true: 0.9312778401866413
Adjusting learning rate of group 0 to 1.0562e-06.
	iters: 382, epoch: 29 | train_loss : 0.0002
	speed: 0.262788s/iter; left time: 10948.031172s
	iters: 764, epoch: 29 | train_loss : 0.0003
	speed: 0.059905s/iter; left time: 2472.827167s
	iters: 1146, epoch: 29 | train_loss : 0.0003
	speed: 0.054685s/iter; left time: 2236.434413s
	iters: 1528, epoch: 29 | train_loss : 0.0004
	speed: 0.057010s/iter; left time: 2309.779632s
	iters: 1910, epoch: 29 | train_loss : 0.0009
	speed: 0.055179s/iter; left time: 2214.510050s
[2024-03-02 10:25:34] [32mIntermediate result: 0.017627501860260963  (Index 28)[0m
Epoch: 29 | cost time: 186.70747637748718 | valid_loss: 0.017627501860260963 | valid_loss_true: 0.9316022555214226
Adjusting learning rate of group 0 to 8.9774e-07.
	iters: 382, epoch: 30 | train_loss : 0.0191
	speed: 0.266631s/iter; left time: 10598.580055s
	iters: 764, epoch: 30 | train_loss : 0.0004
	speed: 0.074246s/iter; left time: 2922.919879s
	iters: 1146, epoch: 30 | train_loss : 0.0004
	speed: 0.070274s/iter; left time: 2739.703542s
	iters: 1528, epoch: 30 | train_loss : 0.0003
	speed: 0.064250s/iter; left time: 2480.308657s
	iters: 1910, epoch: 30 | train_loss : 0.0006
	speed: 0.061186s/iter; left time: 2338.664973s
[2024-03-02 10:28:57] [32mIntermediate result: 0.017626209184527397  (Index 29)[0m
Epoch: 30 | cost time: 203.28304409980774 | valid_loss: 0.017626209184527397 | valid_loss_true: 0.9315229818008872
Adjusting learning rate of group 0 to 7.6308e-07.
	iters: 382, epoch: 31 | train_loss : 0.0002
	speed: 0.255580s/iter; left time: 9670.908113s
	iters: 764, epoch: 31 | train_loss : 0.0012
	speed: 0.058109s/iter; left time: 2176.587367s
	iters: 1146, epoch: 31 | train_loss : 0.0028
	speed: 0.056998s/iter; left time: 2113.218000s
	iters: 1528, epoch: 31 | train_loss : 0.0007
	speed: 0.057365s/iter; left time: 2104.909470s
	iters: 1910, epoch: 31 | train_loss : 0.0005
	speed: 0.055811s/iter; left time: 2026.538427s
[2024-03-02 10:32:03] [32mIntermediate result: 0.017627127468585968  (Index 30)[0m
Epoch: 31 | cost time: 185.6264455318451 | valid_loss: 0.017627127468585968 | valid_loss_true: 0.9313317111902435
Adjusting learning rate of group 0 to 6.4861e-07.
	iters: 382, epoch: 32 | train_loss : 0.0004
	speed: 0.262311s/iter; left time: 9424.325411s
	iters: 764, epoch: 32 | train_loss : 0.0003
	speed: 0.075370s/iter; left time: 2679.116140s
	iters: 1146, epoch: 32 | train_loss : 0.0006
	speed: 0.068413s/iter; left time: 2405.678413s
	iters: 1528, epoch: 32 | train_loss : 0.0003
	speed: 0.070987s/iter; left time: 2469.056675s
	iters: 1910, epoch: 32 | train_loss : 0.0079
	speed: 0.071890s/iter; left time: 2473.023159s
[2024-03-02 10:35:32] [32mIntermediate result: 0.01765359379351139  (Index 31)[0m
Epoch: 32 | cost time: 209.19192147254944 | valid_loss: 0.01765359379351139 | valid_loss_true: 0.932608961260509
Adjusting learning rate of group 0 to 5.5132e-07.
	iters: 382, epoch: 33 | train_loss : 0.0005
	speed: 0.257589s/iter; left time: 8762.405376s
	iters: 764, epoch: 33 | train_loss : 0.0154
	speed: 0.059125s/iter; left time: 1988.669258s
	iters: 1146, epoch: 33 | train_loss : 0.0004
	speed: 0.057390s/iter; left time: 1908.393474s
	iters: 1528, epoch: 33 | train_loss : 0.0005
	speed: 0.060372s/iter; left time: 1984.494781s
	iters: 1910, epoch: 33 | train_loss : 0.0007
	speed: 0.058085s/iter; left time: 1887.111389s
[2024-03-02 10:38:40] [32mIntermediate result: 0.01765204407274723  (Index 32)[0m
Epoch: 33 | cost time: 187.48863530158997 | valid_loss: 0.01765204407274723 | valid_loss_true: 0.9325220785741325
Adjusting learning rate of group 0 to 4.6862e-07.
	iters: 382, epoch: 34 | train_loss : 0.0002
	speed: 0.252106s/iter; left time: 8094.099886s
	iters: 764, epoch: 34 | train_loss : 0.0032
	speed: 0.058300s/iter; left time: 1849.510890s
	iters: 1146, epoch: 34 | train_loss : 0.0040
	speed: 0.057357s/iter; left time: 1797.684125s
	iters: 1528, epoch: 34 | train_loss : 0.0003
	speed: 0.058789s/iter; left time: 1820.107995s
	iters: 1910, epoch: 34 | train_loss : 0.0012
	speed: 0.055766s/iter; left time: 1705.211074s
[2024-03-02 10:41:41] [32mIntermediate result: 0.01762535609304905  (Index 33)[0m
Epoch: 34 | cost time: 181.86107397079468 | valid_loss: 0.01762535609304905 | valid_loss_true: 0.931232188053838
Adjusting learning rate of group 0 to 3.9833e-07.
	iters: 382, epoch: 35 | train_loss : 0.0003
	speed: 0.248713s/iter; left time: 7509.891248s
	iters: 764, epoch: 35 | train_loss : 0.0252
	speed: 0.058106s/iter; left time: 1732.304220s
	iters: 1146, epoch: 35 | train_loss : 0.0003
	speed: 0.056449s/iter; left time: 1661.346757s
	iters: 1528, epoch: 35 | train_loss : 0.0005
	speed: 0.056253s/iter; left time: 1634.106925s
	iters: 1910, epoch: 35 | train_loss : 0.0004
	speed: 0.057174s/iter; left time: 1638.997892s
[2024-03-02 10:44:47] [32mIntermediate result: 0.01763075590133667  (Index 34)[0m
Epoch: 35 | cost time: 185.75459146499634 | valid_loss: 0.01763075590133667 | valid_loss_true: 0.9315420493313428
Early stop with best valid_loss: 0.01763075590133667
[2024-03-02 10:44:47] [32mFinal result: 0.017606403678655624[0m
>>>>>>>end of training : alumina_transformer/STANDALONE>>>>>>>>>>>>>>>>>>>>>>>>>>
python -u main_nni.py --stage train_only --model_id alumina_transformer --model_name alumina_transformer --features MS --log_path log --trainset_csv_path /workspace/qiuyunzhong/TSFrameworkData/alumina_trainset.csv --validset_csv_path /workspace/qiuyunzhong/TSFrameworkData/alumina_validset.csv --testset_csv_path /workspace/qiuyunzhong/TSFrameworkData/alumina_testset_new.csv --datetime_col dtime --feature_cols 5æ•ˆ5é—ªåˆ°è°ƒé…æ§½åŽå¾ªçŽ¯æ¯æ¶²Nk,5æ•ˆ5é—ªåˆ°è°ƒé…æ§½åŽå¾ªçŽ¯æ¯æ¶²ak/Rp,6æ•ˆå‡ºæ–™å¯†åº¦,5é—ªå‡ºæ–™å¯†åº¦,57æ•ˆå¾ªçŽ¯æ¯æ¶²è¿›æ–™æ¸©åº¦,57æ•ˆå¾ªçŽ¯æ¯æ¶²è¿›æ–™å¯†åº¦,å†·å‡å™¨å‡ºæ±½åŽ‹åŠ›,5æ•ˆ5é—ªè’¸å‘æ¯æ¶²åŽ»å¾ªçŽ¯æ¯æ¶²è°ƒé…æ§½æ€»æµé‡,2æ•ˆè’¸å‘å™¨æ±½æ¸©,2æ•ˆè’¸å‘å™¨æ±½å®¤åŽ‹åŠ›,2æ•ˆåŽŸæ¶²æ¢çƒ­å‰æ¸©åº¦,3æ•ˆè’¸å‘å™¨æ±½æ¸©,3æ•ˆè’¸å‘å™¨æ±½å®¤åŽ‹åŠ›,3æ•ˆåŽŸæ¶²æ¢çƒ­å‰æ¸©åº¦,4æ•ˆè’¸å‘å™¨æ±½æ¸©,4æ•ˆè’¸å‘å™¨æ±½å®¤åŽ‹åŠ›,4æ•ˆåŽŸæ¶²æ¢çƒ­å‰æ¸©åº¦,5æ•ˆè’¸å‘å™¨æ±½æ¸©,5æ•ˆè’¸å‘å™¨æ±½å®¤åŽ‹åŠ›,5æ•ˆåŽŸæ¶²æ¢çƒ­å‰æ¸©åº¦,5æ•ˆå¾ªçŽ¯æ¯æ¶²è¿›æ–™æµé‡,6æ•ˆè’¸å‘å™¨æ±½æ¸©,6æ•ˆè’¸å‘å™¨æ±½å®¤åŽ‹åŠ›,6æ•ˆåŽŸæ¶²æ¢çƒ­å‰æ¸©åº¦,åŽŸæ¶²é—ªè’¸å™¨å¾ªçŽ¯æ¯æ¶²è¿›æ–™æµé‡,åŽŸæ¶²é—ªè’¸å™¨å‡ºæ–™æ¸©åº¦,åŽŸæ¶²é—ªè’¸å™¨è’¸æ±½åŽ‹åŠ›,7æ•ˆåŽŸæ¶²æ¢çƒ­å‰æ¸©åº¦,7æ•ˆè’¸å‘å™¨æ±½æ¸©,7æ•ˆè’¸å‘å™¨æ±½å®¤åŽ‹åŠ›,1é—ªå‡ºæ–™æ¸©åº¦,2é—ªå‡ºæ–™æ¸©åº¦,3é—ªå‡ºæ–™æ¸©åº¦,4é—ªå‡ºæ–™æ¸©åº¦,5é—ªå‡ºæ–™æ¸©åº¦,5é—ªåŽ»å¾ªçŽ¯æ¯æ¶²è°ƒé…æ§½å¯†åº¦,5é—ªåŽ»å¾ªçŽ¯æ¯æ¶²è°ƒé…æ§½æµé‡,æ–°è’¸æ±½è¿›æ–™åŽ‹åŠ›,æ–°è’¸æ±½è¿›æ–™æµé‡,æ–°è’¸æ±½è¿›æ–™æ¸©åº¦,å¾ªçŽ¯ä¸Šæ°´æ¸©åº¦,å¾ªçŽ¯ä¸Šæ°´æµé‡,å¾ªçŽ¯ä¸‹æ°´æ¸©åº¦,åŽŸæ¶²é—ªè’¸å™¨å¾ªçŽ¯æ¯æ¶²è¿›æ–™é˜€å¼€åº¦,1æ•ˆå‡ºæ–™é˜€é—¨å¼€åº¦,1é—ªå‡ºæ–™é˜€å¼€åº¦,3é—ªå‡ºæ–™é˜€å¼€åº¦,4é—ªå‡ºæ–™é˜€å¼€åº¦,2æ•ˆåˆ°1æ•ˆæ³µå¼€åº¦,4æ•ˆåˆ°3æ•ˆæ³µå¼€åº¦,5æ•ˆåˆ°4æ•ˆæ³µå¼€åº¦,6æ•ˆå‡ºæ–™å‡ºæ–™æ³µå¼€åº¦,1æ•ˆè’¸å‘å™¨æ±½æ¸©,1æ•ˆè’¸å‘å™¨æ±½å®¤åŽ‹åŠ›,1æ•ˆåŽŸæ¶²æ¢çƒ­å‰æ¸©åº¦,1æ•ˆå‡ºæ–™æ¸©åº¦ --target_cols 1æ•ˆå‡ºæ–™æ¸©åº¦ --seq_len 30 --label_len 2 --pred_len 30 --timestamp_feature none --train_epochs 50 --gpu 0 --use_nni --checkpoints ./checkpoints/alumina_transformer_train_only --hidden_dim 128 --d_model 128 --e_layers 1 --d_layers 1
model_id: alumina_transformer/STANDALONE
Args in experiment:
Namespace(use_nni=True, stage='train_only', model_id='alumina_transformer/STANDALONE', log_path='log', checkpoints='./checkpoints/alumina_transformer_train_only', key=None, task_name='Forecast', features='MS', embed='timeF', freq='h', trainset_csv_path='/workspace/qiuyunzhong/TSFrameworkData/alumina_trainset.csv', validset_csv_path='/workspace/qiuyunzhong/TSFrameworkData/alumina_validset.csv', testset_csv_path='/workspace/qiuyunzhong/TSFrameworkData/alumina_testset_new.csv', datetime_col='dtime', feature_cols='5æ•ˆ5é—ªåˆ°è°ƒé…æ§½åŽå¾ªçŽ¯æ¯æ¶²Nk,5æ•ˆ5é—ªåˆ°è°ƒé…æ§½åŽå¾ªçŽ¯æ¯æ¶²ak/Rp,6æ•ˆå‡ºæ–™å¯†åº¦,5é—ªå‡ºæ–™å¯†åº¦,57æ•ˆå¾ªçŽ¯æ¯æ¶²è¿›æ–™æ¸©åº¦,57æ•ˆå¾ªçŽ¯æ¯æ¶²è¿›æ–™å¯†åº¦,å†·å‡å™¨å‡ºæ±½åŽ‹åŠ›,5æ•ˆ5é—ªè’¸å‘æ¯æ¶²åŽ»å¾ªçŽ¯æ¯æ¶²è°ƒé…æ§½æ€»æµé‡,2æ•ˆè’¸å‘å™¨æ±½æ¸©,2æ•ˆè’¸å‘å™¨æ±½å®¤åŽ‹åŠ›,2æ•ˆåŽŸæ¶²æ¢çƒ­å‰æ¸©åº¦,3æ•ˆè’¸å‘å™¨æ±½æ¸©,3æ•ˆè’¸å‘å™¨æ±½å®¤åŽ‹åŠ›,3æ•ˆåŽŸæ¶²æ¢çƒ­å‰æ¸©åº¦,4æ•ˆè’¸å‘å™¨æ±½æ¸©,4æ•ˆè’¸å‘å™¨æ±½å®¤åŽ‹åŠ›,4æ•ˆåŽŸæ¶²æ¢çƒ­å‰æ¸©åº¦,5æ•ˆè’¸å‘å™¨æ±½æ¸©,5æ•ˆè’¸å‘å™¨æ±½å®¤åŽ‹åŠ›,5æ•ˆåŽŸæ¶²æ¢çƒ­å‰æ¸©åº¦,5æ•ˆå¾ªçŽ¯æ¯æ¶²è¿›æ–™æµé‡,6æ•ˆè’¸å‘å™¨æ±½æ¸©,6æ•ˆè’¸å‘å™¨æ±½å®¤åŽ‹åŠ›,6æ•ˆåŽŸæ¶²æ¢çƒ­å‰æ¸©åº¦,åŽŸæ¶²é—ªè’¸å™¨å¾ªçŽ¯æ¯æ¶²è¿›æ–™æµé‡,åŽŸæ¶²é—ªè’¸å™¨å‡ºæ–™æ¸©åº¦,åŽŸæ¶²é—ªè’¸å™¨è’¸æ±½åŽ‹åŠ›,7æ•ˆåŽŸæ¶²æ¢çƒ­å‰æ¸©åº¦,7æ•ˆè’¸å‘å™¨æ±½æ¸©,7æ•ˆè’¸å‘å™¨æ±½å®¤åŽ‹åŠ›,1é—ªå‡ºæ–™æ¸©åº¦,2é—ªå‡ºæ–™æ¸©åº¦,3é—ªå‡ºæ–™æ¸©åº¦,4é—ªå‡ºæ–™æ¸©åº¦,5é—ªå‡ºæ–™æ¸©åº¦,5é—ªåŽ»å¾ªçŽ¯æ¯æ¶²è°ƒé…æ§½å¯†åº¦,5é—ªåŽ»å¾ªçŽ¯æ¯æ¶²è°ƒé…æ§½æµé‡,æ–°è’¸æ±½è¿›æ–™åŽ‹åŠ›,æ–°è’¸æ±½è¿›æ–™æµé‡,æ–°è’¸æ±½è¿›æ–™æ¸©åº¦,å¾ªçŽ¯ä¸Šæ°´æ¸©åº¦,å¾ªçŽ¯ä¸Šæ°´æµé‡,å¾ªçŽ¯ä¸‹æ°´æ¸©åº¦,åŽŸæ¶²é—ªè’¸å™¨å¾ªçŽ¯æ¯æ¶²è¿›æ–™é˜€å¼€åº¦,1æ•ˆå‡ºæ–™é˜€é—¨å¼€åº¦,1é—ªå‡ºæ–™é˜€å¼€åº¦,3é—ªå‡ºæ–™é˜€å¼€åº¦,4é—ªå‡ºæ–™é˜€å¼€åº¦,2æ•ˆåˆ°1æ•ˆæ³µå¼€åº¦,4æ•ˆåˆ°3æ•ˆæ³µå¼€åº¦,5æ•ˆåˆ°4æ•ˆæ³µå¼€åº¦,6æ•ˆå‡ºæ–™å‡ºæ–™æ³µå¼€åº¦,1æ•ˆè’¸å‘å™¨æ±½æ¸©,1æ•ˆè’¸å‘å™¨æ±½å®¤åŽ‹åŠ›,1æ•ˆåŽŸæ¶²æ¢çƒ­å‰æ¸©åº¦,1æ•ˆå‡ºæ–™æ¸©åº¦', target_cols='1æ•ˆå‡ºæ–™æ¸©åº¦', timestamp_feature='none', seq_len=30, label_len=2, pred_len=30, interval=900, model_name='alumina_transformer', d_model=128, n_heads=8, e_layers=1, d_layers=1, d_ff=512, hidden_dim=128, factor=1, dropout=0.05, activation='gelu', output_attention=False, optimizer='Adam', fix_seed=-1, num_workers=10, train_epochs=50, batch_size=64, patience=7, lr=0.0001, gpu=0, label_loss_rate=0.5, reg_loss_rate=0.5, use_norm=1, patch_len=16, target_num=1, use_gpu=True, hpo='nni')
Performing MS Forecasting (TimeXer)
Use GPU... cuda:0
Adjusting learning rate of group 0 to 1.0000e-04.
>>>>>>>start training : alumina_transformer/STANDALONE>>>>>>>>>>>>>>>>>>>>>>>>>>
	iters: 382, epoch: 1 | train_loss : 0.0000
	speed: 0.062156s/iter; left time: 5915.287246s
	iters: 764, epoch: 1 | train_loss : 0.0000
	speed: 0.057863s/iter; left time: 5484.644343s
	iters: 1146, epoch: 1 | train_loss : 0.0000
	speed: 0.055737s/iter; left time: 5261.884998s
	iters: 1528, epoch: 1 | train_loss : 0.0000
	speed: 0.056540s/iter; left time: 5316.066394s
	iters: 1910, epoch: 1 | train_loss : 0.0000
	speed: 0.055768s/iter; left time: 5222.176246s
[2024-03-02 10:47:59] [32mIntermediate result: 2.934179974545259e-05  (Index 0)[0m
Epoch: 1 | cost time: 182.45754837989807 | valid_loss: 2.934179974545259e-05 | valid_loss_true: 6.802154217425289e-05
Chepoint Saved at:  ./checkpoints/alumina_transformer_train_only/alumina_transformer/STANDALONE/checkpoint-0.pth
Adjusting learning rate of group 0 to 8.5000e-05.
	iters: 382, epoch: 2 | train_loss : 0.0000
	speed: 0.250868s/iter; left time: 23395.402396s
	iters: 764, epoch: 2 | train_loss : 0.0000
	speed: 0.054970s/iter; left time: 5105.368428s
	iters: 1146, epoch: 2 | train_loss : 0.0000
	speed: 0.057310s/iter; left time: 5300.826592s
	iters: 1528, epoch: 2 | train_loss : 0.0000
	speed: 0.056663s/iter; left time: 5219.373199s
	iters: 1910, epoch: 2 | train_loss : 0.0000
	speed: 0.056063s/iter; left time: 5142.614031s
[2024-03-02 10:51:03] [32mIntermediate result: 2.1003523215767927e-05  (Index 1)[0m
Epoch: 2 | cost time: 184.07004308700562 | valid_loss: 2.1003523215767927e-05 | valid_loss_true: 5.022477792020136e-05
Chepoint Saved at:  ./checkpoints/alumina_transformer_train_only/alumina_transformer/STANDALONE/checkpoint-1.pth
Adjusting learning rate of group 0 to 7.2250e-05.
	iters: 382, epoch: 3 | train_loss : 0.0000
	speed: 0.272659s/iter; left time: 24906.600059s
	iters: 764, epoch: 3 | train_loss : 0.0000
	speed: 0.068057s/iter; left time: 6190.829675s
	iters: 1146, epoch: 3 | train_loss : 0.0000
	speed: 0.068635s/iter; left time: 6217.150409s
	iters: 1528, epoch: 3 | train_loss : 0.0000
	speed: 0.072616s/iter; left time: 6550.043175s
	iters: 1910, epoch: 3 | train_loss : 0.0000
	speed: 0.066313s/iter; left time: 5956.150215s
[2024-03-02 10:54:31] [32mIntermediate result: 1.712105040496681e-05  (Index 2)[0m
Epoch: 3 | cost time: 207.45616483688354 | valid_loss: 1.712105040496681e-05 | valid_loss_true: 3.8315202480306415e-05
Chepoint Saved at:  ./checkpoints/alumina_transformer_train_only/alumina_transformer/STANDALONE/checkpoint-2.pth
Adjusting learning rate of group 0 to 6.1413e-05.
	iters: 382, epoch: 4 | train_loss : 0.0000
	speed: 0.256093s/iter; left time: 22903.923187s
	iters: 764, epoch: 4 | train_loss : 0.0000
	speed: 0.056500s/iter; left time: 5031.558268s
	iters: 1146, epoch: 4 | train_loss : 0.0000
	speed: 0.061007s/iter; left time: 5409.628511s
	iters: 1528, epoch: 4 | train_loss : 0.0000
	speed: 0.055509s/iter; left time: 4900.895389s
	iters: 1910, epoch: 4 | train_loss : 0.0000
	speed: 0.056528s/iter; left time: 4969.253575s
[2024-03-02 10:57:39] [32mIntermediate result: 1.1189298675162718e-05  (Index 3)[0m
Epoch: 4 | cost time: 188.62367248535156 | valid_loss: 1.1189298675162718e-05 | valid_loss_true: 2.7726051454821634e-05
Chepoint Saved at:  ./checkpoints/alumina_transformer_train_only/alumina_transformer/STANDALONE/checkpoint-3.pth
Adjusting learning rate of group 0 to 5.2201e-05.
	iters: 382, epoch: 5 | train_loss : 0.0000
	speed: 0.266074s/iter; left time: 23288.086610s
	iters: 764, epoch: 5 | train_loss : 0.0000
	speed: 0.058677s/iter; left time: 5113.272561s
	iters: 1146, epoch: 5 | train_loss : 0.0000
	speed: 0.057570s/iter; left time: 4994.788747s
	iters: 1528, epoch: 5 | train_loss : 0.0000
	speed: 0.064719s/iter; left time: 5590.357738s
	iters: 1910, epoch: 5 | train_loss : 0.0000
	speed: 0.055730s/iter; left time: 4792.605851s
[2024-03-02 11:00:49] [32mIntermediate result: 8.889021955837961e-06  (Index 4)[0m
Epoch: 5 | cost time: 189.679203748703 | valid_loss: 8.889021955837961e-06 | valid_loss_true: 2.15458213670254e-05
Chepoint Saved at:  ./checkpoints/alumina_transformer_train_only/alumina_transformer/STANDALONE/checkpoint-4.pth
Adjusting learning rate of group 0 to 4.4371e-05.
	iters: 382, epoch: 6 | train_loss : 0.0000
	speed: 0.264381s/iter; left time: 22634.747893s
	iters: 764, epoch: 6 | train_loss : 0.0000
	speed: 0.063181s/iter; left time: 5385.060832s
	iters: 1146, epoch: 6 | train_loss : 0.0000
	speed: 0.058356s/iter; left time: 4951.474814s
	iters: 1528, epoch: 6 | train_loss : 0.0000
	speed: 0.060600s/iter; left time: 5118.724257s
	iters: 1910, epoch: 6 | train_loss : 0.0000
	speed: 0.057756s/iter; left time: 4856.474966s
[2024-03-02 11:04:00] [32mIntermediate result: 7.778742656228133e-06  (Index 5)[0m
Epoch: 6 | cost time: 190.83622789382935 | valid_loss: 7.778742656228133e-06 | valid_loss_true: 1.808518380932345e-05
Chepoint Saved at:  ./checkpoints/alumina_transformer_train_only/alumina_transformer/STANDALONE/checkpoint-5.pth
Adjusting learning rate of group 0 to 3.7715e-05.
	iters: 382, epoch: 7 | train_loss : 0.0000
	speed: 0.252153s/iter; left time: 21105.951612s
	iters: 764, epoch: 7 | train_loss : 0.0000
	speed: 0.059563s/iter; left time: 4962.865378s
	iters: 1146, epoch: 7 | train_loss : 0.0000
	speed: 0.057451s/iter; left time: 4764.911905s
	iters: 1528, epoch: 7 | train_loss : 0.0000
	speed: 0.057909s/iter; left time: 4780.789499s
	iters: 1910, epoch: 7 | train_loss : 0.0000
	speed: 0.057338s/iter; left time: 4711.783946s
[2024-03-02 11:07:05] [32mIntermediate result: 5.679136847902555e-06  (Index 6)[0m
Epoch: 7 | cost time: 184.72924160957336 | valid_loss: 5.679136847902555e-06 | valid_loss_true: 1.4605017344377159e-05
Chepoint Saved at:  ./checkpoints/alumina_transformer_train_only/alumina_transformer/STANDALONE/checkpoint-6.pth
Adjusting learning rate of group 0 to 3.2058e-05.
	iters: 382, epoch: 8 | train_loss : 0.0000
	speed: 0.255056s/iter; left time: 20861.545753s
	iters: 764, epoch: 8 | train_loss : 0.0000
	speed: 0.060478s/iter; left time: 4923.502811s
	iters: 1146, epoch: 8 | train_loss : 0.0000
	speed: 0.055644s/iter; left time: 4508.701228s
	iters: 1528, epoch: 8 | train_loss : 0.0000
	speed: 0.055973s/iter; left time: 4514.012495s
	iters: 1910, epoch: 8 | train_loss : 0.0000
	speed: 0.055985s/iter; left time: 4493.585009s
[2024-03-02 11:10:15] [32mIntermediate result: 5.596783012151718e-06  (Index 7)[0m
Epoch: 8 | cost time: 190.41998863220215 | valid_loss: 5.596783012151718e-06 | valid_loss_true: 1.2877787630112133e-05
Chepoint Saved at:  ./checkpoints/alumina_transformer_train_only/alumina_transformer/STANDALONE/checkpoint-7.pth
Adjusting learning rate of group 0 to 2.7249e-05.
	iters: 382, epoch: 9 | train_loss : 0.0000
	speed: 0.268380s/iter; left time: 21438.494764s
	iters: 764, epoch: 9 | train_loss : 0.0000
	speed: 0.058145s/iter; left time: 4622.467920s
	iters: 1146, epoch: 9 | train_loss : 0.0000
	speed: 0.058875s/iter; left time: 4657.991473s
	iters: 1528, epoch: 9 | train_loss : 0.0000
	speed: 0.059522s/iter; left time: 4686.482039s
	iters: 1910, epoch: 9 | train_loss : 0.0000
	speed: 0.057546s/iter; left time: 4508.885176s
[2024-03-02 11:13:24] [32mIntermediate result: 4.970747795596253e-06  (Index 8)[0m
Epoch: 9 | cost time: 188.87058234214783 | valid_loss: 4.970747795596253e-06 | valid_loss_true: 1.110570692221332e-05
Chepoint Saved at:  ./checkpoints/alumina_transformer_train_only/alumina_transformer/STANDALONE/checkpoint-8.pth
Adjusting learning rate of group 0 to 2.3162e-05.
	iters: 382, epoch: 10 | train_loss : 0.0000
	speed: 0.257229s/iter; left time: 20056.145022s
	iters: 764, epoch: 10 | train_loss : 0.0000
	speed: 0.055837s/iter; left time: 4332.309163s
	iters: 1146, epoch: 10 | train_loss : 0.0000
	speed: 0.054923s/iter; left time: 4240.362163s
	iters: 1528, epoch: 10 | train_loss : 0.0000
	speed: 0.056346s/iter; left time: 4328.737728s
	iters: 1910, epoch: 10 | train_loss : 0.0000
	speed: 0.056305s/iter; left time: 4304.044886s
[2024-03-02 11:16:27] [32mIntermediate result: 5.825552307214821e-06  (Index 9)[0m
Epoch: 10 | cost time: 183.43144059181213 | valid_loss: 5.825552307214821e-06 | valid_loss_true: 1.0375933968882545e-05
Adjusting learning rate of group 0 to 1.9687e-05.
	iters: 382, epoch: 11 | train_loss : 0.0000
	speed: 0.266322s/iter; left time: 20256.180430s
	iters: 764, epoch: 11 | train_loss : 0.0000
	speed: 0.072382s/iter; left time: 5477.687054s
	iters: 1146, epoch: 11 | train_loss : 0.0000
	speed: 0.063749s/iter; left time: 4799.973580s
	iters: 1528, epoch: 11 | train_loss : 0.0000
	speed: 0.057765s/iter; left time: 4327.323086s
	iters: 1910, epoch: 11 | train_loss : 0.0000
	speed: 0.059364s/iter; left time: 4424.468651s
[2024-03-02 11:19:46] [32mIntermediate result: 5.627761765936157e-06  (Index 10)[0m
Epoch: 11 | cost time: 198.11233830451965 | valid_loss: 5.627761765936157e-06 | valid_loss_true: 9.376185855192945e-06
Adjusting learning rate of group 0 to 1.6734e-05.
	iters: 382, epoch: 12 | train_loss : 0.0000
	speed: 0.261768s/iter; left time: 19409.548186s
	iters: 764, epoch: 12 | train_loss : 0.0000
	speed: 0.060812s/iter; left time: 4485.867077s
	iters: 1146, epoch: 12 | train_loss : 0.0000
	speed: 0.060127s/iter; left time: 4412.327380s
	iters: 1528, epoch: 12 | train_loss : 0.0000
	speed: 0.060016s/iter; left time: 4381.264282s
	iters: 1910, epoch: 12 | train_loss : 0.0000
	speed: 0.059046s/iter; left time: 4287.911960s
[2024-03-02 11:22:54] [32mIntermediate result: 4.4556704779097345e-06  (Index 11)[0m
Epoch: 12 | cost time: 188.93646550178528 | valid_loss: 4.4556704779097345e-06 | valid_loss_true: 8.145022598041704e-06
Chepoint Saved at:  ./checkpoints/alumina_transformer_train_only/alumina_transformer/STANDALONE/checkpoint-11.pth
Adjusting learning rate of group 0 to 1.4224e-05.
	iters: 382, epoch: 13 | train_loss : 0.0000
	speed: 0.261796s/iter; left time: 18911.325424s
	iters: 764, epoch: 13 | train_loss : 0.0000
	speed: 0.076569s/iter; left time: 5501.867816s
	iters: 1146, epoch: 13 | train_loss : 0.0000
	speed: 0.073822s/iter; left time: 5276.311765s
	iters: 1528, epoch: 13 | train_loss : 0.0000
	speed: 0.073621s/iter; left time: 5233.788225s
	iters: 1910, epoch: 13 | train_loss : 0.0000
	speed: 0.071647s/iter; left time: 5066.082467s
[2024-03-02 11:26:31] [32mIntermediate result: 4.641889972845092e-06  (Index 12)[0m
Epoch: 13 | cost time: 216.41107273101807 | valid_loss: 4.641889972845092e-06 | valid_loss_true: 7.510650797612672e-06
Adjusting learning rate of group 0 to 1.2091e-05.
	iters: 382, epoch: 14 | train_loss : 0.0000
	speed: 0.264687s/iter; left time: 18614.392632s
	iters: 764, epoch: 14 | train_loss : 0.0000
	speed: 0.060964s/iter; left time: 4264.053761s
	iters: 1146, epoch: 14 | train_loss : 0.0000
	speed: 0.060019s/iter; left time: 4175.023750s
	iters: 1528, epoch: 14 | train_loss : 0.0000
	speed: 0.057380s/iter; left time: 3969.538579s
	iters: 1910, epoch: 14 | train_loss : 0.0000
	speed: 0.060068s/iter; left time: 4132.544742s
[2024-03-02 11:29:43] [32mIntermediate result: 4.692552010965301e-06  (Index 13)[0m
Epoch: 14 | cost time: 192.1188519001007 | valid_loss: 4.692552010965301e-06 | valid_loss_true: 7.1044836689602e-06
Adjusting learning rate of group 0 to 1.0277e-05.
	iters: 382, epoch: 15 | train_loss : 0.0000
	speed: 0.263281s/iter; left time: 18012.375096s
	iters: 764, epoch: 15 | train_loss : 0.0000
	speed: 0.060022s/iter; left time: 4083.493685s
	iters: 1146, epoch: 15 | train_loss : 0.0000
	speed: 0.064390s/iter; left time: 4356.063023s
	iters: 1528, epoch: 15 | train_loss : 0.0000
	speed: 0.059249s/iter; left time: 3985.602912s
	iters: 1910, epoch: 15 | train_loss : 0.0000
	speed: 0.056839s/iter; left time: 3801.815107s
[2024-03-02 11:32:55] [32mIntermediate result: 4.549952791421674e-06  (Index 14)[0m
Epoch: 15 | cost time: 192.40952563285828 | valid_loss: 4.549952791421674e-06 | valid_loss_true: 6.7290126126484815e-06
Adjusting learning rate of group 0 to 8.7354e-06.
	iters: 382, epoch: 16 | train_loss : 0.0000
	speed: 0.256212s/iter; left time: 17039.132964s
	iters: 764, epoch: 16 | train_loss : 0.0000
	speed: 0.055951s/iter; left time: 3699.592427s
	iters: 1146, epoch: 16 | train_loss : 0.0000
	speed: 0.055099s/iter; left time: 3622.194505s
	iters: 1528, epoch: 16 | train_loss : 0.0000
	speed: 0.057123s/iter; left time: 3733.457971s
	iters: 1910, epoch: 16 | train_loss : 0.0000
	speed: 0.055161s/iter; left time: 3584.166153s
[2024-03-02 11:35:58] [32mIntermediate result: 4.506415734795155e-06  (Index 15)[0m
Epoch: 16 | cost time: 182.15789818763733 | valid_loss: 4.506415734795155e-06 | valid_loss_true: 6.392261288729356e-06
Adjusting learning rate of group 0 to 7.4251e-06.
	iters: 382, epoch: 17 | train_loss : 0.0000
	speed: 0.253937s/iter; left time: 16402.584514s
	iters: 764, epoch: 17 | train_loss : 0.0000
	speed: 0.058976s/iter; left time: 3786.910374s
	iters: 1146, epoch: 17 | train_loss : 0.0000
	speed: 0.057256s/iter; left time: 3654.570649s
	iters: 1528, epoch: 17 | train_loss : 0.0000
	speed: 0.055970s/iter; left time: 3551.151619s
	iters: 1910, epoch: 17 | train_loss : 0.0000
	speed: 0.054175s/iter; left time: 3416.521257s
[2024-03-02 11:39:00] [32mIntermediate result: 4.532864295470063e-06  (Index 16)[0m
Epoch: 17 | cost time: 182.79197072982788 | valid_loss: 4.532864295470063e-06 | valid_loss_true: 6.093751358042098e-06
Adjusting learning rate of group 0 to 6.3113e-06.
	iters: 382, epoch: 18 | train_loss : 0.0000
	speed: 0.255711s/iter; left time: 16028.459024s
	iters: 764, epoch: 18 | train_loss : 0.0000
	speed: 0.057230s/iter; left time: 3565.408514s
	iters: 1146, epoch: 18 | train_loss : 0.0000
	speed: 0.055406s/iter; left time: 3430.639450s
	iters: 1528, epoch: 18 | train_loss : 0.0000
	speed: 0.056608s/iter; left time: 3483.429487s
	iters: 1910, epoch: 18 | train_loss : 0.0000
	speed: 0.056240s/iter; left time: 3439.271496s
[2024-03-02 11:42:05] [32mIntermediate result: 3.8875000427651685e-06  (Index 17)[0m
Epoch: 18 | cost time: 184.47408890724182 | valid_loss: 3.8875000427651685e-06 | valid_loss_true: 5.783914298643702e-06
Chepoint Saved at:  ./checkpoints/alumina_transformer_train_only/alumina_transformer/STANDALONE/checkpoint-17.pth
Adjusting learning rate of group 0 to 5.3646e-06.
	iters: 382, epoch: 19 | train_loss : 0.0000
	speed: 0.256870s/iter; left time: 15610.273026s
	iters: 764, epoch: 19 | train_loss : 0.0000
	speed: 0.056213s/iter; left time: 3394.618819s
	iters: 1146, epoch: 19 | train_loss : 0.0000
	speed: 0.059897s/iter; left time: 3594.245399s
	iters: 1528, epoch: 19 | train_loss : 0.0000
	speed: 0.058800s/iter; left time: 3505.969324s
	iters: 1910, epoch: 19 | train_loss : 0.0000
	speed: 0.062231s/iter; left time: 3686.754915s
[2024-03-02 11:45:13] [32mIntermediate result: 4.238961537339492e-06  (Index 18)[0m
Epoch: 19 | cost time: 188.25160551071167 | valid_loss: 4.238961537339492e-06 | valid_loss_true: 5.747084901687978e-06
Adjusting learning rate of group 0 to 4.5599e-06.
	iters: 382, epoch: 20 | train_loss : 0.0000
	speed: 0.253758s/iter; left time: 14936.221659s
	iters: 764, epoch: 20 | train_loss : 0.0000
	speed: 0.057195s/iter; left time: 3344.668627s
	iters: 1146, epoch: 20 | train_loss : 0.0000
	speed: 0.057047s/iter; left time: 3314.207449s
	iters: 1528, epoch: 20 | train_loss : 0.0000
	speed: 0.056514s/iter; left time: 3261.637132s
	iters: 1910, epoch: 20 | train_loss : 0.0000
	speed: 0.055453s/iter; left time: 3179.215094s
[2024-03-02 11:48:18] [32mIntermediate result: 4.185358648101101e-06  (Index 19)[0m
Epoch: 20 | cost time: 185.04574966430664 | valid_loss: 4.185358648101101e-06 | valid_loss_true: 5.54596079871245e-06
Adjusting learning rate of group 0 to 3.8760e-06.
	iters: 382, epoch: 21 | train_loss : 0.0000
	speed: 0.262744s/iter; left time: 14963.028910s
	iters: 764, epoch: 21 | train_loss : 0.0000
	speed: 0.055174s/iter; left time: 3121.051523s
	iters: 1146, epoch: 21 | train_loss : 0.0000
	speed: 0.054737s/iter; left time: 3075.405776s
	iters: 1528, epoch: 21 | train_loss : 0.0000
	speed: 0.055732s/iter; left time: 3110.029719s
	iters: 1910, epoch: 21 | train_loss : 0.0000
	speed: 0.055600s/iter; left time: 3081.414189s
[2024-03-02 11:51:21] [32mIntermediate result: 4.286654530005762e-06  (Index 20)[0m
Epoch: 21 | cost time: 183.265944480896 | valid_loss: 4.286654530005762e-06 | valid_loss_true: 5.481349504448788e-06
Adjusting learning rate of group 0 to 3.2946e-06.
	iters: 382, epoch: 22 | train_loss : 0.0000
	speed: 0.252466s/iter; left time: 13895.225161s
	iters: 764, epoch: 22 | train_loss : 0.0000
	speed: 0.055826s/iter; left time: 3051.244476s
	iters: 1146, epoch: 22 | train_loss : 0.0000
	speed: 0.055371s/iter; left time: 3005.180411s
	iters: 1528, epoch: 22 | train_loss : 0.0000
	speed: 0.055831s/iter; left time: 3008.824868s
	iters: 1910, epoch: 22 | train_loss : 0.0000
	speed: 0.055129s/iter; left time: 2949.932018s
[2024-03-02 11:54:22] [32mIntermediate result: 4.067212103109341e-06  (Index 21)[0m
Epoch: 22 | cost time: 181.03385090827942 | valid_loss: 4.067212103109341e-06 | valid_loss_true: 5.351450724336261e-06
Adjusting learning rate of group 0 to 2.8004e-06.
	iters: 382, epoch: 23 | train_loss : 0.0000
	speed: 0.252808s/iter; left time: 13430.910212s
	iters: 764, epoch: 23 | train_loss : 0.0000
	speed: 0.055157s/iter; left time: 2909.278508s
	iters: 1146, epoch: 23 | train_loss : 0.0000
	speed: 0.054710s/iter; left time: 2864.798880s
	iters: 1528, epoch: 23 | train_loss : 0.0000
	speed: 0.055758s/iter; left time: 2898.354232s
	iters: 1910, epoch: 23 | train_loss : 0.0000
	speed: 0.056128s/iter; left time: 2896.165037s
[2024-03-02 11:57:25] [32mIntermediate result: 4.051456471643178e-06  (Index 22)[0m
Epoch: 23 | cost time: 182.49535250663757 | valid_loss: 4.051456471643178e-06 | valid_loss_true: 5.287545408621691e-06
Adjusting learning rate of group 0 to 2.3803e-06.
	iters: 382, epoch: 24 | train_loss : 0.0000
	speed: 0.259492s/iter; left time: 13290.138966s
	iters: 764, epoch: 24 | train_loss : 0.0000
	speed: 0.055708s/iter; left time: 2831.850614s
	iters: 1146, epoch: 24 | train_loss : 0.0000
	speed: 0.054785s/iter; left time: 2764.013990s
	iters: 1528, epoch: 24 | train_loss : 0.0000
	speed: 0.054602s/iter; left time: 2733.909520s
	iters: 1910, epoch: 24 | train_loss : 0.0000
	speed: 0.054392s/iter; left time: 2702.647659s
[2024-03-02 12:00:26] [32mIntermediate result: 4.122869995626388e-06  (Index 23)[0m
Epoch: 24 | cost time: 180.76127338409424 | valid_loss: 4.122869995626388e-06 | valid_loss_true: 5.205924763013428e-06
Adjusting learning rate of group 0 to 2.0233e-06.
	iters: 382, epoch: 25 | train_loss : 0.0000
	speed: 0.250190s/iter; left time: 12335.610423s
	iters: 764, epoch: 25 | train_loss : 0.0000
	speed: 0.055157s/iter; left time: 2698.429018s
	iters: 1146, epoch: 25 | train_loss : 0.0000
	speed: 0.054747s/iter; left time: 2657.491022s
	iters: 1528, epoch: 25 | train_loss : 0.0000
	speed: 0.054572s/iter; left time: 2628.112896s
	iters: 1910, epoch: 25 | train_loss : 0.0000
	speed: 0.055331s/iter; left time: 2643.540443s
[2024-03-02 12:03:27] [32mIntermediate result: 4.165335212746868e-06  (Index 24)[0m
Epoch: 25 | cost time: 181.41477346420288 | valid_loss: 4.165335212746868e-06 | valid_loss_true: 5.139189974281419e-06
Adjusting learning rate of group 0 to 1.7198e-06.
	iters: 382, epoch: 26 | train_loss : 0.0000
	speed: 0.258800s/iter; left time: 12265.561067s
	iters: 764, epoch: 26 | train_loss : 0.0000
	speed: 0.061360s/iter; left time: 2884.677373s
	iters: 1146, epoch: 26 | train_loss : 0.0000
	speed: 0.055075s/iter; left time: 2568.140095s
	iters: 1528, epoch: 26 | train_loss : 0.0000
	speed: 0.055624s/iter; left time: 2572.514544s
	iters: 1910, epoch: 26 | train_loss : 0.0000
	speed: 0.055543s/iter; left time: 2547.525083s
[2024-03-02 12:06:33] [32mIntermediate result: 4.127540250919992e-06  (Index 25)[0m
Epoch: 26 | cost time: 185.82110738754272 | valid_loss: 4.127540250919992e-06 | valid_loss_true: 5.0968908837615245e-06
Early stop with best valid_loss: 4.127540250919992e-06
[2024-03-02 12:06:33] [32mFinal result: 3.8875000427651685e-06[0m
>>>>>>>end of training : alumina_transformer/STANDALONE>>>>>>>>>>>>>>>>>>>>>>>>>>
