python -u main_nni.py --stage train_only --model_id alumina_patchtst --model_name alumina_patchtst --features MS --log_path log --trainset_csv_path /workspace/qiuyunzhong/TSFrameworkData/alumina_trainset.csv --validset_csv_path /workspace/qiuyunzhong/TSFrameworkData/alumina_validset.csv --testset_csv_path /workspace/qiuyunzhong/TSFrameworkData/alumina_testset_new.csv --datetime_col dtime --feature_cols 1æ•ˆè’¸å‘å™¨æ±½æ¸© --target_cols 1æ•ˆè’¸å‘å™¨æ±½æ¸© --seq_len 30 --label_len 2 --pred_len 30 --timestamp_feature none --train_epochs 50 --gpu 0 --use_nni --checkpoints ./checkpoints/alumina_patchtst_train_only --hidden_dim 128 --d_model 128 --e_layers 1 --d_layers 1
model_id: alumina_patchtst/STANDALONE
Args in experiment:
Namespace(use_nni=True, stage='train_only', model_id='alumina_patchtst/STANDALONE', log_path='log', checkpoints='./checkpoints/alumina_patchtst_train_only', key=None, task_name='Forecast', features='MS', embed='timeF', freq='h', trainset_csv_path='/workspace/qiuyunzhong/TSFrameworkData/alumina_trainset.csv', validset_csv_path='/workspace/qiuyunzhong/TSFrameworkData/alumina_validset.csv', testset_csv_path='/workspace/qiuyunzhong/TSFrameworkData/alumina_testset_new.csv', datetime_col='dtime', feature_cols='1æ•ˆè’¸å‘å™¨æ±½æ¸©', target_cols='1æ•ˆè’¸å‘å™¨æ±½æ¸©', timestamp_feature='none', seq_len=30, label_len=2, pred_len=30, interval=900, model_name='alumina_patchtst', d_model=128, n_heads=8, e_layers=1, d_layers=1, d_ff=512, hidden_dim=128, factor=1, dropout=0.05, activation='gelu', output_attention=False, optimizer='Adam', fix_seed=-1, num_workers=10, train_epochs=50, batch_size=64, patience=7, lr=0.0001, gpu=0, label_loss_rate=0.5, reg_loss_rate=0.5, use_norm=1, patch_len=16, target_num=1, use_gpu=True, hpo='nni')
Performing MS Forecasting (TimeXer)
Use GPU... cuda:0
Adjusting learning rate of group 0 to 1.0000e-04.
>>>>>>>start training : alumina_patchtst/STANDALONE>>>>>>>>>>>>>>>>>>>>>>>>>>
	iters: 382, epoch: 1 | train_loss : 0.0005
	speed: 0.035935s/iter; left time: 3419.868492s
	iters: 764, epoch: 1 | train_loss : 0.0012
	speed: 0.029524s/iter; left time: 2798.522319s
	iters: 1146, epoch: 1 | train_loss : 0.0004
	speed: 0.027267s/iter; left time: 2574.136286s
	iters: 1528, epoch: 1 | train_loss : 0.0008
	speed: 0.029955s/iter; left time: 2816.413031s
	iters: 1910, epoch: 1 | train_loss : 0.0016
	speed: 0.029526s/iter; left time: 2764.862365s
[2024-03-01 13:57:43] [32mIntermediate result: 0.02557193674147129  (Index 0)[0m
Epoch: 1 | cost time: 111.3681902885437 | valid_loss: 0.02557193674147129 | valid_loss_true: 1.5768734953817662
Chepoint Saved at:  ./checkpoints/alumina_patchtst_train_only/alumina_patchtst/STANDALONE/checkpoint-0.pth
Adjusting learning rate of group 0 to 8.5000e-05.
	iters: 382, epoch: 2 | train_loss : 0.0005
	speed: 0.172952s/iter; left time: 16129.195951s
	iters: 764, epoch: 2 | train_loss : 0.0006
	speed: 0.029937s/iter; left time: 2780.431321s
	iters: 1146, epoch: 2 | train_loss : 0.0004
	speed: 0.027171s/iter; left time: 2513.113846s
	iters: 1528, epoch: 2 | train_loss : 0.0004
	speed: 0.024543s/iter; left time: 2260.736794s
	iters: 1910, epoch: 2 | train_loss : 0.0010
	speed: 0.023302s/iter; left time: 2137.524599s
[2024-03-01 13:59:27] [32mIntermediate result: 0.025443686172366142  (Index 1)[0m
Epoch: 2 | cost time: 104.62831377983093 | valid_loss: 0.025443686172366142 | valid_loss_true: 1.575535643620045
Chepoint Saved at:  ./checkpoints/alumina_patchtst_train_only/alumina_patchtst/STANDALONE/checkpoint-1.pth
Adjusting learning rate of group 0 to 7.2250e-05.
	iters: 382, epoch: 3 | train_loss : 0.0007
	speed: 0.167017s/iter; left time: 15256.501033s
	iters: 764, epoch: 3 | train_loss : 0.0007
	speed: 0.030778s/iter; left time: 2799.719112s
	iters: 1146, epoch: 3 | train_loss : 0.0025
	speed: 0.026514s/iter; left time: 2401.710339s
	iters: 1528, epoch: 3 | train_loss : 0.0006
	speed: 0.030631s/iter; left time: 2762.919793s
	iters: 1910, epoch: 3 | train_loss : 0.0008
	speed: 0.028767s/iter; left time: 2583.860649s
[2024-03-01 14:01:18] [32mIntermediate result: 0.025477256625890732  (Index 2)[0m
Epoch: 3 | cost time: 110.55937623977661 | valid_loss: 0.025477256625890732 | valid_loss_true: 1.6578536121116023
Adjusting learning rate of group 0 to 6.1413e-05.
	iters: 382, epoch: 4 | train_loss : 0.0006
	speed: 0.170391s/iter; left time: 15239.046584s
	iters: 764, epoch: 4 | train_loss : 0.0035
	speed: 0.023956s/iter; left time: 2133.353323s
	iters: 1146, epoch: 4 | train_loss : 0.0010
	speed: 0.025280s/iter; left time: 2241.669836s
	iters: 1528, epoch: 4 | train_loss : 0.0004
	speed: 0.025928s/iter; left time: 2289.213527s
	iters: 1910, epoch: 4 | train_loss : 0.0006
	speed: 0.026819s/iter; left time: 2357.563947s
[2024-03-01 14:02:58] [32mIntermediate result: 0.02578502893447876  (Index 3)[0m
Epoch: 4 | cost time: 99.61065626144409 | valid_loss: 0.02578502893447876 | valid_loss_true: 1.669385408351437
Adjusting learning rate of group 0 to 5.2201e-05.
	iters: 382, epoch: 5 | train_loss : 0.0007
	speed: 0.156633s/iter; left time: 13709.280937s
	iters: 764, epoch: 5 | train_loss : 0.0004
	speed: 0.022576s/iter; left time: 1967.321391s
	iters: 1146, epoch: 5 | train_loss : 0.0003
	speed: 0.021767s/iter; left time: 1888.511926s
	iters: 1528, epoch: 5 | train_loss : 0.0006
	speed: 0.021648s/iter; left time: 1869.947314s
	iters: 1910, epoch: 5 | train_loss : 0.0008
	speed: 0.021803s/iter; left time: 1875.011180s
[2024-03-01 14:04:40] [32mIntermediate result: 0.025665100663900375  (Index 4)[0m
Epoch: 5 | cost time: 101.97138404846191 | valid_loss: 0.025665100663900375 | valid_loss_true: 1.633113856316795
Adjusting learning rate of group 0 to 4.4371e-05.
	iters: 382, epoch: 6 | train_loss : 0.0060
	speed: 0.183401s/iter; left time: 15701.650985s
	iters: 764, epoch: 6 | train_loss : 0.0005
	speed: 0.023309s/iter; left time: 1986.682891s
	iters: 1146, epoch: 6 | train_loss : 0.0008
	speed: 0.020900s/iter; left time: 1773.357360s
	iters: 1528, epoch: 6 | train_loss : 0.0017
	speed: 0.022828s/iter; left time: 1928.235536s
	iters: 1910, epoch: 6 | train_loss : 0.0016
	speed: 0.025781s/iter; left time: 2167.783315s
[2024-03-01 14:06:24] [32mIntermediate result: 0.025131085887551308  (Index 5)[0m
Epoch: 6 | cost time: 104.854168176651 | valid_loss: 0.025131085887551308 | valid_loss_true: 1.6176516913944954
Chepoint Saved at:  ./checkpoints/alumina_patchtst_train_only/alumina_patchtst/STANDALONE/checkpoint-5.pth
Adjusting learning rate of group 0 to 3.7715e-05.
	iters: 382, epoch: 7 | train_loss : 0.0005
	speed: 0.184845s/iter; left time: 15472.104965s
	iters: 764, epoch: 7 | train_loss : 0.0004
	speed: 0.031491s/iter; left time: 2623.851886s
	iters: 1146, epoch: 7 | train_loss : 0.0006
	speed: 0.030376s/iter; left time: 2519.315458s
	iters: 1528, epoch: 7 | train_loss : 0.0006
	speed: 0.029968s/iter; left time: 2474.037586s
	iters: 1910, epoch: 7 | train_loss : 0.0011
	speed: 0.031050s/iter; left time: 2551.502866s
[2024-03-01 14:08:14] [32mIntermediate result: 0.025522593408823013  (Index 6)[0m
Epoch: 7 | cost time: 109.98579049110413 | valid_loss: 0.025522593408823013 | valid_loss_true: 1.646930608859486
Adjusting learning rate of group 0 to 3.2058e-05.
	iters: 382, epoch: 8 | train_loss : 0.0002
	speed: 0.159631s/iter; left time: 13056.530698s
	iters: 764, epoch: 8 | train_loss : 0.0008
	speed: 0.024488s/iter; left time: 1993.607029s
	iters: 1146, epoch: 8 | train_loss : 0.0353
	speed: 0.025577s/iter; left time: 2072.488530s
	iters: 1528, epoch: 8 | train_loss : 0.0033
	speed: 0.028554s/iter; left time: 2302.771081s
	iters: 1910, epoch: 8 | train_loss : 0.0007
	speed: 0.028712s/iter; left time: 2304.571921s
[2024-03-01 14:10:02] [32mIntermediate result: 0.02542594075202942  (Index 7)[0m
Epoch: 8 | cost time: 107.89726734161377 | valid_loss: 0.02542594075202942 | valid_loss_true: 1.626564501119484
Adjusting learning rate of group 0 to 2.7249e-05.
	iters: 382, epoch: 9 | train_loss : 0.0004
	speed: 0.179638s/iter; left time: 14349.671110s
	iters: 764, epoch: 9 | train_loss : 0.0009
	speed: 0.030586s/iter; left time: 2431.575607s
	iters: 1146, epoch: 9 | train_loss : 0.0007
	speed: 0.028788s/iter; left time: 2277.636679s
	iters: 1528, epoch: 9 | train_loss : 0.0025
	speed: 0.029117s/iter; left time: 2292.562576s
	iters: 1910, epoch: 9 | train_loss : 0.0005
	speed: 0.028532s/iter; left time: 2235.584774s
[2024-03-01 14:11:51] [32mIntermediate result: 0.024927005171775818  (Index 8)[0m
Epoch: 9 | cost time: 108.94181227684021 | valid_loss: 0.024927005171775818 | valid_loss_true: 1.6038650206432565
Chepoint Saved at:  ./checkpoints/alumina_patchtst_train_only/alumina_patchtst/STANDALONE/checkpoint-8.pth
Adjusting learning rate of group 0 to 2.3162e-05.
	iters: 382, epoch: 10 | train_loss : 0.0005
	speed: 0.161133s/iter; left time: 12563.531182s
	iters: 764, epoch: 10 | train_loss : 0.0005
	speed: 0.022154s/iter; left time: 1718.897950s
	iters: 1146, epoch: 10 | train_loss : 0.0005
	speed: 0.021208s/iter; left time: 1637.372787s
	iters: 1528, epoch: 10 | train_loss : 0.0008
	speed: 0.025646s/iter; left time: 1970.208070s
	iters: 1910, epoch: 10 | train_loss : 0.0011
	speed: 0.027587s/iter; left time: 2108.779881s
[2024-03-01 14:13:31] [32mIntermediate result: 0.025066561996936798  (Index 9)[0m
Epoch: 10 | cost time: 99.77730941772461 | valid_loss: 0.025066561996936798 | valid_loss_true: 1.6063537257771243
Adjusting learning rate of group 0 to 1.9687e-05.
	iters: 382, epoch: 11 | train_loss : 0.0007
	speed: 0.171126s/iter; left time: 13015.655196s
	iters: 764, epoch: 11 | train_loss : 0.0005
	speed: 0.028747s/iter; left time: 2175.512791s
	iters: 1146, epoch: 11 | train_loss : 0.0011
	speed: 0.027961s/iter; left time: 2105.296716s
	iters: 1528, epoch: 11 | train_loss : 0.0004
	speed: 0.029890s/iter; left time: 2239.177568s
	iters: 1910, epoch: 11 | train_loss : 0.0028
	speed: 0.025573s/iter; left time: 1905.989374s
[2024-03-01 14:15:18] [32mIntermediate result: 0.025151370093226433  (Index 10)[0m
Epoch: 11 | cost time: 107.34696221351624 | valid_loss: 0.025151370093226433 | valid_loss_true: 1.6167263480736065
Adjusting learning rate of group 0 to 1.6734e-05.
	iters: 382, epoch: 12 | train_loss : 0.0031
	speed: 0.167743s/iter; left time: 12437.800980s
	iters: 764, epoch: 12 | train_loss : 0.0134
	speed: 0.022369s/iter; left time: 1650.074807s
	iters: 1146, epoch: 12 | train_loss : 0.0011
	speed: 0.022636s/iter; left time: 1661.147642s
	iters: 1528, epoch: 12 | train_loss : 0.0034
	speed: 0.024844s/iter; left time: 1813.655344s
	iters: 1910, epoch: 12 | train_loss : 0.0005
	speed: 0.030523s/iter; left time: 2216.558275s
[2024-03-01 14:17:04] [32mIntermediate result: 0.02508552372455597  (Index 11)[0m
Epoch: 12 | cost time: 105.63275504112244 | valid_loss: 0.02508552372455597 | valid_loss_true: 1.6196599500295417
Adjusting learning rate of group 0 to 1.4224e-05.
	iters: 382, epoch: 13 | train_loss : 0.0013
	speed: 0.178965s/iter; left time: 12927.900698s
	iters: 764, epoch: 13 | train_loss : 0.0004
	speed: 0.032162s/iter; left time: 2311.007353s
	iters: 1146, epoch: 13 | train_loss : 0.0051
	speed: 0.029642s/iter; left time: 2118.605806s
	iters: 1528, epoch: 13 | train_loss : 0.0004
	speed: 0.030186s/iter; left time: 2145.961377s
	iters: 1910, epoch: 13 | train_loss : 0.0004
	speed: 0.027281s/iter; left time: 1929.005413s
[2024-03-01 14:18:53] [32mIntermediate result: 0.025301776826381683  (Index 12)[0m
Epoch: 13 | cost time: 108.8078100681305 | valid_loss: 0.025301776826381683 | valid_loss_true: 1.626570171989625
Adjusting learning rate of group 0 to 1.2091e-05.
	iters: 382, epoch: 14 | train_loss : 0.0008
	speed: 0.161639s/iter; left time: 11367.401190s
	iters: 764, epoch: 14 | train_loss : 0.0010
	speed: 0.028134s/iter; left time: 1967.825030s
	iters: 1146, epoch: 14 | train_loss : 0.0011
	speed: 0.026608s/iter; left time: 1850.918955s
	iters: 1528, epoch: 14 | train_loss : 0.0675
	speed: 0.030253s/iter; left time: 2092.936238s
	iters: 1910, epoch: 14 | train_loss : 0.0029
	speed: 0.030124s/iter; left time: 2072.458430s
[2024-03-01 14:20:46] [32mIntermediate result: 0.025115681812167168  (Index 13)[0m
Epoch: 14 | cost time: 113.27035975456238 | valid_loss: 0.025115681812167168 | valid_loss_true: 1.622141198151088
Adjusting learning rate of group 0 to 1.0277e-05.
	iters: 382, epoch: 15 | train_loss : 0.0149
	speed: 0.187470s/iter; left time: 12825.792106s
	iters: 764, epoch: 15 | train_loss : 0.0007
	speed: 0.032406s/iter; left time: 2204.659603s
	iters: 1146, epoch: 15 | train_loss : 0.0005
	speed: 0.030821s/iter; left time: 2085.067424s
	iters: 1528, epoch: 15 | train_loss : 0.0004
	speed: 0.031398s/iter; left time: 2112.082204s
	iters: 1910, epoch: 15 | train_loss : 0.0010
	speed: 0.026702s/iter; left time: 1786.004540s
[2024-03-01 14:22:38] [32mIntermediate result: 0.025053558871150017  (Index 14)[0m
Epoch: 15 | cost time: 112.24031090736389 | valid_loss: 0.025053558871150017 | valid_loss_true: 1.6127554673885505
Adjusting learning rate of group 0 to 8.7354e-06.
	iters: 382, epoch: 16 | train_loss : 0.0007
	speed: 0.169746s/iter; left time: 11288.802228s
	iters: 764, epoch: 16 | train_loss : 0.0005
	speed: 0.027973s/iter; left time: 1849.648925s
	iters: 1146, epoch: 16 | train_loss : 0.0006
	speed: 0.031321s/iter; left time: 2059.026337s
	iters: 1528, epoch: 16 | train_loss : 0.0005
	speed: 0.030086s/iter; left time: 1966.387706s
	iters: 1910, epoch: 16 | train_loss : 0.0051
	speed: 0.032013s/iter; left time: 2080.103615s
[2024-03-01 14:24:32] [32mIntermediate result: 0.025008704513311386  (Index 15)[0m
Epoch: 16 | cost time: 113.40953230857849 | valid_loss: 0.025008704513311386 | valid_loss_true: 1.6152846088096682
Adjusting learning rate of group 0 to 7.4251e-06.
	iters: 382, epoch: 17 | train_loss : 0.0007
	speed: 0.172972s/iter; left time: 11172.761413s
	iters: 764, epoch: 17 | train_loss : 0.0005
	speed: 0.029765s/iter; left time: 1911.241530s
	iters: 1146, epoch: 17 | train_loss : 0.0010
	speed: 0.029134s/iter; left time: 1859.600391s
	iters: 1528, epoch: 17 | train_loss : 0.0034
	speed: 0.027683s/iter; left time: 1756.390687s
	iters: 1910, epoch: 17 | train_loss : 0.0004
	speed: 0.026671s/iter; left time: 1681.981474s
[2024-03-01 14:26:30] [32mIntermediate result: 0.02531684935092926  (Index 16)[0m
Epoch: 17 | cost time: 117.97418665885925 | valid_loss: 0.02531684935092926 | valid_loss_true: 1.641930531855855
Early stop with best valid_loss: 0.02531684935092926
[2024-03-01 14:26:30] [32mFinal result: 0.024927005171775818[0m
>>>>>>>end of training : alumina_patchtst/STANDALONE>>>>>>>>>>>>>>>>>>>>>>>>>>
python -u main_nni.py --stage train_only --model_id alumina_patchtst --model_name alumina_patchtst --features MS --log_path log --trainset_csv_path /workspace/qiuyunzhong/TSFrameworkData/alumina_trainset.csv --validset_csv_path /workspace/qiuyunzhong/TSFrameworkData/alumina_validset.csv --testset_csv_path /workspace/qiuyunzhong/TSFrameworkData/alumina_testset_new.csv --datetime_col dtime --feature_cols 1æ•ˆè’¸å‘å™¨æ±½å®¤åŽ‹åŠ› --target_cols 1æ•ˆè’¸å‘å™¨æ±½å®¤åŽ‹åŠ› --seq_len 30 --label_len 2 --pred_len 30 --timestamp_feature none --train_epochs 50 --gpu 0 --use_nni --checkpoints ./checkpoints/alumina_patchtst_train_only --hidden_dim 128 --d_model 128 --e_layers 1 --d_layers 1
model_id: alumina_patchtst/STANDALONE
Args in experiment:
Namespace(use_nni=True, stage='train_only', model_id='alumina_patchtst/STANDALONE', log_path='log', checkpoints='./checkpoints/alumina_patchtst_train_only', key=None, task_name='Forecast', features='MS', embed='timeF', freq='h', trainset_csv_path='/workspace/qiuyunzhong/TSFrameworkData/alumina_trainset.csv', validset_csv_path='/workspace/qiuyunzhong/TSFrameworkData/alumina_validset.csv', testset_csv_path='/workspace/qiuyunzhong/TSFrameworkData/alumina_testset_new.csv', datetime_col='dtime', feature_cols='1æ•ˆè’¸å‘å™¨æ±½å®¤åŽ‹åŠ›', target_cols='1æ•ˆè’¸å‘å™¨æ±½å®¤åŽ‹åŠ›', timestamp_feature='none', seq_len=30, label_len=2, pred_len=30, interval=900, model_name='alumina_patchtst', d_model=128, n_heads=8, e_layers=1, d_layers=1, d_ff=512, hidden_dim=128, factor=1, dropout=0.05, activation='gelu', output_attention=False, optimizer='Adam', fix_seed=-1, num_workers=10, train_epochs=50, batch_size=64, patience=7, lr=0.0001, gpu=0, label_loss_rate=0.5, reg_loss_rate=0.5, use_norm=1, patch_len=16, target_num=1, use_gpu=True, hpo='nni')
Performing MS Forecasting (TimeXer)
Use GPU... cuda:0
Adjusting learning rate of group 0 to 1.0000e-04.
>>>>>>>start training : alumina_patchtst/STANDALONE>>>>>>>>>>>>>>>>>>>>>>>>>>
	iters: 382, epoch: 1 | train_loss : 0.0059
	speed: 0.034748s/iter; left time: 3306.885428s
	iters: 764, epoch: 1 | train_loss : 0.0071
	speed: 0.027623s/iter; left time: 2618.260062s
	iters: 1146, epoch: 1 | train_loss : 0.0051
	speed: 0.028993s/iter; left time: 2737.069073s
	iters: 1528, epoch: 1 | train_loss : 0.0072
	speed: 0.027947s/iter; left time: 2627.619896s
	iters: 1910, epoch: 1 | train_loss : 0.0182
	speed: 0.028511s/iter; left time: 2669.827883s
[2024-03-01 14:28:33] [32mIntermediate result: 0.08984167128801346  (Index 0)[0m
Epoch: 1 | cost time: 113.43152332305908 | valid_loss: 0.08984167128801346 | valid_loss_true: 0.02361798562480442
Chepoint Saved at:  ./checkpoints/alumina_patchtst_train_only/alumina_patchtst/STANDALONE/checkpoint-0.pth
Adjusting learning rate of group 0 to 8.5000e-05.
	iters: 382, epoch: 2 | train_loss : 0.0056
	speed: 0.178928s/iter; left time: 16686.450499s
	iters: 764, epoch: 2 | train_loss : 0.0160
	speed: 0.024059s/iter; left time: 2234.485871s
	iters: 1146, epoch: 2 | train_loss : 0.0038
	speed: 0.023982s/iter; left time: 2218.215294s
	iters: 1528, epoch: 2 | train_loss : 0.0035
	speed: 0.028556s/iter; left time: 2630.393321s
	iters: 1910, epoch: 2 | train_loss : 0.0160
	speed: 0.028097s/iter; left time: 2577.353707s
[2024-03-01 14:30:28] [32mIntermediate result: 0.08890319615602493  (Index 1)[0m
Epoch: 2 | cost time: 115.49792456626892 | valid_loss: 0.08890319615602493 | valid_loss_true: 0.023482044407481868
Chepoint Saved at:  ./checkpoints/alumina_patchtst_train_only/alumina_patchtst/STANDALONE/checkpoint-1.pth
Adjusting learning rate of group 0 to 7.2250e-05.
	iters: 382, epoch: 3 | train_loss : 0.0076
	speed: 0.199495s/iter; left time: 18223.300243s
	iters: 764, epoch: 3 | train_loss : 0.0061
	speed: 0.028902s/iter; left time: 2629.051141s
	iters: 1146, epoch: 3 | train_loss : 0.0037
	speed: 0.029058s/iter; left time: 2632.190738s
	iters: 1528, epoch: 3 | train_loss : 0.0070
	speed: 0.028547s/iter; left time: 2574.926108s
	iters: 1910, epoch: 3 | train_loss : 0.0065
	speed: 0.028976s/iter; left time: 2602.607098s
[2024-03-01 14:32:24] [32mIntermediate result: 0.08902249485254288  (Index 2)[0m
Epoch: 3 | cost time: 116.34927558898926 | valid_loss: 0.08902249485254288 | valid_loss_true: 0.023480353518877662
Adjusting learning rate of group 0 to 6.1413e-05.
	iters: 382, epoch: 4 | train_loss : 0.0043
	speed: 0.189446s/iter; left time: 16943.265654s
	iters: 764, epoch: 4 | train_loss : 0.0065
	speed: 0.024887s/iter; left time: 2216.328424s
	iters: 1146, epoch: 4 | train_loss : 0.0046
	speed: 0.026160s/iter; left time: 2319.670135s
	iters: 1528, epoch: 4 | train_loss : 0.0033
	speed: 0.025250s/iter; left time: 2229.294825s
	iters: 1910, epoch: 4 | train_loss : 0.0051
	speed: 0.025065s/iter; left time: 2203.456609s
[2024-03-01 14:34:21] [32mIntermediate result: 0.08831083029508591  (Index 3)[0m
Epoch: 4 | cost time: 116.5258719921112 | valid_loss: 0.08831083029508591 | valid_loss_true: 0.023297343051495514
Chepoint Saved at:  ./checkpoints/alumina_patchtst_train_only/alumina_patchtst/STANDALONE/checkpoint-3.pth
Adjusting learning rate of group 0 to 5.2201e-05.
	iters: 382, epoch: 5 | train_loss : 0.0079
	speed: 0.206352s/iter; left time: 18060.938246s
	iters: 764, epoch: 5 | train_loss : 0.0044
	speed: 0.029017s/iter; left time: 2528.609149s
	iters: 1146, epoch: 5 | train_loss : 0.0048
	speed: 0.027801s/iter; left time: 2412.016786s
	iters: 1528, epoch: 5 | train_loss : 0.0099
	speed: 0.025554s/iter; left time: 2207.313258s
	iters: 1910, epoch: 5 | train_loss : 0.0067
	speed: 0.029151s/iter; left time: 2506.879463s
[2024-03-01 14:36:23] [32mIntermediate result: 0.0886150524020195  (Index 4)[0m
Epoch: 5 | cost time: 122.20625305175781 | valid_loss: 0.0886150524020195 | valid_loss_true: 0.02342297433528442
Adjusting learning rate of group 0 to 4.4371e-05.
	iters: 382, epoch: 6 | train_loss : 0.0074
	speed: 0.208078s/iter; left time: 17814.376314s
	iters: 764, epoch: 6 | train_loss : 0.0061
	speed: 0.028470s/iter; left time: 2426.548554s
	iters: 1146, epoch: 6 | train_loss : 0.0042
	speed: 0.025216s/iter; left time: 2139.567876s
	iters: 1528, epoch: 6 | train_loss : 0.0193
	speed: 0.025949s/iter; left time: 2191.891716s
	iters: 1910, epoch: 6 | train_loss : 0.0081
	speed: 0.024225s/iter; left time: 2036.968367s
[2024-03-01 14:38:16] [32mIntermediate result: 0.08877379447221756  (Index 5)[0m
Epoch: 6 | cost time: 112.7145721912384 | valid_loss: 0.08877379447221756 | valid_loss_true: 0.02341002301423548
Adjusting learning rate of group 0 to 3.7715e-05.
	iters: 382, epoch: 7 | train_loss : 0.0056
	speed: 0.189416s/iter; left time: 15854.684500s
	iters: 764, epoch: 7 | train_loss : 0.0043
	speed: 0.027644s/iter; left time: 2303.284964s
	iters: 1146, epoch: 7 | train_loss : 0.0080
	speed: 0.025779s/iter; left time: 2138.091480s
	iters: 1528, epoch: 7 | train_loss : 0.0046
	speed: 0.028013s/iter; left time: 2312.654530s
	iters: 1910, epoch: 7 | train_loss : 0.0119
	speed: 0.030064s/iter; left time: 2470.548836s
[2024-03-01 14:40:09] [32mIntermediate result: 0.08807523548603058  (Index 6)[0m
Epoch: 7 | cost time: 113.55658316612244 | valid_loss: 0.08807523548603058 | valid_loss_true: 0.023227299899339922
Chepoint Saved at:  ./checkpoints/alumina_patchtst_train_only/alumina_patchtst/STANDALONE/checkpoint-6.pth
Adjusting learning rate of group 0 to 3.2058e-05.
	iters: 382, epoch: 8 | train_loss : 0.0069
	speed: 0.187598s/iter; left time: 15344.052067s
	iters: 764, epoch: 8 | train_loss : 0.0062
	speed: 0.029326s/iter; left time: 2387.445778s
	iters: 1146, epoch: 8 | train_loss : 0.0096
	speed: 0.028753s/iter; left time: 2329.826083s
	iters: 1528, epoch: 8 | train_loss : 0.0077
	speed: 0.029555s/iter; left time: 2383.489404s
	iters: 1910, epoch: 8 | train_loss : 0.0049
	speed: 0.029792s/iter; left time: 2391.229936s
[2024-03-01 14:42:02] [32mIntermediate result: 0.08851832151412964  (Index 7)[0m
Epoch: 8 | cost time: 112.399418592453 | valid_loss: 0.08851832151412964 | valid_loss_true: 0.02338116712016716
Adjusting learning rate of group 0 to 2.7249e-05.
	iters: 382, epoch: 9 | train_loss : 0.0059
	speed: 0.173095s/iter; left time: 13827.021566s
	iters: 764, epoch: 9 | train_loss : 0.0055
	speed: 0.027444s/iter; left time: 2181.754729s
	iters: 1146, epoch: 9 | train_loss : 0.0042
	speed: 0.029408s/iter; left time: 2326.649767s
	iters: 1528, epoch: 9 | train_loss : 0.0043
	speed: 0.029326s/iter; left time: 2308.959426s
	iters: 1910, epoch: 9 | train_loss : 0.0133
	speed: 0.028972s/iter; left time: 2270.042850s
[2024-03-01 14:43:59] [32mIntermediate result: 0.08806821703910828  (Index 8)[0m
Epoch: 9 | cost time: 117.03225207328796 | valid_loss: 0.08806821703910828 | valid_loss_true: 0.023245299673569142
Chepoint Saved at:  ./checkpoints/alumina_patchtst_train_only/alumina_patchtst/STANDALONE/checkpoint-8.pth
Adjusting learning rate of group 0 to 2.3162e-05.
	iters: 382, epoch: 10 | train_loss : 0.0047
	speed: 0.194899s/iter; left time: 15196.249174s
	iters: 764, epoch: 10 | train_loss : 0.0056
	speed: 0.028465s/iter; left time: 2208.543979s
	iters: 1146, epoch: 10 | train_loss : 0.0054
	speed: 0.026915s/iter; left time: 2077.978413s
	iters: 1528, epoch: 10 | train_loss : 0.0094
	speed: 0.027976s/iter; left time: 2149.193691s
	iters: 1910, epoch: 10 | train_loss : 0.0068
	speed: 0.029484s/iter; left time: 2253.843638s
[2024-03-01 14:46:01] [32mIntermediate result: 0.08779828250408173  (Index 9)[0m
Epoch: 10 | cost time: 122.06350517272949 | valid_loss: 0.08779828250408173 | valid_loss_true: 0.023188461156983507
Chepoint Saved at:  ./checkpoints/alumina_patchtst_train_only/alumina_patchtst/STANDALONE/checkpoint-9.pth
Adjusting learning rate of group 0 to 1.9687e-05.
	iters: 382, epoch: 11 | train_loss : 0.0074
	speed: 0.206318s/iter; left time: 15692.355210s
	iters: 764, epoch: 11 | train_loss : 0.0059
	speed: 0.027197s/iter; left time: 2058.220261s
	iters: 1146, epoch: 11 | train_loss : 0.0071
	speed: 0.026264s/iter; left time: 1977.566889s
	iters: 1528, epoch: 11 | train_loss : 0.0038
	speed: 0.027489s/iter; left time: 2059.254513s
	iters: 1910, epoch: 11 | train_loss : 0.0084
	speed: 0.027838s/iter; left time: 2074.816898s
[2024-03-01 14:48:00] [32mIntermediate result: 0.08812068402767181  (Index 10)[0m
Epoch: 11 | cost time: 119.38184356689453 | valid_loss: 0.08812068402767181 | valid_loss_true: 0.023257900200284922
Adjusting learning rate of group 0 to 1.6734e-05.
	iters: 382, epoch: 12 | train_loss : 0.0065
	speed: 0.205382s/iter; left time: 15228.696151s
	iters: 764, epoch: 12 | train_loss : 0.0311
	speed: 0.030434s/iter; left time: 2244.995866s
	iters: 1146, epoch: 12 | train_loss : 0.0042
	speed: 0.029380s/iter; left time: 2156.042444s
	iters: 1528, epoch: 12 | train_loss : 0.0305
	speed: 0.029908s/iter; left time: 2183.358341s
	iters: 1910, epoch: 12 | train_loss : 0.0024
	speed: 0.032636s/iter; left time: 2370.039888s
[2024-03-01 14:49:59] [32mIntermediate result: 0.0881538838148117  (Index 11)[0m
Epoch: 12 | cost time: 118.67847871780396 | valid_loss: 0.0881538838148117 | valid_loss_true: 0.023286650941601886
Adjusting learning rate of group 0 to 1.4224e-05.
	iters: 382, epoch: 13 | train_loss : 0.0098
	speed: 0.186419s/iter; left time: 13466.340795s
	iters: 764, epoch: 13 | train_loss : 0.0055
	speed: 0.028129s/iter; left time: 2021.175772s
	iters: 1146, epoch: 13 | train_loss : 0.0044
	speed: 0.028170s/iter; left time: 2013.359808s
	iters: 1528, epoch: 13 | train_loss : 0.0037
	speed: 0.026372s/iter; left time: 1874.777434s
	iters: 1910, epoch: 13 | train_loss : 0.0066
	speed: 0.030910s/iter; left time: 2185.619347s
[2024-03-01 14:52:05] [32mIntermediate result: 0.08803577721118927  (Index 12)[0m
Epoch: 13 | cost time: 125.61152720451355 | valid_loss: 0.08803577721118927 | valid_loss_true: 0.023253258131979725
Adjusting learning rate of group 0 to 1.2091e-05.
	iters: 382, epoch: 14 | train_loss : 0.0050
	speed: 0.219089s/iter; left time: 15407.621368s
	iters: 764, epoch: 14 | train_loss : 0.0070
	speed: 0.032146s/iter; left time: 2248.390409s
	iters: 1146, epoch: 14 | train_loss : 0.0046
	speed: 0.028865s/iter; left time: 2007.892002s
	iters: 1528, epoch: 14 | train_loss : 0.0038
	speed: 0.026452s/iter; left time: 1829.917770s
	iters: 1910, epoch: 14 | train_loss : 0.0085
	speed: 0.027091s/iter; left time: 1863.822426s
[2024-03-01 14:54:12] [32mIntermediate result: 0.08789583295583725  (Index 13)[0m
Epoch: 14 | cost time: 126.9208755493164 | valid_loss: 0.08789583295583725 | valid_loss_true: 0.02321051355620174
Adjusting learning rate of group 0 to 1.0277e-05.
	iters: 382, epoch: 15 | train_loss : 0.0387
	speed: 0.217367s/iter; left time: 14871.190162s
	iters: 764, epoch: 15 | train_loss : 0.0070
	speed: 0.028746s/iter; left time: 1955.705034s
	iters: 1146, epoch: 15 | train_loss : 0.0049
	speed: 0.029356s/iter; left time: 1985.933854s
	iters: 1528, epoch: 15 | train_loss : 0.0040
	speed: 0.028035s/iter; left time: 1885.869477s
	iters: 1910, epoch: 15 | train_loss : 0.0059
	speed: 0.026619s/iter; left time: 1780.473525s
[2024-03-01 14:56:10] [32mIntermediate result: 0.08804893493652344  (Index 14)[0m
Epoch: 15 | cost time: 118.19828462600708 | valid_loss: 0.08804893493652344 | valid_loss_true: 0.023265517247312073
Adjusting learning rate of group 0 to 8.7354e-06.
	iters: 382, epoch: 16 | train_loss : 0.0049
	speed: 0.197498s/iter; left time: 13134.378649s
	iters: 764, epoch: 16 | train_loss : 0.0043
	speed: 0.028491s/iter; left time: 1883.881051s
	iters: 1146, epoch: 16 | train_loss : 0.0055
	speed: 0.031156s/iter; left time: 2048.166927s
	iters: 1528, epoch: 16 | train_loss : 0.0053
	speed: 0.030978s/iter; left time: 2024.639441s
	iters: 1910, epoch: 16 | train_loss : 0.0085
	speed: 0.031143s/iter; left time: 2023.534752s
[2024-03-01 14:58:13] [32mIntermediate result: 0.0880097821354866  (Index 15)[0m
Epoch: 16 | cost time: 122.88692545890808 | valid_loss: 0.0880097821354866 | valid_loss_true: 0.023254256687828656
Adjusting learning rate of group 0 to 7.4251e-06.
	iters: 382, epoch: 17 | train_loss : 0.0076
	speed: 0.194866s/iter; left time: 12586.971357s
	iters: 764, epoch: 17 | train_loss : 0.0044
	speed: 0.028328s/iter; left time: 1818.941031s
	iters: 1146, epoch: 17 | train_loss : 0.0089
	speed: 0.030234s/iter; left time: 1929.803385s
	iters: 1528, epoch: 17 | train_loss : 0.0065
	speed: 0.027329s/iter; left time: 1733.927691s
	iters: 1910, epoch: 17 | train_loss : 0.0052
	speed: 0.029271s/iter; left time: 1845.953791s
[2024-03-01 15:00:05] [32mIntermediate result: 0.0881751999258995  (Index 16)[0m
Epoch: 17 | cost time: 112.1062490940094 | valid_loss: 0.0881751999258995 | valid_loss_true: 0.023301453181656488
Adjusting learning rate of group 0 to 6.3113e-06.
	iters: 382, epoch: 18 | train_loss : 0.0059
	speed: 0.179465s/iter; left time: 11249.238700s
	iters: 764, epoch: 18 | train_loss : 0.0063
	speed: 0.026483s/iter; left time: 1649.891811s
	iters: 1146, epoch: 18 | train_loss : 0.0050
	speed: 0.029833s/iter; left time: 1847.197630s
	iters: 1528, epoch: 18 | train_loss : 0.0047
	speed: 0.028801s/iter; left time: 1772.311851s
	iters: 1910, epoch: 18 | train_loss : 0.0058
	speed: 0.029614s/iter; left time: 1811.009200s
[2024-03-01 15:02:08] [32mIntermediate result: 0.08779719471931458  (Index 17)[0m
Epoch: 18 | cost time: 123.17435836791992 | valid_loss: 0.08779719471931458 | valid_loss_true: 0.023176972260842425
Chepoint Saved at:  ./checkpoints/alumina_patchtst_train_only/alumina_patchtst/STANDALONE/checkpoint-17.pth
Adjusting learning rate of group 0 to 5.3646e-06.
	iters: 382, epoch: 19 | train_loss : 0.0039
	speed: 0.211359s/iter; left time: 12844.482069s
	iters: 764, epoch: 19 | train_loss : 0.0058
	speed: 0.028423s/iter; left time: 1716.427562s
	iters: 1146, epoch: 19 | train_loss : 0.0040
	speed: 0.029542s/iter; left time: 1772.742142s
	iters: 1528, epoch: 19 | train_loss : 0.0538
	speed: 0.031846s/iter; left time: 1898.813970s
	iters: 1910, epoch: 19 | train_loss : 0.0099
	speed: 0.028787s/iter; left time: 1705.451906s
[2024-03-01 15:04:16] [32mIntermediate result: 0.08797135949134827  (Index 18)[0m
Epoch: 19 | cost time: 128.10137510299683 | valid_loss: 0.08797135949134827 | valid_loss_true: 0.023243184627932963
Adjusting learning rate of group 0 to 4.5599e-06.
	iters: 382, epoch: 20 | train_loss : 0.0165
	speed: 0.211367s/iter; left time: 12441.073623s
	iters: 764, epoch: 20 | train_loss : 0.0100
	speed: 0.026712s/iter; left time: 1562.065288s
	iters: 1146, epoch: 20 | train_loss : 0.0093
	speed: 0.026644s/iter; left time: 1547.899683s
	iters: 1528, epoch: 20 | train_loss : 0.0041
	speed: 0.026791s/iter; left time: 1546.186971s
	iters: 1910, epoch: 20 | train_loss : 0.0029
	speed: 0.025624s/iter; left time: 1469.091590s
[2024-03-01 15:06:15] [32mIntermediate result: 0.08794986456632614  (Index 19)[0m
Epoch: 20 | cost time: 118.53135681152344 | valid_loss: 0.08794986456632614 | valid_loss_true: 0.02323692585812565
Adjusting learning rate of group 0 to 3.8760e-06.
	iters: 382, epoch: 21 | train_loss : 0.0064
	speed: 0.209747s/iter; left time: 11944.874504s
	iters: 764, epoch: 21 | train_loss : 0.0062
	speed: 0.031272s/iter; left time: 1768.986493s
	iters: 1146, epoch: 21 | train_loss : 0.0092
	speed: 0.032346s/iter; left time: 1817.369035s
	iters: 1528, epoch: 21 | train_loss : 0.0093
	speed: 0.031573s/iter; left time: 1761.851840s
	iters: 1910, epoch: 21 | train_loss : 0.0087
	speed: 0.031363s/iter; left time: 1738.179016s
[2024-03-01 15:08:25] [32mIntermediate result: 0.08797387778759003  (Index 20)[0m
Epoch: 21 | cost time: 130.04939460754395 | valid_loss: 0.08797387778759003 | valid_loss_true: 0.02324913429085596
Adjusting learning rate of group 0 to 3.2946e-06.
	iters: 382, epoch: 22 | train_loss : 0.0084
	speed: 0.212373s/iter; left time: 11688.558355s
	iters: 764, epoch: 22 | train_loss : 0.0519
	speed: 0.031497s/iter; left time: 1721.502612s
	iters: 1146, epoch: 22 | train_loss : 0.0068
	speed: 0.028764s/iter; left time: 1561.114985s
	iters: 1528, epoch: 22 | train_loss : 0.0365
	speed: 0.031827s/iter; left time: 1715.221413s
	iters: 1910, epoch: 22 | train_loss : 0.0064
	speed: 0.028354s/iter; left time: 1517.239275s
[2024-03-01 15:10:25] [32mIntermediate result: 0.0879748985171318  (Index 21)[0m
Epoch: 22 | cost time: 120.70720529556274 | valid_loss: 0.0879748985171318 | valid_loss_true: 0.0232581211644735
Adjusting learning rate of group 0 to 2.8004e-06.
	iters: 382, epoch: 23 | train_loss : 0.0072
	speed: 0.194799s/iter; left time: 10349.078916s
	iters: 764, epoch: 23 | train_loss : 0.0065
	speed: 0.030901s/iter; left time: 1629.874240s
	iters: 1146, epoch: 23 | train_loss : 0.0076
	speed: 0.027378s/iter; left time: 1433.580417s
	iters: 1528, epoch: 23 | train_loss : 0.0053
	speed: 0.026827s/iter; left time: 1394.472366s
	iters: 1910, epoch: 23 | train_loss : 0.0070
	speed: 0.026835s/iter; left time: 1384.668843s
[2024-03-01 15:12:28] [32mIntermediate result: 0.08815176039934158  (Index 22)[0m
Epoch: 23 | cost time: 122.44194960594177 | valid_loss: 0.08815176039934158 | valid_loss_true: 0.02330221136773476
Adjusting learning rate of group 0 to 2.3803e-06.
	iters: 382, epoch: 24 | train_loss : 0.0106
	speed: 0.210151s/iter; left time: 10763.095703s
	iters: 764, epoch: 24 | train_loss : 0.0059
	speed: 0.031909s/iter; left time: 1622.068969s
	iters: 1146, epoch: 24 | train_loss : 0.0095
	speed: 0.029555s/iter; left time: 1491.104669s
	iters: 1528, epoch: 24 | train_loss : 0.0087
	speed: 0.030819s/iter; left time: 1543.125005s
	iters: 1910, epoch: 24 | train_loss : 0.0051
	speed: 0.029605s/iter; left time: 1470.990902s
[2024-03-01 15:14:32] [32mIntermediate result: 0.08801335096359253  (Index 23)[0m
Epoch: 24 | cost time: 124.72406077384949 | valid_loss: 0.08801335096359253 | valid_loss_true: 0.023272966933711014
Adjusting learning rate of group 0 to 2.0233e-06.
	iters: 382, epoch: 25 | train_loss : 0.0214
	speed: 0.201870s/iter; left time: 9953.216699s
	iters: 764, epoch: 25 | train_loss : 0.0180
	speed: 0.028624s/iter; left time: 1400.390045s
	iters: 1146, epoch: 25 | train_loss : 0.0056
	speed: 0.028627s/iter; left time: 1389.603805s
	iters: 1528, epoch: 25 | train_loss : 0.0107
	speed: 0.029091s/iter; left time: 1401.005519s
	iters: 1910, epoch: 25 | train_loss : 0.0049
	speed: 0.028146s/iter; left time: 1344.736681s
[2024-03-01 15:16:36] [32mIntermediate result: 0.08800728619098663  (Index 24)[0m
Epoch: 25 | cost time: 123.99092030525208 | valid_loss: 0.08800728619098663 | valid_loss_true: 0.023265908042263334
Adjusting learning rate of group 0 to 1.7198e-06.
	iters: 382, epoch: 26 | train_loss : 0.0058
	speed: 0.212254s/iter; left time: 10059.578261s
	iters: 764, epoch: 26 | train_loss : 0.0051
	speed: 0.031738s/iter; left time: 1492.058776s
	iters: 1146, epoch: 26 | train_loss : 0.0035
	speed: 0.027924s/iter; left time: 1302.082949s
	iters: 1528, epoch: 26 | train_loss : 0.0159
	speed: 0.029533s/iter; left time: 1365.828382s
	iters: 1910, epoch: 26 | train_loss : 0.0071
	speed: 0.032675s/iter; left time: 1498.649010s
[2024-03-01 15:18:46] [32mIntermediate result: 0.0880202054977417  (Index 25)[0m
Epoch: 26 | cost time: 129.44249057769775 | valid_loss: 0.0880202054977417 | valid_loss_true: 0.02326582155329116
Early stop with best valid_loss: 0.0880202054977417
[2024-03-01 15:18:46] [32mFinal result: 0.08779719471931458[0m
>>>>>>>end of training : alumina_patchtst/STANDALONE>>>>>>>>>>>>>>>>>>>>>>>>>>
python -u main_nni.py --stage train_only --model_id alumina_patchtst --model_name alumina_patchtst --features MS --log_path log --trainset_csv_path /workspace/qiuyunzhong/TSFrameworkData/alumina_trainset.csv --validset_csv_path /workspace/qiuyunzhong/TSFrameworkData/alumina_validset.csv --testset_csv_path /workspace/qiuyunzhong/TSFrameworkData/alumina_testset_new.csv --datetime_col dtime --feature_cols 1æ•ˆåŽŸæ¶²æ¢çƒ­å‰æ¸©åº¦ --target_cols 1æ•ˆåŽŸæ¶²æ¢çƒ­å‰æ¸©åº¦ --seq_len 30 --label_len 2 --pred_len 30 --timestamp_feature none --train_epochs 50 --gpu 0 --use_nni --checkpoints ./checkpoints/alumina_patchtst_train_only --hidden_dim 128 --d_model 128 --e_layers 1 --d_layers 1
model_id: alumina_patchtst/STANDALONE
Args in experiment:
Namespace(use_nni=True, stage='train_only', model_id='alumina_patchtst/STANDALONE', log_path='log', checkpoints='./checkpoints/alumina_patchtst_train_only', key=None, task_name='Forecast', features='MS', embed='timeF', freq='h', trainset_csv_path='/workspace/qiuyunzhong/TSFrameworkData/alumina_trainset.csv', validset_csv_path='/workspace/qiuyunzhong/TSFrameworkData/alumina_validset.csv', testset_csv_path='/workspace/qiuyunzhong/TSFrameworkData/alumina_testset_new.csv', datetime_col='dtime', feature_cols='1æ•ˆåŽŸæ¶²æ¢çƒ­å‰æ¸©åº¦', target_cols='1æ•ˆåŽŸæ¶²æ¢çƒ­å‰æ¸©åº¦', timestamp_feature='none', seq_len=30, label_len=2, pred_len=30, interval=900, model_name='alumina_patchtst', d_model=128, n_heads=8, e_layers=1, d_layers=1, d_ff=512, hidden_dim=128, factor=1, dropout=0.05, activation='gelu', output_attention=False, optimizer='Adam', fix_seed=-1, num_workers=10, train_epochs=50, batch_size=64, patience=7, lr=0.0001, gpu=0, label_loss_rate=0.5, reg_loss_rate=0.5, use_norm=1, patch_len=16, target_num=1, use_gpu=True, hpo='nni')
Performing MS Forecasting (TimeXer)
Use GPU... cuda:0
Adjusting learning rate of group 0 to 1.0000e-04.
>>>>>>>start training : alumina_patchtst/STANDALONE>>>>>>>>>>>>>>>>>>>>>>>>>>
	iters: 382, epoch: 1 | train_loss : 0.0061
	speed: 0.031462s/iter; left time: 2994.216313s
	iters: 764, epoch: 1 | train_loss : 0.0011
	speed: 0.026074s/iter; left time: 2471.513218s
	iters: 1146, epoch: 1 | train_loss : 0.0005
	speed: 0.026167s/iter; left time: 2470.259884s
	iters: 1528, epoch: 1 | train_loss : 0.0005
	speed: 0.026222s/iter; left time: 2465.427441s
	iters: 1910, epoch: 1 | train_loss : 0.0013
	speed: 0.025636s/iter; left time: 2400.579464s
[2024-03-01 15:20:51] [32mIntermediate result: 0.021097669377923012  (Index 0)[0m
Epoch: 1 | cost time: 115.02075910568237 | valid_loss: 0.021097669377923012 | valid_loss_true: 1.0608922083877041
Chepoint Saved at:  ./checkpoints/alumina_patchtst_train_only/alumina_patchtst/STANDALONE/checkpoint-0.pth
Adjusting learning rate of group 0 to 8.5000e-05.
	iters: 382, epoch: 2 | train_loss : 0.0005
	speed: 0.202179s/iter; left time: 18854.825132s
	iters: 764, epoch: 2 | train_loss : 0.0009
	speed: 0.030476s/iter; left time: 2830.447673s
	iters: 1146, epoch: 2 | train_loss : 0.0003
	speed: 0.030875s/iter; left time: 2855.758199s
	iters: 1528, epoch: 2 | train_loss : 0.0009
	speed: 0.031784s/iter; left time: 2927.693403s
	iters: 1910, epoch: 2 | train_loss : 0.0012
	speed: 0.028931s/iter; left time: 2653.836608s
[2024-03-01 15:22:54] [32mIntermediate result: 0.02107931114733219  (Index 1)[0m
Epoch: 2 | cost time: 123.47807765007019 | valid_loss: 0.02107931114733219 | valid_loss_true: 1.0719529003530486
Chepoint Saved at:  ./checkpoints/alumina_patchtst_train_only/alumina_patchtst/STANDALONE/checkpoint-1.pth
Adjusting learning rate of group 0 to 7.2250e-05.
	iters: 382, epoch: 3 | train_loss : 0.0005
	speed: 0.196172s/iter; left time: 17919.741778s
	iters: 764, epoch: 3 | train_loss : 0.0006
	speed: 0.027695s/iter; left time: 2519.260731s
	iters: 1146, epoch: 3 | train_loss : 0.0013
	speed: 0.028813s/iter; left time: 2609.988739s
	iters: 1528, epoch: 3 | train_loss : 0.0006
	speed: 0.027988s/iter; left time: 2524.586297s
	iters: 1910, epoch: 3 | train_loss : 0.0011
	speed: 0.031344s/iter; left time: 2815.269634s
[2024-03-01 15:24:49] [32mIntermediate result: 0.02133418433368206  (Index 2)[0m
Epoch: 3 | cost time: 115.00967955589294 | valid_loss: 0.02133418433368206 | valid_loss_true: 1.1388342144105146
Adjusting learning rate of group 0 to 6.1413e-05.
	iters: 382, epoch: 4 | train_loss : 0.0018
	speed: 0.185393s/iter; left time: 16580.804566s
	iters: 764, epoch: 4 | train_loss : 0.0039
	speed: 0.026942s/iter; left time: 2399.303403s
	iters: 1146, epoch: 4 | train_loss : 0.0004
	speed: 0.028513s/iter; left time: 2528.268787s
	iters: 1528, epoch: 4 | train_loss : 0.0019
	speed: 0.031139s/iter; left time: 2749.289580s
	iters: 1910, epoch: 4 | train_loss : 0.0005
	speed: 0.030390s/iter; left time: 2671.561745s
[2024-03-01 15:26:56] [32mIntermediate result: 0.020726509392261505  (Index 3)[0m
Epoch: 4 | cost time: 126.74013710021973 | valid_loss: 0.020726509392261505 | valid_loss_true: 1.1094223505372052
Chepoint Saved at:  ./checkpoints/alumina_patchtst_train_only/alumina_patchtst/STANDALONE/checkpoint-3.pth
Adjusting learning rate of group 0 to 5.2201e-05.
	iters: 382, epoch: 5 | train_loss : 0.0043
	speed: 0.215648s/iter; left time: 18874.553903s
	iters: 764, epoch: 5 | train_loss : 0.0011
	speed: 0.027878s/iter; left time: 2429.395819s
	iters: 1146, epoch: 5 | train_loss : 0.0002
	speed: 0.029356s/iter; left time: 2546.973325s
	iters: 1528, epoch: 5 | train_loss : 0.0006
	speed: 0.031073s/iter; left time: 2684.029041s
	iters: 1910, epoch: 5 | train_loss : 0.0004
	speed: 0.028216s/iter; left time: 2426.523181s
[2024-03-01 15:28:58] [32mIntermediate result: 0.021167639642953873  (Index 4)[0m
Epoch: 5 | cost time: 121.82419753074646 | valid_loss: 0.021167639642953873 | valid_loss_true: 1.125825916111568
Adjusting learning rate of group 0 to 4.4371e-05.
	iters: 382, epoch: 6 | train_loss : 0.0099
	speed: 0.203040s/iter; left time: 17383.086173s
	iters: 764, epoch: 6 | train_loss : 0.0005
	speed: 0.026608s/iter; left time: 2267.857014s
	iters: 1146, epoch: 6 | train_loss : 0.0011
	speed: 0.026125s/iter; left time: 2216.678429s
	iters: 1528, epoch: 6 | train_loss : 0.0012
	speed: 0.024947s/iter; left time: 2107.263351s
	iters: 1910, epoch: 6 | train_loss : 0.0015
	speed: 0.026596s/iter; left time: 2236.330478s
[2024-03-01 15:30:54] [32mIntermediate result: 0.02068399451673031  (Index 5)[0m
Epoch: 6 | cost time: 116.57717823982239 | valid_loss: 0.02068399451673031 | valid_loss_true: 1.1065594646824137
Chepoint Saved at:  ./checkpoints/alumina_patchtst_train_only/alumina_patchtst/STANDALONE/checkpoint-5.pth
Adjusting learning rate of group 0 to 3.7715e-05.
	iters: 382, epoch: 7 | train_loss : 0.0002
	speed: 0.205789s/iter; left time: 17225.127564s
	iters: 764, epoch: 7 | train_loss : 0.0029
	speed: 0.030688s/iter; left time: 2556.934149s
	iters: 1146, epoch: 7 | train_loss : 0.0009
	speed: 0.031680s/iter; left time: 2627.524065s
	iters: 1528, epoch: 7 | train_loss : 0.0007
	speed: 0.030971s/iter; left time: 2556.859787s
	iters: 1910, epoch: 7 | train_loss : 0.0006
	speed: 0.030195s/iter; left time: 2481.298613s
[2024-03-01 15:33:04] [32mIntermediate result: 0.02122218906879425  (Index 6)[0m
Epoch: 7 | cost time: 129.37893724441528 | valid_loss: 0.02122218906879425 | valid_loss_true: 1.150297512741352
Adjusting learning rate of group 0 to 3.2058e-05.
	iters: 382, epoch: 8 | train_loss : 0.0004
	speed: 0.213224s/iter; left time: 17440.019681s
	iters: 764, epoch: 8 | train_loss : 0.0012
	speed: 0.029477s/iter; left time: 2399.723148s
	iters: 1146, epoch: 8 | train_loss : 0.0386
	speed: 0.030522s/iter; left time: 2473.169041s
	iters: 1528, epoch: 8 | train_loss : 0.0117
	speed: 0.030128s/iter; left time: 2429.687410s
	iters: 1910, epoch: 8 | train_loss : 0.0006
	speed: 0.031074s/iter; left time: 2494.089944s
[2024-03-01 15:35:02] [32mIntermediate result: 0.020612921565771103  (Index 7)[0m
Epoch: 8 | cost time: 118.84625554084778 | valid_loss: 0.020612921565771103 | valid_loss_true: 1.097609343163383
Chepoint Saved at:  ./checkpoints/alumina_patchtst_train_only/alumina_patchtst/STANDALONE/checkpoint-7.pth
Adjusting learning rate of group 0 to 2.7249e-05.
	iters: 382, epoch: 9 | train_loss : 0.0006
	speed: 0.188586s/iter; left time: 15064.442534s
	iters: 764, epoch: 9 | train_loss : 0.0007
	speed: 0.027382s/iter; left time: 2176.840870s
	iters: 1146, epoch: 9 | train_loss : 0.0007
	speed: 0.025678s/iter; left time: 2031.583947s
	iters: 1528, epoch: 9 | train_loss : 0.0020
	speed: 0.029247s/iter; left time: 2302.769863s
	iters: 1910, epoch: 9 | train_loss : 0.0003
	speed: 0.031206s/iter; left time: 2445.048159s
[2024-03-01 15:37:08] [32mIntermediate result: 0.02064068801701069  (Index 8)[0m
Epoch: 9 | cost time: 125.52989506721497 | valid_loss: 0.02064068801701069 | valid_loss_true: 1.1115445556959975
Adjusting learning rate of group 0 to 2.3162e-05.
	iters: 382, epoch: 10 | train_loss : 0.0010
	speed: 0.215940s/iter; left time: 16836.863640s
	iters: 764, epoch: 10 | train_loss : 0.0004
	speed: 0.027470s/iter; left time: 2131.329005s
	iters: 1146, epoch: 10 | train_loss : 0.0004
	speed: 0.028234s/iter; left time: 2179.847839s
	iters: 1528, epoch: 10 | train_loss : 0.0044
	speed: 0.031786s/iter; left time: 2441.962372s
	iters: 1910, epoch: 10 | train_loss : 0.0018
	speed: 0.029446s/iter; left time: 2250.935050s
[2024-03-01 15:39:14] [32mIntermediate result: 0.0206278208643198  (Index 9)[0m
Epoch: 10 | cost time: 125.50270891189575 | valid_loss: 0.0206278208643198 | valid_loss_true: 1.1062147750336409
Adjusting learning rate of group 0 to 1.9687e-05.
	iters: 382, epoch: 11 | train_loss : 0.0009
	speed: 0.210990s/iter; left time: 16047.671759s
	iters: 764, epoch: 11 | train_loss : 0.0003
	speed: 0.027752s/iter; left time: 2100.170628s
	iters: 1146, epoch: 11 | train_loss : 0.0020
	speed: 0.026367s/iter; left time: 1985.285709s
	iters: 1528, epoch: 11 | train_loss : 0.0003
	speed: 0.028128s/iter; left time: 2107.115447s
	iters: 1910, epoch: 11 | train_loss : 0.0018
	speed: 0.026853s/iter; left time: 2001.395479s
[2024-03-01 15:41:13] [32mIntermediate result: 0.02057477831840515  (Index 10)[0m
Epoch: 11 | cost time: 118.95774722099304 | valid_loss: 0.02057477831840515 | valid_loss_true: 1.1062369699160342
Chepoint Saved at:  ./checkpoints/alumina_patchtst_train_only/alumina_patchtst/STANDALONE/checkpoint-10.pth
Adjusting learning rate of group 0 to 1.6734e-05.
	iters: 382, epoch: 12 | train_loss : 0.0042
	speed: 0.203286s/iter; left time: 15073.226861s
	iters: 764, epoch: 12 | train_loss : 0.0080
	speed: 0.030244s/iter; left time: 2230.974874s
	iters: 1146, epoch: 12 | train_loss : 0.0003
	speed: 0.029357s/iter; left time: 2154.306345s
	iters: 1528, epoch: 12 | train_loss : 0.0018
	speed: 0.029977s/iter; left time: 2188.357276s
	iters: 1910, epoch: 12 | train_loss : 0.0014
	speed: 0.028347s/iter; left time: 2058.569911s
[2024-03-01 15:43:19] [32mIntermediate result: 0.020643819123506546  (Index 11)[0m
Epoch: 12 | cost time: 126.15012431144714 | valid_loss: 0.020643819123506546 | valid_loss_true: 1.1096650696014625
Adjusting learning rate of group 0 to 1.4224e-05.
	iters: 382, epoch: 13 | train_loss : 0.0011
	speed: 0.214386s/iter; left time: 15486.629484s
	iters: 764, epoch: 13 | train_loss : 0.0004
	speed: 0.031631s/iter; left time: 2272.829925s
	iters: 1146, epoch: 13 | train_loss : 0.0113
	speed: 0.030346s/iter; left time: 2168.912682s
	iters: 1528, epoch: 13 | train_loss : 0.0003
	speed: 0.029853s/iter; left time: 2122.247814s
	iters: 1910, epoch: 13 | train_loss : 0.0004
	speed: 0.031212s/iter; left time: 2206.983983s
[2024-03-01 15:45:19] [32mIntermediate result: 0.02072403021156788  (Index 12)[0m
Epoch: 13 | cost time: 120.11702060699463 | valid_loss: 0.02072403021156788 | valid_loss_true: 1.112041898628029
Adjusting learning rate of group 0 to 1.2091e-05.
	iters: 382, epoch: 14 | train_loss : 0.0006
	speed: 0.183623s/iter; left time: 12913.446121s
	iters: 764, epoch: 14 | train_loss : 0.0010
	speed: 0.025973s/iter; left time: 1816.656548s
	iters: 1146, epoch: 14 | train_loss : 0.0021
	speed: 0.027456s/iter; left time: 1909.907442s
	iters: 1528, epoch: 14 | train_loss : 0.0836
	speed: 0.030555s/iter; left time: 2113.787032s
	iters: 1910, epoch: 14 | train_loss : 0.0023
	speed: 0.031536s/iter; left time: 2169.629139s
[2024-03-01 15:47:22] [32mIntermediate result: 0.020670000463724136  (Index 13)[0m
Epoch: 14 | cost time: 122.96186709403992 | valid_loss: 0.020670000463724136 | valid_loss_true: 1.1123255756121966
Adjusting learning rate of group 0 to 1.0277e-05.
	iters: 382, epoch: 15 | train_loss : 0.0211
	speed: 0.209712s/iter; left time: 14347.462820s
	iters: 764, epoch: 15 | train_loss : 0.0006
	speed: 0.027639s/iter; left time: 1880.359940s
	iters: 1146, epoch: 15 | train_loss : 0.0005
	speed: 0.028310s/iter; left time: 1915.190603s
	iters: 1528, epoch: 15 | train_loss : 0.0047
	speed: 0.027087s/iter; left time: 1822.099241s
	iters: 1910, epoch: 15 | train_loss : 0.0049
	speed: 0.028432s/iter; left time: 1901.742230s
[2024-03-01 15:49:23] [32mIntermediate result: 0.020637113600969315  (Index 14)[0m
Epoch: 15 | cost time: 121.32705283164978 | valid_loss: 0.020637113600969315 | valid_loss_true: 1.1112252506998306
Adjusting learning rate of group 0 to 8.7354e-06.
	iters: 382, epoch: 16 | train_loss : 0.0037
	speed: 0.209229s/iter; left time: 13914.578156s
	iters: 764, epoch: 16 | train_loss : 0.0006
	speed: 0.027518s/iter; left time: 1819.518555s
	iters: 1146, epoch: 16 | train_loss : 0.0037
	speed: 0.026177s/iter; left time: 1720.872246s
	iters: 1528, epoch: 16 | train_loss : 0.0022
	speed: 0.027307s/iter; left time: 1784.743663s
	iters: 1910, epoch: 16 | train_loss : 0.0090
	speed: 0.027003s/iter; left time: 1754.562820s
[2024-03-01 15:51:18] [32mIntermediate result: 0.020566679537296295  (Index 15)[0m
Epoch: 16 | cost time: 115.33343124389648 | valid_loss: 0.020566679537296295 | valid_loss_true: 1.1043562381861893
Chepoint Saved at:  ./checkpoints/alumina_patchtst_train_only/alumina_patchtst/STANDALONE/checkpoint-15.pth
Adjusting learning rate of group 0 to 7.4251e-06.
	iters: 382, epoch: 17 | train_loss : 0.0006
	speed: 0.192283s/iter; left time: 12420.136504s
	iters: 764, epoch: 17 | train_loss : 0.0020
	speed: 0.030419s/iter; left time: 1953.228087s
	iters: 1146, epoch: 17 | train_loss : 0.0008
	speed: 0.031007s/iter; left time: 1979.168210s
	iters: 1528, epoch: 17 | train_loss : 0.0035
	speed: 0.031317s/iter; left time: 1986.997180s
	iters: 1910, epoch: 17 | train_loss : 0.0003
	speed: 0.032644s/iter; left time: 2058.684711s
[2024-03-01 15:53:25] [32mIntermediate result: 0.02075721137225628  (Index 16)[0m
Epoch: 17 | cost time: 126.69780349731445 | valid_loss: 0.02075721137225628 | valid_loss_true: 1.12378720227338
Adjusting learning rate of group 0 to 6.3113e-06.
	iters: 382, epoch: 18 | train_loss : 0.0011
	speed: 0.208130s/iter; left time: 13046.022939s
	iters: 764, epoch: 18 | train_loss : 0.0004
	speed: 0.028806s/iter; left time: 1794.594155s
	iters: 1146, epoch: 18 | train_loss : 0.0013
	speed: 0.029085s/iter; left time: 1800.895126s
	iters: 1528, epoch: 18 | train_loss : 0.0020
	speed: 0.028510s/iter; left time: 1754.417366s
	iters: 1910, epoch: 18 | train_loss : 0.0004
	speed: 0.027599s/iter; left time: 1687.809219s
[2024-03-01 15:55:19] [32mIntermediate result: 0.02069958858191967  (Index 17)[0m
Epoch: 18 | cost time: 114.02311825752258 | valid_loss: 0.02069958858191967 | valid_loss_true: 1.1168358995512704
Adjusting learning rate of group 0 to 5.3646e-06.
	iters: 382, epoch: 19 | train_loss : 0.0005
	speed: 0.180635s/iter; left time: 10977.371316s
	iters: 764, epoch: 19 | train_loss : 0.0003
	speed: 0.026434s/iter; left time: 1596.318017s
	iters: 1146, epoch: 19 | train_loss : 0.0003
	speed: 0.028371s/iter; left time: 1702.457633s
	iters: 1528, epoch: 19 | train_loss : 0.0012
	speed: 0.027725s/iter; left time: 1653.101713s
	iters: 1910, epoch: 19 | train_loss : 0.0013
	speed: 0.031742s/iter; left time: 1880.477652s
[2024-03-01 15:57:23] [32mIntermediate result: 0.02066436968743801  (Index 18)[0m
Epoch: 19 | cost time: 123.6553065776825 | valid_loss: 0.02066436968743801 | valid_loss_true: 1.1160005572858942
Adjusting learning rate of group 0 to 4.5599e-06.
	iters: 382, epoch: 20 | train_loss : 0.0007
	speed: 0.210279s/iter; left time: 12377.009728s
	iters: 764, epoch: 20 | train_loss : 0.0132
	speed: 0.025770s/iter; left time: 1506.961498s
	iters: 1146, epoch: 20 | train_loss : 0.0025
	speed: 0.026708s/iter; left time: 1551.599830s
	iters: 1528, epoch: 20 | train_loss : 0.0003
	speed: 0.029651s/iter; left time: 1711.270876s
	iters: 1910, epoch: 20 | train_loss : 0.0003
	speed: 0.030240s/iter; left time: 1733.739767s
[2024-03-01 15:59:26] [32mIntermediate result: 0.020648308098316193  (Index 19)[0m
Epoch: 20 | cost time: 123.63879823684692 | valid_loss: 0.020648308098316193 | valid_loss_true: 1.113365466259174
Adjusting learning rate of group 0 to 3.8760e-06.
	iters: 382, epoch: 21 | train_loss : 0.0005
	speed: 0.211676s/iter; left time: 12054.714575s
	iters: 764, epoch: 21 | train_loss : 0.0003
	speed: 0.027177s/iter; left time: 1537.317012s
	iters: 1146, epoch: 21 | train_loss : 0.0004
	speed: 0.027490s/iter; left time: 1544.523536s
	iters: 1528, epoch: 21 | train_loss : 0.0022
	speed: 0.026193s/iter; left time: 1461.662134s
	iters: 1910, epoch: 21 | train_loss : 0.0004
	speed: 0.026198s/iter; left time: 1451.937390s
[2024-03-01 16:01:25] [32mIntermediate result: 0.020609959959983826  (Index 20)[0m
Epoch: 21 | cost time: 118.45255184173584 | valid_loss: 0.020609959959983826 | valid_loss_true: 1.1130297648981013
Adjusting learning rate of group 0 to 3.2946e-06.
	iters: 382, epoch: 22 | train_loss : 0.0104
	speed: 0.203507s/iter; left time: 11200.601722s
	iters: 764, epoch: 22 | train_loss : 0.0014
	speed: 0.028789s/iter; left time: 1573.512890s
	iters: 1146, epoch: 22 | train_loss : 0.0005
	speed: 0.031597s/iter; left time: 1714.869740s
	iters: 1528, epoch: 22 | train_loss : 0.0020
	speed: 0.030400s/iter; left time: 1638.317591s
	iters: 1910, epoch: 22 | train_loss : 0.0005
	speed: 0.031735s/iter; left time: 1698.151182s
[2024-03-01 16:03:30] [32mIntermediate result: 0.020654825493693352  (Index 21)[0m
Epoch: 22 | cost time: 124.76828646659851 | valid_loss: 0.020654825493693352 | valid_loss_true: 1.1151073497666593
Adjusting learning rate of group 0 to 2.8004e-06.
	iters: 382, epoch: 23 | train_loss : 0.0014
	speed: 0.206242s/iter; left time: 10957.007341s
	iters: 764, epoch: 23 | train_loss : 0.0031
	speed: 0.029363s/iter; left time: 1548.765193s
	iters: 1146, epoch: 23 | train_loss : 0.0026
	speed: 0.031333s/iter; left time: 1640.700023s
	iters: 1528, epoch: 23 | train_loss : 0.0034
	speed: 0.031039s/iter; left time: 1613.442583s
	iters: 1910, epoch: 23 | train_loss : 0.0005
	speed: 0.027269s/iter; left time: 1407.034010s
[2024-03-01 16:05:31] [32mIntermediate result: 0.02062956802546978  (Index 22)[0m
Epoch: 23 | cost time: 121.14976167678833 | valid_loss: 0.02062956802546978 | valid_loss_true: 1.1135998217323333
Adjusting learning rate of group 0 to 2.3803e-06.
	iters: 382, epoch: 24 | train_loss : 0.0007
	speed: 0.193283s/iter; left time: 9899.157414s
	iters: 764, epoch: 24 | train_loss : 0.0005
	speed: 0.028120s/iter; left time: 1429.434298s
	iters: 1146, epoch: 24 | train_loss : 0.0004
	speed: 0.030905s/iter; left time: 1559.233775s
	iters: 1528, epoch: 24 | train_loss : 0.0003
	speed: 0.031415s/iter; left time: 1572.964613s
	iters: 1910, epoch: 24 | train_loss : 0.0004
	speed: 0.030244s/iter; left time: 1502.778276s
[2024-03-01 16:07:38] [32mIntermediate result: 0.02067464403808117  (Index 23)[0m
Epoch: 24 | cost time: 127.1805248260498 | valid_loss: 0.02067464403808117 | valid_loss_true: 1.1156472404168667
Early stop with best valid_loss: 0.02067464403808117
[2024-03-01 16:07:38] [32mFinal result: 0.020566679537296295[0m
>>>>>>>end of training : alumina_patchtst/STANDALONE>>>>>>>>>>>>>>>>>>>>>>>>>>
python -u main_nni.py --stage train_only --model_id alumina_patchtst --model_name alumina_patchtst --features MS --log_path log --trainset_csv_path /workspace/qiuyunzhong/TSFrameworkData/alumina_trainset.csv --validset_csv_path /workspace/qiuyunzhong/TSFrameworkData/alumina_validset.csv --testset_csv_path /workspace/qiuyunzhong/TSFrameworkData/alumina_testset_new.csv --datetime_col dtime --feature_cols 1æ•ˆå‡ºæ–™æ¸©åº¦ --target_cols 1æ•ˆå‡ºæ–™æ¸©åº¦ --seq_len 30 --label_len 2 --pred_len 30 --timestamp_feature none --train_epochs 50 --gpu 0 --use_nni --checkpoints ./checkpoints/alumina_patchtst_train_only --hidden_dim 128 --d_model 128 --e_layers 1 --d_layers 1
model_id: alumina_patchtst/STANDALONE
Args in experiment:
Namespace(use_nni=True, stage='train_only', model_id='alumina_patchtst/STANDALONE', log_path='log', checkpoints='./checkpoints/alumina_patchtst_train_only', key=None, task_name='Forecast', features='MS', embed='timeF', freq='h', trainset_csv_path='/workspace/qiuyunzhong/TSFrameworkData/alumina_trainset.csv', validset_csv_path='/workspace/qiuyunzhong/TSFrameworkData/alumina_validset.csv', testset_csv_path='/workspace/qiuyunzhong/TSFrameworkData/alumina_testset_new.csv', datetime_col='dtime', feature_cols='1æ•ˆå‡ºæ–™æ¸©åº¦', target_cols='1æ•ˆå‡ºæ–™æ¸©åº¦', timestamp_feature='none', seq_len=30, label_len=2, pred_len=30, interval=900, model_name='alumina_patchtst', d_model=128, n_heads=8, e_layers=1, d_layers=1, d_ff=512, hidden_dim=128, factor=1, dropout=0.05, activation='gelu', output_attention=False, optimizer='Adam', fix_seed=-1, num_workers=10, train_epochs=50, batch_size=64, patience=7, lr=0.0001, gpu=0, label_loss_rate=0.5, reg_loss_rate=0.5, use_norm=1, patch_len=16, target_num=1, use_gpu=True, hpo='nni')
Performing MS Forecasting (TimeXer)
Use GPU... cuda:0
Adjusting learning rate of group 0 to 1.0000e-04.
>>>>>>>start training : alumina_patchtst/STANDALONE>>>>>>>>>>>>>>>>>>>>>>>>>>
	iters: 382, epoch: 1 | train_loss : 0.0000
	speed: 0.035419s/iter; left time: 3370.754080s
	iters: 764, epoch: 1 | train_loss : 0.0000
	speed: 0.030930s/iter; left time: 2931.798454s
	iters: 1146, epoch: 1 | train_loss : 0.0000
	speed: 0.029792s/iter; left time: 2812.534310s
	iters: 1528, epoch: 1 | train_loss : 0.0000
	speed: 0.031136s/iter; left time: 2927.528093s
	iters: 1910, epoch: 1 | train_loss : 0.0000
	speed: 0.029720s/iter; left time: 2783.027756s
[2024-03-01 16:09:54] [32mIntermediate result: 1.996473474719096e-05  (Index 0)[0m
Epoch: 1 | cost time: 124.84718728065491 | valid_loss: 1.996473474719096e-05 | valid_loss_true: 1.9958270058850758e-06
Chepoint Saved at:  ./checkpoints/alumina_patchtst_train_only/alumina_patchtst/STANDALONE/checkpoint-0.pth
Adjusting learning rate of group 0 to 8.5000e-05.
	iters: 382, epoch: 2 | train_loss : 0.0000
	speed: 0.202626s/iter; left time: 18896.497128s
	iters: 764, epoch: 2 | train_loss : 0.0000
	speed: 0.027760s/iter; left time: 2578.258466s
	iters: 1146, epoch: 2 | train_loss : 0.0000
	speed: 0.026803s/iter; left time: 2479.086819s
	iters: 1528, epoch: 2 | train_loss : 0.0000
	speed: 0.026874s/iter; left time: 2475.397754s
	iters: 1910, epoch: 2 | train_loss : 0.0000
	speed: 0.026173s/iter; left time: 2400.865315s
[2024-03-01 16:11:53] [32mIntermediate result: 1.391435489495052e-05  (Index 1)[0m
Epoch: 2 | cost time: 119.48898911476135 | valid_loss: 1.391435489495052e-05 | valid_loss_true: 6.5017511587939225e-06
Chepoint Saved at:  ./checkpoints/alumina_patchtst_train_only/alumina_patchtst/STANDALONE/checkpoint-1.pth
Adjusting learning rate of group 0 to 7.2250e-05.
	iters: 382, epoch: 3 | train_loss : 0.0000
	speed: 0.209354s/iter; left time: 19123.866731s
	iters: 764, epoch: 3 | train_loss : 0.0000
	speed: 0.030733s/iter; left time: 2795.650331s
	iters: 1146, epoch: 3 | train_loss : 0.0000
	speed: 0.025388s/iter; left time: 2299.732219s
	iters: 1528, epoch: 3 | train_loss : 0.0000
	speed: 0.025552s/iter; left time: 2304.776774s
	iters: 1910, epoch: 3 | train_loss : 0.0000
	speed: 0.026299s/iter; left time: 2362.127270s
[2024-03-01 16:13:58] [32mIntermediate result: 1.3599607882497367e-05  (Index 2)[0m
Epoch: 3 | cost time: 124.68780279159546 | valid_loss: 1.3599607882497367e-05 | valid_loss_true: 7.266559805430006e-06
Chepoint Saved at:  ./checkpoints/alumina_patchtst_train_only/alumina_patchtst/STANDALONE/checkpoint-2.pth
Adjusting learning rate of group 0 to 6.1413e-05.
	iters: 382, epoch: 4 | train_loss : 0.0000
	speed: 0.216822s/iter; left time: 19391.685589s
	iters: 764, epoch: 4 | train_loss : 0.0000
	speed: 0.030100s/iter; left time: 2680.565349s
	iters: 1146, epoch: 4 | train_loss : 0.0000
	speed: 0.027212s/iter; left time: 2412.953700s
	iters: 1528, epoch: 4 | train_loss : 0.0000
	speed: 0.026067s/iter; left time: 2301.495527s
	iters: 1910, epoch: 4 | train_loss : 0.0000
	speed: 0.025368s/iter; left time: 2230.021467s
[2024-03-01 16:15:51] [32mIntermediate result: 9.025196050060913e-06  (Index 3)[0m
Epoch: 4 | cost time: 113.1276421546936 | valid_loss: 9.025196050060913e-06 | valid_loss_true: 4.018224444735097e-06
Chepoint Saved at:  ./checkpoints/alumina_patchtst_train_only/alumina_patchtst/STANDALONE/checkpoint-3.pth
Adjusting learning rate of group 0 to 5.2201e-05.
	iters: 382, epoch: 5 | train_loss : 0.0000
	speed: 0.190292s/iter; left time: 16655.265359s
	iters: 764, epoch: 5 | train_loss : 0.0000
	speed: 0.031703s/iter; left time: 2762.664097s
	iters: 1146, epoch: 5 | train_loss : 0.0000
	speed: 0.031971s/iter; left time: 2773.832541s
	iters: 1528, epoch: 5 | train_loss : 0.0000
	speed: 0.030034s/iter; left time: 2594.306861s
	iters: 1910, epoch: 5 | train_loss : 0.0000
	speed: 0.030146s/iter; left time: 2592.444116s
[2024-03-01 16:18:00] [32mIntermediate result: 7.012992227828363e-06  (Index 4)[0m
Epoch: 5 | cost time: 129.42486953735352 | valid_loss: 7.012992227828363e-06 | valid_loss_true: 2.716070412134286e-06
Chepoint Saved at:  ./checkpoints/alumina_patchtst_train_only/alumina_patchtst/STANDALONE/checkpoint-4.pth
Adjusting learning rate of group 0 to 4.4371e-05.
	iters: 382, epoch: 6 | train_loss : 0.0000
	speed: 0.214113s/iter; left time: 18331.034008s
	iters: 764, epoch: 6 | train_loss : 0.0000
	speed: 0.030242s/iter; left time: 2577.582416s
	iters: 1146, epoch: 6 | train_loss : 0.0000
	speed: 0.031222s/iter; left time: 2649.209116s
	iters: 1528, epoch: 6 | train_loss : 0.0000
	speed: 0.030148s/iter; left time: 2546.559715s
	iters: 1910, epoch: 6 | train_loss : 0.0000
	speed: 0.028786s/iter; left time: 2420.475416s
[2024-03-01 16:19:56] [32mIntermediate result: 6.1034302234475035e-06  (Index 5)[0m
Epoch: 6 | cost time: 115.92192435264587 | valid_loss: 6.1034302234475035e-06 | valid_loss_true: 3.1411898362421198e-06
Chepoint Saved at:  ./checkpoints/alumina_patchtst_train_only/alumina_patchtst/STANDALONE/checkpoint-5.pth
Adjusting learning rate of group 0 to 3.7715e-05.
	iters: 382, epoch: 7 | train_loss : 0.0000
	speed: 0.182254s/iter; left time: 15255.211304s
	iters: 764, epoch: 7 | train_loss : 0.0000
	speed: 0.029400s/iter; left time: 2449.612003s
	iters: 1146, epoch: 7 | train_loss : 0.0000
	speed: 0.029729s/iter; left time: 2465.656773s
	iters: 1528, epoch: 7 | train_loss : 0.0000
	speed: 0.029701s/iter; left time: 2452.004186s
	iters: 1910, epoch: 7 | train_loss : 0.0000
	speed: 0.030231s/iter; left time: 2484.214135s
[2024-03-01 16:22:06] [32mIntermediate result: 5.295155460771639e-06  (Index 6)[0m
Epoch: 7 | cost time: 129.38434553146362 | valid_loss: 5.295155460771639e-06 | valid_loss_true: 7.352060720222653e-07
Chepoint Saved at:  ./checkpoints/alumina_patchtst_train_only/alumina_patchtst/STANDALONE/checkpoint-6.pth
Adjusting learning rate of group 0 to 3.2058e-05.
	iters: 382, epoch: 8 | train_loss : 0.0000
	speed: 0.216619s/iter; left time: 17717.670905s
	iters: 764, epoch: 8 | train_loss : 0.0000
	speed: 0.024737s/iter; left time: 2013.868932s
	iters: 1146, epoch: 8 | train_loss : 0.0000
	speed: 0.024361s/iter; left time: 1973.899492s
	iters: 1528, epoch: 8 | train_loss : 0.0000
	speed: 0.028108s/iter; left time: 2266.805933s
	iters: 1910, epoch: 8 | train_loss : 0.0000
	speed: 0.029842s/iter; left time: 2395.235060s
[2024-03-01 16:24:04] [32mIntermediate result: 5.08866196469171e-06  (Index 7)[0m
Epoch: 8 | cost time: 118.36084651947021 | valid_loss: 5.08866196469171e-06 | valid_loss_true: 1.5943891185088432e-06
Chepoint Saved at:  ./checkpoints/alumina_patchtst_train_only/alumina_patchtst/STANDALONE/checkpoint-7.pth
Adjusting learning rate of group 0 to 2.7249e-05.
	iters: 382, epoch: 9 | train_loss : 0.0000
	speed: 0.203114s/iter; left time: 16224.935597s
	iters: 764, epoch: 9 | train_loss : 0.0000
	speed: 0.027036s/iter; left time: 2149.344117s
	iters: 1146, epoch: 9 | train_loss : 0.0000
	speed: 0.026340s/iter; left time: 2083.965308s
	iters: 1528, epoch: 9 | train_loss : 0.0000
	speed: 0.028355s/iter; left time: 2232.550918s
	iters: 1910, epoch: 9 | train_loss : 0.0000
	speed: 0.026401s/iter; left time: 2068.607715s
[2024-03-01 16:26:01] [32mIntermediate result: 3.723716872627847e-06  (Index 8)[0m
Epoch: 9 | cost time: 116.33396172523499 | valid_loss: 3.723716872627847e-06 | valid_loss_true: 1.0964668035740033e-06
Chepoint Saved at:  ./checkpoints/alumina_patchtst_train_only/alumina_patchtst/STANDALONE/checkpoint-8.pth
Adjusting learning rate of group 0 to 2.3162e-05.
	iters: 382, epoch: 10 | train_loss : 0.0000
	speed: 0.199893s/iter; left time: 15585.623602s
	iters: 764, epoch: 10 | train_loss : 0.0000
	speed: 0.032834s/iter; left time: 2547.529573s
	iters: 1146, epoch: 10 | train_loss : 0.0000
	speed: 0.032450s/iter; left time: 2505.341593s
	iters: 1528, epoch: 10 | train_loss : 0.0000
	speed: 0.028487s/iter; left time: 2188.458402s
	iters: 1910, epoch: 10 | train_loss : 0.0000
	speed: 0.027083s/iter; left time: 2070.275630s
[2024-03-01 16:28:06] [32mIntermediate result: 4.710262601292925e-06  (Index 9)[0m
Epoch: 10 | cost time: 125.43548655509949 | valid_loss: 4.710262601292925e-06 | valid_loss_true: 4.647222340281587e-08
Adjusting learning rate of group 0 to 1.9687e-05.
	iters: 382, epoch: 11 | train_loss : 0.0000
	speed: 0.206672s/iter; left time: 15719.262089s
	iters: 764, epoch: 11 | train_loss : 0.0000
	speed: 0.028806s/iter; left time: 2179.946361s
	iters: 1146, epoch: 11 | train_loss : 0.0000
	speed: 0.031322s/iter; left time: 2358.364842s
	iters: 1528, epoch: 11 | train_loss : 0.0000
	speed: 0.028827s/iter; left time: 2159.545388s
	iters: 1910, epoch: 11 | train_loss : 0.0000
	speed: 0.029553s/iter; left time: 2202.648291s
[2024-03-01 16:30:01] [32mIntermediate result: 3.4681952456594445e-06  (Index 10)[0m
Epoch: 11 | cost time: 114.76710176467896 | valid_loss: 3.4681952456594445e-06 | valid_loss_true: 2.955802983706235e-06
Chepoint Saved at:  ./checkpoints/alumina_patchtst_train_only/alumina_patchtst/STANDALONE/checkpoint-10.pth
Adjusting learning rate of group 0 to 1.6734e-05.
	iters: 382, epoch: 12 | train_loss : 0.0000
	speed: 0.179499s/iter; left time: 13309.463958s
	iters: 764, epoch: 12 | train_loss : 0.0000
	speed: 0.027486s/iter; left time: 2027.537323s
	iters: 1146, epoch: 12 | train_loss : 0.0000
	speed: 0.025716s/iter; left time: 1887.158257s
	iters: 1528, epoch: 12 | train_loss : 0.0000
	speed: 0.033006s/iter; left time: 2409.520434s
	iters: 1910, epoch: 12 | train_loss : 0.0000
	speed: 0.032619s/iter; left time: 2368.773522s
[2024-03-01 16:32:08] [32mIntermediate result: 2.9703983273066115e-06  (Index 11)[0m
Epoch: 12 | cost time: 127.52100396156311 | valid_loss: 2.9703983273066115e-06 | valid_loss_true: 2.08127016776416e-06
Chepoint Saved at:  ./checkpoints/alumina_patchtst_train_only/alumina_patchtst/STANDALONE/checkpoint-11.pth
Adjusting learning rate of group 0 to 1.4224e-05.
	iters: 382, epoch: 13 | train_loss : 0.0000
	speed: 0.214787s/iter; left time: 15515.538863s
	iters: 764, epoch: 13 | train_loss : 0.0000
	speed: 0.027036s/iter; left time: 1942.639825s
	iters: 1146, epoch: 13 | train_loss : 0.0000
	speed: 0.029676s/iter; left time: 2121.002226s
	iters: 1528, epoch: 13 | train_loss : 0.0000
	speed: 0.030605s/iter; left time: 2175.736087s
	iters: 1910, epoch: 13 | train_loss : 0.0000
	speed: 0.030726s/iter; left time: 2172.624657s
[2024-03-01 16:34:12] [32mIntermediate result: 3.099662308159168e-06  (Index 12)[0m
Epoch: 13 | cost time: 123.6785717010498 | valid_loss: 3.099662308159168e-06 | valid_loss_true: 6.861863539597834e-07
Adjusting learning rate of group 0 to 1.2091e-05.
	iters: 382, epoch: 14 | train_loss : 0.0000
	speed: 0.204550s/iter; left time: 14385.177972s
	iters: 764, epoch: 14 | train_loss : 0.0000
	speed: 0.025842s/iter; left time: 1807.511536s
	iters: 1146, epoch: 14 | train_loss : 0.0000
	speed: 0.025820s/iter; left time: 1796.086456s
	iters: 1528, epoch: 14 | train_loss : 0.0000
	speed: 0.028088s/iter; left time: 1943.144666s
	iters: 1910, epoch: 14 | train_loss : 0.0000
	speed: 0.028633s/iter; left time: 1969.924245s
[2024-03-01 16:36:09] [32mIntermediate result: 3.223746944058803e-06  (Index 13)[0m
Epoch: 14 | cost time: 116.53808188438416 | valid_loss: 3.223746944058803e-06 | valid_loss_true: 1.9500245684866968e-07
Adjusting learning rate of group 0 to 1.0277e-05.
	iters: 382, epoch: 15 | train_loss : 0.0000
	speed: 0.200611s/iter; left time: 13724.831731s
	iters: 764, epoch: 15 | train_loss : 0.0000
	speed: 0.031025s/iter; left time: 2110.736327s
	iters: 1146, epoch: 15 | train_loss : 0.0000
	speed: 0.031052s/iter; left time: 2100.728551s
	iters: 1528, epoch: 15 | train_loss : 0.0000
	speed: 0.028749s/iter; left time: 1933.905000s
	iters: 1910, epoch: 15 | train_loss : 0.0000
	speed: 0.027968s/iter; left time: 1870.698145s
[2024-03-01 16:38:13] [32mIntermediate result: 2.896064870583359e-06  (Index 14)[0m
Epoch: 15 | cost time: 124.54906964302063 | valid_loss: 2.896064870583359e-06 | valid_loss_true: 1.1934990880035912e-06
Chepoint Saved at:  ./checkpoints/alumina_patchtst_train_only/alumina_patchtst/STANDALONE/checkpoint-14.pth
Adjusting learning rate of group 0 to 8.7354e-06.
	iters: 382, epoch: 16 | train_loss : 0.0000
	speed: 0.208457s/iter; left time: 13863.236944s
	iters: 764, epoch: 16 | train_loss : 0.0000
	speed: 0.031221s/iter; left time: 2064.374967s
	iters: 1146, epoch: 16 | train_loss : 0.0000
	speed: 0.032014s/iter; left time: 2104.567854s
	iters: 1528, epoch: 16 | train_loss : 0.0000
	speed: 0.030385s/iter; left time: 1985.922119s
	iters: 1910, epoch: 16 | train_loss : 0.0000
	speed: 0.029348s/iter; left time: 1906.908685s
[2024-03-01 16:40:12] [32mIntermediate result: 2.8704139367619064e-06  (Index 15)[0m
Epoch: 16 | cost time: 118.95576643943787 | valid_loss: 2.8704139367619064e-06 | valid_loss_true: 4.123862424876279e-07
Chepoint Saved at:  ./checkpoints/alumina_patchtst_train_only/alumina_patchtst/STANDALONE/checkpoint-15.pth
Adjusting learning rate of group 0 to 7.4251e-06.
	iters: 382, epoch: 17 | train_loss : 0.0000
	speed: 0.183731s/iter; left time: 11867.739698s
	iters: 764, epoch: 17 | train_loss : 0.0000
	speed: 0.027295s/iter; left time: 1752.662346s
	iters: 1146, epoch: 17 | train_loss : 0.0000
	speed: 0.026442s/iter; left time: 1687.786600s
	iters: 1528, epoch: 17 | train_loss : 0.0000
	speed: 0.029660s/iter; left time: 1881.854785s
	iters: 1910, epoch: 17 | train_loss : 0.0000
	speed: 0.030520s/iter; left time: 1924.762284s
[2024-03-01 16:42:15] [32mIntermediate result: 2.288929636051762e-06  (Index 16)[0m
Epoch: 17 | cost time: 122.96548914909363 | valid_loss: 2.288929636051762e-06 | valid_loss_true: 6.865529940114357e-07
Chepoint Saved at:  ./checkpoints/alumina_patchtst_train_only/alumina_patchtst/STANDALONE/checkpoint-16.pth
Adjusting learning rate of group 0 to 6.3113e-06.
	iters: 382, epoch: 18 | train_loss : 0.0000
	speed: 0.208520s/iter; left time: 13070.472346s
	iters: 764, epoch: 18 | train_loss : 0.0000
	speed: 0.026109s/iter; left time: 1626.605135s
	iters: 1146, epoch: 18 | train_loss : 0.0000
	speed: 0.025736s/iter; left time: 1593.500658s
	iters: 1528, epoch: 18 | train_loss : 0.0000
	speed: 0.028273s/iter; left time: 1739.805340s
	iters: 1910, epoch: 18 | train_loss : 0.0000
	speed: 0.027032s/iter; left time: 1653.128225s
[2024-03-01 16:44:17] [32mIntermediate result: 1.8539873281042674e-06  (Index 17)[0m
Epoch: 18 | cost time: 122.33075475692749 | valid_loss: 1.8539873281042674e-06 | valid_loss_true: 1.7794224049794138e-06
Chepoint Saved at:  ./checkpoints/alumina_patchtst_train_only/alumina_patchtst/STANDALONE/checkpoint-17.pth
Adjusting learning rate of group 0 to 5.3646e-06.
	iters: 382, epoch: 19 | train_loss : 0.0000
	speed: 0.212458s/iter; left time: 12911.260586s
	iters: 764, epoch: 19 | train_loss : 0.0000
	speed: 0.027031s/iter; left time: 1632.366563s
	iters: 1146, epoch: 19 | train_loss : 0.0000
	speed: 0.027611s/iter; left time: 1656.850603s
	iters: 1528, epoch: 19 | train_loss : 0.0000
	speed: 0.027611s/iter; left time: 1646.282043s
	iters: 1910, epoch: 19 | train_loss : 0.0000
	speed: 0.026119s/iter; left time: 1547.357490s
[2024-03-01 16:46:10] [32mIntermediate result: 2.100109895764035e-06  (Index 18)[0m
Epoch: 19 | cost time: 113.06722044944763 | valid_loss: 2.100109895764035e-06 | valid_loss_true: 1.0962916121570743e-06
Adjusting learning rate of group 0 to 4.5599e-06.
	iters: 382, epoch: 20 | train_loss : 0.0000
	speed: 0.194845s/iter; left time: 11468.597007s
	iters: 764, epoch: 20 | train_loss : 0.0000
	speed: 0.033637s/iter; left time: 1967.041020s
	iters: 1146, epoch: 20 | train_loss : 0.0000
	speed: 0.031070s/iter; left time: 1805.036351s
	iters: 1528, epoch: 20 | train_loss : 0.0000
	speed: 0.031051s/iter; left time: 1792.089034s
	iters: 1910, epoch: 20 | train_loss : 0.0000
	speed: 0.028279s/iter; left time: 1621.313058s
[2024-03-01 16:48:19] [32mIntermediate result: 1.9768533547903644e-06  (Index 19)[0m
Epoch: 20 | cost time: 128.9991626739502 | valid_loss: 1.9768533547903644e-06 | valid_loss_true: 5.448288789011713e-07
Adjusting learning rate of group 0 to 3.8760e-06.
	iters: 382, epoch: 21 | train_loss : 0.0000
	speed: 0.208238s/iter; left time: 11858.965874s
	iters: 764, epoch: 21 | train_loss : 0.0000
	speed: 0.027638s/iter; left time: 1563.415006s
	iters: 1146, epoch: 21 | train_loss : 0.0000
	speed: 0.028775s/iter; left time: 1616.729607s
	iters: 1528, epoch: 21 | train_loss : 0.0000
	speed: 0.025897s/iter; left time: 1445.103221s
	iters: 1910, epoch: 21 | train_loss : 0.0000
	speed: 0.026510s/iter; left time: 1469.189830s
[2024-03-01 16:50:16] [32mIntermediate result: 1.6408710052928654e-06  (Index 20)[0m
Epoch: 21 | cost time: 117.03695225715637 | valid_loss: 1.6408710052928654e-06 | valid_loss_true: 1.2847676771343686e-06
Chepoint Saved at:  ./checkpoints/alumina_patchtst_train_only/alumina_patchtst/STANDALONE/checkpoint-20.pth
Adjusting learning rate of group 0 to 3.2946e-06.
	iters: 382, epoch: 22 | train_loss : 0.0000
	speed: 0.197210s/iter; left time: 10854.065371s
	iters: 764, epoch: 22 | train_loss : 0.0000
	speed: 0.025924s/iter; left time: 1416.897461s
	iters: 1146, epoch: 22 | train_loss : 0.0000
	speed: 0.026435s/iter; left time: 1434.712228s
	iters: 1528, epoch: 22 | train_loss : 0.0000
	speed: 0.025742s/iter; left time: 1387.301133s
	iters: 1910, epoch: 22 | train_loss : 0.0000
	speed: 0.026665s/iter; left time: 1426.867048s
[2024-03-01 16:52:17] [32mIntermediate result: 1.92554944078438e-06  (Index 21)[0m
Epoch: 22 | cost time: 120.9901123046875 | valid_loss: 1.92554944078438e-06 | valid_loss_true: 9.818596709010308e-07
Adjusting learning rate of group 0 to 2.8004e-06.
	iters: 382, epoch: 23 | train_loss : 0.0000
	speed: 0.217226s/iter; left time: 11540.541781s
	iters: 764, epoch: 23 | train_loss : 0.0000
	speed: 0.031718s/iter; left time: 1672.955346s
	iters: 1146, epoch: 23 | train_loss : 0.0000
	speed: 0.029508s/iter; left time: 1545.115391s
	iters: 1528, epoch: 23 | train_loss : 0.0000
	speed: 0.026375s/iter; left time: 1370.998052s
	iters: 1910, epoch: 23 | train_loss : 0.0000
	speed: 0.030250s/iter; left time: 1560.866276s
[2024-03-01 16:54:26] [32mIntermediate result: 1.811511765481555e-06  (Index 22)[0m
Epoch: 23 | cost time: 128.30527925491333 | valid_loss: 1.811511765481555e-06 | valid_loss_true: 7.766244607410044e-07
Adjusting learning rate of group 0 to 2.3803e-06.
	iters: 382, epoch: 24 | train_loss : 0.0000
	speed: 0.215915s/iter; left time: 11058.322312s
	iters: 764, epoch: 24 | train_loss : 0.0000
	speed: 0.026919s/iter; left time: 1368.384954s
	iters: 1146, epoch: 24 | train_loss : 0.0000
	speed: 0.027727s/iter; left time: 1398.890149s
	iters: 1528, epoch: 24 | train_loss : 0.0000
	speed: 0.027281s/iter; left time: 1365.942156s
	iters: 1910, epoch: 24 | train_loss : 0.0000
	speed: 0.026262s/iter; left time: 1304.892020s
[2024-03-01 16:56:19] [32mIntermediate result: 1.5480953834412503e-06  (Index 23)[0m
Epoch: 24 | cost time: 113.50440287590027 | valid_loss: 1.5480953834412503e-06 | valid_loss_true: 1.2854716260335408e-06
Chepoint Saved at:  ./checkpoints/alumina_patchtst_train_only/alumina_patchtst/STANDALONE/checkpoint-23.pth
Adjusting learning rate of group 0 to 2.0233e-06.
	iters: 382, epoch: 25 | train_loss : 0.0000
	speed: 0.191080s/iter; left time: 9421.192988s
	iters: 764, epoch: 25 | train_loss : 0.0000
	speed: 0.032869s/iter; left time: 1608.034335s
	iters: 1146, epoch: 25 | train_loss : 0.0000
	speed: 0.031729s/iter; left time: 1540.159347s
	iters: 1528, epoch: 25 | train_loss : 0.0000
	speed: 0.030284s/iter; left time: 1458.470135s
	iters: 1910, epoch: 25 | train_loss : 0.0000
	speed: 0.030481s/iter; left time: 1456.283651s
[2024-03-01 16:58:28] [32mIntermediate result: 1.6327185221598484e-06  (Index 24)[0m
Epoch: 25 | cost time: 128.35953211784363 | valid_loss: 1.6327185221598484e-06 | valid_loss_true: 9.416914963367161e-07
Adjusting learning rate of group 0 to 1.7198e-06.
	iters: 382, epoch: 26 | train_loss : 0.0000
	speed: 0.209275s/iter; left time: 9918.400577s
	iters: 764, epoch: 26 | train_loss : 0.0000
	speed: 0.030647s/iter; left time: 1440.798335s
	iters: 1146, epoch: 26 | train_loss : 0.0000
	speed: 0.031884s/iter; left time: 1486.750073s
	iters: 1528, epoch: 26 | train_loss : 0.0000
	speed: 0.031272s/iter; left time: 1446.271124s
	iters: 1910, epoch: 26 | train_loss : 0.0000
	speed: 0.031904s/iter; left time: 1463.303437s
[2024-03-01 17:00:30] [32mIntermediate result: 1.9041797258978477e-06  (Index 25)[0m
Epoch: 26 | cost time: 122.53619909286499 | valid_loss: 1.9041797258978477e-06 | valid_loss_true: 1.6436607097602973e-07
Adjusting learning rate of group 0 to 1.4618e-06.
	iters: 382, epoch: 27 | train_loss : 0.0000
	speed: 0.189836s/iter; left time: 8634.294960s
	iters: 764, epoch: 27 | train_loss : 0.0000
	speed: 0.028740s/iter; left time: 1296.189104s
	iters: 1146, epoch: 27 | train_loss : 0.0000
	speed: 0.027754s/iter; left time: 1241.108841s
	iters: 1528, epoch: 27 | train_loss : 0.0000
	speed: 0.025903s/iter; left time: 1148.463010s
	iters: 1910, epoch: 27 | train_loss : 0.0000
	speed: 0.029947s/iter; left time: 1316.341867s
[2024-03-01 17:02:32] [32mIntermediate result: 1.5961912822604063e-06  (Index 26)[0m
Epoch: 27 | cost time: 122.24792838096619 | valid_loss: 1.5961912822604063e-06 | valid_loss_true: 1.9263181911810534e-06
Adjusting learning rate of group 0 to 1.2425e-06.
	iters: 382, epoch: 28 | train_loss : 0.0000
	speed: 0.207299s/iter; left time: 9032.414963s
	iters: 764, epoch: 28 | train_loss : 0.0000
	speed: 0.027924s/iter; left time: 1206.052506s
	iters: 1146, epoch: 28 | train_loss : 0.0000
	speed: 0.029692s/iter; left time: 1271.044107s
	iters: 1528, epoch: 28 | train_loss : 0.0000
	speed: 0.027106s/iter; left time: 1149.990465s
	iters: 1910, epoch: 28 | train_loss : 0.0000
	speed: 0.029509s/iter; left time: 1240.678081s
[2024-03-01 17:04:30] [32mIntermediate result: 1.6935692883635056e-06  (Index 27)[0m
Epoch: 28 | cost time: 117.70435333251953 | valid_loss: 1.6935692883635056e-06 | valid_loss_true: 9.196503469866002e-07
Adjusting learning rate of group 0 to 1.0562e-06.
	iters: 382, epoch: 29 | train_loss : 0.0000
	speed: 0.196606s/iter; left time: 8190.791023s
	iters: 764, epoch: 29 | train_loss : 0.0000
	speed: 0.030152s/iter; left time: 1244.626762s
	iters: 1146, epoch: 29 | train_loss : 0.0000
	speed: 0.030247s/iter; left time: 1237.030085s
	iters: 1528, epoch: 29 | train_loss : 0.0000
	speed: 0.028522s/iter; left time: 1155.581079s
	iters: 1910, epoch: 29 | train_loss : 0.0000
	speed: 0.028376s/iter; left time: 1138.819372s
[2024-03-01 17:06:26] [32mIntermediate result: 1.5995500461940537e-06  (Index 28)[0m
Epoch: 29 | cost time: 115.63824582099915 | valid_loss: 1.5995500461940537e-06 | valid_loss_true: 1.5919738416414475e-08
Adjusting learning rate of group 0 to 8.9774e-07.
	iters: 382, epoch: 30 | train_loss : 0.0000
	speed: 0.184404s/iter; left time: 7330.062545s
	iters: 764, epoch: 30 | train_loss : 0.0000
	speed: 0.030910s/iter; left time: 1216.857907s
	iters: 1146, epoch: 30 | train_loss : 0.0000
	speed: 0.031793s/iter; left time: 1239.494923s
	iters: 1528, epoch: 30 | train_loss : 0.0000
	speed: 0.030482s/iter; left time: 1176.729926s
	iters: 1910, epoch: 30 | train_loss : 0.0000
	speed: 0.031332s/iter; left time: 1197.558121s
[2024-03-01 17:08:34] [32mIntermediate result: 1.540712787573284e-06  (Index 29)[0m
Epoch: 30 | cost time: 128.2717366218567 | valid_loss: 1.540712787573284e-06 | valid_loss_true: 2.809508146128792e-07
Chepoint Saved at:  ./checkpoints/alumina_patchtst_train_only/alumina_patchtst/STANDALONE/checkpoint-29.pth
Adjusting learning rate of group 0 to 7.6308e-07.
	iters: 382, epoch: 31 | train_loss : 0.0000
	speed: 0.214263s/iter; left time: 8107.492241s
	iters: 764, epoch: 31 | train_loss : 0.0000
	speed: 0.031822s/iter; left time: 1191.965463s
	iters: 1146, epoch: 31 | train_loss : 0.0000
	speed: 0.033328s/iter; left time: 1235.638984s
	iters: 1528, epoch: 31 | train_loss : 0.0000
	speed: 0.031069s/iter; left time: 1140.021884s
	iters: 1910, epoch: 31 | train_loss : 0.0000
	speed: 0.031536s/iter; left time: 1145.094039s
[2024-03-01 17:10:39] [32mIntermediate result: 1.6657271544318064e-06  (Index 30)[0m
Epoch: 31 | cost time: 124.59875917434692 | valid_loss: 1.6657271544318064e-06 | valid_loss_true: 5.409192453953438e-07
Adjusting learning rate of group 0 to 6.4861e-07.
	iters: 382, epoch: 32 | train_loss : 0.0000
	speed: 0.195312s/iter; left time: 7017.158730s
	iters: 764, epoch: 32 | train_loss : 0.0000
	speed: 0.027640s/iter; left time: 982.492063s
	iters: 1146, epoch: 32 | train_loss : 0.0000
	speed: 0.029259s/iter; left time: 1028.859136s
	iters: 1528, epoch: 32 | train_loss : 0.0000
	speed: 0.027746s/iter; left time: 965.069238s
	iters: 1910, epoch: 32 | train_loss : 0.0000
	speed: 0.028269s/iter; left time: 972.458820s
[2024-03-01 17:12:33] [32mIntermediate result: 1.3922406196797965e-06  (Index 31)[0m
Epoch: 32 | cost time: 114.62432646751404 | valid_loss: 1.3922406196797965e-06 | valid_loss_true: 5.167163976693701e-07
Chepoint Saved at:  ./checkpoints/alumina_patchtst_train_only/alumina_patchtst/STANDALONE/checkpoint-31.pth
Adjusting learning rate of group 0 to 5.5132e-07.
	iters: 382, epoch: 33 | train_loss : 0.0000
	speed: 0.188227s/iter; left time: 6402.901024s
	iters: 764, epoch: 33 | train_loss : 0.0000
	speed: 0.026394s/iter; left time: 887.764486s
	iters: 1146, epoch: 33 | train_loss : 0.0000
	speed: 0.026577s/iter; left time: 883.761315s
	iters: 1528, epoch: 33 | train_loss : 0.0000
	speed: 0.027174s/iter; left time: 893.227620s
	iters: 1910, epoch: 33 | train_loss : 0.0000
	speed: 0.026519s/iter; left time: 861.590520s
[2024-03-01 17:14:32] [32mIntermediate result: 1.486131395722623e-06  (Index 32)[0m
Epoch: 33 | cost time: 118.79710221290588 | valid_loss: 1.486131395722623e-06 | valid_loss_true: 1.6007359704417468e-07
Adjusting learning rate of group 0 to 4.6862e-07.
	iters: 382, epoch: 34 | train_loss : 0.0000
	speed: 0.204151s/iter; left time: 6554.484551s
	iters: 764, epoch: 34 | train_loss : 0.0000
	speed: 0.030471s/iter; left time: 966.649502s
	iters: 1146, epoch: 34 | train_loss : 0.0000
	speed: 0.029443s/iter; left time: 922.813226s
	iters: 1528, epoch: 34 | train_loss : 0.0000
	speed: 0.026881s/iter; left time: 832.231687s
	iters: 1910, epoch: 34 | train_loss : 0.0000
	speed: 0.027528s/iter; left time: 841.750444s
[2024-03-01 17:16:26] [32mIntermediate result: 1.651296315685613e-06  (Index 33)[0m
Epoch: 34 | cost time: 113.60738825798035 | valid_loss: 1.651296315685613e-06 | valid_loss_true: 5.50159597878519e-08
Adjusting learning rate of group 0 to 3.9833e-07.
	iters: 382, epoch: 35 | train_loss : 0.0000
	speed: 0.185317s/iter; left time: 5595.633817s
	iters: 764, epoch: 35 | train_loss : 0.0000
	speed: 0.031133s/iter; left time: 928.157806s
	iters: 1146, epoch: 35 | train_loss : 0.0000
	speed: 0.030574s/iter; left time: 899.815248s
	iters: 1528, epoch: 35 | train_loss : 0.0000
	speed: 0.029776s/iter; left time: 864.955525s
	iters: 1910, epoch: 35 | train_loss : 0.0000
	speed: 0.029604s/iter; left time: 848.661821s
[2024-03-01 17:18:32] [32mIntermediate result: 1.5153590311456355e-06  (Index 34)[0m
Epoch: 35 | cost time: 126.57114338874817 | valid_loss: 1.5153590311456355e-06 | valid_loss_true: 1.0309912568118307e-07
Adjusting learning rate of group 0 to 3.3858e-07.
	iters: 382, epoch: 36 | train_loss : 0.0000
	speed: 0.210411s/iter; left time: 5951.273374s
	iters: 764, epoch: 36 | train_loss : 0.0000
	speed: 0.030820s/iter; left time: 859.934805s
	iters: 1146, epoch: 36 | train_loss : 0.0000
	speed: 0.029614s/iter; left time: 814.981757s
	iters: 1528, epoch: 36 | train_loss : 0.0000
	speed: 0.030356s/iter; left time: 823.811957s
	iters: 1910, epoch: 36 | train_loss : 0.0000
	speed: 0.030612s/iter; left time: 819.044619s
[2024-03-01 17:20:32] [32mIntermediate result: 1.5096045444806805e-06  (Index 35)[0m
Epoch: 36 | cost time: 119.93992567062378 | valid_loss: 1.5096045444806805e-06 | valid_loss_true: 1.6364597854590102e-07
Adjusting learning rate of group 0 to 2.8779e-07.
	iters: 382, epoch: 37 | train_loss : 0.0000
	speed: 0.189738s/iter; left time: 5003.969910s
	iters: 764, epoch: 37 | train_loss : 0.0000
	speed: 0.027317s/iter; left time: 709.991580s
	iters: 1146, epoch: 37 | train_loss : 0.0000
	speed: 0.027016s/iter; left time: 691.862285s
	iters: 1528, epoch: 37 | train_loss : 0.0000
	speed: 0.026590s/iter; left time: 670.776521s
	iters: 1910, epoch: 37 | train_loss : 0.0000
	speed: 0.030575s/iter; left time: 759.626374s
[2024-03-01 17:22:36] [32mIntermediate result: 1.4655514632977429e-06  (Index 36)[0m
Epoch: 37 | cost time: 124.190673828125 | valid_loss: 1.4655514632977429e-06 | valid_loss_true: 4.5283570671017515e-07
Adjusting learning rate of group 0 to 2.4462e-07.
	iters: 382, epoch: 38 | train_loss : 0.0000
	speed: 0.213748s/iter; left time: 5228.699959s
	iters: 764, epoch: 38 | train_loss : 0.0000
	speed: 0.027167s/iter; left time: 654.170992s
	iters: 1146, epoch: 38 | train_loss : 0.0000
	speed: 0.027723s/iter; left time: 656.971305s
	iters: 1528, epoch: 38 | train_loss : 0.0000
	speed: 0.030819s/iter; left time: 718.573572s
	iters: 1910, epoch: 38 | train_loss : 0.0000
	speed: 0.030640s/iter; left time: 702.692517s
[2024-03-01 17:24:38] [32mIntermediate result: 1.4372674286278198e-06  (Index 37)[0m
Epoch: 38 | cost time: 121.31596112251282 | valid_loss: 1.4372674286278198e-06 | valid_loss_true: 4.589158777434932e-07
Adjusting learning rate of group 0 to 2.0793e-07.
	iters: 382, epoch: 39 | train_loss : 0.0000
	speed: 0.202317s/iter; left time: 4562.461027s
	iters: 764, epoch: 39 | train_loss : 0.0000
	speed: 0.027333s/iter; left time: 605.952235s
	iters: 1146, epoch: 39 | train_loss : 0.0000
	speed: 0.029050s/iter; left time: 632.903295s
	iters: 1528, epoch: 39 | train_loss : 0.0000
	speed: 0.027891s/iter; left time: 597.012384s
	iters: 1910, epoch: 39 | train_loss : 0.0000
	speed: 0.027902s/iter; left time: 586.576062s
[2024-03-01 17:26:36] [32mIntermediate result: 1.3809103620587848e-06  (Index 38)[0m
Epoch: 39 | cost time: 117.84924411773682 | valid_loss: 1.3809103620587848e-06 | valid_loss_true: 1.187243583444797e-07
Chepoint Saved at:  ./checkpoints/alumina_patchtst_train_only/alumina_patchtst/STANDALONE/checkpoint-38.pth
Adjusting learning rate of group 0 to 1.7674e-07.
	iters: 382, epoch: 40 | train_loss : 0.0000
	speed: 0.198830s/iter; left time: 4103.849418s
	iters: 764, epoch: 40 | train_loss : 0.0000
	speed: 0.032804s/iter; left time: 664.534021s
	iters: 1146, epoch: 40 | train_loss : 0.0000
	speed: 0.031569s/iter; left time: 627.460922s
	iters: 1528, epoch: 40 | train_loss : 0.0000
	speed: 0.031561s/iter; left time: 615.250965s
	iters: 1910, epoch: 40 | train_loss : 0.0000
	speed: 0.026421s/iter; left time: 504.964514s
[2024-03-01 17:28:42] [32mIntermediate result: 1.4404214425667305e-06  (Index 39)[0m
Epoch: 40 | cost time: 126.87517809867859 | valid_loss: 1.4404214425667305e-06 | valid_loss_true: 3.269930459737225e-07
Adjusting learning rate of group 0 to 1.5023e-07.
	iters: 382, epoch: 41 | train_loss : 0.0000
	speed: 0.207597s/iter; left time: 3888.082666s
	iters: 764, epoch: 41 | train_loss : 0.0000
	speed: 0.030538s/iter; left time: 560.283853s
	iters: 1146, epoch: 41 | train_loss : 0.0000
	speed: 0.028765s/iter; left time: 516.756374s
	iters: 1528, epoch: 41 | train_loss : 0.0000
	speed: 0.030108s/iter; left time: 529.388974s
	iters: 1910, epoch: 41 | train_loss : 0.0000
	speed: 0.027503s/iter; left time: 473.075601s
[2024-03-01 17:30:37] [32mIntermediate result: 1.468552227379405e-06  (Index 40)[0m
Epoch: 41 | cost time: 114.38625454902649 | valid_loss: 1.468552227379405e-06 | valid_loss_true: 5.352587777451845e-07
Adjusting learning rate of group 0 to 1.2770e-07.
	iters: 382, epoch: 42 | train_loss : 0.0000
	speed: 0.181786s/iter; left time: 3057.275013s
	iters: 764, epoch: 42 | train_loss : 0.0000
	speed: 0.029798s/iter; left time: 489.757655s
	iters: 1146, epoch: 42 | train_loss : 0.0000
	speed: 0.029043s/iter; left time: 466.252170s
	iters: 1528, epoch: 42 | train_loss : 0.0000
	speed: 0.030625s/iter; left time: 479.954218s
	iters: 1910, epoch: 42 | train_loss : 0.0000
	speed: 0.030419s/iter; left time: 465.104489s
[2024-03-01 17:32:41] [32mIntermediate result: 1.5043400480863056e-06  (Index 41)[0m
Epoch: 42 | cost time: 124.61094689369202 | valid_loss: 1.5043400480863056e-06 | valid_loss_true: 1.7820215703068243e-07
Adjusting learning rate of group 0 to 1.0854e-07.
	iters: 382, epoch: 43 | train_loss : 0.0000
	speed: 0.202754s/iter; left time: 3022.458531s
	iters: 764, epoch: 43 | train_loss : 0.0000
	speed: 0.028902s/iter; left time: 419.796584s
	iters: 1146, epoch: 43 | train_loss : 0.0000
	speed: 0.028047s/iter; left time: 396.672957s
	iters: 1528, epoch: 43 | train_loss : 0.0000
	speed: 0.030553s/iter; left time: 420.437387s
	iters: 1910, epoch: 43 | train_loss : 0.0000
	speed: 0.029923s/iter; left time: 400.340530s
[2024-03-01 17:34:44] [32mIntermediate result: 1.4853430911898613e-06  (Index 42)[0m
Epoch: 43 | cost time: 122.2755172252655 | valid_loss: 1.4853430911898613e-06 | valid_loss_true: 1.1393120757929864e-07
Adjusting learning rate of group 0 to 9.2260e-08.
	iters: 382, epoch: 44 | train_loss : 0.0000
	speed: 0.204026s/iter; left time: 2651.516397s
	iters: 764, epoch: 44 | train_loss : 0.0000
	speed: 0.026951s/iter; left time: 339.962256s
	iters: 1146, epoch: 44 | train_loss : 0.0000
	speed: 0.028123s/iter; left time: 344.004818s
	iters: 1528, epoch: 44 | train_loss : 0.0000
	speed: 0.025373s/iter; left time: 300.673010s
	iters: 1910, epoch: 44 | train_loss : 0.0000
	speed: 0.024311s/iter; left time: 278.799731s
[2024-03-01 17:36:36] [32mIntermediate result: 1.4643756003351882e-06  (Index 43)[0m
Epoch: 44 | cost time: 112.27139735221863 | valid_loss: 1.4643756003351882e-06 | valid_loss_true: 3.2475475109094987e-07
Adjusting learning rate of group 0 to 7.8421e-08.
	iters: 382, epoch: 45 | train_loss : 0.0000
	speed: 0.194384s/iter; left time: 2154.747512s
	iters: 764, epoch: 45 | train_loss : 0.0000
	speed: 0.032323s/iter; left time: 345.948991s
	iters: 1146, epoch: 45 | train_loss : 0.0000
	speed: 0.029229s/iter; left time: 301.674370s
	iters: 1528, epoch: 45 | train_loss : 0.0000
	speed: 0.026262s/iter; left time: 261.021380s
	iters: 1910, epoch: 45 | train_loss : 0.0000
	speed: 0.026926s/iter; left time: 257.332099s
[2024-03-01 17:38:42] [32mIntermediate result: 1.480560285926913e-06  (Index 44)[0m
Epoch: 45 | cost time: 125.58549785614014 | valid_loss: 1.480560285926913e-06 | valid_loss_true: 1.521041497198894e-07
Adjusting learning rate of group 0 to 6.6658e-08.
	iters: 382, epoch: 46 | train_loss : 0.0000
	speed: 0.208747s/iter; left time: 1915.048642s
	iters: 764, epoch: 46 | train_loss : 0.0000
	speed: 0.028699s/iter; left time: 252.323939s
	iters: 1146, epoch: 46 | train_loss : 0.0000
	speed: 0.032368s/iter; left time: 272.213166s
	iters: 1528, epoch: 46 | train_loss : 0.0000
	speed: 0.030156s/iter; left time: 242.091076s
	iters: 1910, epoch: 46 | train_loss : 0.0000
	speed: 0.027918s/iter; left time: 213.461414s
[2024-03-01 17:40:34] [32mIntermediate result: 1.4693372349938727e-06  (Index 45)[0m
Epoch: 46 | cost time: 112.82706427574158 | valid_loss: 1.4693372349938727e-06 | valid_loss_true: 1.1700149116222747e-07
Adjusting learning rate of group 0 to 5.6659e-08.
	iters: 382, epoch: 47 | train_loss : 0.0000
	speed: 0.177136s/iter; left time: 1286.540526s
	iters: 764, epoch: 47 | train_loss : 0.0000
	speed: 0.025619s/iter; left time: 176.283790s
	iters: 1146, epoch: 47 | train_loss : 0.0000
	speed: 0.027138s/iter; left time: 176.370047s
	iters: 1528, epoch: 47 | train_loss : 0.0000
	speed: 0.030424s/iter; left time: 186.101318s
	iters: 1910, epoch: 47 | train_loss : 0.0000
	speed: 0.029818s/iter; left time: 171.003939s
[2024-03-01 17:42:32] [32mIntermediate result: 1.4483027825917816e-06  (Index 46)[0m
Epoch: 47 | cost time: 117.07372045516968 | valid_loss: 1.4483027825917816e-06 | valid_loss_true: 1.8113988176082785e-07
Early stop with best valid_loss: 1.4483027825917816e-06
[2024-03-01 17:42:32] [32mFinal result: 1.3809103620587848e-06[0m
>>>>>>>end of training : alumina_patchtst/STANDALONE>>>>>>>>>>>>>>>>>>>>>>>>>>
